[2025-11-23T17:05:10.990+0000] {taskinstance.py:1979} INFO - Dependencies all met for dep_context=non-requeueable deps ti=<TaskInstance: dbt_ecommerce_pipeline.dbt_run_silver scheduled__2025-11-23T17:00:00+00:00 [queued]>
[2025-11-23T17:05:10.994+0000] {taskinstance.py:1979} INFO - Dependencies all met for dep_context=requeueable deps ti=<TaskInstance: dbt_ecommerce_pipeline.dbt_run_silver scheduled__2025-11-23T17:00:00+00:00 [queued]>
[2025-11-23T17:05:10.994+0000] {taskinstance.py:2193} INFO - Starting attempt 1 of 3
[2025-11-23T17:05:11.087+0000] {taskinstance.py:2217} INFO - Executing <Task(BashOperator): dbt_run_silver> on 2025-11-23 17:00:00+00:00
[2025-11-23T17:05:11.095+0000] {standard_task_runner.py:60} INFO - Started process 2466 to run task
[2025-11-23T17:05:11.099+0000] {standard_task_runner.py:87} INFO - Running: ['airflow', 'tasks', 'run', 'dbt_ecommerce_pipeline', 'dbt_run_silver', 'scheduled__2025-11-23T17:00:00+00:00', '--job-id', '73', '--raw', '--subdir', 'DAGS_FOLDER/dbt_ecommerce_pipeline.py', '--cfg-path', '/tmp/tmp1fapkeea']
[2025-11-23T17:05:11.102+0000] {standard_task_runner.py:88} INFO - Job 73: Subtask dbt_run_silver
[2025-11-23T17:05:11.151+0000] {task_command.py:423} INFO - Running <TaskInstance: dbt_ecommerce_pipeline.dbt_run_silver scheduled__2025-11-23T17:00:00+00:00 [running]> on host 4731e9e89e36
[2025-11-23T17:05:11.197+0000] {taskinstance.py:2513} INFO - Exporting env vars: AIRFLOW_CTX_DAG_OWNER='airflow' AIRFLOW_CTX_DAG_ID='dbt_ecommerce_pipeline' AIRFLOW_CTX_TASK_ID='dbt_run_silver' AIRFLOW_CTX_EXECUTION_DATE='2025-11-23T17:00:00+00:00' AIRFLOW_CTX_TRY_NUMBER='1' AIRFLOW_CTX_DAG_RUN_ID='scheduled__2025-11-23T17:00:00+00:00'
[2025-11-23T17:05:11.199+0000] {subprocess.py:63} INFO - Tmp dir root location: /tmp
[2025-11-23T17:05:11.200+0000] {subprocess.py:75} INFO - Running command: ['/usr/bin/bash', '-c', '\n    rm -rf /tmp/dbt_runtime &&     mkdir -p /tmp/dbt_runtime &&     cp -r /opt/airflow/dbt/ecommerce_dbt /tmp/dbt_runtime/ecommerce_dbt &&     cd /tmp/dbt_runtime/ecommerce_dbt &&     dbt run --select tag:silver       --project-dir /tmp/dbt_runtime/ecommerce_dbt       --profiles-dir /home/airflow/.dbt\n    ']
[2025-11-23T17:05:11.214+0000] {subprocess.py:86} INFO - Output:
[2025-11-23T17:05:15.508+0000] {subprocess.py:93} INFO - [0m17:05:15  Running with dbt=1.7.19
[2025-11-23T17:05:16.129+0000] {subprocess.py:93} INFO - [0m17:05:16  [[33mWARNING[0m]: Deprecated functionality
[2025-11-23T17:05:16.129+0000] {subprocess.py:93} INFO - The `log-path` config in `dbt_project.yml` has been deprecated, and will no
[2025-11-23T17:05:16.130+0000] {subprocess.py:93} INFO - longer be supported in a future version of dbt-core. If you wish to write dbt
[2025-11-23T17:05:16.130+0000] {subprocess.py:93} INFO - logs to a custom directory, please use the --log-path CLI flag or DBT_LOG_PATH
[2025-11-23T17:05:16.130+0000] {subprocess.py:93} INFO - env var instead.
[2025-11-23T17:05:16.246+0000] {subprocess.py:93} INFO - [0m17:05:16  Registered adapter: snowflake=1.7.2
[2025-11-23T17:05:16.331+0000] {subprocess.py:93} INFO - [0m17:05:16  Found 10 models, 19 tests, 1 source, 0 exposures, 0 metrics, 431 macros, 0 groups, 0 semantic models
[2025-11-23T17:05:16.333+0000] {subprocess.py:93} INFO - [0m17:05:16
[2025-11-23T17:05:20.313+0000] {subprocess.py:93} INFO - [0m17:05:20  Concurrency: 1 threads (target='dev')
[2025-11-23T17:05:20.313+0000] {subprocess.py:93} INFO - [0m17:05:20
[2025-11-23T17:05:20.321+0000] {subprocess.py:93} INFO - [0m17:05:20  1 of 6 START sql incremental model -- Se o modelo definiu +schema, usa só ele (ex: silver, gold)
[2025-11-23T17:05:20.321+0000] {subprocess.py:93} INFO -         silver.fct_event_items  [RUN]
[2025-11-23T17:05:22.155+0000] {subprocess.py:93} INFO - [0m17:05:22  1 of 6 OK created sql incremental model -- Se o modelo definiu +schema, usa só ele (ex: silver, gold)
[2025-11-23T17:05:22.155+0000] {subprocess.py:93} INFO -         silver.fct_event_items  [[32mSUCCESS 1[0m in 1.83s]
[2025-11-23T17:05:22.157+0000] {subprocess.py:93} INFO - [0m17:05:22  2 of 6 START sql incremental model -- Se o modelo definiu +schema, usa só ele (ex: silver, gold)
[2025-11-23T17:05:22.157+0000] {subprocess.py:93} INFO -         silver.fct_events  [RUN]
[2025-11-23T17:05:23.862+0000] {subprocess.py:93} INFO - [0m17:05:23  2 of 6 OK created sql incremental model -- Se o modelo definiu +schema, usa só ele (ex: silver, gold)
[2025-11-23T17:05:23.863+0000] {subprocess.py:93} INFO -         silver.fct_events  [[32mSUCCESS 1[0m in 1.70s]
[2025-11-23T17:05:23.864+0000] {subprocess.py:93} INFO - [0m17:05:23  3 of 6 START sql incremental model -- Se o modelo definiu +schema, usa só ele (ex: silver, gold)
[2025-11-23T17:05:23.864+0000] {subprocess.py:93} INFO -         silver.dim_products  [RUN]
[2025-11-23T17:05:25.579+0000] {subprocess.py:93} INFO - [0m17:05:25  3 of 6 OK created sql incremental model -- Se o modelo definiu +schema, usa só ele (ex: silver, gold)
[2025-11-23T17:05:25.579+0000] {subprocess.py:93} INFO -         silver.dim_products  [[32mSUCCESS 1[0m in 1.71s]
[2025-11-23T17:05:25.581+0000] {subprocess.py:93} INFO - [0m17:05:25  4 of 6 START sql incremental model -- Se o modelo definiu +schema, usa só ele (ex: silver, gold)
[2025-11-23T17:05:25.581+0000] {subprocess.py:93} INFO -         silver.dim_campaigns  [RUN]
[2025-11-23T17:05:27.476+0000] {subprocess.py:93} INFO - [0m17:05:27  4 of 6 OK created sql incremental model -- Se o modelo definiu +schema, usa só ele (ex: silver, gold)
[2025-11-23T17:05:27.477+0000] {subprocess.py:93} INFO -         silver.dim_campaigns  [[32mSUCCESS 1[0m in 1.89s]
[2025-11-23T17:05:27.478+0000] {subprocess.py:93} INFO - [0m17:05:27  5 of 6 START sql incremental model -- Se o modelo definiu +schema, usa só ele (ex: silver, gold)
[2025-11-23T17:05:27.478+0000] {subprocess.py:93} INFO -         silver.dim_sessions  [RUN]
[2025-11-23T17:05:29.236+0000] {subprocess.py:93} INFO - [0m17:05:29  5 of 6 OK created sql incremental model -- Se o modelo definiu +schema, usa só ele (ex: silver, gold)
[2025-11-23T17:05:29.236+0000] {subprocess.py:93} INFO -         silver.dim_sessions  [[32mSUCCESS 1[0m in 1.76s]
[2025-11-23T17:05:29.237+0000] {subprocess.py:93} INFO - [0m17:05:29  6 of 6 START sql incremental model -- Se o modelo definiu +schema, usa só ele (ex: silver, gold)
[2025-11-23T17:05:29.237+0000] {subprocess.py:93} INFO -         silver.dim_users  [RUN]
[2025-11-23T17:05:31.181+0000] {subprocess.py:93} INFO - [0m17:05:31  6 of 6 OK created sql incremental model -- Se o modelo definiu +schema, usa só ele (ex: silver, gold)
[2025-11-23T17:05:31.182+0000] {subprocess.py:93} INFO -         silver.dim_users  [[32mSUCCESS 1[0m in 1.94s]
[2025-11-23T17:05:31.185+0000] {subprocess.py:93} INFO - [0m17:05:31
[2025-11-23T17:05:31.185+0000] {subprocess.py:93} INFO - [0m17:05:31  Finished running 6 incremental models in 0 hours 0 minutes and 14.85 seconds (14.85s).
[2025-11-23T17:05:31.198+0000] {subprocess.py:93} INFO - [0m17:05:31
[2025-11-23T17:05:31.199+0000] {subprocess.py:93} INFO - [0m17:05:31  [32mCompleted successfully[0m
[2025-11-23T17:05:31.199+0000] {subprocess.py:93} INFO - [0m17:05:31
[2025-11-23T17:05:31.199+0000] {subprocess.py:93} INFO - [0m17:05:31  Done. PASS=6 WARN=0 ERROR=0 SKIP=0 TOTAL=6
[2025-11-23T17:05:32.106+0000] {subprocess.py:97} INFO - Command exited with return code 0
[2025-11-23T17:05:32.121+0000] {taskinstance.py:1149} INFO - Marking task as SUCCESS. dag_id=dbt_ecommerce_pipeline, task_id=dbt_run_silver, execution_date=20251123T170000, start_date=20251123T170510, end_date=20251123T170532
[2025-11-23T17:05:32.170+0000] {local_task_job_runner.py:234} INFO - Task exited with return code 0
[2025-11-23T17:05:32.181+0000] {taskinstance.py:3312} INFO - 1 downstream tasks scheduled from follow-on schedule check
