[2025-11-23T19:15:10.446+0000] {taskinstance.py:1979} INFO - Dependencies all met for dep_context=non-requeueable deps ti=<TaskInstance: dbt_ecommerce_pipeline.dbt_run_silver scheduled__2025-11-23T19:10:00+00:00 [queued]>
[2025-11-23T19:15:10.450+0000] {taskinstance.py:1979} INFO - Dependencies all met for dep_context=requeueable deps ti=<TaskInstance: dbt_ecommerce_pipeline.dbt_run_silver scheduled__2025-11-23T19:10:00+00:00 [queued]>
[2025-11-23T19:15:10.450+0000] {taskinstance.py:2193} INFO - Starting attempt 1 of 3
[2025-11-23T19:15:10.460+0000] {taskinstance.py:2217} INFO - Executing <Task(BashOperator): dbt_run_silver> on 2025-11-23 19:10:00+00:00
[2025-11-23T19:15:10.467+0000] {standard_task_runner.py:60} INFO - Started process 6107 to run task
[2025-11-23T19:15:10.471+0000] {standard_task_runner.py:87} INFO - Running: ['airflow', 'tasks', 'run', 'dbt_ecommerce_pipeline', 'dbt_run_silver', 'scheduled__2025-11-23T19:10:00+00:00', '--job-id', '177', '--raw', '--subdir', 'DAGS_FOLDER/dbt_ecommerce_pipeline.py', '--cfg-path', '/tmp/tmpwksytxsf']
[2025-11-23T19:15:10.473+0000] {standard_task_runner.py:88} INFO - Job 177: Subtask dbt_run_silver
[2025-11-23T19:15:10.522+0000] {task_command.py:423} INFO - Running <TaskInstance: dbt_ecommerce_pipeline.dbt_run_silver scheduled__2025-11-23T19:10:00+00:00 [running]> on host 4731e9e89e36
[2025-11-23T19:15:10.574+0000] {taskinstance.py:2513} INFO - Exporting env vars: AIRFLOW_CTX_DAG_OWNER='airflow' AIRFLOW_CTX_DAG_ID='dbt_ecommerce_pipeline' AIRFLOW_CTX_TASK_ID='dbt_run_silver' AIRFLOW_CTX_EXECUTION_DATE='2025-11-23T19:10:00+00:00' AIRFLOW_CTX_TRY_NUMBER='1' AIRFLOW_CTX_DAG_RUN_ID='scheduled__2025-11-23T19:10:00+00:00'
[2025-11-23T19:15:10.575+0000] {subprocess.py:63} INFO - Tmp dir root location: /tmp
[2025-11-23T19:15:10.576+0000] {subprocess.py:75} INFO - Running command: ['/usr/bin/bash', '-c', '\n    rm -rf /tmp/dbt_runtime &&     mkdir -p /tmp/dbt_runtime &&     cp -r /opt/airflow/dbt/ecommerce_dbt /tmp/dbt_runtime/ecommerce_dbt &&     cd /tmp/dbt_runtime/ecommerce_dbt &&     dbt run --select tag:silver       --project-dir /tmp/dbt_runtime/ecommerce_dbt       --profiles-dir /home/airflow/.dbt\n    ']
[2025-11-23T19:15:10.588+0000] {subprocess.py:86} INFO - Output:
[2025-11-23T19:15:14.405+0000] {subprocess.py:93} INFO - [0m19:15:14  Running with dbt=1.7.19
[2025-11-23T19:15:15.098+0000] {subprocess.py:93} INFO - [0m19:15:15  [[33mWARNING[0m]: Deprecated functionality
[2025-11-23T19:15:15.098+0000] {subprocess.py:93} INFO - The `log-path` config in `dbt_project.yml` has been deprecated, and will no
[2025-11-23T19:15:15.099+0000] {subprocess.py:93} INFO - longer be supported in a future version of dbt-core. If you wish to write dbt
[2025-11-23T19:15:15.099+0000] {subprocess.py:93} INFO - logs to a custom directory, please use the --log-path CLI flag or DBT_LOG_PATH
[2025-11-23T19:15:15.099+0000] {subprocess.py:93} INFO - env var instead.
[2025-11-23T19:15:15.219+0000] {subprocess.py:93} INFO - [0m19:15:15  Registered adapter: snowflake=1.7.2
[2025-11-23T19:15:15.314+0000] {subprocess.py:93} INFO - [0m19:15:15  Found 10 models, 19 tests, 1 source, 0 exposures, 0 metrics, 431 macros, 0 groups, 0 semantic models
[2025-11-23T19:15:15.316+0000] {subprocess.py:93} INFO - [0m19:15:15
[2025-11-23T19:15:19.420+0000] {subprocess.py:93} INFO - [0m19:15:19  Concurrency: 1 threads (target='dev')
[2025-11-23T19:15:19.421+0000] {subprocess.py:93} INFO - [0m19:15:19
[2025-11-23T19:15:19.429+0000] {subprocess.py:93} INFO - [0m19:15:19  1 of 6 START sql incremental model -- Se o modelo definiu +schema, usa só ele (ex: silver, gold)
[2025-11-23T19:15:19.429+0000] {subprocess.py:93} INFO -         silver.fct_event_items  [RUN]
[2025-11-23T19:15:21.558+0000] {subprocess.py:93} INFO - [0m19:15:21  1 of 6 OK created sql incremental model -- Se o modelo definiu +schema, usa só ele (ex: silver, gold)
[2025-11-23T19:15:21.559+0000] {subprocess.py:93} INFO -         silver.fct_event_items  [[32mSUCCESS 1[0m in 2.13s]
[2025-11-23T19:15:21.560+0000] {subprocess.py:93} INFO - [0m19:15:21  2 of 6 START sql incremental model -- Se o modelo definiu +schema, usa só ele (ex: silver, gold)
[2025-11-23T19:15:21.560+0000] {subprocess.py:93} INFO -         silver.fct_events  [RUN]
[2025-11-23T19:15:23.229+0000] {subprocess.py:93} INFO - [0m19:15:23  2 of 6 OK created sql incremental model -- Se o modelo definiu +schema, usa só ele (ex: silver, gold)
[2025-11-23T19:15:23.229+0000] {subprocess.py:93} INFO -         silver.fct_events  [[32mSUCCESS 1[0m in 1.67s]
[2025-11-23T19:15:23.231+0000] {subprocess.py:93} INFO - [0m19:15:23  3 of 6 START sql incremental model -- Se o modelo definiu +schema, usa só ele (ex: silver, gold)
[2025-11-23T19:15:23.231+0000] {subprocess.py:93} INFO -         silver.dim_products  [RUN]
[2025-11-23T19:15:25.437+0000] {subprocess.py:93} INFO - [0m19:15:25  3 of 6 OK created sql incremental model -- Se o modelo definiu +schema, usa só ele (ex: silver, gold)
[2025-11-23T19:15:25.438+0000] {subprocess.py:93} INFO -         silver.dim_products  [[32mSUCCESS 1[0m in 2.21s]
[2025-11-23T19:15:25.439+0000] {subprocess.py:93} INFO - [0m19:15:25  4 of 6 START sql incremental model -- Se o modelo definiu +schema, usa só ele (ex: silver, gold)
[2025-11-23T19:15:25.439+0000] {subprocess.py:93} INFO -         silver.dim_campaigns  [RUN]
[2025-11-23T19:15:27.306+0000] {subprocess.py:93} INFO - [0m19:15:27  4 of 6 OK created sql incremental model -- Se o modelo definiu +schema, usa só ele (ex: silver, gold)
[2025-11-23T19:15:27.306+0000] {subprocess.py:93} INFO -         silver.dim_campaigns  [[32mSUCCESS 1[0m in 1.87s]
[2025-11-23T19:15:27.307+0000] {subprocess.py:93} INFO - [0m19:15:27  5 of 6 START sql incremental model -- Se o modelo definiu +schema, usa só ele (ex: silver, gold)
[2025-11-23T19:15:27.308+0000] {subprocess.py:93} INFO -         silver.dim_sessions  [RUN]
[2025-11-23T19:15:29.227+0000] {subprocess.py:93} INFO - [0m19:15:29  5 of 6 OK created sql incremental model -- Se o modelo definiu +schema, usa só ele (ex: silver, gold)
[2025-11-23T19:15:29.227+0000] {subprocess.py:93} INFO -         silver.dim_sessions  [[32mSUCCESS 1[0m in 1.92s]
[2025-11-23T19:15:29.228+0000] {subprocess.py:93} INFO - [0m19:15:29  6 of 6 START sql incremental model -- Se o modelo definiu +schema, usa só ele (ex: silver, gold)
[2025-11-23T19:15:29.229+0000] {subprocess.py:93} INFO -         silver.dim_users  [RUN]
[2025-11-23T19:15:31.460+0000] {subprocess.py:93} INFO - [0m19:15:31  6 of 6 OK created sql incremental model -- Se o modelo definiu +schema, usa só ele (ex: silver, gold)
[2025-11-23T19:15:31.461+0000] {subprocess.py:93} INFO -         silver.dim_users  [[32mSUCCESS 1[0m in 2.23s]
[2025-11-23T19:15:31.464+0000] {subprocess.py:93} INFO - [0m19:15:31
[2025-11-23T19:15:31.464+0000] {subprocess.py:93} INFO - [0m19:15:31  Finished running 6 incremental models in 0 hours 0 minutes and 16.15 seconds (16.15s).
[2025-11-23T19:15:31.478+0000] {subprocess.py:93} INFO - [0m19:15:31
[2025-11-23T19:15:31.479+0000] {subprocess.py:93} INFO - [0m19:15:31  [32mCompleted successfully[0m
[2025-11-23T19:15:31.479+0000] {subprocess.py:93} INFO - [0m19:15:31
[2025-11-23T19:15:31.479+0000] {subprocess.py:93} INFO - [0m19:15:31  Done. PASS=6 WARN=0 ERROR=0 SKIP=0 TOTAL=6
[2025-11-23T19:15:32.416+0000] {subprocess.py:97} INFO - Command exited with return code 0
[2025-11-23T19:15:32.432+0000] {taskinstance.py:1149} INFO - Marking task as SUCCESS. dag_id=dbt_ecommerce_pipeline, task_id=dbt_run_silver, execution_date=20251123T191000, start_date=20251123T191510, end_date=20251123T191532
[2025-11-23T19:15:32.466+0000] {local_task_job_runner.py:234} INFO - Task exited with return code 0
[2025-11-23T19:15:32.477+0000] {taskinstance.py:3312} INFO - 1 downstream tasks scheduled from follow-on schedule check
