[2025-11-23T16:50:10.036+0000] {taskinstance.py:1979} INFO - Dependencies all met for dep_context=non-requeueable deps ti=<TaskInstance: dbt_ecommerce_pipeline.dbt_run_silver scheduled__2025-11-23T16:45:00+00:00 [queued]>
[2025-11-23T16:50:10.040+0000] {taskinstance.py:1979} INFO - Dependencies all met for dep_context=requeueable deps ti=<TaskInstance: dbt_ecommerce_pipeline.dbt_run_silver scheduled__2025-11-23T16:45:00+00:00 [queued]>
[2025-11-23T16:50:10.040+0000] {taskinstance.py:2193} INFO - Starting attempt 1 of 3
[2025-11-23T16:50:10.050+0000] {taskinstance.py:2217} INFO - Executing <Task(BashOperator): dbt_run_silver> on 2025-11-23 16:45:00+00:00
[2025-11-23T16:50:10.057+0000] {standard_task_runner.py:60} INFO - Started process 2012 to run task
[2025-11-23T16:50:10.061+0000] {standard_task_runner.py:87} INFO - Running: ['airflow', 'tasks', 'run', 'dbt_ecommerce_pipeline', 'dbt_run_silver', 'scheduled__2025-11-23T16:45:00+00:00', '--job-id', '61', '--raw', '--subdir', 'DAGS_FOLDER/dbt_ecommerce_pipeline.py', '--cfg-path', '/tmp/tmpm_lcc5ka']
[2025-11-23T16:50:10.063+0000] {standard_task_runner.py:88} INFO - Job 61: Subtask dbt_run_silver
[2025-11-23T16:50:10.113+0000] {task_command.py:423} INFO - Running <TaskInstance: dbt_ecommerce_pipeline.dbt_run_silver scheduled__2025-11-23T16:45:00+00:00 [running]> on host 4731e9e89e36
[2025-11-23T16:50:10.163+0000] {taskinstance.py:2513} INFO - Exporting env vars: AIRFLOW_CTX_DAG_OWNER='airflow' AIRFLOW_CTX_DAG_ID='dbt_ecommerce_pipeline' AIRFLOW_CTX_TASK_ID='dbt_run_silver' AIRFLOW_CTX_EXECUTION_DATE='2025-11-23T16:45:00+00:00' AIRFLOW_CTX_TRY_NUMBER='1' AIRFLOW_CTX_DAG_RUN_ID='scheduled__2025-11-23T16:45:00+00:00'
[2025-11-23T16:50:10.165+0000] {subprocess.py:63} INFO - Tmp dir root location: /tmp
[2025-11-23T16:50:10.166+0000] {subprocess.py:75} INFO - Running command: ['/usr/bin/bash', '-c', '\n    rm -rf /tmp/dbt_runtime &&     mkdir -p /tmp/dbt_runtime &&     cp -r /opt/airflow/dbt/ecommerce_dbt /tmp/dbt_runtime/ecommerce_dbt &&     cd /tmp/dbt_runtime/ecommerce_dbt &&     dbt run --select tag:silver       --project-dir /tmp/dbt_runtime/ecommerce_dbt       --profiles-dir /home/airflow/.dbt\n    ']
[2025-11-23T16:50:10.178+0000] {subprocess.py:86} INFO - Output:
[2025-11-23T16:50:13.769+0000] {subprocess.py:93} INFO - [0m16:50:13  Running with dbt=1.7.19
[2025-11-23T16:50:14.416+0000] {subprocess.py:93} INFO - [0m16:50:14  [[33mWARNING[0m]: Deprecated functionality
[2025-11-23T16:50:14.417+0000] {subprocess.py:93} INFO - The `log-path` config in `dbt_project.yml` has been deprecated, and will no
[2025-11-23T16:50:14.417+0000] {subprocess.py:93} INFO - longer be supported in a future version of dbt-core. If you wish to write dbt
[2025-11-23T16:50:14.417+0000] {subprocess.py:93} INFO - logs to a custom directory, please use the --log-path CLI flag or DBT_LOG_PATH
[2025-11-23T16:50:14.418+0000] {subprocess.py:93} INFO - env var instead.
[2025-11-23T16:50:14.554+0000] {subprocess.py:93} INFO - [0m16:50:14  Registered adapter: snowflake=1.7.2
[2025-11-23T16:50:14.929+0000] {subprocess.py:93} INFO - [0m16:50:14  Found 10 models, 19 tests, 1 source, 0 exposures, 0 metrics, 431 macros, 0 groups, 0 semantic models
[2025-11-23T16:50:14.931+0000] {subprocess.py:93} INFO - [0m16:50:14
[2025-11-23T16:50:18.766+0000] {subprocess.py:93} INFO - [0m16:50:18  Concurrency: 1 threads (target='dev')
[2025-11-23T16:50:18.767+0000] {subprocess.py:93} INFO - [0m16:50:18
[2025-11-23T16:50:18.774+0000] {subprocess.py:93} INFO - [0m16:50:18  1 of 6 START sql incremental model -- Se o modelo definiu +schema, usa só ele (ex: silver, gold)
[2025-11-23T16:50:18.775+0000] {subprocess.py:93} INFO -         silver.fct_event_items  [RUN]
[2025-11-23T16:50:20.450+0000] {subprocess.py:93} INFO - [0m16:50:20  1 of 6 OK created sql incremental model -- Se o modelo definiu +schema, usa só ele (ex: silver, gold)
[2025-11-23T16:50:20.451+0000] {subprocess.py:93} INFO -         silver.fct_event_items  [[32mSUCCESS 1[0m in 1.67s]
[2025-11-23T16:50:20.452+0000] {subprocess.py:93} INFO - [0m16:50:20  2 of 6 START sql incremental model -- Se o modelo definiu +schema, usa só ele (ex: silver, gold)
[2025-11-23T16:50:20.452+0000] {subprocess.py:93} INFO -         silver.fct_events  [RUN]
[2025-11-23T16:50:22.161+0000] {subprocess.py:93} INFO - [0m16:50:22  2 of 6 OK created sql incremental model -- Se o modelo definiu +schema, usa só ele (ex: silver, gold)
[2025-11-23T16:50:22.161+0000] {subprocess.py:93} INFO -         silver.fct_events  [[32mSUCCESS 1[0m in 1.71s]
[2025-11-23T16:50:22.162+0000] {subprocess.py:93} INFO - [0m16:50:22  3 of 6 START sql incremental model -- Se o modelo definiu +schema, usa só ele (ex: silver, gold)
[2025-11-23T16:50:22.163+0000] {subprocess.py:93} INFO -         silver.dim_products  [RUN]
[2025-11-23T16:50:23.845+0000] {subprocess.py:93} INFO - [0m16:50:23  3 of 6 OK created sql incremental model -- Se o modelo definiu +schema, usa só ele (ex: silver, gold)
[2025-11-23T16:50:23.845+0000] {subprocess.py:93} INFO -         silver.dim_products  [[32mSUCCESS 1[0m in 1.68s]
[2025-11-23T16:50:23.847+0000] {subprocess.py:93} INFO - [0m16:50:23  4 of 6 START sql incremental model -- Se o modelo definiu +schema, usa só ele (ex: silver, gold)
[2025-11-23T16:50:23.847+0000] {subprocess.py:93} INFO -         silver.dim_campaigns  [RUN]
[2025-11-23T16:50:25.704+0000] {subprocess.py:93} INFO - [0m16:50:25  4 of 6 OK created sql incremental model -- Se o modelo definiu +schema, usa só ele (ex: silver, gold)
[2025-11-23T16:50:25.705+0000] {subprocess.py:93} INFO -         silver.dim_campaigns  [[32mSUCCESS 1[0m in 1.86s]
[2025-11-23T16:50:25.706+0000] {subprocess.py:93} INFO - [0m16:50:25  5 of 6 START sql incremental model -- Se o modelo definiu +schema, usa só ele (ex: silver, gold)
[2025-11-23T16:50:25.706+0000] {subprocess.py:93} INFO -         silver.dim_sessions  [RUN]
[2025-11-23T16:50:27.431+0000] {subprocess.py:93} INFO - [0m16:50:27  5 of 6 OK created sql incremental model -- Se o modelo definiu +schema, usa só ele (ex: silver, gold)
[2025-11-23T16:50:27.431+0000] {subprocess.py:93} INFO -         silver.dim_sessions  [[32mSUCCESS 1[0m in 1.72s]
[2025-11-23T16:50:27.432+0000] {subprocess.py:93} INFO - [0m16:50:27  6 of 6 START sql incremental model -- Se o modelo definiu +schema, usa só ele (ex: silver, gold)
[2025-11-23T16:50:27.433+0000] {subprocess.py:93} INFO -         silver.dim_users  [RUN]
[2025-11-23T16:50:29.075+0000] {subprocess.py:93} INFO - [0m16:50:29  6 of 6 OK created sql incremental model -- Se o modelo definiu +schema, usa só ele (ex: silver, gold)
[2025-11-23T16:50:29.076+0000] {subprocess.py:93} INFO -         silver.dim_users  [[32mSUCCESS 1[0m in 1.64s]
[2025-11-23T16:50:29.079+0000] {subprocess.py:93} INFO - [0m16:50:29
[2025-11-23T16:50:29.080+0000] {subprocess.py:93} INFO - [0m16:50:29  Finished running 6 incremental models in 0 hours 0 minutes and 14.15 seconds (14.15s).
[2025-11-23T16:50:29.094+0000] {subprocess.py:93} INFO - [0m16:50:29
[2025-11-23T16:50:29.094+0000] {subprocess.py:93} INFO - [0m16:50:29  [32mCompleted successfully[0m
[2025-11-23T16:50:29.095+0000] {subprocess.py:93} INFO - [0m16:50:29
[2025-11-23T16:50:29.095+0000] {subprocess.py:93} INFO - [0m16:50:29  Done. PASS=6 WARN=0 ERROR=0 SKIP=0 TOTAL=6
[2025-11-23T16:50:30.036+0000] {subprocess.py:97} INFO - Command exited with return code 0
[2025-11-23T16:50:30.052+0000] {taskinstance.py:1149} INFO - Marking task as SUCCESS. dag_id=dbt_ecommerce_pipeline, task_id=dbt_run_silver, execution_date=20251123T164500, start_date=20251123T165010, end_date=20251123T165030
[2025-11-23T16:50:30.109+0000] {local_task_job_runner.py:234} INFO - Task exited with return code 0
[2025-11-23T16:50:30.120+0000] {taskinstance.py:3312} INFO - 1 downstream tasks scheduled from follow-on schedule check
