[2025-11-23T06:04:29.450+0000] {taskinstance.py:1979} INFO - Dependencies all met for dep_context=non-requeueable deps ti=<TaskInstance: dbt_ecommerce_pipeline.dbt_run manual__2025-11-23T05:53:30.311287+00:00 [queued]>
[2025-11-23T06:04:29.454+0000] {taskinstance.py:1979} INFO - Dependencies all met for dep_context=requeueable deps ti=<TaskInstance: dbt_ecommerce_pipeline.dbt_run manual__2025-11-23T05:53:30.311287+00:00 [queued]>
[2025-11-23T06:04:29.455+0000] {taskinstance.py:2193} INFO - Starting attempt 1 of 2
[2025-11-23T06:04:29.464+0000] {taskinstance.py:2217} INFO - Executing <Task(BashOperator): dbt_run> on 2025-11-23 05:53:30.311287+00:00
[2025-11-23T06:04:29.472+0000] {standard_task_runner.py:60} INFO - Started process 964 to run task
[2025-11-23T06:04:29.475+0000] {standard_task_runner.py:87} INFO - Running: ['airflow', 'tasks', 'run', 'dbt_ecommerce_pipeline', 'dbt_run', 'manual__2025-11-23T05:53:30.311287+00:00', '--job-id', '23', '--raw', '--subdir', 'DAGS_FOLDER/ecommerce_dbt_pipeline.py', '--cfg-path', '/tmp/tmpwqvkx0oz']
[2025-11-23T06:04:29.477+0000] {standard_task_runner.py:88} INFO - Job 23: Subtask dbt_run
[2025-11-23T06:04:29.522+0000] {task_command.py:423} INFO - Running <TaskInstance: dbt_ecommerce_pipeline.dbt_run manual__2025-11-23T05:53:30.311287+00:00 [running]> on host 7244b0bf02d5
[2025-11-23T06:04:29.565+0000] {taskinstance.py:2513} INFO - Exporting env vars: AIRFLOW_CTX_DAG_OWNER='airflow' AIRFLOW_CTX_DAG_ID='dbt_ecommerce_pipeline' AIRFLOW_CTX_TASK_ID='dbt_run' AIRFLOW_CTX_EXECUTION_DATE='2025-11-23T05:53:30.311287+00:00' AIRFLOW_CTX_TRY_NUMBER='1' AIRFLOW_CTX_DAG_RUN_ID='manual__2025-11-23T05:53:30.311287+00:00'
[2025-11-23T06:04:29.566+0000] {subprocess.py:63} INFO - Tmp dir root location: /tmp
[2025-11-23T06:04:29.567+0000] {subprocess.py:75} INFO - Running command: ['/usr/bin/bash', '-c', '\n    rm -rf /tmp/dbt_runtime &&     mkdir -p /tmp/dbt_runtime &&     cp -r /opt/airflow/dbt/ecommerce_dbt /tmp/dbt_runtime/ecommerce_dbt &&     cd /tmp/dbt_runtime/ecommerce_dbt &&     dbt run       --project-dir /tmp/dbt_runtime/ecommerce_dbt       --profiles-dir /home/airflow/.dbt\n    ']
[2025-11-23T06:04:29.580+0000] {subprocess.py:86} INFO - Output:
[2025-11-23T06:04:32.717+0000] {subprocess.py:93} INFO - [0m06:04:32  Running with dbt=1.7.19
[2025-11-23T06:04:33.352+0000] {subprocess.py:93} INFO - [0m06:04:33  [[33mWARNING[0m]: Deprecated functionality
[2025-11-23T06:04:33.353+0000] {subprocess.py:93} INFO - The `log-path` config in `dbt_project.yml` has been deprecated, and will no
[2025-11-23T06:04:33.353+0000] {subprocess.py:93} INFO - longer be supported in a future version of dbt-core. If you wish to write dbt
[2025-11-23T06:04:33.354+0000] {subprocess.py:93} INFO - logs to a custom directory, please use the --log-path CLI flag or DBT_LOG_PATH
[2025-11-23T06:04:33.354+0000] {subprocess.py:93} INFO - env var instead.
[2025-11-23T06:04:33.472+0000] {subprocess.py:93} INFO - [0m06:04:33  Registered adapter: snowflake=1.7.2
[2025-11-23T06:04:33.489+0000] {subprocess.py:93} INFO - [0m06:04:33  Unable to do partial parsing because of a version mismatch
[2025-11-23T06:04:34.602+0000] {subprocess.py:93} INFO - [0m06:04:34  Found 12 models, 25 tests, 4 sources, 0 exposures, 0 metrics, 430 macros, 0 groups, 0 semantic models
[2025-11-23T06:04:34.604+0000] {subprocess.py:93} INFO - [0m06:04:34
[2025-11-23T06:04:36.638+0000] {subprocess.py:93} INFO - [0m06:04:36  Concurrency: 1 threads (target='dev')
[2025-11-23T06:04:36.639+0000] {subprocess.py:93} INFO - [0m06:04:36
[2025-11-23T06:04:36.646+0000] {subprocess.py:93} INFO - [0m06:04:36  1 of 12 START sql table model DEV.dim_date ..................................... [RUN]
[2025-11-23T06:04:38.545+0000] {subprocess.py:93} INFO - [0m06:04:38  1 of 12 OK created sql table model DEV.dim_date ................................ [[32mSUCCESS 1[0m in 1.90s]
[2025-11-23T06:04:38.546+0000] {subprocess.py:93} INFO - [0m06:04:38  2 of 12 START sql view model DEV.stg_order_items ............................... [RUN]
[2025-11-23T06:04:39.746+0000] {subprocess.py:93} INFO - [0m06:04:39  2 of 12 OK created sql view model DEV.stg_order_items .......................... [[32mSUCCESS 1[0m in 1.20s]
[2025-11-23T06:04:39.748+0000] {subprocess.py:93} INFO - [0m06:04:39  3 of 12 START sql view model DEV.stg_orders .................................... [RUN]
[2025-11-23T06:04:40.860+0000] {subprocess.py:93} INFO - [0m06:04:40  3 of 12 OK created sql view model DEV.stg_orders ............................... [[32mSUCCESS 1[0m in 1.11s]
[2025-11-23T06:04:40.861+0000] {subprocess.py:93} INFO - [0m06:04:40  4 of 12 START sql view model DEV.stg_products .................................. [RUN]
[2025-11-23T06:04:41.903+0000] {subprocess.py:93} INFO - [0m06:04:41  4 of 12 OK created sql view model DEV.stg_products ............................. [[32mSUCCESS 1[0m in 1.04s]
[2025-11-23T06:04:41.905+0000] {subprocess.py:93} INFO - [0m06:04:41  5 of 12 START sql view model DEV.stg_users ..................................... [RUN]
[2025-11-23T06:04:42.926+0000] {subprocess.py:93} INFO - [0m06:04:42  5 of 12 OK created sql view model DEV.stg_users ................................ [[32mSUCCESS 1[0m in 1.02s]
[2025-11-23T06:04:42.928+0000] {subprocess.py:93} INFO - [0m06:04:42  6 of 12 START sql table model DEV.fct_cohort_monthly ........................... [RUN]
[2025-11-23T06:04:44.782+0000] {subprocess.py:93} INFO - [0m06:04:44  6 of 12 OK created sql table model DEV.fct_cohort_monthly ...................... [[32mSUCCESS 1[0m in 1.85s]
[2025-11-23T06:04:44.784+0000] {subprocess.py:93} INFO - [0m06:04:44  7 of 12 START sql table model DEV.fct_daily_sales .............................. [RUN]
[2025-11-23T06:04:46.304+0000] {subprocess.py:93} INFO - [0m06:04:46  7 of 12 OK created sql table model DEV.fct_daily_sales ......................... [[32mSUCCESS 1[0m in 1.52s]
[2025-11-23T06:04:46.305+0000] {subprocess.py:93} INFO - [0m06:04:46  8 of 12 START sql table model DEV.fct_order_items .............................. [RUN]
[2025-11-23T06:04:48.504+0000] {subprocess.py:93} INFO - [0m06:04:48  8 of 12 OK created sql table model DEV.fct_order_items ......................... [[32mSUCCESS 1[0m in 2.20s]
[2025-11-23T06:04:48.506+0000] {subprocess.py:93} INFO - [0m06:04:48  9 of 12 START sql table model DEV.fct_rfm_customer ............................. [RUN]
[2025-11-23T06:04:50.253+0000] {subprocess.py:93} INFO - [0m06:04:50  9 of 12 OK created sql table model DEV.fct_rfm_customer ........................ [[32mSUCCESS 1[0m in 1.75s]
[2025-11-23T06:04:50.255+0000] {subprocess.py:93} INFO - [0m06:04:50  10 of 12 START sql table model DEV.dim_product ................................. [RUN]
[2025-11-23T06:04:52.216+0000] {subprocess.py:93} INFO - [0m06:04:52  10 of 12 OK created sql table model DEV.dim_product ............................ [[32mSUCCESS 1[0m in 1.96s]
[2025-11-23T06:04:52.218+0000] {subprocess.py:93} INFO - [0m06:04:52  11 of 12 START sql table model DEV.dim_user .................................... [RUN]
[2025-11-23T06:04:53.709+0000] {subprocess.py:93} INFO - [0m06:04:53  11 of 12 OK created sql table model DEV.dim_user ............................... [[32mSUCCESS 1[0m in 1.49s]
[2025-11-23T06:04:53.711+0000] {subprocess.py:93} INFO - [0m06:04:53  12 of 12 START sql table model DEV.fct_sales ................................... [RUN]
[2025-11-23T06:04:55.469+0000] {subprocess.py:93} INFO - [0m06:04:55  12 of 12 OK created sql table model DEV.fct_sales .............................. [[32mSUCCESS 1[0m in 1.76s]
[2025-11-23T06:04:55.473+0000] {subprocess.py:93} INFO - [0m06:04:55
[2025-11-23T06:04:55.473+0000] {subprocess.py:93} INFO - [0m06:04:55  Finished running 8 table models, 4 view models in 0 hours 0 minutes and 20.87 seconds (20.87s).
[2025-11-23T06:04:55.488+0000] {subprocess.py:93} INFO - [0m06:04:55
[2025-11-23T06:04:55.488+0000] {subprocess.py:93} INFO - [0m06:04:55  [32mCompleted successfully[0m
[2025-11-23T06:04:55.489+0000] {subprocess.py:93} INFO - [0m06:04:55
[2025-11-23T06:04:55.489+0000] {subprocess.py:93} INFO - [0m06:04:55  Done. PASS=12 WARN=0 ERROR=0 SKIP=0 TOTAL=12
[2025-11-23T06:04:56.441+0000] {subprocess.py:97} INFO - Command exited with return code 0
[2025-11-23T06:04:56.456+0000] {taskinstance.py:1149} INFO - Marking task as SUCCESS. dag_id=dbt_ecommerce_pipeline, task_id=dbt_run, execution_date=20251123T055330, start_date=20251123T060429, end_date=20251123T060456
[2025-11-23T06:04:56.502+0000] {local_task_job_runner.py:234} INFO - Task exited with return code 0
[2025-11-23T06:04:56.512+0000] {taskinstance.py:3312} INFO - 1 downstream tasks scheduled from follow-on schedule check
