[2025-11-23T18:50:35.377+0000] {taskinstance.py:1979} INFO - Dependencies all met for dep_context=non-requeueable deps ti=<TaskInstance: dbt_ecommerce_pipeline.dbt_run_gold scheduled__2025-11-23T18:45:00+00:00 [queued]>
[2025-11-23T18:50:35.381+0000] {taskinstance.py:1979} INFO - Dependencies all met for dep_context=requeueable deps ti=<TaskInstance: dbt_ecommerce_pipeline.dbt_run_gold scheduled__2025-11-23T18:45:00+00:00 [queued]>
[2025-11-23T18:50:35.382+0000] {taskinstance.py:2193} INFO - Starting attempt 1 of 3
[2025-11-23T18:50:35.392+0000] {taskinstance.py:2217} INFO - Executing <Task(BashOperator): dbt_run_gold> on 2025-11-23 18:45:00+00:00
[2025-11-23T18:50:35.399+0000] {standard_task_runner.py:60} INFO - Started process 5447 to run task
[2025-11-23T18:50:35.402+0000] {standard_task_runner.py:87} INFO - Running: ['airflow', 'tasks', 'run', 'dbt_ecommerce_pipeline', 'dbt_run_gold', 'scheduled__2025-11-23T18:45:00+00:00', '--job-id', '158', '--raw', '--subdir', 'DAGS_FOLDER/dbt_ecommerce_pipeline.py', '--cfg-path', '/tmp/tmpxzahb7fg']
[2025-11-23T18:50:35.404+0000] {standard_task_runner.py:88} INFO - Job 158: Subtask dbt_run_gold
[2025-11-23T18:50:35.444+0000] {task_command.py:423} INFO - Running <TaskInstance: dbt_ecommerce_pipeline.dbt_run_gold scheduled__2025-11-23T18:45:00+00:00 [running]> on host 4731e9e89e36
[2025-11-23T18:50:35.486+0000] {taskinstance.py:2513} INFO - Exporting env vars: AIRFLOW_CTX_DAG_OWNER='airflow' AIRFLOW_CTX_DAG_ID='dbt_ecommerce_pipeline' AIRFLOW_CTX_TASK_ID='dbt_run_gold' AIRFLOW_CTX_EXECUTION_DATE='2025-11-23T18:45:00+00:00' AIRFLOW_CTX_TRY_NUMBER='1' AIRFLOW_CTX_DAG_RUN_ID='scheduled__2025-11-23T18:45:00+00:00'
[2025-11-23T18:50:35.488+0000] {subprocess.py:63} INFO - Tmp dir root location: /tmp
[2025-11-23T18:50:35.489+0000] {subprocess.py:75} INFO - Running command: ['/usr/bin/bash', '-c', '\n    rm -rf /tmp/dbt_runtime &&     mkdir -p /tmp/dbt_runtime &&     cp -r /opt/airflow/dbt/ecommerce_dbt /tmp/dbt_runtime/ecommerce_dbt &&     cd /tmp/dbt_runtime/ecommerce_dbt &&     dbt run --select tag:gold       --project-dir /tmp/dbt_runtime/ecommerce_dbt       --profiles-dir /home/airflow/.dbt\n    ']
[2025-11-23T18:50:35.501+0000] {subprocess.py:86} INFO - Output:
[2025-11-23T18:50:39.283+0000] {subprocess.py:93} INFO - [0m18:50:39  Running with dbt=1.7.19
[2025-11-23T18:50:39.943+0000] {subprocess.py:93} INFO - [0m18:50:39  [[33mWARNING[0m]: Deprecated functionality
[2025-11-23T18:50:39.943+0000] {subprocess.py:93} INFO - The `log-path` config in `dbt_project.yml` has been deprecated, and will no
[2025-11-23T18:50:39.943+0000] {subprocess.py:93} INFO - longer be supported in a future version of dbt-core. If you wish to write dbt
[2025-11-23T18:50:39.944+0000] {subprocess.py:93} INFO - logs to a custom directory, please use the --log-path CLI flag or DBT_LOG_PATH
[2025-11-23T18:50:39.944+0000] {subprocess.py:93} INFO - env var instead.
[2025-11-23T18:50:40.060+0000] {subprocess.py:93} INFO - [0m18:50:40  Registered adapter: snowflake=1.7.2
[2025-11-23T18:50:40.149+0000] {subprocess.py:93} INFO - [0m18:50:40  Found 10 models, 19 tests, 1 source, 0 exposures, 0 metrics, 431 macros, 0 groups, 0 semantic models
[2025-11-23T18:50:40.151+0000] {subprocess.py:93} INFO - [0m18:50:40
[2025-11-23T18:50:44.309+0000] {subprocess.py:93} INFO - [0m18:50:44  Concurrency: 1 threads (target='dev')
[2025-11-23T18:50:44.309+0000] {subprocess.py:93} INFO - [0m18:50:44
[2025-11-23T18:50:44.316+0000] {subprocess.py:93} INFO - [0m18:50:44  1 of 4 START sql incremental model -- Se o modelo definiu +schema, usa só ele (ex: silver, gold)
[2025-11-23T18:50:44.317+0000] {subprocess.py:93} INFO -         gold.campaign_performance  [RUN]
[2025-11-23T18:50:46.481+0000] {subprocess.py:93} INFO - [0m18:50:46  1 of 4 OK created sql incremental model -- Se o modelo definiu +schema, usa só ele (ex: silver, gold)
[2025-11-23T18:50:46.482+0000] {subprocess.py:93} INFO -         gold.campaign_performance  [[32mSUCCESS 1[0m in 2.16s]
[2025-11-23T18:50:46.483+0000] {subprocess.py:93} INFO - [0m18:50:46  2 of 4 START sql incremental model -- Se o modelo definiu +schema, usa só ele (ex: silver, gold)
[2025-11-23T18:50:46.483+0000] {subprocess.py:93} INFO -         gold.funnel_daily  [RUN]
[2025-11-23T18:50:48.128+0000] {subprocess.py:93} INFO - [0m18:50:48  2 of 4 OK created sql incremental model -- Se o modelo definiu +schema, usa só ele (ex: silver, gold)
[2025-11-23T18:50:48.129+0000] {subprocess.py:93} INFO -         gold.funnel_daily  [[32mSUCCESS 1[0m in 1.64s]
[2025-11-23T18:50:48.130+0000] {subprocess.py:93} INFO - [0m18:50:48  3 of 4 START sql incremental model -- Se o modelo definiu +schema, usa só ele (ex: silver, gold)
[2025-11-23T18:50:48.130+0000] {subprocess.py:93} INFO -         gold.product_performance  [RUN]
[2025-11-23T18:50:49.934+0000] {subprocess.py:93} INFO - [0m18:50:49  3 of 4 OK created sql incremental model -- Se o modelo definiu +schema, usa só ele (ex: silver, gold)
[2025-11-23T18:50:49.934+0000] {subprocess.py:93} INFO -         gold.product_performance  [[32mSUCCESS 1[0m in 1.80s]
[2025-11-23T18:50:49.936+0000] {subprocess.py:93} INFO - [0m18:50:49  4 of 4 START sql incremental model -- Se o modelo definiu +schema, usa só ele (ex: silver, gold)
[2025-11-23T18:50:49.936+0000] {subprocess.py:93} INFO -         gold.revenue_daily  [RUN]
[2025-11-23T18:50:51.895+0000] {subprocess.py:93} INFO - [0m18:50:51  4 of 4 OK created sql incremental model -- Se o modelo definiu +schema, usa só ele (ex: silver, gold)
[2025-11-23T18:50:51.895+0000] {subprocess.py:93} INFO -         gold.revenue_daily  [[32mSUCCESS 1[0m in 1.96s]
[2025-11-23T18:50:51.898+0000] {subprocess.py:93} INFO - [0m18:50:51
[2025-11-23T18:50:51.898+0000] {subprocess.py:93} INFO - [0m18:50:51  Finished running 4 incremental models in 0 hours 0 minutes and 11.75 seconds (11.75s).
[2025-11-23T18:50:51.909+0000] {subprocess.py:93} INFO - [0m18:50:51
[2025-11-23T18:50:51.910+0000] {subprocess.py:93} INFO - [0m18:50:51  [32mCompleted successfully[0m
[2025-11-23T18:50:51.910+0000] {subprocess.py:93} INFO - [0m18:50:51
[2025-11-23T18:50:51.910+0000] {subprocess.py:93} INFO - [0m18:50:51  Done. PASS=4 WARN=0 ERROR=0 SKIP=0 TOTAL=4
[2025-11-23T18:50:52.678+0000] {subprocess.py:97} INFO - Command exited with return code 0
[2025-11-23T18:50:52.696+0000] {taskinstance.py:1149} INFO - Marking task as SUCCESS. dag_id=dbt_ecommerce_pipeline, task_id=dbt_run_gold, execution_date=20251123T184500, start_date=20251123T185035, end_date=20251123T185052
[2025-11-23T18:50:52.721+0000] {local_task_job_runner.py:234} INFO - Task exited with return code 0
[2025-11-23T18:50:52.730+0000] {taskinstance.py:3312} INFO - 1 downstream tasks scheduled from follow-on schedule check
