[2025-11-23T16:08:03.793+0000] {taskinstance.py:1979} INFO - Dependencies all met for dep_context=non-requeueable deps ti=<TaskInstance: dbt_ecommerce_pipeline.dbt_run_gold manual__2025-11-23T16:02:50.151644+00:00 [queued]>
[2025-11-23T16:08:03.798+0000] {taskinstance.py:1979} INFO - Dependencies all met for dep_context=requeueable deps ti=<TaskInstance: dbt_ecommerce_pipeline.dbt_run_gold manual__2025-11-23T16:02:50.151644+00:00 [queued]>
[2025-11-23T16:08:03.798+0000] {taskinstance.py:2193} INFO - Starting attempt 1 of 3
[2025-11-23T16:08:03.807+0000] {taskinstance.py:2217} INFO - Executing <Task(BashOperator): dbt_run_gold> on 2025-11-23 16:02:50.151644+00:00
[2025-11-23T16:08:03.814+0000] {standard_task_runner.py:60} INFO - Started process 489 to run task
[2025-11-23T16:08:03.818+0000] {standard_task_runner.py:87} INFO - Running: ['airflow', 'tasks', 'run', 'dbt_ecommerce_pipeline', 'dbt_run_gold', 'manual__2025-11-23T16:02:50.151644+00:00', '--job-id', '15', '--raw', '--subdir', 'DAGS_FOLDER/dbt_ecommerce_pipeline.py', '--cfg-path', '/tmp/tmpnfhkqnox']
[2025-11-23T16:08:03.821+0000] {standard_task_runner.py:88} INFO - Job 15: Subtask dbt_run_gold
[2025-11-23T16:08:03.877+0000] {task_command.py:423} INFO - Running <TaskInstance: dbt_ecommerce_pipeline.dbt_run_gold manual__2025-11-23T16:02:50.151644+00:00 [running]> on host 4731e9e89e36
[2025-11-23T16:08:03.918+0000] {taskinstance.py:2513} INFO - Exporting env vars: AIRFLOW_CTX_DAG_EMAIL='luccanegrini@outlook.com.br' AIRFLOW_CTX_DAG_OWNER='airflow' AIRFLOW_CTX_DAG_ID='dbt_ecommerce_pipeline' AIRFLOW_CTX_TASK_ID='dbt_run_gold' AIRFLOW_CTX_EXECUTION_DATE='2025-11-23T16:02:50.151644+00:00' AIRFLOW_CTX_TRY_NUMBER='1' AIRFLOW_CTX_DAG_RUN_ID='manual__2025-11-23T16:02:50.151644+00:00'
[2025-11-23T16:08:03.920+0000] {subprocess.py:63} INFO - Tmp dir root location: /tmp
[2025-11-23T16:08:03.921+0000] {subprocess.py:75} INFO - Running command: ['/usr/bin/bash', '-c', '\n    rm -rf /tmp/dbt_runtime &&     mkdir -p /tmp/dbt_runtime &&     cp -r /opt/airflow/dbt/ecommerce_dbt /tmp/dbt_runtime/ecommerce_dbt &&     cd /tmp/dbt_runtime/ecommerce_dbt &&     dbt run --select tag:gold       --project-dir /tmp/dbt_runtime/ecommerce_dbt       --profiles-dir /home/airflow/.dbt\n    ']
[2025-11-23T16:08:03.934+0000] {subprocess.py:86} INFO - Output:
[2025-11-23T16:08:07.727+0000] {subprocess.py:93} INFO - [0m16:08:07  Running with dbt=1.7.19
[2025-11-23T16:08:08.404+0000] {subprocess.py:93} INFO - [0m16:08:08  [[33mWARNING[0m]: Deprecated functionality
[2025-11-23T16:08:08.405+0000] {subprocess.py:93} INFO - The `log-path` config in `dbt_project.yml` has been deprecated, and will no
[2025-11-23T16:08:08.405+0000] {subprocess.py:93} INFO - longer be supported in a future version of dbt-core. If you wish to write dbt
[2025-11-23T16:08:08.406+0000] {subprocess.py:93} INFO - logs to a custom directory, please use the --log-path CLI flag or DBT_LOG_PATH
[2025-11-23T16:08:08.406+0000] {subprocess.py:93} INFO - env var instead.
[2025-11-23T16:08:08.529+0000] {subprocess.py:93} INFO - [0m16:08:08  Registered adapter: snowflake=1.7.2
[2025-11-23T16:08:08.546+0000] {subprocess.py:93} INFO - [0m16:08:08  Unable to do partial parsing because of a version mismatch
[2025-11-23T16:08:09.396+0000] {subprocess.py:93} INFO - [0m16:08:09  [[33mWARNING[0m]: Did not find matching node for patch with name 'bronze_events' in the 'models' section of file 'models/bronze/schema.yml'
[2025-11-23T16:08:09.463+0000] {subprocess.py:93} INFO - [0m16:08:09  [[33mWARNING[0m]: Did not find matching node for patch with name 'mart_funnel_daily' in the 'models' section of file 'models/gold/schema.yml'
[2025-11-23T16:08:09.464+0000] {subprocess.py:93} INFO - [0m16:08:09  [[33mWARNING[0m]: Did not find matching node for patch with name 'mart_revenue_daily' in the 'models' section of file 'models/gold/schema.yml'
[2025-11-23T16:08:09.465+0000] {subprocess.py:93} INFO - [0m16:08:09  [[33mWARNING[0m]: Did not find matching node for patch with name 'mart_product_performance' in the 'models' section of file 'models/gold/schema.yml'
[2025-11-23T16:08:09.466+0000] {subprocess.py:93} INFO - [0m16:08:09  [[33mWARNING[0m]: Did not find matching node for patch with name 'mart_campaign_performance' in the 'models' section of file 'models/gold/schema.yml'
[2025-11-23T16:08:09.517+0000] {subprocess.py:93} INFO - [0m16:08:09  [[33mWARNING[0m]: Test 'test.ecommerce_dbt.not_null_bronze_events_event_id.582d8fe82f' (models/bronze/schema.yml) depends on a node named 'bronze_events' in package '' which was not found
[2025-11-23T16:08:09.518+0000] {subprocess.py:93} INFO - [0m16:08:09  [[33mWARNING[0m]: Test 'test.ecommerce_dbt.unique_mart_funnel_daily_event_date.bf628be961' (models/gold/schema.yml) depends on a node named 'mart_funnel_daily' in package '' which was not found
[2025-11-23T16:08:09.518+0000] {subprocess.py:93} INFO - [0m16:08:09  [[33mWARNING[0m]: Test 'test.ecommerce_dbt.not_null_mart_funnel_daily_event_date.3a7cb29819' (models/gold/schema.yml) depends on a node named 'mart_funnel_daily' in package '' which was not found
[2025-11-23T16:08:09.518+0000] {subprocess.py:93} INFO - [0m16:08:09  [[33mWARNING[0m]: Test 'test.ecommerce_dbt.unique_mart_revenue_daily_event_date.3a5cbbe95a' (models/gold/schema.yml) depends on a node named 'mart_revenue_daily' in package '' which was not found
[2025-11-23T16:08:09.519+0000] {subprocess.py:93} INFO - [0m16:08:09  [[33mWARNING[0m]: Test 'test.ecommerce_dbt.not_null_mart_revenue_daily_event_date.ef1244c07c' (models/gold/schema.yml) depends on a node named 'mart_revenue_daily' in package '' which was not found
[2025-11-23T16:08:09.519+0000] {subprocess.py:93} INFO - [0m16:08:09  [[33mWARNING[0m]: Test 'test.ecommerce_dbt.unique_mart_product_performance_product_id.eb590e33e2' (models/gold/schema.yml) depends on a node named 'mart_product_performance' in package '' which was not found
[2025-11-23T16:08:09.519+0000] {subprocess.py:93} INFO - [0m16:08:09  [[33mWARNING[0m]: Test 'test.ecommerce_dbt.not_null_mart_product_performance_product_id.3cbcd22bfe' (models/gold/schema.yml) depends on a node named 'mart_product_performance' in package '' which was not found
[2025-11-23T16:08:09.520+0000] {subprocess.py:93} INFO - [0m16:08:09  [[33mWARNING[0m]: Test 'test.ecommerce_dbt.unique_mart_campaign_performance_campaign_id.7fd3e60c79' (models/gold/schema.yml) depends on a node named 'mart_campaign_performance' in package '' which was not found
[2025-11-23T16:08:09.520+0000] {subprocess.py:93} INFO - [0m16:08:09  [[33mWARNING[0m]: Test 'test.ecommerce_dbt.not_null_mart_campaign_performance_campaign_id.8c472d3fc3' (models/gold/schema.yml) depends on a node named 'mart_campaign_performance' in package '' which was not found
[2025-11-23T16:08:09.543+0000] {subprocess.py:93} INFO - [0m16:08:09  [[33mWARNING[0m]: Configuration paths exist in your dbt_project.yml file which do not apply to any resources.
[2025-11-23T16:08:09.543+0000] {subprocess.py:93} INFO - There are 1 unused configuration paths:
[2025-11-23T16:08:09.544+0000] {subprocess.py:93} INFO - - models.ecommerce_dbt.bronze
[2025-11-23T16:08:09.559+0000] {subprocess.py:93} INFO - [0m16:08:09  Found 10 models, 16 tests, 1 source, 0 exposures, 0 metrics, 431 macros, 0 groups, 0 semantic models
[2025-11-23T16:08:09.561+0000] {subprocess.py:93} INFO - [0m16:08:09
[2025-11-23T16:08:13.457+0000] {subprocess.py:93} INFO - [0m16:08:13  Concurrency: 1 threads (target='dev')
[2025-11-23T16:08:13.457+0000] {subprocess.py:93} INFO - [0m16:08:13
[2025-11-23T16:08:13.465+0000] {subprocess.py:93} INFO - [0m16:08:13  1 of 4 START sql incremental model -- Se o modelo definiu +schema, usa só ele (ex: silver, gold)
[2025-11-23T16:08:13.465+0000] {subprocess.py:93} INFO -         gold.campaign_performance  [RUN]
[2025-11-23T16:08:15.187+0000] {subprocess.py:93} INFO - [0m16:08:15  1 of 4 OK created sql incremental model -- Se o modelo definiu +schema, usa só ele (ex: silver, gold)
[2025-11-23T16:08:15.188+0000] {subprocess.py:93} INFO -         gold.campaign_performance  [[32mSUCCESS 1[0m in 1.72s]
[2025-11-23T16:08:15.189+0000] {subprocess.py:93} INFO - [0m16:08:15  2 of 4 START sql incremental model -- Se o modelo definiu +schema, usa só ele (ex: silver, gold)
[2025-11-23T16:08:15.189+0000] {subprocess.py:93} INFO -         gold.funnel_daily  [RUN]
[2025-11-23T16:08:17.076+0000] {subprocess.py:93} INFO - [0m16:08:17  2 of 4 OK created sql incremental model -- Se o modelo definiu +schema, usa só ele (ex: silver, gold)
[2025-11-23T16:08:17.077+0000] {subprocess.py:93} INFO -         gold.funnel_daily  [[32mSUCCESS 1[0m in 1.89s]
[2025-11-23T16:08:17.078+0000] {subprocess.py:93} INFO - [0m16:08:17  3 of 4 START sql incremental model -- Se o modelo definiu +schema, usa só ele (ex: silver, gold)
[2025-11-23T16:08:17.078+0000] {subprocess.py:93} INFO -         gold.product_performance  [RUN]
[2025-11-23T16:08:19.003+0000] {subprocess.py:93} INFO - [0m16:08:19  3 of 4 OK created sql incremental model -- Se o modelo definiu +schema, usa só ele (ex: silver, gold)
[2025-11-23T16:08:19.004+0000] {subprocess.py:93} INFO -         gold.product_performance  [[32mSUCCESS 1[0m in 1.92s]
[2025-11-23T16:08:19.005+0000] {subprocess.py:93} INFO - [0m16:08:19  4 of 4 START sql incremental model -- Se o modelo definiu +schema, usa só ele (ex: silver, gold)
[2025-11-23T16:08:19.005+0000] {subprocess.py:93} INFO -         gold.revenue_daily  [RUN]
[2025-11-23T16:08:20.736+0000] {subprocess.py:93} INFO - [0m16:08:20  4 of 4 OK created sql incremental model -- Se o modelo definiu +schema, usa só ele (ex: silver, gold)
[2025-11-23T16:08:20.737+0000] {subprocess.py:93} INFO -         gold.revenue_daily  [[32mSUCCESS 1[0m in 1.73s]
[2025-11-23T16:08:20.740+0000] {subprocess.py:93} INFO - [0m16:08:20
[2025-11-23T16:08:20.740+0000] {subprocess.py:93} INFO - [0m16:08:20  Finished running 4 incremental models in 0 hours 0 minutes and 11.18 seconds (11.18s).
[2025-11-23T16:08:20.752+0000] {subprocess.py:93} INFO - [0m16:08:20
[2025-11-23T16:08:20.753+0000] {subprocess.py:93} INFO - [0m16:08:20  [32mCompleted successfully[0m
[2025-11-23T16:08:20.753+0000] {subprocess.py:93} INFO - [0m16:08:20
[2025-11-23T16:08:20.753+0000] {subprocess.py:93} INFO - [0m16:08:20  Done. PASS=4 WARN=0 ERROR=0 SKIP=0 TOTAL=4
[2025-11-23T16:08:21.540+0000] {subprocess.py:97} INFO - Command exited with return code 0
[2025-11-23T16:08:21.556+0000] {taskinstance.py:1149} INFO - Marking task as SUCCESS. dag_id=dbt_ecommerce_pipeline, task_id=dbt_run_gold, execution_date=20251123T160250, start_date=20251123T160803, end_date=20251123T160821
[2025-11-23T16:08:21.582+0000] {local_task_job_runner.py:234} INFO - Task exited with return code 0
[2025-11-23T16:08:21.589+0000] {logging_mixin.py:188} WARNING - /home/airflow/.local/lib/python3.11/site-packages/airflow/models/baseoperator.py:1201 AirflowProviderDeprecationWarning: Call to deprecated class SnowflakeOperator. (This class is deprecated. Please use `airflow.providers.common.sql.operators.sql.SQLExecuteQueryOperator`. Also, you can provide `hook_params={'warehouse': <warehouse>, 'database': <database>, 'role': <role>, 'schema': <schema>, 'authenticator': <authenticator>,'session_parameters': <session_parameters>}`.)
[2025-11-23T16:08:21.597+0000] {taskinstance.py:3312} INFO - 1 downstream tasks scheduled from follow-on schedule check
