[2025-11-23T19:00:34.665+0000] {taskinstance.py:1979} INFO - Dependencies all met for dep_context=non-requeueable deps ti=<TaskInstance: dbt_ecommerce_pipeline.dbt_run_gold scheduled__2025-11-23T18:55:00+00:00 [queued]>
[2025-11-23T19:00:34.669+0000] {taskinstance.py:1979} INFO - Dependencies all met for dep_context=requeueable deps ti=<TaskInstance: dbt_ecommerce_pipeline.dbt_run_gold scheduled__2025-11-23T18:55:00+00:00 [queued]>
[2025-11-23T19:00:34.669+0000] {taskinstance.py:2193} INFO - Starting attempt 1 of 3
[2025-11-23T19:00:34.679+0000] {taskinstance.py:2217} INFO - Executing <Task(BashOperator): dbt_run_gold> on 2025-11-23 18:55:00+00:00
[2025-11-23T19:00:34.685+0000] {standard_task_runner.py:60} INFO - Started process 5727 to run task
[2025-11-23T19:00:34.688+0000] {standard_task_runner.py:87} INFO - Running: ['airflow', 'tasks', 'run', 'dbt_ecommerce_pipeline', 'dbt_run_gold', 'scheduled__2025-11-23T18:55:00+00:00', '--job-id', '166', '--raw', '--subdir', 'DAGS_FOLDER/dbt_ecommerce_pipeline.py', '--cfg-path', '/tmp/tmpg0p078_7']
[2025-11-23T19:00:34.690+0000] {standard_task_runner.py:88} INFO - Job 166: Subtask dbt_run_gold
[2025-11-23T19:00:34.733+0000] {task_command.py:423} INFO - Running <TaskInstance: dbt_ecommerce_pipeline.dbt_run_gold scheduled__2025-11-23T18:55:00+00:00 [running]> on host 4731e9e89e36
[2025-11-23T19:00:34.784+0000] {taskinstance.py:2513} INFO - Exporting env vars: AIRFLOW_CTX_DAG_OWNER='airflow' AIRFLOW_CTX_DAG_ID='dbt_ecommerce_pipeline' AIRFLOW_CTX_TASK_ID='dbt_run_gold' AIRFLOW_CTX_EXECUTION_DATE='2025-11-23T18:55:00+00:00' AIRFLOW_CTX_TRY_NUMBER='1' AIRFLOW_CTX_DAG_RUN_ID='scheduled__2025-11-23T18:55:00+00:00'
[2025-11-23T19:00:34.785+0000] {subprocess.py:63} INFO - Tmp dir root location: /tmp
[2025-11-23T19:00:34.786+0000] {subprocess.py:75} INFO - Running command: ['/usr/bin/bash', '-c', '\n    rm -rf /tmp/dbt_runtime &&     mkdir -p /tmp/dbt_runtime &&     cp -r /opt/airflow/dbt/ecommerce_dbt /tmp/dbt_runtime/ecommerce_dbt &&     cd /tmp/dbt_runtime/ecommerce_dbt &&     dbt run --select tag:gold       --project-dir /tmp/dbt_runtime/ecommerce_dbt       --profiles-dir /home/airflow/.dbt\n    ']
[2025-11-23T19:00:34.799+0000] {subprocess.py:86} INFO - Output:
[2025-11-23T19:00:38.655+0000] {subprocess.py:93} INFO - [0m19:00:38  Running with dbt=1.7.19
[2025-11-23T19:00:39.320+0000] {subprocess.py:93} INFO - [0m19:00:39  [[33mWARNING[0m]: Deprecated functionality
[2025-11-23T19:00:39.320+0000] {subprocess.py:93} INFO - The `log-path` config in `dbt_project.yml` has been deprecated, and will no
[2025-11-23T19:00:39.321+0000] {subprocess.py:93} INFO - longer be supported in a future version of dbt-core. If you wish to write dbt
[2025-11-23T19:00:39.321+0000] {subprocess.py:93} INFO - logs to a custom directory, please use the --log-path CLI flag or DBT_LOG_PATH
[2025-11-23T19:00:39.321+0000] {subprocess.py:93} INFO - env var instead.
[2025-11-23T19:00:39.456+0000] {subprocess.py:93} INFO - [0m19:00:39  Registered adapter: snowflake=1.7.2
[2025-11-23T19:00:39.555+0000] {subprocess.py:93} INFO - [0m19:00:39  Found 10 models, 19 tests, 1 source, 0 exposures, 0 metrics, 431 macros, 0 groups, 0 semantic models
[2025-11-23T19:00:39.557+0000] {subprocess.py:93} INFO - [0m19:00:39
[2025-11-23T19:00:43.540+0000] {subprocess.py:93} INFO - [0m19:00:43  Concurrency: 1 threads (target='dev')
[2025-11-23T19:00:43.540+0000] {subprocess.py:93} INFO - [0m19:00:43
[2025-11-23T19:00:43.548+0000] {subprocess.py:93} INFO - [0m19:00:43  1 of 4 START sql incremental model -- Se o modelo definiu +schema, usa só ele (ex: silver, gold)
[2025-11-23T19:00:43.548+0000] {subprocess.py:93} INFO -         gold.campaign_performance  [RUN]
[2025-11-23T19:00:45.638+0000] {subprocess.py:93} INFO - [0m19:00:45  1 of 4 OK created sql incremental model -- Se o modelo definiu +schema, usa só ele (ex: silver, gold)
[2025-11-23T19:00:45.638+0000] {subprocess.py:93} INFO -         gold.campaign_performance  [[32mSUCCESS 1[0m in 2.09s]
[2025-11-23T19:00:45.640+0000] {subprocess.py:93} INFO - [0m19:00:45  2 of 4 START sql incremental model -- Se o modelo definiu +schema, usa só ele (ex: silver, gold)
[2025-11-23T19:00:45.640+0000] {subprocess.py:93} INFO -         gold.funnel_daily  [RUN]
[2025-11-23T19:00:47.642+0000] {subprocess.py:93} INFO - [0m19:00:47  2 of 4 OK created sql incremental model -- Se o modelo definiu +schema, usa só ele (ex: silver, gold)
[2025-11-23T19:00:47.643+0000] {subprocess.py:93} INFO -         gold.funnel_daily  [[32mSUCCESS 1[0m in 2.00s]
[2025-11-23T19:00:47.644+0000] {subprocess.py:93} INFO - [0m19:00:47  3 of 4 START sql incremental model -- Se o modelo definiu +schema, usa só ele (ex: silver, gold)
[2025-11-23T19:00:47.645+0000] {subprocess.py:93} INFO -         gold.product_performance  [RUN]
[2025-11-23T19:00:49.353+0000] {subprocess.py:93} INFO - [0m19:00:49  3 of 4 OK created sql incremental model -- Se o modelo definiu +schema, usa só ele (ex: silver, gold)
[2025-11-23T19:00:49.353+0000] {subprocess.py:93} INFO -         gold.product_performance  [[32mSUCCESS 1[0m in 1.71s]
[2025-11-23T19:00:49.354+0000] {subprocess.py:93} INFO - [0m19:00:49  4 of 4 START sql incremental model -- Se o modelo definiu +schema, usa só ele (ex: silver, gold)
[2025-11-23T19:00:49.355+0000] {subprocess.py:93} INFO -         gold.revenue_daily  [RUN]
[2025-11-23T19:00:50.899+0000] {subprocess.py:93} INFO - [0m19:00:50  4 of 4 OK created sql incremental model -- Se o modelo definiu +schema, usa só ele (ex: silver, gold)
[2025-11-23T19:00:50.899+0000] {subprocess.py:93} INFO -         gold.revenue_daily  [[32mSUCCESS 1[0m in 1.54s]
[2025-11-23T19:00:50.902+0000] {subprocess.py:93} INFO - [0m19:00:50
[2025-11-23T19:00:50.902+0000] {subprocess.py:93} INFO - [0m19:00:50  Finished running 4 incremental models in 0 hours 0 minutes and 11.34 seconds (11.34s).
[2025-11-23T19:00:50.915+0000] {subprocess.py:93} INFO - [0m19:00:50
[2025-11-23T19:00:50.916+0000] {subprocess.py:93} INFO - [0m19:00:50  [32mCompleted successfully[0m
[2025-11-23T19:00:50.916+0000] {subprocess.py:93} INFO - [0m19:00:50
[2025-11-23T19:00:50.917+0000] {subprocess.py:93} INFO - [0m19:00:50  Done. PASS=4 WARN=0 ERROR=0 SKIP=0 TOTAL=4
[2025-11-23T19:00:51.674+0000] {subprocess.py:97} INFO - Command exited with return code 0
[2025-11-23T19:00:51.689+0000] {taskinstance.py:1149} INFO - Marking task as SUCCESS. dag_id=dbt_ecommerce_pipeline, task_id=dbt_run_gold, execution_date=20251123T185500, start_date=20251123T190034, end_date=20251123T190051
[2025-11-23T19:00:51.726+0000] {local_task_job_runner.py:234} INFO - Task exited with return code 0
[2025-11-23T19:00:51.735+0000] {taskinstance.py:3312} INFO - 1 downstream tasks scheduled from follow-on schedule check
