[2025-11-23T06:06:08.925+0000] {taskinstance.py:1979} INFO - Dependencies all met for dep_context=non-requeueable deps ti=<TaskInstance: dbt_ecommerce_pipeline.dbt_seed manual__2025-11-23T06:04:59.732824+00:00 [queued]>
[2025-11-23T06:06:08.929+0000] {taskinstance.py:1979} INFO - Dependencies all met for dep_context=requeueable deps ti=<TaskInstance: dbt_ecommerce_pipeline.dbt_seed manual__2025-11-23T06:04:59.732824+00:00 [queued]>
[2025-11-23T06:06:08.930+0000] {taskinstance.py:2193} INFO - Starting attempt 1 of 2
[2025-11-23T06:06:08.939+0000] {taskinstance.py:2217} INFO - Executing <Task(BashOperator): dbt_seed> on 2025-11-23 06:04:59.732824+00:00
[2025-11-23T06:06:08.945+0000] {standard_task_runner.py:60} INFO - Started process 1184 to run task
[2025-11-23T06:06:08.948+0000] {standard_task_runner.py:87} INFO - Running: ['airflow', 'tasks', 'run', 'dbt_ecommerce_pipeline', 'dbt_seed', 'manual__2025-11-23T06:04:59.732824+00:00', '--job-id', '30', '--raw', '--subdir', 'DAGS_FOLDER/ecommerce_dbt_pipeline.py', '--cfg-path', '/tmp/tmp7i_aapz3']
[2025-11-23T06:06:08.950+0000] {standard_task_runner.py:88} INFO - Job 30: Subtask dbt_seed
[2025-11-23T06:06:08.986+0000] {task_command.py:423} INFO - Running <TaskInstance: dbt_ecommerce_pipeline.dbt_seed manual__2025-11-23T06:04:59.732824+00:00 [running]> on host 7244b0bf02d5
[2025-11-23T06:06:09.028+0000] {taskinstance.py:2513} INFO - Exporting env vars: AIRFLOW_CTX_DAG_OWNER='airflow' AIRFLOW_CTX_DAG_ID='dbt_ecommerce_pipeline' AIRFLOW_CTX_TASK_ID='dbt_seed' AIRFLOW_CTX_EXECUTION_DATE='2025-11-23T06:04:59.732824+00:00' AIRFLOW_CTX_TRY_NUMBER='1' AIRFLOW_CTX_DAG_RUN_ID='manual__2025-11-23T06:04:59.732824+00:00'
[2025-11-23T06:06:09.030+0000] {subprocess.py:63} INFO - Tmp dir root location: /tmp
[2025-11-23T06:06:09.031+0000] {subprocess.py:75} INFO - Running command: ['/usr/bin/bash', '-c', '\n    rm -rf /tmp/dbt_runtime &&     mkdir -p /tmp/dbt_runtime &&     cp -r /opt/airflow/dbt/ecommerce_dbt /tmp/dbt_runtime/ecommerce_dbt &&     cd /tmp/dbt_runtime/ecommerce_dbt &&     dbt seed       --project-dir /tmp/dbt_runtime/ecommerce_dbt       --profiles-dir /home/airflow/.dbt\n    ']
[2025-11-23T06:06:09.043+0000] {subprocess.py:86} INFO - Output:
[2025-11-23T06:06:12.125+0000] {subprocess.py:93} INFO - [0m06:06:12  Running with dbt=1.7.19
[2025-11-23T06:06:12.770+0000] {subprocess.py:93} INFO - [0m06:06:12  [[33mWARNING[0m]: Deprecated functionality
[2025-11-23T06:06:12.771+0000] {subprocess.py:93} INFO - The `log-path` config in `dbt_project.yml` has been deprecated, and will no
[2025-11-23T06:06:12.771+0000] {subprocess.py:93} INFO - longer be supported in a future version of dbt-core. If you wish to write dbt
[2025-11-23T06:06:12.772+0000] {subprocess.py:93} INFO - logs to a custom directory, please use the --log-path CLI flag or DBT_LOG_PATH
[2025-11-23T06:06:12.772+0000] {subprocess.py:93} INFO - env var instead.
[2025-11-23T06:06:12.893+0000] {subprocess.py:93} INFO - [0m06:06:12  Registered adapter: snowflake=1.7.2
[2025-11-23T06:06:12.911+0000] {subprocess.py:93} INFO - [0m06:06:12  Unable to do partial parsing because of a version mismatch
[2025-11-23T06:06:13.925+0000] {subprocess.py:93} INFO - [0m06:06:13  Found 12 models, 25 tests, 4 sources, 0 exposures, 0 metrics, 430 macros, 0 groups, 0 semantic models
[2025-11-23T06:06:13.928+0000] {subprocess.py:93} INFO - [0m06:06:13
[2025-11-23T06:06:13.928+0000] {subprocess.py:93} INFO - [0m06:06:13  Nothing to do. Try checking your model configs and model specification args
[2025-11-23T06:06:13.937+0000] {subprocess.py:93} INFO - [0m06:06:13
[2025-11-23T06:06:13.937+0000] {subprocess.py:93} INFO - [0m06:06:13  [32mCompleted successfully[0m
[2025-11-23T06:06:13.938+0000] {subprocess.py:93} INFO - [0m06:06:13
[2025-11-23T06:06:13.938+0000] {subprocess.py:93} INFO - [0m06:06:13  Done. PASS=0 WARN=0 ERROR=0 SKIP=0 TOTAL=0
[2025-11-23T06:06:14.758+0000] {subprocess.py:97} INFO - Command exited with return code 0
[2025-11-23T06:06:14.774+0000] {taskinstance.py:1149} INFO - Marking task as SUCCESS. dag_id=dbt_ecommerce_pipeline, task_id=dbt_seed, execution_date=20251123T060459, start_date=20251123T060608, end_date=20251123T060614
[2025-11-23T06:06:14.802+0000] {local_task_job_runner.py:234} INFO - Task exited with return code 0
[2025-11-23T06:06:14.814+0000] {taskinstance.py:3312} INFO - 1 downstream tasks scheduled from follow-on schedule check
