[2025-11-23T17:55:11.061+0000] {taskinstance.py:1979} INFO - Dependencies all met for dep_context=non-requeueable deps ti=<TaskInstance: dbt_ecommerce_pipeline.dbt_run_silver scheduled__2025-11-23T17:50:00+00:00 [queued]>
[2025-11-23T17:55:11.065+0000] {taskinstance.py:1979} INFO - Dependencies all met for dep_context=requeueable deps ti=<TaskInstance: dbt_ecommerce_pipeline.dbt_run_silver scheduled__2025-11-23T17:50:00+00:00 [queued]>
[2025-11-23T17:55:11.065+0000] {taskinstance.py:2193} INFO - Starting attempt 1 of 3
[2025-11-23T17:55:11.076+0000] {taskinstance.py:2217} INFO - Executing <Task(BashOperator): dbt_run_silver> on 2025-11-23 17:50:00+00:00
[2025-11-23T17:55:11.082+0000] {standard_task_runner.py:60} INFO - Started process 3867 to run task
[2025-11-23T17:55:11.086+0000] {standard_task_runner.py:87} INFO - Running: ['airflow', 'tasks', 'run', 'dbt_ecommerce_pipeline', 'dbt_run_silver', 'scheduled__2025-11-23T17:50:00+00:00', '--job-id', '113', '--raw', '--subdir', 'DAGS_FOLDER/dbt_ecommerce_pipeline.py', '--cfg-path', '/tmp/tmponog5kro']
[2025-11-23T17:55:11.089+0000] {standard_task_runner.py:88} INFO - Job 113: Subtask dbt_run_silver
[2025-11-23T17:55:11.142+0000] {task_command.py:423} INFO - Running <TaskInstance: dbt_ecommerce_pipeline.dbt_run_silver scheduled__2025-11-23T17:50:00+00:00 [running]> on host 4731e9e89e36
[2025-11-23T17:55:11.196+0000] {taskinstance.py:2513} INFO - Exporting env vars: AIRFLOW_CTX_DAG_OWNER='airflow' AIRFLOW_CTX_DAG_ID='dbt_ecommerce_pipeline' AIRFLOW_CTX_TASK_ID='dbt_run_silver' AIRFLOW_CTX_EXECUTION_DATE='2025-11-23T17:50:00+00:00' AIRFLOW_CTX_TRY_NUMBER='1' AIRFLOW_CTX_DAG_RUN_ID='scheduled__2025-11-23T17:50:00+00:00'
[2025-11-23T17:55:11.197+0000] {subprocess.py:63} INFO - Tmp dir root location: /tmp
[2025-11-23T17:55:11.198+0000] {subprocess.py:75} INFO - Running command: ['/usr/bin/bash', '-c', '\n    rm -rf /tmp/dbt_runtime &&     mkdir -p /tmp/dbt_runtime &&     cp -r /opt/airflow/dbt/ecommerce_dbt /tmp/dbt_runtime/ecommerce_dbt &&     cd /tmp/dbt_runtime/ecommerce_dbt &&     dbt run --select tag:silver       --project-dir /tmp/dbt_runtime/ecommerce_dbt       --profiles-dir /home/airflow/.dbt\n    ']
[2025-11-23T17:55:11.210+0000] {subprocess.py:86} INFO - Output:
[2025-11-23T17:55:15.032+0000] {subprocess.py:93} INFO - [0m17:55:15  Running with dbt=1.7.19
[2025-11-23T17:55:15.717+0000] {subprocess.py:93} INFO - [0m17:55:15  [[33mWARNING[0m]: Deprecated functionality
[2025-11-23T17:55:15.717+0000] {subprocess.py:93} INFO - The `log-path` config in `dbt_project.yml` has been deprecated, and will no
[2025-11-23T17:55:15.718+0000] {subprocess.py:93} INFO - longer be supported in a future version of dbt-core. If you wish to write dbt
[2025-11-23T17:55:15.718+0000] {subprocess.py:93} INFO - logs to a custom directory, please use the --log-path CLI flag or DBT_LOG_PATH
[2025-11-23T17:55:15.718+0000] {subprocess.py:93} INFO - env var instead.
[2025-11-23T17:55:15.841+0000] {subprocess.py:93} INFO - [0m17:55:15  Registered adapter: snowflake=1.7.2
[2025-11-23T17:55:15.936+0000] {subprocess.py:93} INFO - [0m17:55:15  Found 10 models, 19 tests, 1 source, 0 exposures, 0 metrics, 431 macros, 0 groups, 0 semantic models
[2025-11-23T17:55:15.938+0000] {subprocess.py:93} INFO - [0m17:55:15
[2025-11-23T17:55:20.040+0000] {subprocess.py:93} INFO - [0m17:55:20  Concurrency: 1 threads (target='dev')
[2025-11-23T17:55:20.040+0000] {subprocess.py:93} INFO - [0m17:55:20
[2025-11-23T17:55:20.048+0000] {subprocess.py:93} INFO - [0m17:55:20  1 of 6 START sql incremental model -- Se o modelo definiu +schema, usa só ele (ex: silver, gold)
[2025-11-23T17:55:20.048+0000] {subprocess.py:93} INFO -         silver.fct_event_items  [RUN]
[2025-11-23T17:55:22.108+0000] {subprocess.py:93} INFO - [0m17:55:22  1 of 6 OK created sql incremental model -- Se o modelo definiu +schema, usa só ele (ex: silver, gold)
[2025-11-23T17:55:22.109+0000] {subprocess.py:93} INFO -         silver.fct_event_items  [[32mSUCCESS 1[0m in 2.06s]
[2025-11-23T17:55:22.110+0000] {subprocess.py:93} INFO - [0m17:55:22  2 of 6 START sql incremental model -- Se o modelo definiu +schema, usa só ele (ex: silver, gold)
[2025-11-23T17:55:22.110+0000] {subprocess.py:93} INFO -         silver.fct_events  [RUN]
[2025-11-23T17:55:23.914+0000] {subprocess.py:93} INFO - [0m17:55:23  2 of 6 OK created sql incremental model -- Se o modelo definiu +schema, usa só ele (ex: silver, gold)
[2025-11-23T17:55:23.914+0000] {subprocess.py:93} INFO -         silver.fct_events  [[32mSUCCESS 1[0m in 1.80s]
[2025-11-23T17:55:23.915+0000] {subprocess.py:93} INFO - [0m17:55:23  3 of 6 START sql incremental model -- Se o modelo definiu +schema, usa só ele (ex: silver, gold)
[2025-11-23T17:55:23.916+0000] {subprocess.py:93} INFO -         silver.dim_products  [RUN]
[2025-11-23T17:55:25.994+0000] {subprocess.py:93} INFO - [0m17:55:25  3 of 6 OK created sql incremental model -- Se o modelo definiu +schema, usa só ele (ex: silver, gold)
[2025-11-23T17:55:25.994+0000] {subprocess.py:93} INFO -         silver.dim_products  [[32mSUCCESS 1[0m in 2.08s]
[2025-11-23T17:55:25.995+0000] {subprocess.py:93} INFO - [0m17:55:25  4 of 6 START sql incremental model -- Se o modelo definiu +schema, usa só ele (ex: silver, gold)
[2025-11-23T17:55:25.996+0000] {subprocess.py:93} INFO -         silver.dim_campaigns  [RUN]
[2025-11-23T17:55:27.848+0000] {subprocess.py:93} INFO - [0m17:55:27  4 of 6 OK created sql incremental model -- Se o modelo definiu +schema, usa só ele (ex: silver, gold)
[2025-11-23T17:55:27.848+0000] {subprocess.py:93} INFO -         silver.dim_campaigns  [[32mSUCCESS 1[0m in 1.85s]
[2025-11-23T17:55:27.849+0000] {subprocess.py:93} INFO - [0m17:55:27  5 of 6 START sql incremental model -- Se o modelo definiu +schema, usa só ele (ex: silver, gold)
[2025-11-23T17:55:27.849+0000] {subprocess.py:93} INFO -         silver.dim_sessions  [RUN]
[2025-11-23T17:55:29.535+0000] {subprocess.py:93} INFO - [0m17:55:29  5 of 6 OK created sql incremental model -- Se o modelo definiu +schema, usa só ele (ex: silver, gold)
[2025-11-23T17:55:29.535+0000] {subprocess.py:93} INFO -         silver.dim_sessions  [[32mSUCCESS 1[0m in 1.68s]
[2025-11-23T17:55:29.536+0000] {subprocess.py:93} INFO - [0m17:55:29  6 of 6 START sql incremental model -- Se o modelo definiu +schema, usa só ele (ex: silver, gold)
[2025-11-23T17:55:29.537+0000] {subprocess.py:93} INFO -         silver.dim_users  [RUN]
[2025-11-23T17:55:31.421+0000] {subprocess.py:93} INFO - [0m17:55:31  6 of 6 OK created sql incremental model -- Se o modelo definiu +schema, usa só ele (ex: silver, gold)
[2025-11-23T17:55:31.421+0000] {subprocess.py:93} INFO -         silver.dim_users  [[32mSUCCESS 1[0m in 1.88s]
[2025-11-23T17:55:31.424+0000] {subprocess.py:93} INFO - [0m17:55:31
[2025-11-23T17:55:31.425+0000] {subprocess.py:93} INFO - [0m17:55:31  Finished running 6 incremental models in 0 hours 0 minutes and 15.49 seconds (15.49s).
[2025-11-23T17:55:31.439+0000] {subprocess.py:93} INFO - [0m17:55:31
[2025-11-23T17:55:31.439+0000] {subprocess.py:93} INFO - [0m17:55:31  [32mCompleted successfully[0m
[2025-11-23T17:55:31.440+0000] {subprocess.py:93} INFO - [0m17:55:31
[2025-11-23T17:55:31.440+0000] {subprocess.py:93} INFO - [0m17:55:31  Done. PASS=6 WARN=0 ERROR=0 SKIP=0 TOTAL=6
[2025-11-23T17:55:32.404+0000] {subprocess.py:97} INFO - Command exited with return code 0
[2025-11-23T17:55:32.419+0000] {taskinstance.py:1149} INFO - Marking task as SUCCESS. dag_id=dbt_ecommerce_pipeline, task_id=dbt_run_silver, execution_date=20251123T175000, start_date=20251123T175511, end_date=20251123T175532
[2025-11-23T17:55:32.475+0000] {local_task_job_runner.py:234} INFO - Task exited with return code 0
[2025-11-23T17:55:32.486+0000] {taskinstance.py:3312} INFO - 1 downstream tasks scheduled from follow-on schedule check
