[2025-11-23T18:00:34.752+0000] {taskinstance.py:1979} INFO - Dependencies all met for dep_context=non-requeueable deps ti=<TaskInstance: dbt_ecommerce_pipeline.dbt_run_gold scheduled__2025-11-23T17:55:00+00:00 [queued]>
[2025-11-23T18:00:34.757+0000] {taskinstance.py:1979} INFO - Dependencies all met for dep_context=requeueable deps ti=<TaskInstance: dbt_ecommerce_pipeline.dbt_run_gold scheduled__2025-11-23T17:55:00+00:00 [queued]>
[2025-11-23T18:00:34.757+0000] {taskinstance.py:2193} INFO - Starting attempt 1 of 3
[2025-11-23T18:00:34.766+0000] {taskinstance.py:2217} INFO - Executing <Task(BashOperator): dbt_run_gold> on 2025-11-23 17:55:00+00:00
[2025-11-23T18:00:34.773+0000] {standard_task_runner.py:60} INFO - Started process 4047 to run task
[2025-11-23T18:00:34.775+0000] {standard_task_runner.py:87} INFO - Running: ['airflow', 'tasks', 'run', 'dbt_ecommerce_pipeline', 'dbt_run_gold', 'scheduled__2025-11-23T17:55:00+00:00', '--job-id', '118', '--raw', '--subdir', 'DAGS_FOLDER/dbt_ecommerce_pipeline.py', '--cfg-path', '/tmp/tmpovrk35zw']
[2025-11-23T18:00:34.777+0000] {standard_task_runner.py:88} INFO - Job 118: Subtask dbt_run_gold
[2025-11-23T18:00:34.815+0000] {task_command.py:423} INFO - Running <TaskInstance: dbt_ecommerce_pipeline.dbt_run_gold scheduled__2025-11-23T17:55:00+00:00 [running]> on host 4731e9e89e36
[2025-11-23T18:00:34.861+0000] {taskinstance.py:2513} INFO - Exporting env vars: AIRFLOW_CTX_DAG_OWNER='airflow' AIRFLOW_CTX_DAG_ID='dbt_ecommerce_pipeline' AIRFLOW_CTX_TASK_ID='dbt_run_gold' AIRFLOW_CTX_EXECUTION_DATE='2025-11-23T17:55:00+00:00' AIRFLOW_CTX_TRY_NUMBER='1' AIRFLOW_CTX_DAG_RUN_ID='scheduled__2025-11-23T17:55:00+00:00'
[2025-11-23T18:00:34.863+0000] {subprocess.py:63} INFO - Tmp dir root location: /tmp
[2025-11-23T18:00:34.864+0000] {subprocess.py:75} INFO - Running command: ['/usr/bin/bash', '-c', '\n    rm -rf /tmp/dbt_runtime &&     mkdir -p /tmp/dbt_runtime &&     cp -r /opt/airflow/dbt/ecommerce_dbt /tmp/dbt_runtime/ecommerce_dbt &&     cd /tmp/dbt_runtime/ecommerce_dbt &&     dbt run --select tag:gold       --project-dir /tmp/dbt_runtime/ecommerce_dbt       --profiles-dir /home/airflow/.dbt\n    ']
[2025-11-23T18:00:34.876+0000] {subprocess.py:86} INFO - Output:
[2025-11-23T18:00:38.686+0000] {subprocess.py:93} INFO - [0m18:00:38  Running with dbt=1.7.19
[2025-11-23T18:00:39.323+0000] {subprocess.py:93} INFO - [0m18:00:39  [[33mWARNING[0m]: Deprecated functionality
[2025-11-23T18:00:39.323+0000] {subprocess.py:93} INFO - The `log-path` config in `dbt_project.yml` has been deprecated, and will no
[2025-11-23T18:00:39.324+0000] {subprocess.py:93} INFO - longer be supported in a future version of dbt-core. If you wish to write dbt
[2025-11-23T18:00:39.324+0000] {subprocess.py:93} INFO - logs to a custom directory, please use the --log-path CLI flag or DBT_LOG_PATH
[2025-11-23T18:00:39.324+0000] {subprocess.py:93} INFO - env var instead.
[2025-11-23T18:00:39.447+0000] {subprocess.py:93} INFO - [0m18:00:39  Registered adapter: snowflake=1.7.2
[2025-11-23T18:00:39.536+0000] {subprocess.py:93} INFO - [0m18:00:39  Found 10 models, 19 tests, 1 source, 0 exposures, 0 metrics, 431 macros, 0 groups, 0 semantic models
[2025-11-23T18:00:39.537+0000] {subprocess.py:93} INFO - [0m18:00:39
[2025-11-23T18:00:43.530+0000] {subprocess.py:93} INFO - [0m18:00:43  Concurrency: 1 threads (target='dev')
[2025-11-23T18:00:43.531+0000] {subprocess.py:93} INFO - [0m18:00:43
[2025-11-23T18:00:43.539+0000] {subprocess.py:93} INFO - [0m18:00:43  1 of 4 START sql incremental model -- Se o modelo definiu +schema, usa só ele (ex: silver, gold)
[2025-11-23T18:00:43.542+0000] {subprocess.py:93} INFO -         gold.campaign_performance  [RUN]
[2025-11-23T18:00:45.608+0000] {subprocess.py:93} INFO - [0m18:00:45  1 of 4 OK created sql incremental model -- Se o modelo definiu +schema, usa só ele (ex: silver, gold)
[2025-11-23T18:00:45.609+0000] {subprocess.py:93} INFO -         gold.campaign_performance  [[32mSUCCESS 1[0m in 2.07s]
[2025-11-23T18:00:45.610+0000] {subprocess.py:93} INFO - [0m18:00:45  2 of 4 START sql incremental model -- Se o modelo definiu +schema, usa só ele (ex: silver, gold)
[2025-11-23T18:00:45.610+0000] {subprocess.py:93} INFO -         gold.funnel_daily  [RUN]
[2025-11-23T18:00:47.392+0000] {subprocess.py:93} INFO - [0m18:00:47  2 of 4 OK created sql incremental model -- Se o modelo definiu +schema, usa só ele (ex: silver, gold)
[2025-11-23T18:00:47.392+0000] {subprocess.py:93} INFO -         gold.funnel_daily  [[32mSUCCESS 1[0m in 1.78s]
[2025-11-23T18:00:47.394+0000] {subprocess.py:93} INFO - [0m18:00:47  3 of 4 START sql incremental model -- Se o modelo definiu +schema, usa só ele (ex: silver, gold)
[2025-11-23T18:00:47.394+0000] {subprocess.py:93} INFO -         gold.product_performance  [RUN]
[2025-11-23T18:00:49.292+0000] {subprocess.py:93} INFO - [0m18:00:49  3 of 4 OK created sql incremental model -- Se o modelo definiu +schema, usa só ele (ex: silver, gold)
[2025-11-23T18:00:49.292+0000] {subprocess.py:93} INFO -         gold.product_performance  [[32mSUCCESS 1[0m in 1.90s]
[2025-11-23T18:00:49.293+0000] {subprocess.py:93} INFO - [0m18:00:49  4 of 4 START sql incremental model -- Se o modelo definiu +schema, usa só ele (ex: silver, gold)
[2025-11-23T18:00:49.294+0000] {subprocess.py:93} INFO -         gold.revenue_daily  [RUN]
[2025-11-23T18:00:50.846+0000] {subprocess.py:93} INFO - [0m18:00:50  4 of 4 OK created sql incremental model -- Se o modelo definiu +schema, usa só ele (ex: silver, gold)
[2025-11-23T18:00:50.847+0000] {subprocess.py:93} INFO -         gold.revenue_daily  [[32mSUCCESS 1[0m in 1.55s]
[2025-11-23T18:00:50.850+0000] {subprocess.py:93} INFO - [0m18:00:50
[2025-11-23T18:00:50.850+0000] {subprocess.py:93} INFO - [0m18:00:50  Finished running 4 incremental models in 0 hours 0 minutes and 11.31 seconds (11.31s).
[2025-11-23T18:00:50.863+0000] {subprocess.py:93} INFO - [0m18:00:50
[2025-11-23T18:00:50.864+0000] {subprocess.py:93} INFO - [0m18:00:50  [32mCompleted successfully[0m
[2025-11-23T18:00:50.864+0000] {subprocess.py:93} INFO - [0m18:00:50
[2025-11-23T18:00:50.865+0000] {subprocess.py:93} INFO - [0m18:00:50  Done. PASS=4 WARN=0 ERROR=0 SKIP=0 TOTAL=4
[2025-11-23T18:00:51.635+0000] {subprocess.py:97} INFO - Command exited with return code 0
[2025-11-23T18:00:51.650+0000] {taskinstance.py:1149} INFO - Marking task as SUCCESS. dag_id=dbt_ecommerce_pipeline, task_id=dbt_run_gold, execution_date=20251123T175500, start_date=20251123T180034, end_date=20251123T180051
[2025-11-23T18:00:51.693+0000] {local_task_job_runner.py:234} INFO - Task exited with return code 0
[2025-11-23T18:00:51.702+0000] {taskinstance.py:3312} INFO - 1 downstream tasks scheduled from follow-on schedule check
