[2025-11-23T22:45:11.267+0000] {taskinstance.py:1979} INFO - Dependencies all met for dep_context=non-requeueable deps ti=<TaskInstance: dbt_ecommerce_pipeline.dbt_run_silver scheduled__2025-11-23T22:40:00+00:00 [queued]>
[2025-11-23T22:45:11.271+0000] {taskinstance.py:1979} INFO - Dependencies all met for dep_context=requeueable deps ti=<TaskInstance: dbt_ecommerce_pipeline.dbt_run_silver scheduled__2025-11-23T22:40:00+00:00 [queued]>
[2025-11-23T22:45:11.271+0000] {taskinstance.py:2193} INFO - Starting attempt 1 of 3
[2025-11-23T22:45:11.280+0000] {taskinstance.py:2217} INFO - Executing <Task(BashOperator): dbt_run_silver> on 2025-11-23 22:40:00+00:00
[2025-11-23T22:45:11.287+0000] {standard_task_runner.py:60} INFO - Started process 11990 to run task
[2025-11-23T22:45:11.291+0000] {standard_task_runner.py:87} INFO - Running: ['airflow', 'tasks', 'run', 'dbt_ecommerce_pipeline', 'dbt_run_silver', 'scheduled__2025-11-23T22:40:00+00:00', '--job-id', '345', '--raw', '--subdir', 'DAGS_FOLDER/dbt_ecommerce_pipeline.py', '--cfg-path', '/tmp/tmpi_r0__73']
[2025-11-23T22:45:11.293+0000] {standard_task_runner.py:88} INFO - Job 345: Subtask dbt_run_silver
[2025-11-23T22:45:11.339+0000] {task_command.py:423} INFO - Running <TaskInstance: dbt_ecommerce_pipeline.dbt_run_silver scheduled__2025-11-23T22:40:00+00:00 [running]> on host 4731e9e89e36
[2025-11-23T22:45:11.388+0000] {taskinstance.py:2513} INFO - Exporting env vars: AIRFLOW_CTX_DAG_OWNER='airflow' AIRFLOW_CTX_DAG_ID='dbt_ecommerce_pipeline' AIRFLOW_CTX_TASK_ID='dbt_run_silver' AIRFLOW_CTX_EXECUTION_DATE='2025-11-23T22:40:00+00:00' AIRFLOW_CTX_TRY_NUMBER='1' AIRFLOW_CTX_DAG_RUN_ID='scheduled__2025-11-23T22:40:00+00:00'
[2025-11-23T22:45:11.389+0000] {subprocess.py:63} INFO - Tmp dir root location: /tmp
[2025-11-23T22:45:11.390+0000] {subprocess.py:75} INFO - Running command: ['/usr/bin/bash', '-c', '\n    rm -rf /tmp/dbt_runtime &&     mkdir -p /tmp/dbt_runtime &&     cp -r /opt/airflow/dbt/ecommerce_dbt /tmp/dbt_runtime/ecommerce_dbt &&     cd /tmp/dbt_runtime/ecommerce_dbt &&     dbt run --select tag:silver       --project-dir /tmp/dbt_runtime/ecommerce_dbt       --profiles-dir /home/airflow/.dbt\n    ']
[2025-11-23T22:45:11.402+0000] {subprocess.py:86} INFO - Output:
[2025-11-23T22:45:15.430+0000] {subprocess.py:93} INFO - [0m22:45:15  Running with dbt=1.7.19
[2025-11-23T22:45:16.102+0000] {subprocess.py:93} INFO - [0m22:45:16  [[33mWARNING[0m]: Deprecated functionality
[2025-11-23T22:45:16.102+0000] {subprocess.py:93} INFO - The `log-path` config in `dbt_project.yml` has been deprecated, and will no
[2025-11-23T22:45:16.102+0000] {subprocess.py:93} INFO - longer be supported in a future version of dbt-core. If you wish to write dbt
[2025-11-23T22:45:16.103+0000] {subprocess.py:93} INFO - logs to a custom directory, please use the --log-path CLI flag or DBT_LOG_PATH
[2025-11-23T22:45:16.103+0000] {subprocess.py:93} INFO - env var instead.
[2025-11-23T22:45:16.224+0000] {subprocess.py:93} INFO - [0m22:45:16  Registered adapter: snowflake=1.7.2
[2025-11-23T22:45:16.314+0000] {subprocess.py:93} INFO - [0m22:45:16  Found 10 models, 19 tests, 1 source, 0 exposures, 0 metrics, 431 macros, 0 groups, 0 semantic models
[2025-11-23T22:45:16.316+0000] {subprocess.py:93} INFO - [0m22:45:16
[2025-11-23T22:45:20.338+0000] {subprocess.py:93} INFO - [0m22:45:20  Concurrency: 1 threads (target='dev')
[2025-11-23T22:45:20.339+0000] {subprocess.py:93} INFO - [0m22:45:20
[2025-11-23T22:45:20.346+0000] {subprocess.py:93} INFO - [0m22:45:20  1 of 6 START sql incremental model -- Se o modelo definiu +schema, usa só ele (ex: silver, gold)
[2025-11-23T22:45:20.347+0000] {subprocess.py:93} INFO -         silver.fct_event_items  [RUN]
[2025-11-23T22:45:22.391+0000] {subprocess.py:93} INFO - [0m22:45:22  1 of 6 OK created sql incremental model -- Se o modelo definiu +schema, usa só ele (ex: silver, gold)
[2025-11-23T22:45:22.392+0000] {subprocess.py:93} INFO -         silver.fct_event_items  [[32mSUCCESS 1[0m in 2.04s]
[2025-11-23T22:45:22.393+0000] {subprocess.py:93} INFO - [0m22:45:22  2 of 6 START sql incremental model -- Se o modelo definiu +schema, usa só ele (ex: silver, gold)
[2025-11-23T22:45:22.393+0000] {subprocess.py:93} INFO -         silver.fct_events  [RUN]
[2025-11-23T22:45:24.050+0000] {subprocess.py:93} INFO - [0m22:45:24  2 of 6 OK created sql incremental model -- Se o modelo definiu +schema, usa só ele (ex: silver, gold)
[2025-11-23T22:45:24.051+0000] {subprocess.py:93} INFO -         silver.fct_events  [[32mSUCCESS 1[0m in 1.66s]
[2025-11-23T22:45:24.052+0000] {subprocess.py:93} INFO - [0m22:45:24  3 of 6 START sql incremental model -- Se o modelo definiu +schema, usa só ele (ex: silver, gold)
[2025-11-23T22:45:24.052+0000] {subprocess.py:93} INFO -         silver.dim_products  [RUN]
[2025-11-23T22:45:25.846+0000] {subprocess.py:93} INFO - [0m22:45:25  3 of 6 OK created sql incremental model -- Se o modelo definiu +schema, usa só ele (ex: silver, gold)
[2025-11-23T22:45:25.846+0000] {subprocess.py:93} INFO -         silver.dim_products  [[32mSUCCESS 1[0m in 1.79s]
[2025-11-23T22:45:25.848+0000] {subprocess.py:93} INFO - [0m22:45:25  4 of 6 START sql incremental model -- Se o modelo definiu +schema, usa só ele (ex: silver, gold)
[2025-11-23T22:45:25.848+0000] {subprocess.py:93} INFO -         silver.dim_campaigns  [RUN]
[2025-11-23T22:45:27.827+0000] {subprocess.py:93} INFO - [0m22:45:27  4 of 6 OK created sql incremental model -- Se o modelo definiu +schema, usa só ele (ex: silver, gold)
[2025-11-23T22:45:27.828+0000] {subprocess.py:93} INFO -         silver.dim_campaigns  [[32mSUCCESS 1[0m in 1.98s]
[2025-11-23T22:45:27.829+0000] {subprocess.py:93} INFO - [0m22:45:27  5 of 6 START sql incremental model -- Se o modelo definiu +schema, usa só ele (ex: silver, gold)
[2025-11-23T22:45:27.829+0000] {subprocess.py:93} INFO -         silver.dim_sessions  [RUN]
[2025-11-23T22:45:29.603+0000] {subprocess.py:93} INFO - [0m22:45:29  5 of 6 OK created sql incremental model -- Se o modelo definiu +schema, usa só ele (ex: silver, gold)
[2025-11-23T22:45:29.603+0000] {subprocess.py:93} INFO -         silver.dim_sessions  [[32mSUCCESS 1[0m in 1.77s]
[2025-11-23T22:45:29.605+0000] {subprocess.py:93} INFO - [0m22:45:29  6 of 6 START sql incremental model -- Se o modelo definiu +schema, usa só ele (ex: silver, gold)
[2025-11-23T22:45:29.605+0000] {subprocess.py:93} INFO -         silver.dim_users  [RUN]
[2025-11-23T22:45:31.513+0000] {subprocess.py:93} INFO - [0m22:45:31  6 of 6 OK created sql incremental model -- Se o modelo definiu +schema, usa só ele (ex: silver, gold)
[2025-11-23T22:45:31.514+0000] {subprocess.py:93} INFO -         silver.dim_users  [[32mSUCCESS 1[0m in 1.91s]
[2025-11-23T22:45:31.517+0000] {subprocess.py:93} INFO - [0m22:45:31
[2025-11-23T22:45:31.518+0000] {subprocess.py:93} INFO - [0m22:45:31  Finished running 6 incremental models in 0 hours 0 minutes and 15.20 seconds (15.20s).
[2025-11-23T22:45:31.532+0000] {subprocess.py:93} INFO - [0m22:45:31
[2025-11-23T22:45:31.533+0000] {subprocess.py:93} INFO - [0m22:45:31  [32mCompleted successfully[0m
[2025-11-23T22:45:31.533+0000] {subprocess.py:93} INFO - [0m22:45:31
[2025-11-23T22:45:31.534+0000] {subprocess.py:93} INFO - [0m22:45:31  Done. PASS=6 WARN=0 ERROR=0 SKIP=0 TOTAL=6
[2025-11-23T22:45:32.457+0000] {subprocess.py:97} INFO - Command exited with return code 0
[2025-11-23T22:45:32.473+0000] {taskinstance.py:1149} INFO - Marking task as SUCCESS. dag_id=dbt_ecommerce_pipeline, task_id=dbt_run_silver, execution_date=20251123T224000, start_date=20251123T224511, end_date=20251123T224532
[2025-11-23T22:45:32.498+0000] {local_task_job_runner.py:234} INFO - Task exited with return code 0
[2025-11-23T22:45:32.510+0000] {taskinstance.py:3312} INFO - 1 downstream tasks scheduled from follow-on schedule check
