[2025-11-23T17:30:10.631+0000] {taskinstance.py:1979} INFO - Dependencies all met for dep_context=non-requeueable deps ti=<TaskInstance: dbt_ecommerce_pipeline.dbt_run_silver scheduled__2025-11-23T17:25:00+00:00 [queued]>
[2025-11-23T17:30:10.636+0000] {taskinstance.py:1979} INFO - Dependencies all met for dep_context=requeueable deps ti=<TaskInstance: dbt_ecommerce_pipeline.dbt_run_silver scheduled__2025-11-23T17:25:00+00:00 [queued]>
[2025-11-23T17:30:10.636+0000] {taskinstance.py:2193} INFO - Starting attempt 1 of 3
[2025-11-23T17:30:10.646+0000] {taskinstance.py:2217} INFO - Executing <Task(BashOperator): dbt_run_silver> on 2025-11-23 17:25:00+00:00
[2025-11-23T17:30:10.652+0000] {standard_task_runner.py:60} INFO - Started process 3166 to run task
[2025-11-23T17:30:10.656+0000] {standard_task_runner.py:87} INFO - Running: ['airflow', 'tasks', 'run', 'dbt_ecommerce_pipeline', 'dbt_run_silver', 'scheduled__2025-11-23T17:25:00+00:00', '--job-id', '93', '--raw', '--subdir', 'DAGS_FOLDER/dbt_ecommerce_pipeline.py', '--cfg-path', '/tmp/tmp__ghp1e1']
[2025-11-23T17:30:10.659+0000] {standard_task_runner.py:88} INFO - Job 93: Subtask dbt_run_silver
[2025-11-23T17:30:10.706+0000] {task_command.py:423} INFO - Running <TaskInstance: dbt_ecommerce_pipeline.dbt_run_silver scheduled__2025-11-23T17:25:00+00:00 [running]> on host 4731e9e89e36
[2025-11-23T17:30:10.753+0000] {taskinstance.py:2513} INFO - Exporting env vars: AIRFLOW_CTX_DAG_OWNER='airflow' AIRFLOW_CTX_DAG_ID='dbt_ecommerce_pipeline' AIRFLOW_CTX_TASK_ID='dbt_run_silver' AIRFLOW_CTX_EXECUTION_DATE='2025-11-23T17:25:00+00:00' AIRFLOW_CTX_TRY_NUMBER='1' AIRFLOW_CTX_DAG_RUN_ID='scheduled__2025-11-23T17:25:00+00:00'
[2025-11-23T17:30:10.754+0000] {subprocess.py:63} INFO - Tmp dir root location: /tmp
[2025-11-23T17:30:10.755+0000] {subprocess.py:75} INFO - Running command: ['/usr/bin/bash', '-c', '\n    rm -rf /tmp/dbt_runtime &&     mkdir -p /tmp/dbt_runtime &&     cp -r /opt/airflow/dbt/ecommerce_dbt /tmp/dbt_runtime/ecommerce_dbt &&     cd /tmp/dbt_runtime/ecommerce_dbt &&     dbt run --select tag:silver       --project-dir /tmp/dbt_runtime/ecommerce_dbt       --profiles-dir /home/airflow/.dbt\n    ']
[2025-11-23T17:30:10.767+0000] {subprocess.py:86} INFO - Output:
[2025-11-23T17:30:14.575+0000] {subprocess.py:93} INFO - [0m17:30:14  Running with dbt=1.7.19
[2025-11-23T17:30:15.219+0000] {subprocess.py:93} INFO - [0m17:30:15  [[33mWARNING[0m]: Deprecated functionality
[2025-11-23T17:30:15.220+0000] {subprocess.py:93} INFO - The `log-path` config in `dbt_project.yml` has been deprecated, and will no
[2025-11-23T17:30:15.220+0000] {subprocess.py:93} INFO - longer be supported in a future version of dbt-core. If you wish to write dbt
[2025-11-23T17:30:15.220+0000] {subprocess.py:93} INFO - logs to a custom directory, please use the --log-path CLI flag or DBT_LOG_PATH
[2025-11-23T17:30:15.221+0000] {subprocess.py:93} INFO - env var instead.
[2025-11-23T17:30:15.340+0000] {subprocess.py:93} INFO - [0m17:30:15  Registered adapter: snowflake=1.7.2
[2025-11-23T17:30:15.430+0000] {subprocess.py:93} INFO - [0m17:30:15  Found 10 models, 19 tests, 1 source, 0 exposures, 0 metrics, 431 macros, 0 groups, 0 semantic models
[2025-11-23T17:30:15.432+0000] {subprocess.py:93} INFO - [0m17:30:15
[2025-11-23T17:30:19.318+0000] {subprocess.py:93} INFO - [0m17:30:19  Concurrency: 1 threads (target='dev')
[2025-11-23T17:30:19.319+0000] {subprocess.py:93} INFO - [0m17:30:19
[2025-11-23T17:30:19.326+0000] {subprocess.py:93} INFO - [0m17:30:19  1 of 6 START sql incremental model -- Se o modelo definiu +schema, usa só ele (ex: silver, gold)
[2025-11-23T17:30:19.326+0000] {subprocess.py:93} INFO -         silver.fct_event_items  [RUN]
[2025-11-23T17:30:21.417+0000] {subprocess.py:93} INFO - [0m17:30:21  1 of 6 OK created sql incremental model -- Se o modelo definiu +schema, usa só ele (ex: silver, gold)
[2025-11-23T17:30:21.417+0000] {subprocess.py:93} INFO -         silver.fct_event_items  [[32mSUCCESS 1[0m in 2.09s]
[2025-11-23T17:30:21.419+0000] {subprocess.py:93} INFO - [0m17:30:21  2 of 6 START sql incremental model -- Se o modelo definiu +schema, usa só ele (ex: silver, gold)
[2025-11-23T17:30:21.419+0000] {subprocess.py:93} INFO -         silver.fct_events  [RUN]
[2025-11-23T17:30:23.149+0000] {subprocess.py:93} INFO - [0m17:30:23  2 of 6 OK created sql incremental model -- Se o modelo definiu +schema, usa só ele (ex: silver, gold)
[2025-11-23T17:30:23.149+0000] {subprocess.py:93} INFO -         silver.fct_events  [[32mSUCCESS 1[0m in 1.73s]
[2025-11-23T17:30:23.151+0000] {subprocess.py:93} INFO - [0m17:30:23  3 of 6 START sql incremental model -- Se o modelo definiu +schema, usa só ele (ex: silver, gold)
[2025-11-23T17:30:23.151+0000] {subprocess.py:93} INFO -         silver.dim_products  [RUN]
[2025-11-23T17:30:24.986+0000] {subprocess.py:93} INFO - [0m17:30:24  3 of 6 OK created sql incremental model -- Se o modelo definiu +schema, usa só ele (ex: silver, gold)
[2025-11-23T17:30:24.987+0000] {subprocess.py:93} INFO -         silver.dim_products  [[32mSUCCESS 1[0m in 1.83s]
[2025-11-23T17:30:24.988+0000] {subprocess.py:93} INFO - [0m17:30:24  4 of 6 START sql incremental model -- Se o modelo definiu +schema, usa só ele (ex: silver, gold)
[2025-11-23T17:30:24.988+0000] {subprocess.py:93} INFO -         silver.dim_campaigns  [RUN]
[2025-11-23T17:30:26.844+0000] {subprocess.py:93} INFO - [0m17:30:26  4 of 6 OK created sql incremental model -- Se o modelo definiu +schema, usa só ele (ex: silver, gold)
[2025-11-23T17:30:26.845+0000] {subprocess.py:93} INFO -         silver.dim_campaigns  [[32mSUCCESS 1[0m in 1.86s]
[2025-11-23T17:30:26.846+0000] {subprocess.py:93} INFO - [0m17:30:26  5 of 6 START sql incremental model -- Se o modelo definiu +schema, usa só ele (ex: silver, gold)
[2025-11-23T17:30:26.847+0000] {subprocess.py:93} INFO -         silver.dim_sessions  [RUN]
[2025-11-23T17:30:28.616+0000] {subprocess.py:93} INFO - [0m17:30:28  5 of 6 OK created sql incremental model -- Se o modelo definiu +schema, usa só ele (ex: silver, gold)
[2025-11-23T17:30:28.616+0000] {subprocess.py:93} INFO -         silver.dim_sessions  [[32mSUCCESS 1[0m in 1.77s]
[2025-11-23T17:30:28.618+0000] {subprocess.py:93} INFO - [0m17:30:28  6 of 6 START sql incremental model -- Se o modelo definiu +schema, usa só ele (ex: silver, gold)
[2025-11-23T17:30:28.618+0000] {subprocess.py:93} INFO -         silver.dim_users  [RUN]
[2025-11-23T17:30:30.330+0000] {subprocess.py:93} INFO - [0m17:30:30  6 of 6 OK created sql incremental model -- Se o modelo definiu +schema, usa só ele (ex: silver, gold)
[2025-11-23T17:30:30.331+0000] {subprocess.py:93} INFO -         silver.dim_users  [[32mSUCCESS 1[0m in 1.71s]
[2025-11-23T17:30:30.334+0000] {subprocess.py:93} INFO - [0m17:30:30
[2025-11-23T17:30:30.335+0000] {subprocess.py:93} INFO - [0m17:30:30  Finished running 6 incremental models in 0 hours 0 minutes and 14.90 seconds (14.90s).
[2025-11-23T17:30:30.349+0000] {subprocess.py:93} INFO - [0m17:30:30
[2025-11-23T17:30:30.349+0000] {subprocess.py:93} INFO - [0m17:30:30  [32mCompleted successfully[0m
[2025-11-23T17:30:30.349+0000] {subprocess.py:93} INFO - [0m17:30:30
[2025-11-23T17:30:30.350+0000] {subprocess.py:93} INFO - [0m17:30:30  Done. PASS=6 WARN=0 ERROR=0 SKIP=0 TOTAL=6
[2025-11-23T17:30:31.265+0000] {subprocess.py:97} INFO - Command exited with return code 0
[2025-11-23T17:30:31.281+0000] {taskinstance.py:1149} INFO - Marking task as SUCCESS. dag_id=dbt_ecommerce_pipeline, task_id=dbt_run_silver, execution_date=20251123T172500, start_date=20251123T173010, end_date=20251123T173031
[2025-11-23T17:30:31.325+0000] {local_task_job_runner.py:234} INFO - Task exited with return code 0
[2025-11-23T17:30:31.337+0000] {taskinstance.py:3312} INFO - 1 downstream tasks scheduled from follow-on schedule check
