[2025-11-23T20:15:34.991+0000] {taskinstance.py:1979} INFO - Dependencies all met for dep_context=non-requeueable deps ti=<TaskInstance: dbt_ecommerce_pipeline.dbt_run_gold scheduled__2025-11-23T20:10:00+00:00 [queued]>
[2025-11-23T20:15:34.996+0000] {taskinstance.py:1979} INFO - Dependencies all met for dep_context=requeueable deps ti=<TaskInstance: dbt_ecommerce_pipeline.dbt_run_gold scheduled__2025-11-23T20:10:00+00:00 [queued]>
[2025-11-23T20:15:34.996+0000] {taskinstance.py:2193} INFO - Starting attempt 1 of 3
[2025-11-23T20:15:35.005+0000] {taskinstance.py:2217} INFO - Executing <Task(BashOperator): dbt_run_gold> on 2025-11-23 20:10:00+00:00
[2025-11-23T20:15:35.012+0000] {standard_task_runner.py:60} INFO - Started process 7828 to run task
[2025-11-23T20:15:35.014+0000] {standard_task_runner.py:87} INFO - Running: ['airflow', 'tasks', 'run', 'dbt_ecommerce_pipeline', 'dbt_run_gold', 'scheduled__2025-11-23T20:10:00+00:00', '--job-id', '226', '--raw', '--subdir', 'DAGS_FOLDER/dbt_ecommerce_pipeline.py', '--cfg-path', '/tmp/tmpr9dpm1oz']
[2025-11-23T20:15:35.017+0000] {standard_task_runner.py:88} INFO - Job 226: Subtask dbt_run_gold
[2025-11-23T20:15:35.056+0000] {task_command.py:423} INFO - Running <TaskInstance: dbt_ecommerce_pipeline.dbt_run_gold scheduled__2025-11-23T20:10:00+00:00 [running]> on host 4731e9e89e36
[2025-11-23T20:15:35.102+0000] {taskinstance.py:2513} INFO - Exporting env vars: AIRFLOW_CTX_DAG_OWNER='airflow' AIRFLOW_CTX_DAG_ID='dbt_ecommerce_pipeline' AIRFLOW_CTX_TASK_ID='dbt_run_gold' AIRFLOW_CTX_EXECUTION_DATE='2025-11-23T20:10:00+00:00' AIRFLOW_CTX_TRY_NUMBER='1' AIRFLOW_CTX_DAG_RUN_ID='scheduled__2025-11-23T20:10:00+00:00'
[2025-11-23T20:15:35.103+0000] {subprocess.py:63} INFO - Tmp dir root location: /tmp
[2025-11-23T20:15:35.104+0000] {subprocess.py:75} INFO - Running command: ['/usr/bin/bash', '-c', '\n    rm -rf /tmp/dbt_runtime &&     mkdir -p /tmp/dbt_runtime &&     cp -r /opt/airflow/dbt/ecommerce_dbt /tmp/dbt_runtime/ecommerce_dbt &&     cd /tmp/dbt_runtime/ecommerce_dbt &&     dbt run --select tag:gold       --project-dir /tmp/dbt_runtime/ecommerce_dbt       --profiles-dir /home/airflow/.dbt\n    ']
[2025-11-23T20:15:35.115+0000] {subprocess.py:86} INFO - Output:
[2025-11-23T20:15:39.007+0000] {subprocess.py:93} INFO - [0m20:15:39  Running with dbt=1.7.19
[2025-11-23T20:15:39.717+0000] {subprocess.py:93} INFO - [0m20:15:39  [[33mWARNING[0m]: Deprecated functionality
[2025-11-23T20:15:39.717+0000] {subprocess.py:93} INFO - The `log-path` config in `dbt_project.yml` has been deprecated, and will no
[2025-11-23T20:15:39.718+0000] {subprocess.py:93} INFO - longer be supported in a future version of dbt-core. If you wish to write dbt
[2025-11-23T20:15:39.718+0000] {subprocess.py:93} INFO - logs to a custom directory, please use the --log-path CLI flag or DBT_LOG_PATH
[2025-11-23T20:15:39.718+0000] {subprocess.py:93} INFO - env var instead.
[2025-11-23T20:15:39.845+0000] {subprocess.py:93} INFO - [0m20:15:39  Registered adapter: snowflake=1.7.2
[2025-11-23T20:15:39.941+0000] {subprocess.py:93} INFO - [0m20:15:39  Found 10 models, 19 tests, 1 source, 0 exposures, 0 metrics, 431 macros, 0 groups, 0 semantic models
[2025-11-23T20:15:39.943+0000] {subprocess.py:93} INFO - [0m20:15:39
[2025-11-23T20:15:44.438+0000] {subprocess.py:93} INFO - [0m20:15:44  Concurrency: 1 threads (target='dev')
[2025-11-23T20:15:44.439+0000] {subprocess.py:93} INFO - [0m20:15:44
[2025-11-23T20:15:44.447+0000] {subprocess.py:93} INFO - [0m20:15:44  1 of 4 START sql incremental model -- Se o modelo definiu +schema, usa só ele (ex: silver, gold)
[2025-11-23T20:15:44.447+0000] {subprocess.py:93} INFO -         gold.campaign_performance  [RUN]
[2025-11-23T20:15:46.595+0000] {subprocess.py:93} INFO - [0m20:15:46  1 of 4 OK created sql incremental model -- Se o modelo definiu +schema, usa só ele (ex: silver, gold)
[2025-11-23T20:15:46.596+0000] {subprocess.py:93} INFO -         gold.campaign_performance  [[32mSUCCESS 1[0m in 2.15s]
[2025-11-23T20:15:46.597+0000] {subprocess.py:93} INFO - [0m20:15:46  2 of 4 START sql incremental model -- Se o modelo definiu +schema, usa só ele (ex: silver, gold)
[2025-11-23T20:15:46.597+0000] {subprocess.py:93} INFO -         gold.funnel_daily  [RUN]
[2025-11-23T20:15:48.858+0000] {subprocess.py:93} INFO - [0m20:15:48  2 of 4 OK created sql incremental model -- Se o modelo definiu +schema, usa só ele (ex: silver, gold)
[2025-11-23T20:15:48.859+0000] {subprocess.py:93} INFO -         gold.funnel_daily  [[32mSUCCESS 1[0m in 2.26s]
[2025-11-23T20:15:48.866+0000] {subprocess.py:93} INFO - [0m20:15:48  3 of 4 START sql incremental model -- Se o modelo definiu +schema, usa só ele (ex: silver, gold)
[2025-11-23T20:15:48.867+0000] {subprocess.py:93} INFO -         gold.product_performance  [RUN]
[2025-11-23T20:15:50.635+0000] {subprocess.py:93} INFO - [0m20:15:50  3 of 4 OK created sql incremental model -- Se o modelo definiu +schema, usa só ele (ex: silver, gold)
[2025-11-23T20:15:50.636+0000] {subprocess.py:93} INFO -         gold.product_performance  [[32mSUCCESS 1[0m in 1.77s]
[2025-11-23T20:15:50.637+0000] {subprocess.py:93} INFO - [0m20:15:50  4 of 4 START sql incremental model -- Se o modelo definiu +schema, usa só ele (ex: silver, gold)
[2025-11-23T20:15:50.637+0000] {subprocess.py:93} INFO -         gold.revenue_daily  [RUN]
[2025-11-23T20:15:52.296+0000] {subprocess.py:93} INFO - [0m20:15:52  4 of 4 OK created sql incremental model -- Se o modelo definiu +schema, usa só ele (ex: silver, gold)
[2025-11-23T20:15:52.296+0000] {subprocess.py:93} INFO -         gold.revenue_daily  [[32mSUCCESS 1[0m in 1.66s]
[2025-11-23T20:15:52.299+0000] {subprocess.py:93} INFO - [0m20:15:52
[2025-11-23T20:15:52.299+0000] {subprocess.py:93} INFO - [0m20:15:52  Finished running 4 incremental models in 0 hours 0 minutes and 12.35 seconds (12.35s).
[2025-11-23T20:15:52.312+0000] {subprocess.py:93} INFO - [0m20:15:52
[2025-11-23T20:15:52.312+0000] {subprocess.py:93} INFO - [0m20:15:52  [32mCompleted successfully[0m
[2025-11-23T20:15:52.312+0000] {subprocess.py:93} INFO - [0m20:15:52
[2025-11-23T20:15:52.313+0000] {subprocess.py:93} INFO - [0m20:15:52  Done. PASS=4 WARN=0 ERROR=0 SKIP=0 TOTAL=4
[2025-11-23T20:15:53.076+0000] {subprocess.py:97} INFO - Command exited with return code 0
[2025-11-23T20:15:53.093+0000] {taskinstance.py:1149} INFO - Marking task as SUCCESS. dag_id=dbt_ecommerce_pipeline, task_id=dbt_run_gold, execution_date=20251123T201000, start_date=20251123T201534, end_date=20251123T201553
[2025-11-23T20:15:53.140+0000] {local_task_job_runner.py:234} INFO - Task exited with return code 0
[2025-11-23T20:15:53.149+0000] {taskinstance.py:3312} INFO - 1 downstream tasks scheduled from follow-on schedule check
