[2025-11-23T18:40:10.872+0000] {taskinstance.py:1979} INFO - Dependencies all met for dep_context=non-requeueable deps ti=<TaskInstance: dbt_ecommerce_pipeline.dbt_run_silver scheduled__2025-11-23T18:35:00+00:00 [queued]>
[2025-11-23T18:40:10.876+0000] {taskinstance.py:1979} INFO - Dependencies all met for dep_context=requeueable deps ti=<TaskInstance: dbt_ecommerce_pipeline.dbt_run_silver scheduled__2025-11-23T18:35:00+00:00 [queued]>
[2025-11-23T18:40:10.876+0000] {taskinstance.py:2193} INFO - Starting attempt 1 of 3
[2025-11-23T18:40:10.885+0000] {taskinstance.py:2217} INFO - Executing <Task(BashOperator): dbt_run_silver> on 2025-11-23 18:35:00+00:00
[2025-11-23T18:40:10.891+0000] {standard_task_runner.py:60} INFO - Started process 5127 to run task
[2025-11-23T18:40:10.893+0000] {standard_task_runner.py:87} INFO - Running: ['airflow', 'tasks', 'run', 'dbt_ecommerce_pipeline', 'dbt_run_silver', 'scheduled__2025-11-23T18:35:00+00:00', '--job-id', '149', '--raw', '--subdir', 'DAGS_FOLDER/dbt_ecommerce_pipeline.py', '--cfg-path', '/tmp/tmpol_9at7i']
[2025-11-23T18:40:10.895+0000] {standard_task_runner.py:88} INFO - Job 149: Subtask dbt_run_silver
[2025-11-23T18:40:10.940+0000] {task_command.py:423} INFO - Running <TaskInstance: dbt_ecommerce_pipeline.dbt_run_silver scheduled__2025-11-23T18:35:00+00:00 [running]> on host 4731e9e89e36
[2025-11-23T18:40:10.990+0000] {taskinstance.py:2513} INFO - Exporting env vars: AIRFLOW_CTX_DAG_OWNER='airflow' AIRFLOW_CTX_DAG_ID='dbt_ecommerce_pipeline' AIRFLOW_CTX_TASK_ID='dbt_run_silver' AIRFLOW_CTX_EXECUTION_DATE='2025-11-23T18:35:00+00:00' AIRFLOW_CTX_TRY_NUMBER='1' AIRFLOW_CTX_DAG_RUN_ID='scheduled__2025-11-23T18:35:00+00:00'
[2025-11-23T18:40:10.991+0000] {subprocess.py:63} INFO - Tmp dir root location: /tmp
[2025-11-23T18:40:10.993+0000] {subprocess.py:75} INFO - Running command: ['/usr/bin/bash', '-c', '\n    rm -rf /tmp/dbt_runtime &&     mkdir -p /tmp/dbt_runtime &&     cp -r /opt/airflow/dbt/ecommerce_dbt /tmp/dbt_runtime/ecommerce_dbt &&     cd /tmp/dbt_runtime/ecommerce_dbt &&     dbt run --select tag:silver       --project-dir /tmp/dbt_runtime/ecommerce_dbt       --profiles-dir /home/airflow/.dbt\n    ']
[2025-11-23T18:40:11.004+0000] {subprocess.py:86} INFO - Output:
[2025-11-23T18:40:14.838+0000] {subprocess.py:93} INFO - [0m18:40:14  Running with dbt=1.7.19
[2025-11-23T18:40:15.487+0000] {subprocess.py:93} INFO - [0m18:40:15  [[33mWARNING[0m]: Deprecated functionality
[2025-11-23T18:40:15.488+0000] {subprocess.py:93} INFO - The `log-path` config in `dbt_project.yml` has been deprecated, and will no
[2025-11-23T18:40:15.488+0000] {subprocess.py:93} INFO - longer be supported in a future version of dbt-core. If you wish to write dbt
[2025-11-23T18:40:15.489+0000] {subprocess.py:93} INFO - logs to a custom directory, please use the --log-path CLI flag or DBT_LOG_PATH
[2025-11-23T18:40:15.489+0000] {subprocess.py:93} INFO - env var instead.
[2025-11-23T18:40:15.616+0000] {subprocess.py:93} INFO - [0m18:40:15  Registered adapter: snowflake=1.7.2
[2025-11-23T18:40:15.703+0000] {subprocess.py:93} INFO - [0m18:40:15  Found 10 models, 19 tests, 1 source, 0 exposures, 0 metrics, 431 macros, 0 groups, 0 semantic models
[2025-11-23T18:40:15.704+0000] {subprocess.py:93} INFO - [0m18:40:15
[2025-11-23T18:40:19.836+0000] {subprocess.py:93} INFO - [0m18:40:19  Concurrency: 1 threads (target='dev')
[2025-11-23T18:40:19.836+0000] {subprocess.py:93} INFO - [0m18:40:19
[2025-11-23T18:40:19.844+0000] {subprocess.py:93} INFO - [0m18:40:19  1 of 6 START sql incremental model -- Se o modelo definiu +schema, usa só ele (ex: silver, gold)
[2025-11-23T18:40:19.844+0000] {subprocess.py:93} INFO -         silver.fct_event_items  [RUN]
[2025-11-23T18:40:22.118+0000] {subprocess.py:93} INFO - [0m18:40:22  1 of 6 OK created sql incremental model -- Se o modelo definiu +schema, usa só ele (ex: silver, gold)
[2025-11-23T18:40:22.118+0000] {subprocess.py:93} INFO -         silver.fct_event_items  [[32mSUCCESS 1[0m in 2.27s]
[2025-11-23T18:40:22.120+0000] {subprocess.py:93} INFO - [0m18:40:22  2 of 6 START sql incremental model -- Se o modelo definiu +schema, usa só ele (ex: silver, gold)
[2025-11-23T18:40:22.120+0000] {subprocess.py:93} INFO -         silver.fct_events  [RUN]
[2025-11-23T18:40:23.946+0000] {subprocess.py:93} INFO - [0m18:40:23  2 of 6 OK created sql incremental model -- Se o modelo definiu +schema, usa só ele (ex: silver, gold)
[2025-11-23T18:40:23.947+0000] {subprocess.py:93} INFO -         silver.fct_events  [[32mSUCCESS 1[0m in 1.82s]
[2025-11-23T18:40:23.949+0000] {subprocess.py:93} INFO - [0m18:40:23  3 of 6 START sql incremental model -- Se o modelo definiu +schema, usa só ele (ex: silver, gold)
[2025-11-23T18:40:23.949+0000] {subprocess.py:93} INFO -         silver.dim_products  [RUN]
[2025-11-23T18:40:25.753+0000] {subprocess.py:93} INFO - [0m18:40:25  3 of 6 OK created sql incremental model -- Se o modelo definiu +schema, usa só ele (ex: silver, gold)
[2025-11-23T18:40:25.754+0000] {subprocess.py:93} INFO -         silver.dim_products  [[32mSUCCESS 1[0m in 1.80s]
[2025-11-23T18:40:25.755+0000] {subprocess.py:93} INFO - [0m18:40:25  4 of 6 START sql incremental model -- Se o modelo definiu +schema, usa só ele (ex: silver, gold)
[2025-11-23T18:40:25.755+0000] {subprocess.py:93} INFO -         silver.dim_campaigns  [RUN]
[2025-11-23T18:40:27.765+0000] {subprocess.py:93} INFO - [0m18:40:27  4 of 6 OK created sql incremental model -- Se o modelo definiu +schema, usa só ele (ex: silver, gold)
[2025-11-23T18:40:27.765+0000] {subprocess.py:93} INFO -         silver.dim_campaigns  [[32mSUCCESS 1[0m in 2.01s]
[2025-11-23T18:40:27.766+0000] {subprocess.py:93} INFO - [0m18:40:27  5 of 6 START sql incremental model -- Se o modelo definiu +schema, usa só ele (ex: silver, gold)
[2025-11-23T18:40:27.767+0000] {subprocess.py:93} INFO -         silver.dim_sessions  [RUN]
[2025-11-23T18:40:29.501+0000] {subprocess.py:93} INFO - [0m18:40:29  5 of 6 OK created sql incremental model -- Se o modelo definiu +schema, usa só ele (ex: silver, gold)
[2025-11-23T18:40:29.501+0000] {subprocess.py:93} INFO -         silver.dim_sessions  [[32mSUCCESS 1[0m in 1.73s]
[2025-11-23T18:40:29.502+0000] {subprocess.py:93} INFO - [0m18:40:29  6 of 6 START sql incremental model -- Se o modelo definiu +schema, usa só ele (ex: silver, gold)
[2025-11-23T18:40:29.503+0000] {subprocess.py:93} INFO -         silver.dim_users  [RUN]
[2025-11-23T18:40:31.475+0000] {subprocess.py:93} INFO - [0m18:40:31  6 of 6 OK created sql incremental model -- Se o modelo definiu +schema, usa só ele (ex: silver, gold)
[2025-11-23T18:40:31.475+0000] {subprocess.py:93} INFO -         silver.dim_users  [[32mSUCCESS 1[0m in 1.97s]
[2025-11-23T18:40:31.479+0000] {subprocess.py:93} INFO - [0m18:40:31
[2025-11-23T18:40:31.479+0000] {subprocess.py:93} INFO - [0m18:40:31  Finished running 6 incremental models in 0 hours 0 minutes and 15.77 seconds (15.77s).
[2025-11-23T18:40:31.495+0000] {subprocess.py:93} INFO - [0m18:40:31
[2025-11-23T18:40:31.496+0000] {subprocess.py:93} INFO - [0m18:40:31  [32mCompleted successfully[0m
[2025-11-23T18:40:31.496+0000] {subprocess.py:93} INFO - [0m18:40:31
[2025-11-23T18:40:31.497+0000] {subprocess.py:93} INFO - [0m18:40:31  Done. PASS=6 WARN=0 ERROR=0 SKIP=0 TOTAL=6
[2025-11-23T18:40:32.417+0000] {subprocess.py:97} INFO - Command exited with return code 0
[2025-11-23T18:40:32.432+0000] {taskinstance.py:1149} INFO - Marking task as SUCCESS. dag_id=dbt_ecommerce_pipeline, task_id=dbt_run_silver, execution_date=20251123T183500, start_date=20251123T184010, end_date=20251123T184032
[2025-11-23T18:40:32.479+0000] {local_task_job_runner.py:234} INFO - Task exited with return code 0
[2025-11-23T18:40:32.490+0000] {taskinstance.py:3312} INFO - 1 downstream tasks scheduled from follow-on schedule check
