[2025-11-23T19:45:35.154+0000] {taskinstance.py:1979} INFO - Dependencies all met for dep_context=non-requeueable deps ti=<TaskInstance: dbt_ecommerce_pipeline.dbt_run_gold scheduled__2025-11-23T19:40:00+00:00 [queued]>
[2025-11-23T19:45:35.158+0000] {taskinstance.py:1979} INFO - Dependencies all met for dep_context=requeueable deps ti=<TaskInstance: dbt_ecommerce_pipeline.dbt_run_gold scheduled__2025-11-23T19:40:00+00:00 [queued]>
[2025-11-23T19:45:35.159+0000] {taskinstance.py:2193} INFO - Starting attempt 1 of 3
[2025-11-23T19:45:35.168+0000] {taskinstance.py:2217} INFO - Executing <Task(BashOperator): dbt_run_gold> on 2025-11-23 19:40:00+00:00
[2025-11-23T19:45:35.176+0000] {standard_task_runner.py:60} INFO - Started process 6988 to run task
[2025-11-23T19:45:35.179+0000] {standard_task_runner.py:87} INFO - Running: ['airflow', 'tasks', 'run', 'dbt_ecommerce_pipeline', 'dbt_run_gold', 'scheduled__2025-11-23T19:40:00+00:00', '--job-id', '202', '--raw', '--subdir', 'DAGS_FOLDER/dbt_ecommerce_pipeline.py', '--cfg-path', '/tmp/tmpbzukcjw2']
[2025-11-23T19:45:35.181+0000] {standard_task_runner.py:88} INFO - Job 202: Subtask dbt_run_gold
[2025-11-23T19:45:35.222+0000] {task_command.py:423} INFO - Running <TaskInstance: dbt_ecommerce_pipeline.dbt_run_gold scheduled__2025-11-23T19:40:00+00:00 [running]> on host 4731e9e89e36
[2025-11-23T19:45:35.269+0000] {taskinstance.py:2513} INFO - Exporting env vars: AIRFLOW_CTX_DAG_OWNER='airflow' AIRFLOW_CTX_DAG_ID='dbt_ecommerce_pipeline' AIRFLOW_CTX_TASK_ID='dbt_run_gold' AIRFLOW_CTX_EXECUTION_DATE='2025-11-23T19:40:00+00:00' AIRFLOW_CTX_TRY_NUMBER='1' AIRFLOW_CTX_DAG_RUN_ID='scheduled__2025-11-23T19:40:00+00:00'
[2025-11-23T19:45:35.270+0000] {subprocess.py:63} INFO - Tmp dir root location: /tmp
[2025-11-23T19:45:35.271+0000] {subprocess.py:75} INFO - Running command: ['/usr/bin/bash', '-c', '\n    rm -rf /tmp/dbt_runtime &&     mkdir -p /tmp/dbt_runtime &&     cp -r /opt/airflow/dbt/ecommerce_dbt /tmp/dbt_runtime/ecommerce_dbt &&     cd /tmp/dbt_runtime/ecommerce_dbt &&     dbt run --select tag:gold       --project-dir /tmp/dbt_runtime/ecommerce_dbt       --profiles-dir /home/airflow/.dbt\n    ']
[2025-11-23T19:45:35.284+0000] {subprocess.py:86} INFO - Output:
[2025-11-23T19:45:39.045+0000] {subprocess.py:93} INFO - [0m19:45:39  Running with dbt=1.7.19
[2025-11-23T19:45:39.679+0000] {subprocess.py:93} INFO - [0m19:45:39  [[33mWARNING[0m]: Deprecated functionality
[2025-11-23T19:45:39.679+0000] {subprocess.py:93} INFO - The `log-path` config in `dbt_project.yml` has been deprecated, and will no
[2025-11-23T19:45:39.680+0000] {subprocess.py:93} INFO - longer be supported in a future version of dbt-core. If you wish to write dbt
[2025-11-23T19:45:39.680+0000] {subprocess.py:93} INFO - logs to a custom directory, please use the --log-path CLI flag or DBT_LOG_PATH
[2025-11-23T19:45:39.680+0000] {subprocess.py:93} INFO - env var instead.
[2025-11-23T19:45:39.798+0000] {subprocess.py:93} INFO - [0m19:45:39  Registered adapter: snowflake=1.7.2
[2025-11-23T19:45:39.885+0000] {subprocess.py:93} INFO - [0m19:45:39  Found 10 models, 19 tests, 1 source, 0 exposures, 0 metrics, 431 macros, 0 groups, 0 semantic models
[2025-11-23T19:45:39.887+0000] {subprocess.py:93} INFO - [0m19:45:39
[2025-11-23T19:45:43.982+0000] {subprocess.py:93} INFO - [0m19:45:43  Concurrency: 1 threads (target='dev')
[2025-11-23T19:45:43.983+0000] {subprocess.py:93} INFO - [0m19:45:43
[2025-11-23T19:45:43.990+0000] {subprocess.py:93} INFO - [0m19:45:43  1 of 4 START sql incremental model -- Se o modelo definiu +schema, usa só ele (ex: silver, gold)
[2025-11-23T19:45:43.990+0000] {subprocess.py:93} INFO -         gold.campaign_performance  [RUN]
[2025-11-23T19:45:45.849+0000] {subprocess.py:93} INFO - [0m19:45:45  1 of 4 OK created sql incremental model -- Se o modelo definiu +schema, usa só ele (ex: silver, gold)
[2025-11-23T19:45:45.850+0000] {subprocess.py:93} INFO -         gold.campaign_performance  [[32mSUCCESS 1[0m in 1.86s]
[2025-11-23T19:45:45.851+0000] {subprocess.py:93} INFO - [0m19:45:45  2 of 4 START sql incremental model -- Se o modelo definiu +schema, usa só ele (ex: silver, gold)
[2025-11-23T19:45:45.851+0000] {subprocess.py:93} INFO -         gold.funnel_daily  [RUN]
[2025-11-23T19:45:47.569+0000] {subprocess.py:93} INFO - [0m19:45:47  2 of 4 OK created sql incremental model -- Se o modelo definiu +schema, usa só ele (ex: silver, gold)
[2025-11-23T19:45:47.570+0000] {subprocess.py:93} INFO -         gold.funnel_daily  [[32mSUCCESS 1[0m in 1.72s]
[2025-11-23T19:45:47.571+0000] {subprocess.py:93} INFO - [0m19:45:47  3 of 4 START sql incremental model -- Se o modelo definiu +schema, usa só ele (ex: silver, gold)
[2025-11-23T19:45:47.571+0000] {subprocess.py:93} INFO -         gold.product_performance  [RUN]
[2025-11-23T19:45:49.423+0000] {subprocess.py:93} INFO - [0m19:45:49  3 of 4 OK created sql incremental model -- Se o modelo definiu +schema, usa só ele (ex: silver, gold)
[2025-11-23T19:45:49.423+0000] {subprocess.py:93} INFO -         gold.product_performance  [[32mSUCCESS 1[0m in 1.85s]
[2025-11-23T19:45:49.425+0000] {subprocess.py:93} INFO - [0m19:45:49  4 of 4 START sql incremental model -- Se o modelo definiu +schema, usa só ele (ex: silver, gold)
[2025-11-23T19:45:49.425+0000] {subprocess.py:93} INFO -         gold.revenue_daily  [RUN]
[2025-11-23T19:45:51.075+0000] {subprocess.py:93} INFO - [0m19:45:51  4 of 4 OK created sql incremental model -- Se o modelo definiu +schema, usa só ele (ex: silver, gold)
[2025-11-23T19:45:51.075+0000] {subprocess.py:93} INFO -         gold.revenue_daily  [[32mSUCCESS 1[0m in 1.65s]
[2025-11-23T19:45:51.078+0000] {subprocess.py:93} INFO - [0m19:45:51
[2025-11-23T19:45:51.079+0000] {subprocess.py:93} INFO - [0m19:45:51  Finished running 4 incremental models in 0 hours 0 minutes and 11.19 seconds (11.19s).
[2025-11-23T19:45:51.097+0000] {subprocess.py:93} INFO - [0m19:45:51
[2025-11-23T19:45:51.097+0000] {subprocess.py:93} INFO - [0m19:45:51  [32mCompleted successfully[0m
[2025-11-23T19:45:51.098+0000] {subprocess.py:93} INFO - [0m19:45:51
[2025-11-23T19:45:51.098+0000] {subprocess.py:93} INFO - [0m19:45:51  Done. PASS=4 WARN=0 ERROR=0 SKIP=0 TOTAL=4
[2025-11-23T19:45:51.874+0000] {subprocess.py:97} INFO - Command exited with return code 0
[2025-11-23T19:45:51.891+0000] {taskinstance.py:1149} INFO - Marking task as SUCCESS. dag_id=dbt_ecommerce_pipeline, task_id=dbt_run_gold, execution_date=20251123T194000, start_date=20251123T194535, end_date=20251123T194551
[2025-11-23T19:45:51.937+0000] {local_task_job_runner.py:234} INFO - Task exited with return code 0
[2025-11-23T19:45:51.948+0000] {taskinstance.py:3312} INFO - 1 downstream tasks scheduled from follow-on schedule check
