[2025-11-23T21:40:10.042+0000] {taskinstance.py:1979} INFO - Dependencies all met for dep_context=non-requeueable deps ti=<TaskInstance: dbt_ecommerce_pipeline.dbt_run_silver scheduled__2025-11-23T21:35:00+00:00 [queued]>
[2025-11-23T21:40:10.047+0000] {taskinstance.py:1979} INFO - Dependencies all met for dep_context=requeueable deps ti=<TaskInstance: dbt_ecommerce_pipeline.dbt_run_silver scheduled__2025-11-23T21:35:00+00:00 [queued]>
[2025-11-23T21:40:10.047+0000] {taskinstance.py:2193} INFO - Starting attempt 1 of 3
[2025-11-23T21:40:10.058+0000] {taskinstance.py:2217} INFO - Executing <Task(BashOperator): dbt_run_silver> on 2025-11-23 21:35:00+00:00
[2025-11-23T21:40:10.064+0000] {standard_task_runner.py:60} INFO - Started process 10169 to run task
[2025-11-23T21:40:10.068+0000] {standard_task_runner.py:87} INFO - Running: ['airflow', 'tasks', 'run', 'dbt_ecommerce_pipeline', 'dbt_run_silver', 'scheduled__2025-11-23T21:35:00+00:00', '--job-id', '293', '--raw', '--subdir', 'DAGS_FOLDER/dbt_ecommerce_pipeline.py', '--cfg-path', '/tmp/tmpt88_b3xh']
[2025-11-23T21:40:10.071+0000] {standard_task_runner.py:88} INFO - Job 293: Subtask dbt_run_silver
[2025-11-23T21:40:10.113+0000] {task_command.py:423} INFO - Running <TaskInstance: dbt_ecommerce_pipeline.dbt_run_silver scheduled__2025-11-23T21:35:00+00:00 [running]> on host 4731e9e89e36
[2025-11-23T21:40:10.158+0000] {taskinstance.py:2513} INFO - Exporting env vars: AIRFLOW_CTX_DAG_OWNER='airflow' AIRFLOW_CTX_DAG_ID='dbt_ecommerce_pipeline' AIRFLOW_CTX_TASK_ID='dbt_run_silver' AIRFLOW_CTX_EXECUTION_DATE='2025-11-23T21:35:00+00:00' AIRFLOW_CTX_TRY_NUMBER='1' AIRFLOW_CTX_DAG_RUN_ID='scheduled__2025-11-23T21:35:00+00:00'
[2025-11-23T21:40:10.159+0000] {subprocess.py:63} INFO - Tmp dir root location: /tmp
[2025-11-23T21:40:10.160+0000] {subprocess.py:75} INFO - Running command: ['/usr/bin/bash', '-c', '\n    rm -rf /tmp/dbt_runtime &&     mkdir -p /tmp/dbt_runtime &&     cp -r /opt/airflow/dbt/ecommerce_dbt /tmp/dbt_runtime/ecommerce_dbt &&     cd /tmp/dbt_runtime/ecommerce_dbt &&     dbt run --select tag:silver       --project-dir /tmp/dbt_runtime/ecommerce_dbt       --profiles-dir /home/airflow/.dbt\n    ']
[2025-11-23T21:40:10.172+0000] {subprocess.py:86} INFO - Output:
[2025-11-23T21:40:14.115+0000] {subprocess.py:93} INFO - [0m21:40:14  Running with dbt=1.7.19
[2025-11-23T21:40:14.781+0000] {subprocess.py:93} INFO - [0m21:40:14  [[33mWARNING[0m]: Deprecated functionality
[2025-11-23T21:40:14.781+0000] {subprocess.py:93} INFO - The `log-path` config in `dbt_project.yml` has been deprecated, and will no
[2025-11-23T21:40:14.781+0000] {subprocess.py:93} INFO - longer be supported in a future version of dbt-core. If you wish to write dbt
[2025-11-23T21:40:14.782+0000] {subprocess.py:93} INFO - logs to a custom directory, please use the --log-path CLI flag or DBT_LOG_PATH
[2025-11-23T21:40:14.782+0000] {subprocess.py:93} INFO - env var instead.
[2025-11-23T21:40:14.905+0000] {subprocess.py:93} INFO - [0m21:40:14  Registered adapter: snowflake=1.7.2
[2025-11-23T21:40:15.005+0000] {subprocess.py:93} INFO - [0m21:40:15  Found 10 models, 19 tests, 1 source, 0 exposures, 0 metrics, 431 macros, 0 groups, 0 semantic models
[2025-11-23T21:40:15.007+0000] {subprocess.py:93} INFO - [0m21:40:15
[2025-11-23T21:40:19.184+0000] {subprocess.py:93} INFO - [0m21:40:19  Concurrency: 1 threads (target='dev')
[2025-11-23T21:40:19.184+0000] {subprocess.py:93} INFO - [0m21:40:19
[2025-11-23T21:40:19.192+0000] {subprocess.py:93} INFO - [0m21:40:19  1 of 6 START sql incremental model -- Se o modelo definiu +schema, usa só ele (ex: silver, gold)
[2025-11-23T21:40:19.193+0000] {subprocess.py:93} INFO -         silver.fct_event_items  [RUN]
[2025-11-23T21:40:21.242+0000] {subprocess.py:93} INFO - [0m21:40:21  1 of 6 OK created sql incremental model -- Se o modelo definiu +schema, usa só ele (ex: silver, gold)
[2025-11-23T21:40:21.243+0000] {subprocess.py:93} INFO -         silver.fct_event_items  [[32mSUCCESS 1[0m in 2.05s]
[2025-11-23T21:40:21.244+0000] {subprocess.py:93} INFO - [0m21:40:21  2 of 6 START sql incremental model -- Se o modelo definiu +schema, usa só ele (ex: silver, gold)
[2025-11-23T21:40:21.245+0000] {subprocess.py:93} INFO -         silver.fct_events  [RUN]
[2025-11-23T21:40:22.859+0000] {subprocess.py:93} INFO - [0m21:40:22  2 of 6 OK created sql incremental model -- Se o modelo definiu +schema, usa só ele (ex: silver, gold)
[2025-11-23T21:40:22.860+0000] {subprocess.py:93} INFO -         silver.fct_events  [[32mSUCCESS 1[0m in 1.61s]
[2025-11-23T21:40:22.861+0000] {subprocess.py:93} INFO - [0m21:40:22  3 of 6 START sql incremental model -- Se o modelo definiu +schema, usa só ele (ex: silver, gold)
[2025-11-23T21:40:22.862+0000] {subprocess.py:93} INFO -         silver.dim_products  [RUN]
[2025-11-23T21:40:24.629+0000] {subprocess.py:93} INFO - [0m21:40:24  3 of 6 OK created sql incremental model -- Se o modelo definiu +schema, usa só ele (ex: silver, gold)
[2025-11-23T21:40:24.630+0000] {subprocess.py:93} INFO -         silver.dim_products  [[32mSUCCESS 1[0m in 1.77s]
[2025-11-23T21:40:24.631+0000] {subprocess.py:93} INFO - [0m21:40:24  4 of 6 START sql incremental model -- Se o modelo definiu +schema, usa só ele (ex: silver, gold)
[2025-11-23T21:40:24.631+0000] {subprocess.py:93} INFO -         silver.dim_campaigns  [RUN]
[2025-11-23T21:40:26.485+0000] {subprocess.py:93} INFO - [0m21:40:26  4 of 6 OK created sql incremental model -- Se o modelo definiu +schema, usa só ele (ex: silver, gold)
[2025-11-23T21:40:26.485+0000] {subprocess.py:93} INFO -         silver.dim_campaigns  [[32mSUCCESS 1[0m in 1.85s]
[2025-11-23T21:40:26.486+0000] {subprocess.py:93} INFO - [0m21:40:26  5 of 6 START sql incremental model -- Se o modelo definiu +schema, usa só ele (ex: silver, gold)
[2025-11-23T21:40:26.487+0000] {subprocess.py:93} INFO -         silver.dim_sessions  [RUN]
[2025-11-23T21:40:28.352+0000] {subprocess.py:93} INFO - [0m21:40:28  5 of 6 OK created sql incremental model -- Se o modelo definiu +schema, usa só ele (ex: silver, gold)
[2025-11-23T21:40:28.352+0000] {subprocess.py:93} INFO -         silver.dim_sessions  [[32mSUCCESS 1[0m in 1.86s]
[2025-11-23T21:40:28.353+0000] {subprocess.py:93} INFO - [0m21:40:28  6 of 6 START sql incremental model -- Se o modelo definiu +schema, usa só ele (ex: silver, gold)
[2025-11-23T21:40:28.354+0000] {subprocess.py:93} INFO -         silver.dim_users  [RUN]
[2025-11-23T21:40:30.192+0000] {subprocess.py:93} INFO - [0m21:40:30  6 of 6 OK created sql incremental model -- Se o modelo definiu +schema, usa só ele (ex: silver, gold)
[2025-11-23T21:40:30.193+0000] {subprocess.py:93} INFO -         silver.dim_users  [[32mSUCCESS 1[0m in 1.84s]
[2025-11-23T21:40:30.196+0000] {subprocess.py:93} INFO - [0m21:40:30
[2025-11-23T21:40:30.196+0000] {subprocess.py:93} INFO - [0m21:40:30  Finished running 6 incremental models in 0 hours 0 minutes and 15.19 seconds (15.19s).
[2025-11-23T21:40:30.212+0000] {subprocess.py:93} INFO - [0m21:40:30
[2025-11-23T21:40:30.213+0000] {subprocess.py:93} INFO - [0m21:40:30  [32mCompleted successfully[0m
[2025-11-23T21:40:30.213+0000] {subprocess.py:93} INFO - [0m21:40:30
[2025-11-23T21:40:30.214+0000] {subprocess.py:93} INFO - [0m21:40:30  Done. PASS=6 WARN=0 ERROR=0 SKIP=0 TOTAL=6
[2025-11-23T21:40:31.151+0000] {subprocess.py:97} INFO - Command exited with return code 0
[2025-11-23T21:40:31.167+0000] {taskinstance.py:1149} INFO - Marking task as SUCCESS. dag_id=dbt_ecommerce_pipeline, task_id=dbt_run_silver, execution_date=20251123T213500, start_date=20251123T214010, end_date=20251123T214031
[2025-11-23T21:40:31.220+0000] {local_task_job_runner.py:234} INFO - Task exited with return code 0
[2025-11-23T21:40:31.231+0000] {taskinstance.py:3312} INFO - 1 downstream tasks scheduled from follow-on schedule check
