[2025-11-23T16:08:24.492+0000] {taskinstance.py:1979} INFO - Dependencies all met for dep_context=non-requeueable deps ti=<TaskInstance: dbt_ecommerce_pipeline.dbt_run_gold scheduled__2025-11-23T16:00:00+00:00 [queued]>
[2025-11-23T16:08:24.496+0000] {taskinstance.py:1979} INFO - Dependencies all met for dep_context=requeueable deps ti=<TaskInstance: dbt_ecommerce_pipeline.dbt_run_gold scheduled__2025-11-23T16:00:00+00:00 [queued]>
[2025-11-23T16:08:24.496+0000] {taskinstance.py:2193} INFO - Starting attempt 1 of 3
[2025-11-23T16:08:24.507+0000] {taskinstance.py:2217} INFO - Executing <Task(BashOperator): dbt_run_gold> on 2025-11-23 16:00:00+00:00
[2025-11-23T16:08:24.513+0000] {standard_task_runner.py:60} INFO - Started process 548 to run task
[2025-11-23T16:08:24.516+0000] {standard_task_runner.py:87} INFO - Running: ['airflow', 'tasks', 'run', 'dbt_ecommerce_pipeline', 'dbt_run_gold', 'scheduled__2025-11-23T16:00:00+00:00', '--job-id', '16', '--raw', '--subdir', 'DAGS_FOLDER/dbt_ecommerce_pipeline.py', '--cfg-path', '/tmp/tmpg44026cm']
[2025-11-23T16:08:24.518+0000] {standard_task_runner.py:88} INFO - Job 16: Subtask dbt_run_gold
[2025-11-23T16:08:24.556+0000] {task_command.py:423} INFO - Running <TaskInstance: dbt_ecommerce_pipeline.dbt_run_gold scheduled__2025-11-23T16:00:00+00:00 [running]> on host 4731e9e89e36
[2025-11-23T16:08:24.593+0000] {taskinstance.py:2513} INFO - Exporting env vars: AIRFLOW_CTX_DAG_EMAIL='luccanegrini@outlook.com.br' AIRFLOW_CTX_DAG_OWNER='airflow' AIRFLOW_CTX_DAG_ID='dbt_ecommerce_pipeline' AIRFLOW_CTX_TASK_ID='dbt_run_gold' AIRFLOW_CTX_EXECUTION_DATE='2025-11-23T16:00:00+00:00' AIRFLOW_CTX_TRY_NUMBER='1' AIRFLOW_CTX_DAG_RUN_ID='scheduled__2025-11-23T16:00:00+00:00'
[2025-11-23T16:08:24.595+0000] {subprocess.py:63} INFO - Tmp dir root location: /tmp
[2025-11-23T16:08:24.596+0000] {subprocess.py:75} INFO - Running command: ['/usr/bin/bash', '-c', '\n    rm -rf /tmp/dbt_runtime &&     mkdir -p /tmp/dbt_runtime &&     cp -r /opt/airflow/dbt/ecommerce_dbt /tmp/dbt_runtime/ecommerce_dbt &&     cd /tmp/dbt_runtime/ecommerce_dbt &&     dbt run --select tag:gold       --project-dir /tmp/dbt_runtime/ecommerce_dbt       --profiles-dir /home/airflow/.dbt\n    ']
[2025-11-23T16:08:24.607+0000] {subprocess.py:86} INFO - Output:
[2025-11-23T16:08:28.148+0000] {subprocess.py:93} INFO - [0m16:08:28  Running with dbt=1.7.19
[2025-11-23T16:08:28.790+0000] {subprocess.py:93} INFO - [0m16:08:28  [[33mWARNING[0m]: Deprecated functionality
[2025-11-23T16:08:28.791+0000] {subprocess.py:93} INFO - The `log-path` config in `dbt_project.yml` has been deprecated, and will no
[2025-11-23T16:08:28.791+0000] {subprocess.py:93} INFO - longer be supported in a future version of dbt-core. If you wish to write dbt
[2025-11-23T16:08:28.791+0000] {subprocess.py:93} INFO - logs to a custom directory, please use the --log-path CLI flag or DBT_LOG_PATH
[2025-11-23T16:08:28.792+0000] {subprocess.py:93} INFO - env var instead.
[2025-11-23T16:08:28.914+0000] {subprocess.py:93} INFO - [0m16:08:28  Registered adapter: snowflake=1.7.2
[2025-11-23T16:08:28.949+0000] {subprocess.py:93} INFO - [0m16:08:28  [[33mWARNING[0m]: Configuration paths exist in your dbt_project.yml file which do not apply to any resources.
[2025-11-23T16:08:28.949+0000] {subprocess.py:93} INFO - There are 1 unused configuration paths:
[2025-11-23T16:08:28.950+0000] {subprocess.py:93} INFO - - models.ecommerce_dbt.bronze
[2025-11-23T16:08:29.004+0000] {subprocess.py:93} INFO - [0m16:08:29  Found 10 models, 16 tests, 1 source, 0 exposures, 0 metrics, 431 macros, 0 groups, 0 semantic models
[2025-11-23T16:08:29.006+0000] {subprocess.py:93} INFO - [0m16:08:29
[2025-11-23T16:08:33.000+0000] {subprocess.py:93} INFO - [0m16:08:33  Concurrency: 1 threads (target='dev')
[2025-11-23T16:08:33.001+0000] {subprocess.py:93} INFO - [0m16:08:33
[2025-11-23T16:08:33.008+0000] {subprocess.py:93} INFO - [0m16:08:33  1 of 4 START sql incremental model -- Se o modelo definiu +schema, usa só ele (ex: silver, gold)
[2025-11-23T16:08:33.009+0000] {subprocess.py:93} INFO -         gold.campaign_performance  [RUN]
[2025-11-23T16:08:34.732+0000] {subprocess.py:93} INFO - [0m16:08:34  1 of 4 OK created sql incremental model -- Se o modelo definiu +schema, usa só ele (ex: silver, gold)
[2025-11-23T16:08:34.733+0000] {subprocess.py:93} INFO -         gold.campaign_performance  [[32mSUCCESS 1[0m in 1.72s]
[2025-11-23T16:08:34.734+0000] {subprocess.py:93} INFO - [0m16:08:34  2 of 4 START sql incremental model -- Se o modelo definiu +schema, usa só ele (ex: silver, gold)
[2025-11-23T16:08:34.734+0000] {subprocess.py:93} INFO -         gold.funnel_daily  [RUN]
[2025-11-23T16:08:36.379+0000] {subprocess.py:93} INFO - [0m16:08:36  2 of 4 OK created sql incremental model -- Se o modelo definiu +schema, usa só ele (ex: silver, gold)
[2025-11-23T16:08:36.379+0000] {subprocess.py:93} INFO -         gold.funnel_daily  [[32mSUCCESS 1[0m in 1.64s]
[2025-11-23T16:08:36.380+0000] {subprocess.py:93} INFO - [0m16:08:36  3 of 4 START sql incremental model -- Se o modelo definiu +schema, usa só ele (ex: silver, gold)
[2025-11-23T16:08:36.381+0000] {subprocess.py:93} INFO -         gold.product_performance  [RUN]
[2025-11-23T16:08:37.958+0000] {subprocess.py:93} INFO - [0m16:08:37  3 of 4 OK created sql incremental model -- Se o modelo definiu +schema, usa só ele (ex: silver, gold)
[2025-11-23T16:08:37.961+0000] {subprocess.py:93} INFO -         gold.product_performance  [[32mSUCCESS 1[0m in 1.58s]
[2025-11-23T16:08:37.962+0000] {subprocess.py:93} INFO - [0m16:08:37  4 of 4 START sql incremental model -- Se o modelo definiu +schema, usa só ele (ex: silver, gold)
[2025-11-23T16:08:37.962+0000] {subprocess.py:93} INFO -         gold.revenue_daily  [RUN]
[2025-11-23T16:08:39.527+0000] {subprocess.py:93} INFO - [0m16:08:39  4 of 4 OK created sql incremental model -- Se o modelo definiu +schema, usa só ele (ex: silver, gold)
[2025-11-23T16:08:39.528+0000] {subprocess.py:93} INFO -         gold.revenue_daily  [[32mSUCCESS 1[0m in 1.57s]
[2025-11-23T16:08:39.531+0000] {subprocess.py:93} INFO - [0m16:08:39
[2025-11-23T16:08:39.531+0000] {subprocess.py:93} INFO - [0m16:08:39  Finished running 4 incremental models in 0 hours 0 minutes and 10.52 seconds (10.52s).
[2025-11-23T16:08:39.543+0000] {subprocess.py:93} INFO - [0m16:08:39
[2025-11-23T16:08:39.544+0000] {subprocess.py:93} INFO - [0m16:08:39  [32mCompleted successfully[0m
[2025-11-23T16:08:39.544+0000] {subprocess.py:93} INFO - [0m16:08:39
[2025-11-23T16:08:39.545+0000] {subprocess.py:93} INFO - [0m16:08:39  Done. PASS=4 WARN=0 ERROR=0 SKIP=0 TOTAL=4
[2025-11-23T16:08:40.687+0000] {subprocess.py:97} INFO - Command exited with return code 0
[2025-11-23T16:08:40.705+0000] {taskinstance.py:1149} INFO - Marking task as SUCCESS. dag_id=dbt_ecommerce_pipeline, task_id=dbt_run_gold, execution_date=20251123T160000, start_date=20251123T160824, end_date=20251123T160840
[2025-11-23T16:08:40.753+0000] {local_task_job_runner.py:234} INFO - Task exited with return code 0
[2025-11-23T16:08:40.760+0000] {logging_mixin.py:188} WARNING - /home/airflow/.local/lib/python3.11/site-packages/airflow/models/baseoperator.py:1201 AirflowProviderDeprecationWarning: Call to deprecated class SnowflakeOperator. (This class is deprecated. Please use `airflow.providers.common.sql.operators.sql.SQLExecuteQueryOperator`. Also, you can provide `hook_params={'warehouse': <warehouse>, 'database': <database>, 'role': <role>, 'schema': <schema>, 'authenticator': <authenticator>,'session_parameters': <session_parameters>}`.)
[2025-11-23T16:08:40.769+0000] {taskinstance.py:3312} INFO - 1 downstream tasks scheduled from follow-on schedule check
