[2025-11-23T20:50:35.390+0000] {taskinstance.py:1979} INFO - Dependencies all met for dep_context=non-requeueable deps ti=<TaskInstance: dbt_ecommerce_pipeline.dbt_run_gold scheduled__2025-11-23T20:45:00+00:00 [queued]>
[2025-11-23T20:50:35.394+0000] {taskinstance.py:1979} INFO - Dependencies all met for dep_context=requeueable deps ti=<TaskInstance: dbt_ecommerce_pipeline.dbt_run_gold scheduled__2025-11-23T20:45:00+00:00 [queued]>
[2025-11-23T20:50:35.394+0000] {taskinstance.py:2193} INFO - Starting attempt 1 of 3
[2025-11-23T20:50:35.405+0000] {taskinstance.py:2217} INFO - Executing <Task(BashOperator): dbt_run_gold> on 2025-11-23 20:45:00+00:00
[2025-11-23T20:50:35.411+0000] {standard_task_runner.py:60} INFO - Started process 8808 to run task
[2025-11-23T20:50:35.414+0000] {standard_task_runner.py:87} INFO - Running: ['airflow', 'tasks', 'run', 'dbt_ecommerce_pipeline', 'dbt_run_gold', 'scheduled__2025-11-23T20:45:00+00:00', '--job-id', '254', '--raw', '--subdir', 'DAGS_FOLDER/dbt_ecommerce_pipeline.py', '--cfg-path', '/tmp/tmpvkialfz0']
[2025-11-23T20:50:35.416+0000] {standard_task_runner.py:88} INFO - Job 254: Subtask dbt_run_gold
[2025-11-23T20:50:35.454+0000] {task_command.py:423} INFO - Running <TaskInstance: dbt_ecommerce_pipeline.dbt_run_gold scheduled__2025-11-23T20:45:00+00:00 [running]> on host 4731e9e89e36
[2025-11-23T20:50:35.498+0000] {taskinstance.py:2513} INFO - Exporting env vars: AIRFLOW_CTX_DAG_OWNER='airflow' AIRFLOW_CTX_DAG_ID='dbt_ecommerce_pipeline' AIRFLOW_CTX_TASK_ID='dbt_run_gold' AIRFLOW_CTX_EXECUTION_DATE='2025-11-23T20:45:00+00:00' AIRFLOW_CTX_TRY_NUMBER='1' AIRFLOW_CTX_DAG_RUN_ID='scheduled__2025-11-23T20:45:00+00:00'
[2025-11-23T20:50:35.499+0000] {subprocess.py:63} INFO - Tmp dir root location: /tmp
[2025-11-23T20:50:35.500+0000] {subprocess.py:75} INFO - Running command: ['/usr/bin/bash', '-c', '\n    rm -rf /tmp/dbt_runtime &&     mkdir -p /tmp/dbt_runtime &&     cp -r /opt/airflow/dbt/ecommerce_dbt /tmp/dbt_runtime/ecommerce_dbt &&     cd /tmp/dbt_runtime/ecommerce_dbt &&     dbt run --select tag:gold       --project-dir /tmp/dbt_runtime/ecommerce_dbt       --profiles-dir /home/airflow/.dbt\n    ']
[2025-11-23T20:50:35.512+0000] {subprocess.py:86} INFO - Output:
[2025-11-23T20:50:39.401+0000] {subprocess.py:93} INFO - [0m20:50:39  Running with dbt=1.7.19
[2025-11-23T20:50:40.063+0000] {subprocess.py:93} INFO - [0m20:50:40  [[33mWARNING[0m]: Deprecated functionality
[2025-11-23T20:50:40.063+0000] {subprocess.py:93} INFO - The `log-path` config in `dbt_project.yml` has been deprecated, and will no
[2025-11-23T20:50:40.063+0000] {subprocess.py:93} INFO - longer be supported in a future version of dbt-core. If you wish to write dbt
[2025-11-23T20:50:40.064+0000] {subprocess.py:93} INFO - logs to a custom directory, please use the --log-path CLI flag or DBT_LOG_PATH
[2025-11-23T20:50:40.064+0000] {subprocess.py:93} INFO - env var instead.
[2025-11-23T20:50:40.187+0000] {subprocess.py:93} INFO - [0m20:50:40  Registered adapter: snowflake=1.7.2
[2025-11-23T20:50:40.279+0000] {subprocess.py:93} INFO - [0m20:50:40  Found 10 models, 19 tests, 1 source, 0 exposures, 0 metrics, 431 macros, 0 groups, 0 semantic models
[2025-11-23T20:50:40.281+0000] {subprocess.py:93} INFO - [0m20:50:40
[2025-11-23T20:50:44.752+0000] {subprocess.py:93} INFO - [0m20:50:44  Concurrency: 1 threads (target='dev')
[2025-11-23T20:50:44.753+0000] {subprocess.py:93} INFO - [0m20:50:44
[2025-11-23T20:50:44.761+0000] {subprocess.py:93} INFO - [0m20:50:44  1 of 4 START sql incremental model -- Se o modelo definiu +schema, usa só ele (ex: silver, gold)
[2025-11-23T20:50:44.761+0000] {subprocess.py:93} INFO -         gold.campaign_performance  [RUN]
[2025-11-23T20:50:46.661+0000] {subprocess.py:93} INFO - [0m20:50:46  1 of 4 OK created sql incremental model -- Se o modelo definiu +schema, usa só ele (ex: silver, gold)
[2025-11-23T20:50:46.662+0000] {subprocess.py:93} INFO -         gold.campaign_performance  [[32mSUCCESS 1[0m in 1.90s]
[2025-11-23T20:50:46.663+0000] {subprocess.py:93} INFO - [0m20:50:46  2 of 4 START sql incremental model -- Se o modelo definiu +schema, usa só ele (ex: silver, gold)
[2025-11-23T20:50:46.663+0000] {subprocess.py:93} INFO -         gold.funnel_daily  [RUN]
[2025-11-23T20:50:48.428+0000] {subprocess.py:93} INFO - [0m20:50:48  2 of 4 OK created sql incremental model -- Se o modelo definiu +schema, usa só ele (ex: silver, gold)
[2025-11-23T20:50:48.428+0000] {subprocess.py:93} INFO -         gold.funnel_daily  [[32mSUCCESS 1[0m in 1.76s]
[2025-11-23T20:50:48.430+0000] {subprocess.py:93} INFO - [0m20:50:48  3 of 4 START sql incremental model -- Se o modelo definiu +schema, usa só ele (ex: silver, gold)
[2025-11-23T20:50:48.430+0000] {subprocess.py:93} INFO -         gold.product_performance  [RUN]
[2025-11-23T20:50:50.150+0000] {subprocess.py:93} INFO - [0m20:50:50  3 of 4 OK created sql incremental model -- Se o modelo definiu +schema, usa só ele (ex: silver, gold)
[2025-11-23T20:50:50.151+0000] {subprocess.py:93} INFO -         gold.product_performance  [[32mSUCCESS 1[0m in 1.72s]
[2025-11-23T20:50:50.152+0000] {subprocess.py:93} INFO - [0m20:50:50  4 of 4 START sql incremental model -- Se o modelo definiu +schema, usa só ele (ex: silver, gold)
[2025-11-23T20:50:50.152+0000] {subprocess.py:93} INFO -         gold.revenue_daily  [RUN]
[2025-11-23T20:50:51.833+0000] {subprocess.py:93} INFO - [0m20:50:51  4 of 4 OK created sql incremental model -- Se o modelo definiu +schema, usa só ele (ex: silver, gold)
[2025-11-23T20:50:51.833+0000] {subprocess.py:93} INFO -         gold.revenue_daily  [[32mSUCCESS 1[0m in 1.68s]
[2025-11-23T20:50:51.836+0000] {subprocess.py:93} INFO - [0m20:50:51
[2025-11-23T20:50:51.837+0000] {subprocess.py:93} INFO - [0m20:50:51  Finished running 4 incremental models in 0 hours 0 minutes and 11.56 seconds (11.56s).
[2025-11-23T20:50:51.849+0000] {subprocess.py:93} INFO - [0m20:50:51
[2025-11-23T20:50:51.849+0000] {subprocess.py:93} INFO - [0m20:50:51  [32mCompleted successfully[0m
[2025-11-23T20:50:51.850+0000] {subprocess.py:93} INFO - [0m20:50:51
[2025-11-23T20:50:51.850+0000] {subprocess.py:93} INFO - [0m20:50:51  Done. PASS=4 WARN=0 ERROR=0 SKIP=0 TOTAL=4
[2025-11-23T20:50:52.628+0000] {subprocess.py:97} INFO - Command exited with return code 0
[2025-11-23T20:50:52.645+0000] {taskinstance.py:1149} INFO - Marking task as SUCCESS. dag_id=dbt_ecommerce_pipeline, task_id=dbt_run_gold, execution_date=20251123T204500, start_date=20251123T205035, end_date=20251123T205052
[2025-11-23T20:50:52.695+0000] {local_task_job_runner.py:234} INFO - Task exited with return code 0
[2025-11-23T20:50:52.704+0000] {taskinstance.py:3312} INFO - 1 downstream tasks scheduled from follow-on schedule check
