[2025-11-23T16:11:23.302+0000] {taskinstance.py:1979} INFO - Dependencies all met for dep_context=non-requeueable deps ti=<TaskInstance: dbt_ecommerce_pipeline.dbt_run_gold scheduled__2025-11-23T16:05:00+00:00 [queued]>
[2025-11-23T16:11:23.307+0000] {taskinstance.py:1979} INFO - Dependencies all met for dep_context=requeueable deps ti=<TaskInstance: dbt_ecommerce_pipeline.dbt_run_gold scheduled__2025-11-23T16:05:00+00:00 [queued]>
[2025-11-23T16:11:23.307+0000] {taskinstance.py:2193} INFO - Starting attempt 1 of 3
[2025-11-23T16:11:23.316+0000] {taskinstance.py:2217} INFO - Executing <Task(BashOperator): dbt_run_gold> on 2025-11-23 16:05:00+00:00
[2025-11-23T16:11:23.323+0000] {standard_task_runner.py:60} INFO - Started process 872 to run task
[2025-11-23T16:11:23.326+0000] {standard_task_runner.py:87} INFO - Running: ['airflow', 'tasks', 'run', 'dbt_ecommerce_pipeline', 'dbt_run_gold', 'scheduled__2025-11-23T16:05:00+00:00', '--job-id', '26', '--raw', '--subdir', 'DAGS_FOLDER/dbt_ecommerce_pipeline.py', '--cfg-path', '/tmp/tmp33c1wj4_']
[2025-11-23T16:11:23.328+0000] {standard_task_runner.py:88} INFO - Job 26: Subtask dbt_run_gold
[2025-11-23T16:11:23.367+0000] {task_command.py:423} INFO - Running <TaskInstance: dbt_ecommerce_pipeline.dbt_run_gold scheduled__2025-11-23T16:05:00+00:00 [running]> on host 4731e9e89e36
[2025-11-23T16:11:23.404+0000] {taskinstance.py:2513} INFO - Exporting env vars: AIRFLOW_CTX_DAG_EMAIL='luccanegrini@outlook.com.br' AIRFLOW_CTX_DAG_OWNER='airflow' AIRFLOW_CTX_DAG_ID='dbt_ecommerce_pipeline' AIRFLOW_CTX_TASK_ID='dbt_run_gold' AIRFLOW_CTX_EXECUTION_DATE='2025-11-23T16:05:00+00:00' AIRFLOW_CTX_TRY_NUMBER='1' AIRFLOW_CTX_DAG_RUN_ID='scheduled__2025-11-23T16:05:00+00:00'
[2025-11-23T16:11:23.406+0000] {subprocess.py:63} INFO - Tmp dir root location: /tmp
[2025-11-23T16:11:23.407+0000] {subprocess.py:75} INFO - Running command: ['/usr/bin/bash', '-c', '\n    rm -rf /tmp/dbt_runtime &&     mkdir -p /tmp/dbt_runtime &&     cp -r /opt/airflow/dbt/ecommerce_dbt /tmp/dbt_runtime/ecommerce_dbt &&     cd /tmp/dbt_runtime/ecommerce_dbt &&     dbt run --select tag:gold       --project-dir /tmp/dbt_runtime/ecommerce_dbt       --profiles-dir /home/airflow/.dbt\n    ']
[2025-11-23T16:11:23.418+0000] {subprocess.py:86} INFO - Output:
[2025-11-23T16:11:26.972+0000] {subprocess.py:93} INFO - [0m16:11:26  Running with dbt=1.7.19
[2025-11-23T16:11:27.603+0000] {subprocess.py:93} INFO - [0m16:11:27  [[33mWARNING[0m]: Deprecated functionality
[2025-11-23T16:11:27.604+0000] {subprocess.py:93} INFO - The `log-path` config in `dbt_project.yml` has been deprecated, and will no
[2025-11-23T16:11:27.604+0000] {subprocess.py:93} INFO - longer be supported in a future version of dbt-core. If you wish to write dbt
[2025-11-23T16:11:27.604+0000] {subprocess.py:93} INFO - logs to a custom directory, please use the --log-path CLI flag or DBT_LOG_PATH
[2025-11-23T16:11:27.605+0000] {subprocess.py:93} INFO - env var instead.
[2025-11-23T16:11:27.725+0000] {subprocess.py:93} INFO - [0m16:11:27  Registered adapter: snowflake=1.7.2
[2025-11-23T16:11:27.760+0000] {subprocess.py:93} INFO - [0m16:11:27  [[33mWARNING[0m]: Configuration paths exist in your dbt_project.yml file which do not apply to any resources.
[2025-11-23T16:11:27.760+0000] {subprocess.py:93} INFO - There are 1 unused configuration paths:
[2025-11-23T16:11:27.760+0000] {subprocess.py:93} INFO - - models.ecommerce_dbt.bronze
[2025-11-23T16:11:27.815+0000] {subprocess.py:93} INFO - [0m16:11:27  Found 10 models, 16 tests, 1 source, 0 exposures, 0 metrics, 431 macros, 0 groups, 0 semantic models
[2025-11-23T16:11:27.818+0000] {subprocess.py:93} INFO - [0m16:11:27
[2025-11-23T16:11:31.707+0000] {subprocess.py:93} INFO - [0m16:11:31  Concurrency: 1 threads (target='dev')
[2025-11-23T16:11:31.708+0000] {subprocess.py:93} INFO - [0m16:11:31
[2025-11-23T16:11:31.715+0000] {subprocess.py:93} INFO - [0m16:11:31  1 of 4 START sql incremental model -- Se o modelo definiu +schema, usa só ele (ex: silver, gold)
[2025-11-23T16:11:31.716+0000] {subprocess.py:93} INFO -         gold.campaign_performance  [RUN]
[2025-11-23T16:11:33.636+0000] {subprocess.py:93} INFO - [0m16:11:33  1 of 4 OK created sql incremental model -- Se o modelo definiu +schema, usa só ele (ex: silver, gold)
[2025-11-23T16:11:33.636+0000] {subprocess.py:93} INFO -         gold.campaign_performance  [[32mSUCCESS 1[0m in 1.92s]
[2025-11-23T16:11:33.638+0000] {subprocess.py:93} INFO - [0m16:11:33  2 of 4 START sql incremental model -- Se o modelo definiu +schema, usa só ele (ex: silver, gold)
[2025-11-23T16:11:33.638+0000] {subprocess.py:93} INFO -         gold.funnel_daily  [RUN]
[2025-11-23T16:11:35.250+0000] {subprocess.py:93} INFO - [0m16:11:35  2 of 4 OK created sql incremental model -- Se o modelo definiu +schema, usa só ele (ex: silver, gold)
[2025-11-23T16:11:35.251+0000] {subprocess.py:93} INFO -         gold.funnel_daily  [[32mSUCCESS 1[0m in 1.61s]
[2025-11-23T16:11:35.253+0000] {subprocess.py:93} INFO - [0m16:11:35  3 of 4 START sql incremental model -- Se o modelo definiu +schema, usa só ele (ex: silver, gold)
[2025-11-23T16:11:35.253+0000] {subprocess.py:93} INFO -         gold.product_performance  [RUN]
[2025-11-23T16:11:36.838+0000] {subprocess.py:93} INFO - [0m16:11:36  3 of 4 OK created sql incremental model -- Se o modelo definiu +schema, usa só ele (ex: silver, gold)
[2025-11-23T16:11:36.838+0000] {subprocess.py:93} INFO -         gold.product_performance  [[32mSUCCESS 1[0m in 1.58s]
[2025-11-23T16:11:36.839+0000] {subprocess.py:93} INFO - [0m16:11:36  4 of 4 START sql incremental model -- Se o modelo definiu +schema, usa só ele (ex: silver, gold)
[2025-11-23T16:11:36.840+0000] {subprocess.py:93} INFO -         gold.revenue_daily  [RUN]
[2025-11-23T16:11:38.499+0000] {subprocess.py:93} INFO - [0m16:11:38  4 of 4 OK created sql incremental model -- Se o modelo definiu +schema, usa só ele (ex: silver, gold)
[2025-11-23T16:11:38.500+0000] {subprocess.py:93} INFO -         gold.revenue_daily  [[32mSUCCESS 1[0m in 1.66s]
[2025-11-23T16:11:38.503+0000] {subprocess.py:93} INFO - [0m16:11:38
[2025-11-23T16:11:38.503+0000] {subprocess.py:93} INFO - [0m16:11:38  Finished running 4 incremental models in 0 hours 0 minutes and 10.68 seconds (10.68s).
[2025-11-23T16:11:38.515+0000] {subprocess.py:93} INFO - [0m16:11:38
[2025-11-23T16:11:38.515+0000] {subprocess.py:93} INFO - [0m16:11:38  [32mCompleted successfully[0m
[2025-11-23T16:11:38.515+0000] {subprocess.py:93} INFO - [0m16:11:38
[2025-11-23T16:11:38.516+0000] {subprocess.py:93} INFO - [0m16:11:38  Done. PASS=4 WARN=0 ERROR=0 SKIP=0 TOTAL=4
[2025-11-23T16:11:39.304+0000] {subprocess.py:97} INFO - Command exited with return code 0
[2025-11-23T16:11:39.320+0000] {taskinstance.py:1149} INFO - Marking task as SUCCESS. dag_id=dbt_ecommerce_pipeline, task_id=dbt_run_gold, execution_date=20251123T160500, start_date=20251123T161123, end_date=20251123T161139
[2025-11-23T16:11:39.364+0000] {local_task_job_runner.py:234} INFO - Task exited with return code 0
[2025-11-23T16:11:39.371+0000] {logging_mixin.py:188} WARNING - /home/airflow/.local/lib/python3.11/site-packages/airflow/models/baseoperator.py:1201 AirflowProviderDeprecationWarning: Call to deprecated class SnowflakeOperator. (This class is deprecated. Please use `airflow.providers.common.sql.operators.sql.SQLExecuteQueryOperator`. Also, you can provide `hook_params={'warehouse': <warehouse>, 'database': <database>, 'role': <role>, 'schema': <schema>, 'authenticator': <authenticator>,'session_parameters': <session_parameters>}`.)
[2025-11-23T16:11:39.379+0000] {taskinstance.py:3312} INFO - 1 downstream tasks scheduled from follow-on schedule check
