[2025-11-23T16:02:01.212+0000] {taskinstance.py:1979} INFO - Dependencies all met for dep_context=non-requeueable deps ti=<TaskInstance: dbt_ecommerce_pipeline.load_bronze_events scheduled__2025-11-23T15:55:00+00:00 [queued]>
[2025-11-23T16:02:01.216+0000] {taskinstance.py:1979} INFO - Dependencies all met for dep_context=requeueable deps ti=<TaskInstance: dbt_ecommerce_pipeline.load_bronze_events scheduled__2025-11-23T15:55:00+00:00 [queued]>
[2025-11-23T16:02:01.216+0000] {taskinstance.py:2193} INFO - Starting attempt 1 of 3
[2025-11-23T16:02:01.225+0000] {taskinstance.py:2217} INFO - Executing <Task(SnowflakeOperator): load_bronze_events> on 2025-11-23 15:55:00+00:00
[2025-11-23T16:02:01.232+0000] {standard_task_runner.py:60} INFO - Started process 213 to run task
[2025-11-23T16:02:01.236+0000] {standard_task_runner.py:87} INFO - Running: ['airflow', 'tasks', 'run', 'dbt_ecommerce_pipeline', 'load_bronze_events', 'scheduled__2025-11-23T15:55:00+00:00', '--job-id', '3', '--raw', '--subdir', 'DAGS_FOLDER/dbt_ecommerce_pipeline.py', '--cfg-path', '/tmp/tmpcpqstig_']
[2025-11-23T16:02:01.239+0000] {standard_task_runner.py:88} INFO - Job 3: Subtask load_bronze_events
[2025-11-23T16:02:01.290+0000] {task_command.py:423} INFO - Running <TaskInstance: dbt_ecommerce_pipeline.load_bronze_events scheduled__2025-11-23T15:55:00+00:00 [running]> on host 4731e9e89e36
[2025-11-23T16:02:01.329+0000] {taskinstance.py:2513} INFO - Exporting env vars: AIRFLOW_CTX_DAG_EMAIL='luccanegrini@outlook.com.br' AIRFLOW_CTX_DAG_OWNER='airflow' AIRFLOW_CTX_DAG_ID='dbt_ecommerce_pipeline' AIRFLOW_CTX_TASK_ID='load_bronze_events' AIRFLOW_CTX_EXECUTION_DATE='2025-11-23T15:55:00+00:00' AIRFLOW_CTX_TRY_NUMBER='1' AIRFLOW_CTX_DAG_RUN_ID='scheduled__2025-11-23T15:55:00+00:00'
[2025-11-23T16:02:01.329+0000] {sql.py:276} INFO - Executing: 
            USE DATABASE ECOMMERCE;
            USE SCHEMA BRONZE;

            COPY INTO EVENTS (
                EVENT_ID,
                EVENT_TYPE,
                EVENT_TS,
                USER_ID,
                SESSION_ID,
                PAYLOAD,
                INSERTED_AT
            )
            FROM (
                SELECT
                    $1:event_id::string,
                    $1:event_type::string,
                    $1:event_ts::timestamp_ntz,
                    $1:user_id::string,
                    $1:session_id::string,
                    $1:payload,
                    CURRENT_TIMESTAMP()
                FROM @ECOMMERCE_STAGE
            )
            FILE_FORMAT = (TYPE = JSON)
            ON_ERROR = 'CONTINUE';
        
[2025-11-23T16:02:01.335+0000] {taskinstance.py:2731} ERROR - Task failed with exception
Traceback (most recent call last):
  File "/home/airflow/.local/lib/python3.11/site-packages/airflow/models/taskinstance.py", line 444, in _execute_task
    result = _execute_callable(context=context, **execute_callable_kwargs)
             ^^^^^^^^^^^^^^^^^^^^^^^^^^^^^^^^^^^^^^^^^^^^^^^^^^^^^^^^^^^^^
  File "/home/airflow/.local/lib/python3.11/site-packages/airflow/models/taskinstance.py", line 414, in _execute_callable
    return execute_callable(context=context, **execute_callable_kwargs)
           ^^^^^^^^^^^^^^^^^^^^^^^^^^^^^^^^^^^^^^^^^^^^^^^^^^^^^^^^^^^^
  File "/home/airflow/.local/lib/python3.11/site-packages/airflow/providers/common/sql/operators/sql.py", line 277, in execute
    hook = self.get_db_hook()
           ^^^^^^^^^^^^^^^^^^
  File "/home/airflow/.local/lib/python3.11/site-packages/airflow/providers/common/sql/operators/sql.py", line 188, in get_db_hook
    return self._hook
           ^^^^^^^^^^
  File "/usr/local/lib/python3.11/functools.py", line 1001, in __get__
    val = self.func(instance)
          ^^^^^^^^^^^^^^^^^^^
  File "/home/airflow/.local/lib/python3.11/site-packages/airflow/providers/common/sql/operators/sql.py", line 150, in _hook
    conn = BaseHook.get_connection(conn_id)
           ^^^^^^^^^^^^^^^^^^^^^^^^^^^^^^^^
  File "/home/airflow/.local/lib/python3.11/site-packages/airflow/hooks/base.py", line 82, in get_connection
    conn = Connection.get_connection_from_secrets(conn_id)
           ^^^^^^^^^^^^^^^^^^^^^^^^^^^^^^^^^^^^^^^^^^^^^^^
  File "/home/airflow/.local/lib/python3.11/site-packages/airflow/models/connection.py", line 514, in get_connection_from_secrets
    raise AirflowNotFoundException(f"The conn_id `{conn_id}` isn't defined")
airflow.exceptions.AirflowNotFoundException: The conn_id `snowflake_default` isn't defined
[2025-11-23T16:02:01.338+0000] {taskinstance.py:1149} INFO - Marking task as UP_FOR_RETRY. dag_id=dbt_ecommerce_pipeline, task_id=load_bronze_events, execution_date=20251123T155500, start_date=20251123T160201, end_date=20251123T160201
[2025-11-23T16:02:01.347+0000] {standard_task_runner.py:107} ERROR - Failed to execute job 3 for task load_bronze_events (The conn_id `snowflake_default` isn't defined; 213)
[2025-11-23T16:02:01.369+0000] {local_task_job_runner.py:234} INFO - Task exited with return code 1
[2025-11-23T16:02:01.378+0000] {logging_mixin.py:188} WARNING - /home/airflow/.local/lib/python3.11/site-packages/airflow/models/baseoperator.py:1201 AirflowProviderDeprecationWarning: Call to deprecated class SnowflakeOperator. (This class is deprecated. Please use `airflow.providers.common.sql.operators.sql.SQLExecuteQueryOperator`. Also, you can provide `hook_params={'warehouse': <warehouse>, 'database': <database>, 'role': <role>, 'schema': <schema>, 'authenticator': <authenticator>,'session_parameters': <session_parameters>}`.)
[2025-11-23T16:02:01.385+0000] {taskinstance.py:3312} INFO - 0 downstream tasks scheduled from follow-on schedule check
