[2025-11-23T21:25:36.747+0000] {taskinstance.py:1979} INFO - Dependencies all met for dep_context=non-requeueable deps ti=<TaskInstance: dbt_ecommerce_pipeline.dbt_run_gold scheduled__2025-11-23T21:20:00+00:00 [queued]>
[2025-11-23T21:25:36.751+0000] {taskinstance.py:1979} INFO - Dependencies all met for dep_context=requeueable deps ti=<TaskInstance: dbt_ecommerce_pipeline.dbt_run_gold scheduled__2025-11-23T21:20:00+00:00 [queued]>
[2025-11-23T21:25:36.751+0000] {taskinstance.py:2193} INFO - Starting attempt 1 of 3
[2025-11-23T21:25:36.835+0000] {taskinstance.py:2217} INFO - Executing <Task(BashOperator): dbt_run_gold> on 2025-11-23 21:20:00+00:00
[2025-11-23T21:25:36.842+0000] {standard_task_runner.py:60} INFO - Started process 9789 to run task
[2025-11-23T21:25:36.845+0000] {standard_task_runner.py:87} INFO - Running: ['airflow', 'tasks', 'run', 'dbt_ecommerce_pipeline', 'dbt_run_gold', 'scheduled__2025-11-23T21:20:00+00:00', '--job-id', '282', '--raw', '--subdir', 'DAGS_FOLDER/dbt_ecommerce_pipeline.py', '--cfg-path', '/tmp/tmp6swqk_ty']
[2025-11-23T21:25:36.848+0000] {standard_task_runner.py:88} INFO - Job 282: Subtask dbt_run_gold
[2025-11-23T21:25:36.954+0000] {task_command.py:423} INFO - Running <TaskInstance: dbt_ecommerce_pipeline.dbt_run_gold scheduled__2025-11-23T21:20:00+00:00 [running]> on host 4731e9e89e36
[2025-11-23T21:25:37.207+0000] {taskinstance.py:2513} INFO - Exporting env vars: AIRFLOW_CTX_DAG_OWNER='airflow' AIRFLOW_CTX_DAG_ID='dbt_ecommerce_pipeline' AIRFLOW_CTX_TASK_ID='dbt_run_gold' AIRFLOW_CTX_EXECUTION_DATE='2025-11-23T21:20:00+00:00' AIRFLOW_CTX_TRY_NUMBER='1' AIRFLOW_CTX_DAG_RUN_ID='scheduled__2025-11-23T21:20:00+00:00'
[2025-11-23T21:25:37.209+0000] {subprocess.py:63} INFO - Tmp dir root location: /tmp
[2025-11-23T21:25:37.210+0000] {subprocess.py:75} INFO - Running command: ['/usr/bin/bash', '-c', '\n    rm -rf /tmp/dbt_runtime &&     mkdir -p /tmp/dbt_runtime &&     cp -r /opt/airflow/dbt/ecommerce_dbt /tmp/dbt_runtime/ecommerce_dbt &&     cd /tmp/dbt_runtime/ecommerce_dbt &&     dbt run --select tag:gold       --project-dir /tmp/dbt_runtime/ecommerce_dbt       --profiles-dir /home/airflow/.dbt\n    ']
[2025-11-23T21:25:37.221+0000] {subprocess.py:86} INFO - Output:
[2025-11-23T21:25:41.094+0000] {subprocess.py:93} INFO - [0m21:25:41  Running with dbt=1.7.19
[2025-11-23T21:25:41.762+0000] {subprocess.py:93} INFO - [0m21:25:41  [[33mWARNING[0m]: Deprecated functionality
[2025-11-23T21:25:41.763+0000] {subprocess.py:93} INFO - The `log-path` config in `dbt_project.yml` has been deprecated, and will no
[2025-11-23T21:25:41.763+0000] {subprocess.py:93} INFO - longer be supported in a future version of dbt-core. If you wish to write dbt
[2025-11-23T21:25:41.764+0000] {subprocess.py:93} INFO - logs to a custom directory, please use the --log-path CLI flag or DBT_LOG_PATH
[2025-11-23T21:25:41.764+0000] {subprocess.py:93} INFO - env var instead.
[2025-11-23T21:25:41.883+0000] {subprocess.py:93} INFO - [0m21:25:41  Registered adapter: snowflake=1.7.2
[2025-11-23T21:25:41.977+0000] {subprocess.py:93} INFO - [0m21:25:41  Found 10 models, 19 tests, 1 source, 0 exposures, 0 metrics, 431 macros, 0 groups, 0 semantic models
[2025-11-23T21:25:41.979+0000] {subprocess.py:93} INFO - [0m21:25:41
[2025-11-23T21:25:45.998+0000] {subprocess.py:93} INFO - [0m21:25:45  Concurrency: 1 threads (target='dev')
[2025-11-23T21:25:45.999+0000] {subprocess.py:93} INFO - [0m21:25:45
[2025-11-23T21:25:46.007+0000] {subprocess.py:93} INFO - [0m21:25:46  1 of 4 START sql incremental model -- Se o modelo definiu +schema, usa só ele (ex: silver, gold)
[2025-11-23T21:25:46.007+0000] {subprocess.py:93} INFO -         gold.campaign_performance  [RUN]
[2025-11-23T21:25:47.739+0000] {subprocess.py:93} INFO - [0m21:25:47  1 of 4 OK created sql incremental model -- Se o modelo definiu +schema, usa só ele (ex: silver, gold)
[2025-11-23T21:25:47.740+0000] {subprocess.py:93} INFO -         gold.campaign_performance  [[32mSUCCESS 1[0m in 1.73s]
[2025-11-23T21:25:47.741+0000] {subprocess.py:93} INFO - [0m21:25:47  2 of 4 START sql incremental model -- Se o modelo definiu +schema, usa só ele (ex: silver, gold)
[2025-11-23T21:25:47.741+0000] {subprocess.py:93} INFO -         gold.funnel_daily  [RUN]
[2025-11-23T21:25:49.466+0000] {subprocess.py:93} INFO - [0m21:25:49  2 of 4 OK created sql incremental model -- Se o modelo definiu +schema, usa só ele (ex: silver, gold)
[2025-11-23T21:25:49.467+0000] {subprocess.py:93} INFO -         gold.funnel_daily  [[32mSUCCESS 1[0m in 1.72s]
[2025-11-23T21:25:49.468+0000] {subprocess.py:93} INFO - [0m21:25:49  3 of 4 START sql incremental model -- Se o modelo definiu +schema, usa só ele (ex: silver, gold)
[2025-11-23T21:25:49.468+0000] {subprocess.py:93} INFO -         gold.product_performance  [RUN]
[2025-11-23T21:25:51.283+0000] {subprocess.py:93} INFO - [0m21:25:51  3 of 4 OK created sql incremental model -- Se o modelo definiu +schema, usa só ele (ex: silver, gold)
[2025-11-23T21:25:51.283+0000] {subprocess.py:93} INFO -         gold.product_performance  [[32mSUCCESS 1[0m in 1.81s]
[2025-11-23T21:25:51.284+0000] {subprocess.py:93} INFO - [0m21:25:51  4 of 4 START sql incremental model -- Se o modelo definiu +schema, usa só ele (ex: silver, gold)
[2025-11-23T21:25:51.285+0000] {subprocess.py:93} INFO -         gold.revenue_daily  [RUN]
[2025-11-23T21:25:52.985+0000] {subprocess.py:93} INFO - [0m21:25:52  4 of 4 OK created sql incremental model -- Se o modelo definiu +schema, usa só ele (ex: silver, gold)
[2025-11-23T21:25:52.985+0000] {subprocess.py:93} INFO -         gold.revenue_daily  [[32mSUCCESS 1[0m in 1.70s]
[2025-11-23T21:25:52.988+0000] {subprocess.py:93} INFO - [0m21:25:52
[2025-11-23T21:25:52.989+0000] {subprocess.py:93} INFO - [0m21:25:52  Finished running 4 incremental models in 0 hours 0 minutes and 11.01 seconds (11.01s).
[2025-11-23T21:25:53.001+0000] {subprocess.py:93} INFO - [0m21:25:53
[2025-11-23T21:25:53.001+0000] {subprocess.py:93} INFO - [0m21:25:53  [32mCompleted successfully[0m
[2025-11-23T21:25:53.002+0000] {subprocess.py:93} INFO - [0m21:25:53
[2025-11-23T21:25:53.002+0000] {subprocess.py:93} INFO - [0m21:25:53  Done. PASS=4 WARN=0 ERROR=0 SKIP=0 TOTAL=4
[2025-11-23T21:25:53.768+0000] {subprocess.py:97} INFO - Command exited with return code 0
[2025-11-23T21:25:53.846+0000] {taskinstance.py:1149} INFO - Marking task as SUCCESS. dag_id=dbt_ecommerce_pipeline, task_id=dbt_run_gold, execution_date=20251123T212000, start_date=20251123T212536, end_date=20251123T212553
[2025-11-23T21:25:53.997+0000] {local_task_job_runner.py:234} INFO - Task exited with return code 0
[2025-11-23T21:25:54.005+0000] {taskinstance.py:3312} INFO - 1 downstream tasks scheduled from follow-on schedule check
