[2025-11-23T16:30:34.909+0000] {taskinstance.py:1979} INFO - Dependencies all met for dep_context=non-requeueable deps ti=<TaskInstance: dbt_ecommerce_pipeline.dbt_run_gold scheduled__2025-11-23T16:25:00+00:00 [queued]>
[2025-11-23T16:30:34.913+0000] {taskinstance.py:1979} INFO - Dependencies all met for dep_context=requeueable deps ti=<TaskInstance: dbt_ecommerce_pipeline.dbt_run_gold scheduled__2025-11-23T16:25:00+00:00 [queued]>
[2025-11-23T16:30:34.913+0000] {taskinstance.py:2193} INFO - Starting attempt 1 of 3
[2025-11-23T16:30:34.922+0000] {taskinstance.py:2217} INFO - Executing <Task(BashOperator): dbt_run_gold> on 2025-11-23 16:25:00+00:00
[2025-11-23T16:30:34.929+0000] {standard_task_runner.py:60} INFO - Started process 1492 to run task
[2025-11-23T16:30:34.933+0000] {standard_task_runner.py:87} INFO - Running: ['airflow', 'tasks', 'run', 'dbt_ecommerce_pipeline', 'dbt_run_gold', 'scheduled__2025-11-23T16:25:00+00:00', '--job-id', '46', '--raw', '--subdir', 'DAGS_FOLDER/dbt_ecommerce_pipeline.py', '--cfg-path', '/tmp/tmpersok1t4']
[2025-11-23T16:30:34.936+0000] {standard_task_runner.py:88} INFO - Job 46: Subtask dbt_run_gold
[2025-11-23T16:30:34.984+0000] {task_command.py:423} INFO - Running <TaskInstance: dbt_ecommerce_pipeline.dbt_run_gold scheduled__2025-11-23T16:25:00+00:00 [running]> on host 4731e9e89e36
[2025-11-23T16:30:35.040+0000] {taskinstance.py:2513} INFO - Exporting env vars: AIRFLOW_CTX_DAG_OWNER='airflow' AIRFLOW_CTX_DAG_ID='dbt_ecommerce_pipeline' AIRFLOW_CTX_TASK_ID='dbt_run_gold' AIRFLOW_CTX_EXECUTION_DATE='2025-11-23T16:25:00+00:00' AIRFLOW_CTX_TRY_NUMBER='1' AIRFLOW_CTX_DAG_RUN_ID='scheduled__2025-11-23T16:25:00+00:00'
[2025-11-23T16:30:35.042+0000] {subprocess.py:63} INFO - Tmp dir root location: /tmp
[2025-11-23T16:30:35.043+0000] {subprocess.py:75} INFO - Running command: ['/usr/bin/bash', '-c', '\n    rm -rf /tmp/dbt_runtime &&     mkdir -p /tmp/dbt_runtime &&     cp -r /opt/airflow/dbt/ecommerce_dbt /tmp/dbt_runtime/ecommerce_dbt &&     cd /tmp/dbt_runtime/ecommerce_dbt &&     dbt run --select tag:gold       --project-dir /tmp/dbt_runtime/ecommerce_dbt       --profiles-dir /home/airflow/.dbt\n    ']
[2025-11-23T16:30:35.055+0000] {subprocess.py:86} INFO - Output:
[2025-11-23T16:30:38.706+0000] {subprocess.py:93} INFO - [0m16:30:38  Running with dbt=1.7.19
[2025-11-23T16:30:39.369+0000] {subprocess.py:93} INFO - [0m16:30:39  [[33mWARNING[0m]: Deprecated functionality
[2025-11-23T16:30:39.370+0000] {subprocess.py:93} INFO - The `log-path` config in `dbt_project.yml` has been deprecated, and will no
[2025-11-23T16:30:39.370+0000] {subprocess.py:93} INFO - longer be supported in a future version of dbt-core. If you wish to write dbt
[2025-11-23T16:30:39.370+0000] {subprocess.py:93} INFO - logs to a custom directory, please use the --log-path CLI flag or DBT_LOG_PATH
[2025-11-23T16:30:39.371+0000] {subprocess.py:93} INFO - env var instead.
[2025-11-23T16:30:39.493+0000] {subprocess.py:93} INFO - [0m16:30:39  Registered adapter: snowflake=1.7.2
[2025-11-23T16:30:39.528+0000] {subprocess.py:93} INFO - [0m16:30:39  [[33mWARNING[0m]: Configuration paths exist in your dbt_project.yml file which do not apply to any resources.
[2025-11-23T16:30:39.528+0000] {subprocess.py:93} INFO - There are 1 unused configuration paths:
[2025-11-23T16:30:39.529+0000] {subprocess.py:93} INFO - - models.ecommerce_dbt.bronze
[2025-11-23T16:30:39.592+0000] {subprocess.py:93} INFO - [0m16:30:39  Found 10 models, 16 tests, 1 source, 0 exposures, 0 metrics, 431 macros, 0 groups, 0 semantic models
[2025-11-23T16:30:39.593+0000] {subprocess.py:93} INFO - [0m16:30:39
[2025-11-23T16:30:43.455+0000] {subprocess.py:93} INFO - [0m16:30:43  Concurrency: 1 threads (target='dev')
[2025-11-23T16:30:43.455+0000] {subprocess.py:93} INFO - [0m16:30:43
[2025-11-23T16:30:43.463+0000] {subprocess.py:93} INFO - [0m16:30:43  1 of 4 START sql incremental model -- Se o modelo definiu +schema, usa só ele (ex: silver, gold)
[2025-11-23T16:30:43.463+0000] {subprocess.py:93} INFO -         gold.campaign_performance  [RUN]
[2025-11-23T16:30:45.228+0000] {subprocess.py:93} INFO - [0m16:30:45  1 of 4 OK created sql incremental model -- Se o modelo definiu +schema, usa só ele (ex: silver, gold)
[2025-11-23T16:30:45.229+0000] {subprocess.py:93} INFO -         gold.campaign_performance  [[32mSUCCESS 1[0m in 1.76s]
[2025-11-23T16:30:45.230+0000] {subprocess.py:93} INFO - [0m16:30:45  2 of 4 START sql incremental model -- Se o modelo definiu +schema, usa só ele (ex: silver, gold)
[2025-11-23T16:30:45.230+0000] {subprocess.py:93} INFO -         gold.funnel_daily  [RUN]
[2025-11-23T16:30:46.825+0000] {subprocess.py:93} INFO - [0m16:30:46  2 of 4 OK created sql incremental model -- Se o modelo definiu +schema, usa só ele (ex: silver, gold)
[2025-11-23T16:30:46.825+0000] {subprocess.py:93} INFO -         gold.funnel_daily  [[32mSUCCESS 1[0m in 1.59s]
[2025-11-23T16:30:46.827+0000] {subprocess.py:93} INFO - [0m16:30:46  3 of 4 START sql incremental model -- Se o modelo definiu +schema, usa só ele (ex: silver, gold)
[2025-11-23T16:30:46.827+0000] {subprocess.py:93} INFO -         gold.product_performance  [RUN]
[2025-11-23T16:30:48.515+0000] {subprocess.py:93} INFO - [0m16:30:48  3 of 4 OK created sql incremental model -- Se o modelo definiu +schema, usa só ele (ex: silver, gold)
[2025-11-23T16:30:48.515+0000] {subprocess.py:93} INFO -         gold.product_performance  [[32mSUCCESS 1[0m in 1.69s]
[2025-11-23T16:30:48.517+0000] {subprocess.py:93} INFO - [0m16:30:48  4 of 4 START sql incremental model -- Se o modelo definiu +schema, usa só ele (ex: silver, gold)
[2025-11-23T16:30:48.517+0000] {subprocess.py:93} INFO -         gold.revenue_daily  [RUN]
[2025-11-23T16:30:50.288+0000] {subprocess.py:93} INFO - [0m16:30:50  4 of 4 OK created sql incremental model -- Se o modelo definiu +schema, usa só ele (ex: silver, gold)
[2025-11-23T16:30:50.289+0000] {subprocess.py:93} INFO -         gold.revenue_daily  [[32mSUCCESS 1[0m in 1.77s]
[2025-11-23T16:30:50.291+0000] {subprocess.py:93} INFO - [0m16:30:50
[2025-11-23T16:30:50.292+0000] {subprocess.py:93} INFO - [0m16:30:50  Finished running 4 incremental models in 0 hours 0 minutes and 10.70 seconds (10.70s).
[2025-11-23T16:30:50.303+0000] {subprocess.py:93} INFO - [0m16:30:50
[2025-11-23T16:30:50.304+0000] {subprocess.py:93} INFO - [0m16:30:50  [32mCompleted successfully[0m
[2025-11-23T16:30:50.304+0000] {subprocess.py:93} INFO - [0m16:30:50
[2025-11-23T16:30:50.305+0000] {subprocess.py:93} INFO - [0m16:30:50  Done. PASS=4 WARN=0 ERROR=0 SKIP=0 TOTAL=4
[2025-11-23T16:30:51.105+0000] {subprocess.py:97} INFO - Command exited with return code 0
[2025-11-23T16:30:51.120+0000] {taskinstance.py:1149} INFO - Marking task as SUCCESS. dag_id=dbt_ecommerce_pipeline, task_id=dbt_run_gold, execution_date=20251123T162500, start_date=20251123T163034, end_date=20251123T163051
[2025-11-23T16:30:51.172+0000] {local_task_job_runner.py:234} INFO - Task exited with return code 0
[2025-11-23T16:30:51.181+0000] {taskinstance.py:3312} INFO - 1 downstream tasks scheduled from follow-on schedule check
