[2025-11-23T20:45:34.400+0000] {taskinstance.py:1979} INFO - Dependencies all met for dep_context=non-requeueable deps ti=<TaskInstance: dbt_ecommerce_pipeline.dbt_run_gold scheduled__2025-11-23T20:40:00+00:00 [queued]>
[2025-11-23T20:45:34.404+0000] {taskinstance.py:1979} INFO - Dependencies all met for dep_context=requeueable deps ti=<TaskInstance: dbt_ecommerce_pipeline.dbt_run_gold scheduled__2025-11-23T20:40:00+00:00 [queued]>
[2025-11-23T20:45:34.404+0000] {taskinstance.py:2193} INFO - Starting attempt 1 of 3
[2025-11-23T20:45:34.414+0000] {taskinstance.py:2217} INFO - Executing <Task(BashOperator): dbt_run_gold> on 2025-11-23 20:40:00+00:00
[2025-11-23T20:45:34.421+0000] {standard_task_runner.py:60} INFO - Started process 8668 to run task
[2025-11-23T20:45:34.423+0000] {standard_task_runner.py:87} INFO - Running: ['airflow', 'tasks', 'run', 'dbt_ecommerce_pipeline', 'dbt_run_gold', 'scheduled__2025-11-23T20:40:00+00:00', '--job-id', '250', '--raw', '--subdir', 'DAGS_FOLDER/dbt_ecommerce_pipeline.py', '--cfg-path', '/tmp/tmp8sj68edz']
[2025-11-23T20:45:34.425+0000] {standard_task_runner.py:88} INFO - Job 250: Subtask dbt_run_gold
[2025-11-23T20:45:34.466+0000] {task_command.py:423} INFO - Running <TaskInstance: dbt_ecommerce_pipeline.dbt_run_gold scheduled__2025-11-23T20:40:00+00:00 [running]> on host 4731e9e89e36
[2025-11-23T20:45:34.509+0000] {taskinstance.py:2513} INFO - Exporting env vars: AIRFLOW_CTX_DAG_OWNER='airflow' AIRFLOW_CTX_DAG_ID='dbt_ecommerce_pipeline' AIRFLOW_CTX_TASK_ID='dbt_run_gold' AIRFLOW_CTX_EXECUTION_DATE='2025-11-23T20:40:00+00:00' AIRFLOW_CTX_TRY_NUMBER='1' AIRFLOW_CTX_DAG_RUN_ID='scheduled__2025-11-23T20:40:00+00:00'
[2025-11-23T20:45:34.511+0000] {subprocess.py:63} INFO - Tmp dir root location: /tmp
[2025-11-23T20:45:34.512+0000] {subprocess.py:75} INFO - Running command: ['/usr/bin/bash', '-c', '\n    rm -rf /tmp/dbt_runtime &&     mkdir -p /tmp/dbt_runtime &&     cp -r /opt/airflow/dbt/ecommerce_dbt /tmp/dbt_runtime/ecommerce_dbt &&     cd /tmp/dbt_runtime/ecommerce_dbt &&     dbt run --select tag:gold       --project-dir /tmp/dbt_runtime/ecommerce_dbt       --profiles-dir /home/airflow/.dbt\n    ']
[2025-11-23T20:45:34.522+0000] {subprocess.py:86} INFO - Output:
[2025-11-23T20:45:38.365+0000] {subprocess.py:93} INFO - [0m20:45:38  Running with dbt=1.7.19
[2025-11-23T20:45:39.048+0000] {subprocess.py:93} INFO - [0m20:45:39  [[33mWARNING[0m]: Deprecated functionality
[2025-11-23T20:45:39.048+0000] {subprocess.py:93} INFO - The `log-path` config in `dbt_project.yml` has been deprecated, and will no
[2025-11-23T20:45:39.049+0000] {subprocess.py:93} INFO - longer be supported in a future version of dbt-core. If you wish to write dbt
[2025-11-23T20:45:39.049+0000] {subprocess.py:93} INFO - logs to a custom directory, please use the --log-path CLI flag or DBT_LOG_PATH
[2025-11-23T20:45:39.049+0000] {subprocess.py:93} INFO - env var instead.
[2025-11-23T20:45:39.175+0000] {subprocess.py:93} INFO - [0m20:45:39  Registered adapter: snowflake=1.7.2
[2025-11-23T20:45:39.273+0000] {subprocess.py:93} INFO - [0m20:45:39  Found 10 models, 19 tests, 1 source, 0 exposures, 0 metrics, 431 macros, 0 groups, 0 semantic models
[2025-11-23T20:45:39.275+0000] {subprocess.py:93} INFO - [0m20:45:39
[2025-11-23T20:45:43.216+0000] {subprocess.py:93} INFO - [0m20:45:43  Concurrency: 1 threads (target='dev')
[2025-11-23T20:45:43.216+0000] {subprocess.py:93} INFO - [0m20:45:43
[2025-11-23T20:45:43.224+0000] {subprocess.py:93} INFO - [0m20:45:43  1 of 4 START sql incremental model -- Se o modelo definiu +schema, usa só ele (ex: silver, gold)
[2025-11-23T20:45:43.224+0000] {subprocess.py:93} INFO -         gold.campaign_performance  [RUN]
[2025-11-23T20:45:45.330+0000] {subprocess.py:93} INFO - [0m20:45:45  1 of 4 OK created sql incremental model -- Se o modelo definiu +schema, usa só ele (ex: silver, gold)
[2025-11-23T20:45:45.330+0000] {subprocess.py:93} INFO -         gold.campaign_performance  [[32mSUCCESS 1[0m in 2.10s]
[2025-11-23T20:45:45.331+0000] {subprocess.py:93} INFO - [0m20:45:45  2 of 4 START sql incremental model -- Se o modelo definiu +schema, usa só ele (ex: silver, gold)
[2025-11-23T20:45:45.332+0000] {subprocess.py:93} INFO -         gold.funnel_daily  [RUN]
[2025-11-23T20:45:47.012+0000] {subprocess.py:93} INFO - [0m20:45:47  2 of 4 OK created sql incremental model -- Se o modelo definiu +schema, usa só ele (ex: silver, gold)
[2025-11-23T20:45:47.012+0000] {subprocess.py:93} INFO -         gold.funnel_daily  [[32mSUCCESS 1[0m in 1.68s]
[2025-11-23T20:45:47.013+0000] {subprocess.py:93} INFO - [0m20:45:47  3 of 4 START sql incremental model -- Se o modelo definiu +schema, usa só ele (ex: silver, gold)
[2025-11-23T20:45:47.014+0000] {subprocess.py:93} INFO -         gold.product_performance  [RUN]
[2025-11-23T20:45:49.139+0000] {subprocess.py:93} INFO - [0m20:45:49  3 of 4 OK created sql incremental model -- Se o modelo definiu +schema, usa só ele (ex: silver, gold)
[2025-11-23T20:45:49.139+0000] {subprocess.py:93} INFO -         gold.product_performance  [[32mSUCCESS 1[0m in 2.12s]
[2025-11-23T20:45:49.141+0000] {subprocess.py:93} INFO - [0m20:45:49  4 of 4 START sql incremental model -- Se o modelo definiu +schema, usa só ele (ex: silver, gold)
[2025-11-23T20:45:49.141+0000] {subprocess.py:93} INFO -         gold.revenue_daily  [RUN]
[2025-11-23T20:45:51.008+0000] {subprocess.py:93} INFO - [0m20:45:51  4 of 4 OK created sql incremental model -- Se o modelo definiu +schema, usa só ele (ex: silver, gold)
[2025-11-23T20:45:51.008+0000] {subprocess.py:93} INFO -         gold.revenue_daily  [[32mSUCCESS 1[0m in 1.87s]
[2025-11-23T20:45:51.011+0000] {subprocess.py:93} INFO - [0m20:45:51
[2025-11-23T20:45:51.011+0000] {subprocess.py:93} INFO - [0m20:45:51  Finished running 4 incremental models in 0 hours 0 minutes and 11.74 seconds (11.74s).
[2025-11-23T20:45:51.024+0000] {subprocess.py:93} INFO - [0m20:45:51
[2025-11-23T20:45:51.025+0000] {subprocess.py:93} INFO - [0m20:45:51  [32mCompleted successfully[0m
[2025-11-23T20:45:51.025+0000] {subprocess.py:93} INFO - [0m20:45:51
[2025-11-23T20:45:51.025+0000] {subprocess.py:93} INFO - [0m20:45:51  Done. PASS=4 WARN=0 ERROR=0 SKIP=0 TOTAL=4
[2025-11-23T20:45:51.792+0000] {subprocess.py:97} INFO - Command exited with return code 0
[2025-11-23T20:45:51.808+0000] {taskinstance.py:1149} INFO - Marking task as SUCCESS. dag_id=dbt_ecommerce_pipeline, task_id=dbt_run_gold, execution_date=20251123T204000, start_date=20251123T204534, end_date=20251123T204551
[2025-11-23T20:45:51.826+0000] {local_task_job_runner.py:234} INFO - Task exited with return code 0
[2025-11-23T20:45:51.835+0000] {taskinstance.py:3312} INFO - 1 downstream tasks scheduled from follow-on schedule check
