[2025-11-23T04:23:40.157+0000] {taskinstance.py:1979} INFO - Dependencies all met for dep_context=non-requeueable deps ti=<TaskInstance: dbt_ecommerce_pipeline.dbt_run scheduled__2025-11-22T00:00:00+00:00 [queued]>
[2025-11-23T04:23:40.161+0000] {taskinstance.py:1979} INFO - Dependencies all met for dep_context=requeueable deps ti=<TaskInstance: dbt_ecommerce_pipeline.dbt_run scheduled__2025-11-22T00:00:00+00:00 [queued]>
[2025-11-23T04:23:40.162+0000] {taskinstance.py:2193} INFO - Starting attempt 1 of 2
[2025-11-23T04:23:40.170+0000] {taskinstance.py:2217} INFO - Executing <Task(BashOperator): dbt_run> on 2025-11-22 00:00:00+00:00
[2025-11-23T04:23:40.175+0000] {standard_task_runner.py:60} INFO - Started process 349 to run task
[2025-11-23T04:23:40.178+0000] {standard_task_runner.py:87} INFO - Running: ['airflow', 'tasks', 'run', 'dbt_ecommerce_pipeline', 'dbt_run', 'scheduled__2025-11-22T00:00:00+00:00', '--job-id', '7', '--raw', '--subdir', 'DAGS_FOLDER/ecommerce_dbt_pipeline.py', '--cfg-path', '/tmp/tmpc64j8x46']
[2025-11-23T04:23:40.180+0000] {standard_task_runner.py:88} INFO - Job 7: Subtask dbt_run
[2025-11-23T04:23:40.219+0000] {task_command.py:423} INFO - Running <TaskInstance: dbt_ecommerce_pipeline.dbt_run scheduled__2025-11-22T00:00:00+00:00 [running]> on host 7244b0bf02d5
[2025-11-23T04:23:40.255+0000] {taskinstance.py:2513} INFO - Exporting env vars: AIRFLOW_CTX_DAG_OWNER='airflow' AIRFLOW_CTX_DAG_ID='dbt_ecommerce_pipeline' AIRFLOW_CTX_TASK_ID='dbt_run' AIRFLOW_CTX_EXECUTION_DATE='2025-11-22T00:00:00+00:00' AIRFLOW_CTX_TRY_NUMBER='1' AIRFLOW_CTX_DAG_RUN_ID='scheduled__2025-11-22T00:00:00+00:00'
[2025-11-23T04:23:40.256+0000] {subprocess.py:63} INFO - Tmp dir root location: /tmp
[2025-11-23T04:23:40.257+0000] {subprocess.py:75} INFO - Running command: ['/usr/bin/bash', '-c', '\n    rm -rf /tmp/dbt_runtime &&     mkdir -p /tmp/dbt_runtime &&     cp -r /opt/airflow/dbt/ecommerce_dbt /tmp/dbt_runtime/ecommerce_dbt &&     cd /tmp/dbt_runtime/ecommerce_dbt &&     dbt run       --project-dir /tmp/dbt_runtime/ecommerce_dbt       --profiles-dir /home/airflow/.dbt\n    ']
[2025-11-23T04:23:40.266+0000] {subprocess.py:86} INFO - Output:
[2025-11-23T04:23:43.472+0000] {subprocess.py:93} INFO - [0m04:23:43  Running with dbt=1.7.19
[2025-11-23T04:23:44.112+0000] {subprocess.py:93} INFO - [0m04:23:44  [[33mWARNING[0m]: Deprecated functionality
[2025-11-23T04:23:44.113+0000] {subprocess.py:93} INFO - The `log-path` config in `dbt_project.yml` has been deprecated, and will no
[2025-11-23T04:23:44.113+0000] {subprocess.py:93} INFO - longer be supported in a future version of dbt-core. If you wish to write dbt
[2025-11-23T04:23:44.114+0000] {subprocess.py:93} INFO - logs to a custom directory, please use the --log-path CLI flag or DBT_LOG_PATH
[2025-11-23T04:23:44.114+0000] {subprocess.py:93} INFO - env var instead.
[2025-11-23T04:23:44.250+0000] {subprocess.py:93} INFO - [0m04:23:44  Registered adapter: snowflake=1.7.2
[2025-11-23T04:23:44.268+0000] {subprocess.py:93} INFO - [0m04:23:44  Unable to do partial parsing because of a version mismatch
[2025-11-23T04:23:45.270+0000] {subprocess.py:93} INFO - [0m04:23:45  Found 12 models, 25 tests, 4 sources, 0 exposures, 0 metrics, 430 macros, 0 groups, 0 semantic models
[2025-11-23T04:23:45.272+0000] {subprocess.py:93} INFO - [0m04:23:45
[2025-11-23T04:23:48.074+0000] {subprocess.py:93} INFO - [0m04:23:48  Concurrency: 1 threads (target='dev')
[2025-11-23T04:23:48.075+0000] {subprocess.py:93} INFO - [0m04:23:48
[2025-11-23T04:23:48.082+0000] {subprocess.py:93} INFO - [0m04:23:48  1 of 12 START sql table model DEV.dim_date ..................................... [RUN]
[2025-11-23T04:23:51.336+0000] {subprocess.py:93} INFO - [0m04:23:51  1 of 12 OK created sql table model DEV.dim_date ................................ [[32mSUCCESS 1[0m in 3.25s]
[2025-11-23T04:23:51.338+0000] {subprocess.py:93} INFO - [0m04:23:51  2 of 12 START sql view model DEV.stg_order_items ............................... [RUN]
[2025-11-23T04:23:52.423+0000] {subprocess.py:93} INFO - [0m04:23:52  2 of 12 OK created sql view model DEV.stg_order_items .......................... [[32mSUCCESS 1[0m in 1.08s]
[2025-11-23T04:23:52.425+0000] {subprocess.py:93} INFO - [0m04:23:52  3 of 12 START sql view model DEV.stg_orders .................................... [RUN]
[2025-11-23T04:23:53.491+0000] {subprocess.py:93} INFO - [0m04:23:53  3 of 12 OK created sql view model DEV.stg_orders ............................... [[32mSUCCESS 1[0m in 1.06s]
[2025-11-23T04:23:53.492+0000] {subprocess.py:93} INFO - [0m04:23:53  4 of 12 START sql view model DEV.stg_products .................................. [RUN]
[2025-11-23T04:23:54.540+0000] {subprocess.py:93} INFO - [0m04:23:54  4 of 12 OK created sql view model DEV.stg_products ............................. [[32mSUCCESS 1[0m in 1.05s]
[2025-11-23T04:23:54.542+0000] {subprocess.py:93} INFO - [0m04:23:54  5 of 12 START sql view model DEV.stg_users ..................................... [RUN]
[2025-11-23T04:23:55.744+0000] {subprocess.py:93} INFO - [0m04:23:55  5 of 12 OK created sql view model DEV.stg_users ................................ [[32mSUCCESS 1[0m in 1.20s]
[2025-11-23T04:23:55.745+0000] {subprocess.py:93} INFO - [0m04:23:55  6 of 12 START sql table model DEV.fct_cohort_monthly ........................... [RUN]
[2025-11-23T04:23:57.841+0000] {subprocess.py:93} INFO - [0m04:23:57  6 of 12 OK created sql table model DEV.fct_cohort_monthly ...................... [[32mSUCCESS 1[0m in 2.09s]
[2025-11-23T04:23:57.842+0000] {subprocess.py:93} INFO - [0m04:23:57  7 of 12 START sql table model DEV.fct_daily_sales .............................. [RUN]
[2025-11-23T04:23:59.783+0000] {subprocess.py:93} INFO - [0m04:23:59  7 of 12 OK created sql table model DEV.fct_daily_sales ......................... [[32mSUCCESS 1[0m in 1.94s]
[2025-11-23T04:23:59.785+0000] {subprocess.py:93} INFO - [0m04:23:59  8 of 12 START sql table model DEV.fct_order_items .............................. [RUN]
[2025-11-23T04:24:01.720+0000] {subprocess.py:93} INFO - [0m04:24:01  8 of 12 OK created sql table model DEV.fct_order_items ......................... [[32mSUCCESS 1[0m in 1.93s]
[2025-11-23T04:24:01.722+0000] {subprocess.py:93} INFO - [0m04:24:01  9 of 12 START sql table model DEV.fct_rfm_customer ............................. [RUN]
[2025-11-23T04:24:03.507+0000] {subprocess.py:93} INFO - [0m04:24:03  9 of 12 OK created sql table model DEV.fct_rfm_customer ........................ [[32mSUCCESS 1[0m in 1.78s]
[2025-11-23T04:24:03.508+0000] {subprocess.py:93} INFO - [0m04:24:03  10 of 12 START sql table model DEV.dim_product ................................. [RUN]
[2025-11-23T04:24:06.088+0000] {subprocess.py:93} INFO - [0m04:24:06  10 of 12 OK created sql table model DEV.dim_product ............................ [[32mSUCCESS 1[0m in 2.58s]
[2025-11-23T04:24:06.090+0000] {subprocess.py:93} INFO - [0m04:24:06  11 of 12 START sql table model DEV.dim_user .................................... [RUN]
[2025-11-23T04:24:08.481+0000] {subprocess.py:93} INFO - [0m04:24:08  11 of 12 OK created sql table model DEV.dim_user ............................... [[32mSUCCESS 1[0m in 2.39s]
[2025-11-23T04:24:08.484+0000] {subprocess.py:93} INFO - [0m04:24:08  12 of 12 START sql table model DEV.fct_sales ................................... [RUN]
[2025-11-23T04:24:10.198+0000] {subprocess.py:93} INFO - [0m04:24:10  12 of 12 OK created sql table model DEV.fct_sales .............................. [[32mSUCCESS 1[0m in 1.71s]
[2025-11-23T04:24:10.202+0000] {subprocess.py:93} INFO - [0m04:24:10
[2025-11-23T04:24:10.202+0000] {subprocess.py:93} INFO - [0m04:24:10  Finished running 8 table models, 4 view models in 0 hours 0 minutes and 24.93 seconds (24.93s).
[2025-11-23T04:24:10.216+0000] {subprocess.py:93} INFO - [0m04:24:10
[2025-11-23T04:24:10.217+0000] {subprocess.py:93} INFO - [0m04:24:10  [32mCompleted successfully[0m
[2025-11-23T04:24:10.217+0000] {subprocess.py:93} INFO - [0m04:24:10
[2025-11-23T04:24:10.217+0000] {subprocess.py:93} INFO - [0m04:24:10  Done. PASS=12 WARN=0 ERROR=0 SKIP=0 TOTAL=12
[2025-11-23T04:24:11.163+0000] {subprocess.py:97} INFO - Command exited with return code 0
[2025-11-23T04:24:11.178+0000] {taskinstance.py:1149} INFO - Marking task as SUCCESS. dag_id=dbt_ecommerce_pipeline, task_id=dbt_run, execution_date=20251122T000000, start_date=20251123T042340, end_date=20251123T042411
[2025-11-23T04:24:11.232+0000] {local_task_job_runner.py:234} INFO - Task exited with return code 0
[2025-11-23T04:24:11.240+0000] {taskinstance.py:3312} INFO - 1 downstream tasks scheduled from follow-on schedule check
