[2025-11-23T21:30:10.942+0000] {taskinstance.py:1979} INFO - Dependencies all met for dep_context=non-requeueable deps ti=<TaskInstance: dbt_ecommerce_pipeline.dbt_run_silver scheduled__2025-11-23T21:25:00+00:00 [queued]>
[2025-11-23T21:30:10.946+0000] {taskinstance.py:1979} INFO - Dependencies all met for dep_context=requeueable deps ti=<TaskInstance: dbt_ecommerce_pipeline.dbt_run_silver scheduled__2025-11-23T21:25:00+00:00 [queued]>
[2025-11-23T21:30:10.946+0000] {taskinstance.py:2193} INFO - Starting attempt 1 of 3
[2025-11-23T21:30:10.957+0000] {taskinstance.py:2217} INFO - Executing <Task(BashOperator): dbt_run_silver> on 2025-11-23 21:25:00+00:00
[2025-11-23T21:30:10.964+0000] {standard_task_runner.py:60} INFO - Started process 9889 to run task
[2025-11-23T21:30:10.967+0000] {standard_task_runner.py:87} INFO - Running: ['airflow', 'tasks', 'run', 'dbt_ecommerce_pipeline', 'dbt_run_silver', 'scheduled__2025-11-23T21:25:00+00:00', '--job-id', '285', '--raw', '--subdir', 'DAGS_FOLDER/dbt_ecommerce_pipeline.py', '--cfg-path', '/tmp/tmphfmxqrzz']
[2025-11-23T21:30:10.970+0000] {standard_task_runner.py:88} INFO - Job 285: Subtask dbt_run_silver
[2025-11-23T21:30:11.019+0000] {task_command.py:423} INFO - Running <TaskInstance: dbt_ecommerce_pipeline.dbt_run_silver scheduled__2025-11-23T21:25:00+00:00 [running]> on host 4731e9e89e36
[2025-11-23T21:30:11.073+0000] {taskinstance.py:2513} INFO - Exporting env vars: AIRFLOW_CTX_DAG_OWNER='airflow' AIRFLOW_CTX_DAG_ID='dbt_ecommerce_pipeline' AIRFLOW_CTX_TASK_ID='dbt_run_silver' AIRFLOW_CTX_EXECUTION_DATE='2025-11-23T21:25:00+00:00' AIRFLOW_CTX_TRY_NUMBER='1' AIRFLOW_CTX_DAG_RUN_ID='scheduled__2025-11-23T21:25:00+00:00'
[2025-11-23T21:30:11.074+0000] {subprocess.py:63} INFO - Tmp dir root location: /tmp
[2025-11-23T21:30:11.075+0000] {subprocess.py:75} INFO - Running command: ['/usr/bin/bash', '-c', '\n    rm -rf /tmp/dbt_runtime &&     mkdir -p /tmp/dbt_runtime &&     cp -r /opt/airflow/dbt/ecommerce_dbt /tmp/dbt_runtime/ecommerce_dbt &&     cd /tmp/dbt_runtime/ecommerce_dbt &&     dbt run --select tag:silver       --project-dir /tmp/dbt_runtime/ecommerce_dbt       --profiles-dir /home/airflow/.dbt\n    ']
[2025-11-23T21:30:11.087+0000] {subprocess.py:86} INFO - Output:
[2025-11-23T21:30:14.939+0000] {subprocess.py:93} INFO - [0m21:30:14  Running with dbt=1.7.19
[2025-11-23T21:30:15.598+0000] {subprocess.py:93} INFO - [0m21:30:15  [[33mWARNING[0m]: Deprecated functionality
[2025-11-23T21:30:15.598+0000] {subprocess.py:93} INFO - The `log-path` config in `dbt_project.yml` has been deprecated, and will no
[2025-11-23T21:30:15.599+0000] {subprocess.py:93} INFO - longer be supported in a future version of dbt-core. If you wish to write dbt
[2025-11-23T21:30:15.599+0000] {subprocess.py:93} INFO - logs to a custom directory, please use the --log-path CLI flag or DBT_LOG_PATH
[2025-11-23T21:30:15.599+0000] {subprocess.py:93} INFO - env var instead.
[2025-11-23T21:30:15.726+0000] {subprocess.py:93} INFO - [0m21:30:15  Registered adapter: snowflake=1.7.2
[2025-11-23T21:30:15.819+0000] {subprocess.py:93} INFO - [0m21:30:15  Found 10 models, 19 tests, 1 source, 0 exposures, 0 metrics, 431 macros, 0 groups, 0 semantic models
[2025-11-23T21:30:15.820+0000] {subprocess.py:93} INFO - [0m21:30:15
[2025-11-23T21:30:19.961+0000] {subprocess.py:93} INFO - [0m21:30:19  Concurrency: 1 threads (target='dev')
[2025-11-23T21:30:19.961+0000] {subprocess.py:93} INFO - [0m21:30:19
[2025-11-23T21:30:19.969+0000] {subprocess.py:93} INFO - [0m21:30:19  1 of 6 START sql incremental model -- Se o modelo definiu +schema, usa só ele (ex: silver, gold)
[2025-11-23T21:30:19.969+0000] {subprocess.py:93} INFO -         silver.fct_event_items  [RUN]
[2025-11-23T21:30:21.900+0000] {subprocess.py:93} INFO - [0m21:30:21  1 of 6 OK created sql incremental model -- Se o modelo definiu +schema, usa só ele (ex: silver, gold)
[2025-11-23T21:30:21.900+0000] {subprocess.py:93} INFO -         silver.fct_event_items  [[32mSUCCESS 1[0m in 1.93s]
[2025-11-23T21:30:21.902+0000] {subprocess.py:93} INFO - [0m21:30:21  2 of 6 START sql incremental model -- Se o modelo definiu +schema, usa só ele (ex: silver, gold)
[2025-11-23T21:30:21.902+0000] {subprocess.py:93} INFO -         silver.fct_events  [RUN]
[2025-11-23T21:30:23.620+0000] {subprocess.py:93} INFO - [0m21:30:23  2 of 6 OK created sql incremental model -- Se o modelo definiu +schema, usa só ele (ex: silver, gold)
[2025-11-23T21:30:23.620+0000] {subprocess.py:93} INFO -         silver.fct_events  [[32mSUCCESS 1[0m in 1.72s]
[2025-11-23T21:30:23.622+0000] {subprocess.py:93} INFO - [0m21:30:23  3 of 6 START sql incremental model -- Se o modelo definiu +schema, usa só ele (ex: silver, gold)
[2025-11-23T21:30:23.622+0000] {subprocess.py:93} INFO -         silver.dim_products  [RUN]
[2025-11-23T21:30:25.452+0000] {subprocess.py:93} INFO - [0m21:30:25  3 of 6 OK created sql incremental model -- Se o modelo definiu +schema, usa só ele (ex: silver, gold)
[2025-11-23T21:30:25.453+0000] {subprocess.py:93} INFO -         silver.dim_products  [[32mSUCCESS 1[0m in 1.83s]
[2025-11-23T21:30:25.455+0000] {subprocess.py:93} INFO - [0m21:30:25  4 of 6 START sql incremental model -- Se o modelo definiu +schema, usa só ele (ex: silver, gold)
[2025-11-23T21:30:25.455+0000] {subprocess.py:93} INFO -         silver.dim_campaigns  [RUN]
[2025-11-23T21:30:27.472+0000] {subprocess.py:93} INFO - [0m21:30:27  4 of 6 OK created sql incremental model -- Se o modelo definiu +schema, usa só ele (ex: silver, gold)
[2025-11-23T21:30:27.473+0000] {subprocess.py:93} INFO -         silver.dim_campaigns  [[32mSUCCESS 1[0m in 2.02s]
[2025-11-23T21:30:27.474+0000] {subprocess.py:93} INFO - [0m21:30:27  5 of 6 START sql incremental model -- Se o modelo definiu +schema, usa só ele (ex: silver, gold)
[2025-11-23T21:30:27.474+0000] {subprocess.py:93} INFO -         silver.dim_sessions  [RUN]
[2025-11-23T21:30:29.227+0000] {subprocess.py:93} INFO - [0m21:30:29  5 of 6 OK created sql incremental model -- Se o modelo definiu +schema, usa só ele (ex: silver, gold)
[2025-11-23T21:30:29.227+0000] {subprocess.py:93} INFO -         silver.dim_sessions  [[32mSUCCESS 1[0m in 1.75s]
[2025-11-23T21:30:29.228+0000] {subprocess.py:93} INFO - [0m21:30:29  6 of 6 START sql incremental model -- Se o modelo definiu +schema, usa só ele (ex: silver, gold)
[2025-11-23T21:30:29.228+0000] {subprocess.py:93} INFO -         silver.dim_users  [RUN]
[2025-11-23T21:30:31.000+0000] {subprocess.py:93} INFO - [0m21:30:31  6 of 6 OK created sql incremental model -- Se o modelo definiu +schema, usa só ele (ex: silver, gold)
[2025-11-23T21:30:31.001+0000] {subprocess.py:93} INFO -         silver.dim_users  [[32mSUCCESS 1[0m in 1.77s]
[2025-11-23T21:30:31.004+0000] {subprocess.py:93} INFO - [0m21:30:31
[2025-11-23T21:30:31.008+0000] {subprocess.py:93} INFO - [0m21:30:31  Finished running 6 incremental models in 0 hours 0 minutes and 15.18 seconds (15.18s).
[2025-11-23T21:30:31.019+0000] {subprocess.py:93} INFO - [0m21:30:31
[2025-11-23T21:30:31.019+0000] {subprocess.py:93} INFO - [0m21:30:31  [32mCompleted successfully[0m
[2025-11-23T21:30:31.020+0000] {subprocess.py:93} INFO - [0m21:30:31
[2025-11-23T21:30:31.020+0000] {subprocess.py:93} INFO - [0m21:30:31  Done. PASS=6 WARN=0 ERROR=0 SKIP=0 TOTAL=6
[2025-11-23T21:30:31.943+0000] {subprocess.py:97} INFO - Command exited with return code 0
[2025-11-23T21:30:31.961+0000] {taskinstance.py:1149} INFO - Marking task as SUCCESS. dag_id=dbt_ecommerce_pipeline, task_id=dbt_run_silver, execution_date=20251123T212500, start_date=20251123T213010, end_date=20251123T213031
[2025-11-23T21:30:32.000+0000] {local_task_job_runner.py:234} INFO - Task exited with return code 0
[2025-11-23T21:30:32.011+0000] {taskinstance.py:3312} INFO - 1 downstream tasks scheduled from follow-on schedule check
