[2025-11-23T02:07:43.138+0000] {local_task_job_runner.py:120} INFO - ::group::Pre task execution logs
[2025-11-23T02:07:43.164+0000] {taskinstance.py:2076} INFO - Dependencies all met for dep_context=non-requeueable deps ti=<TaskInstance: dbt_ecommerce_pipeline.dbt_deps scheduled__2025-11-22T00:00:00+00:00 [queued]>
[2025-11-23T02:07:43.169+0000] {taskinstance.py:2076} INFO - Dependencies all met for dep_context=requeueable deps ti=<TaskInstance: dbt_ecommerce_pipeline.dbt_deps scheduled__2025-11-22T00:00:00+00:00 [queued]>
[2025-11-23T02:07:43.169+0000] {taskinstance.py:2306} INFO - Starting attempt 3 of 4
[2025-11-23T02:07:43.180+0000] {taskinstance.py:2330} INFO - Executing <Task(BashOperator): dbt_deps> on 2025-11-22 00:00:00+00:00
[2025-11-23T02:07:43.187+0000] {standard_task_runner.py:63} INFO - Started process 521 to run task
[2025-11-23T02:07:43.189+0000] {standard_task_runner.py:90} INFO - Running: ['airflow', 'tasks', 'run', 'dbt_ecommerce_pipeline', 'dbt_deps', 'scheduled__2025-11-22T00:00:00+00:00', '--job-id', '9', '--raw', '--subdir', 'DAGS_FOLDER/dbt_ecommerce_dag.py', '--cfg-path', '/tmp/tmph7uepf3t']
[2025-11-23T02:07:43.192+0000] {standard_task_runner.py:91} INFO - Job 9: Subtask dbt_deps
[2025-11-23T02:07:43.241+0000] {task_command.py:426} INFO - Running <TaskInstance: dbt_ecommerce_pipeline.dbt_deps scheduled__2025-11-22T00:00:00+00:00 [running]> on host f563a2ce8423
[2025-11-23T02:07:43.292+0000] {taskinstance.py:2648} INFO - Exporting env vars: AIRFLOW_CTX_DAG_OWNER='airflow' AIRFLOW_CTX_DAG_ID='dbt_ecommerce_pipeline' AIRFLOW_CTX_TASK_ID='dbt_deps' AIRFLOW_CTX_EXECUTION_DATE='2025-11-22T00:00:00+00:00' AIRFLOW_CTX_TRY_NUMBER='3' AIRFLOW_CTX_DAG_RUN_ID='scheduled__2025-11-22T00:00:00+00:00'
[2025-11-23T02:07:43.293+0000] {taskinstance.py:430} INFO - ::endgroup::
[2025-11-23T02:07:43.311+0000] {subprocess.py:63} INFO - Tmp dir root location: /tmp
[2025-11-23T02:07:43.312+0000] {subprocess.py:75} INFO - Running command: ['/usr/bin/bash', '-c', 'dbt deps --project-dir /opt/airflow/dbt_project/ecommerce_dbt --profiles-dir /opt/airflow/dbt_project/ecommerce_dbt']
[2025-11-23T02:07:43.324+0000] {subprocess.py:86} INFO - Output:
[2025-11-23T02:07:45.452+0000] {subprocess.py:93} INFO - [0m02:07:45  Encountered an error:
[2025-11-23T02:07:45.453+0000] {subprocess.py:93} INFO - [Errno 13] Permission denied: '/opt/airflow/dbt_project/ecommerce_dbt/logs/dbt.log'
[2025-11-23T02:07:45.454+0000] {subprocess.py:93} INFO - [0m02:07:45  Traceback (most recent call last):
[2025-11-23T02:07:45.454+0000] {subprocess.py:93} INFO -   File "/home/airflow/.local/lib/python3.12/site-packages/dbt/cli/requires.py", line 178, in wrapper
[2025-11-23T02:07:45.455+0000] {subprocess.py:93} INFO -     result, success = func(*args, **kwargs)
[2025-11-23T02:07:45.455+0000] {subprocess.py:93} INFO -                       ^^^^^^^^^^^^^^^^^^^^^
[2025-11-23T02:07:45.455+0000] {subprocess.py:93} INFO -   File "/home/airflow/.local/lib/python3.12/site-packages/dbt/cli/requires.py", line 101, in wrapper
[2025-11-23T02:07:45.456+0000] {subprocess.py:93} INFO -     setup_event_logger(flags=flags, callbacks=callbacks)
[2025-11-23T02:07:45.456+0000] {subprocess.py:93} INFO -   File "/home/airflow/.local/lib/python3.12/site-packages/dbt/events/logging.py", line 100, in setup_event_logger
[2025-11-23T02:07:45.456+0000] {subprocess.py:93} INFO -     add_logger_to_manager(
[2025-11-23T02:07:45.456+0000] {subprocess.py:93} INFO -   File "/home/airflow/.local/lib/python3.12/site-packages/dbt_common/events/event_manager_client.py", line 15, in add_logger_to_manager
[2025-11-23T02:07:45.457+0000] {subprocess.py:93} INFO -     _EVENT_MANAGER.add_logger(logger)
[2025-11-23T02:07:45.457+0000] {subprocess.py:93} INFO -   File "/home/airflow/.local/lib/python3.12/site-packages/dbt_common/events/event_manager.py", line 88, in add_logger
[2025-11-23T02:07:45.457+0000] {subprocess.py:93} INFO -     _JsonLogger(config) if config.line_format == LineFormat.Json else _TextLogger(config)
[2025-11-23T02:07:45.458+0000] {subprocess.py:93} INFO -                                                                       ^^^^^^^^^^^^^^^^^^^
[2025-11-23T02:07:45.458+0000] {subprocess.py:93} INFO -   File "/home/airflow/.local/lib/python3.12/site-packages/dbt_common/events/logger.py", line 147, in __init__
[2025-11-23T02:07:45.458+0000] {subprocess.py:93} INFO -     super().__init__(config)
[2025-11-23T02:07:45.458+0000] {subprocess.py:93} INFO -   File "/home/airflow/.local/lib/python3.12/site-packages/dbt_common/events/logger.py", line 107, in __init__
[2025-11-23T02:07:45.459+0000] {subprocess.py:93} INFO -     file_handler = RotatingFileHandler(
[2025-11-23T02:07:45.459+0000] {subprocess.py:93} INFO -                    ^^^^^^^^^^^^^^^^^^^^
[2025-11-23T02:07:45.459+0000] {subprocess.py:93} INFO -   File "/usr/local/lib/python3.12/logging/handlers.py", line 155, in __init__
[2025-11-23T02:07:45.459+0000] {subprocess.py:93} INFO -     BaseRotatingHandler.__init__(self, filename, mode, encoding=encoding,
[2025-11-23T02:07:45.460+0000] {subprocess.py:93} INFO -   File "/usr/local/lib/python3.12/logging/handlers.py", line 58, in __init__
[2025-11-23T02:07:45.460+0000] {subprocess.py:93} INFO -     logging.FileHandler.__init__(self, filename, mode=mode,
[2025-11-23T02:07:45.460+0000] {subprocess.py:93} INFO -   File "/usr/local/lib/python3.12/logging/__init__.py", line 1231, in __init__
[2025-11-23T02:07:45.461+0000] {subprocess.py:93} INFO -     StreamHandler.__init__(self, self._open())
[2025-11-23T02:07:45.461+0000] {subprocess.py:93} INFO -                                  ^^^^^^^^^^^^
[2025-11-23T02:07:45.461+0000] {subprocess.py:93} INFO -   File "/usr/local/lib/python3.12/logging/__init__.py", line 1263, in _open
[2025-11-23T02:07:45.461+0000] {subprocess.py:93} INFO -     return open_func(self.baseFilename, self.mode,
[2025-11-23T02:07:45.462+0000] {subprocess.py:93} INFO -            ^^^^^^^^^^^^^^^^^^^^^^^^^^^^^^^^^^^^^^^
[2025-11-23T02:07:45.462+0000] {subprocess.py:93} INFO - PermissionError: [Errno 13] Permission denied: '/opt/airflow/dbt_project/ecommerce_dbt/logs/dbt.log'
[2025-11-23T02:07:45.462+0000] {subprocess.py:93} INFO - 
[2025-11-23T02:07:45.563+0000] {subprocess.py:97} INFO - Command exited with return code 2
[2025-11-23T02:07:45.564+0000] {taskinstance.py:441} INFO - ::group::Post task execution logs
[2025-11-23T02:07:45.571+0000] {taskinstance.py:2905} ERROR - Task failed with exception
Traceback (most recent call last):
  File "/home/airflow/.local/lib/python3.12/site-packages/airflow/models/taskinstance.py", line 465, in _execute_task
    result = _execute_callable(context=context, **execute_callable_kwargs)
             ^^^^^^^^^^^^^^^^^^^^^^^^^^^^^^^^^^^^^^^^^^^^^^^^^^^^^^^^^^^^^
  File "/home/airflow/.local/lib/python3.12/site-packages/airflow/models/taskinstance.py", line 432, in _execute_callable
    return execute_callable(context=context, **execute_callable_kwargs)
           ^^^^^^^^^^^^^^^^^^^^^^^^^^^^^^^^^^^^^^^^^^^^^^^^^^^^^^^^^^^^
  File "/home/airflow/.local/lib/python3.12/site-packages/airflow/models/baseoperator.py", line 400, in wrapper
    return func(self, *args, **kwargs)
           ^^^^^^^^^^^^^^^^^^^^^^^^^^^
  File "/home/airflow/.local/lib/python3.12/site-packages/airflow/operators/bash.py", line 243, in execute
    raise AirflowException(
airflow.exceptions.AirflowException: Bash command failed. The command returned a non-zero exit code 2.
[2025-11-23T02:07:45.576+0000] {taskinstance.py:1206} INFO - Marking task as UP_FOR_RETRY. dag_id=dbt_ecommerce_pipeline, task_id=dbt_deps, run_id=scheduled__2025-11-22T00:00:00+00:00, execution_date=20251122T000000, start_date=20251123T020743, end_date=20251123T020745
[2025-11-23T02:07:45.588+0000] {standard_task_runner.py:110} ERROR - Failed to execute job 9 for task dbt_deps (Bash command failed. The command returned a non-zero exit code 2.; 521)
[2025-11-23T02:07:45.608+0000] {local_task_job_runner.py:240} INFO - Task exited with return code 1
[2025-11-23T02:07:45.622+0000] {taskinstance.py:3498} INFO - 0 downstream tasks scheduled from follow-on schedule check
[2025-11-23T02:07:45.623+0000] {local_task_job_runner.py:222} INFO - ::endgroup::
