[2025-11-23T18:35:35.544+0000] {taskinstance.py:1979} INFO - Dependencies all met for dep_context=non-requeueable deps ti=<TaskInstance: dbt_ecommerce_pipeline.dbt_run_gold scheduled__2025-11-23T18:30:00+00:00 [queued]>
[2025-11-23T18:35:35.548+0000] {taskinstance.py:1979} INFO - Dependencies all met for dep_context=requeueable deps ti=<TaskInstance: dbt_ecommerce_pipeline.dbt_run_gold scheduled__2025-11-23T18:30:00+00:00 [queued]>
[2025-11-23T18:35:35.548+0000] {taskinstance.py:2193} INFO - Starting attempt 1 of 3
[2025-11-23T18:35:35.557+0000] {taskinstance.py:2217} INFO - Executing <Task(BashOperator): dbt_run_gold> on 2025-11-23 18:30:00+00:00
[2025-11-23T18:35:35.564+0000] {standard_task_runner.py:60} INFO - Started process 5027 to run task
[2025-11-23T18:35:35.566+0000] {standard_task_runner.py:87} INFO - Running: ['airflow', 'tasks', 'run', 'dbt_ecommerce_pipeline', 'dbt_run_gold', 'scheduled__2025-11-23T18:30:00+00:00', '--job-id', '146', '--raw', '--subdir', 'DAGS_FOLDER/dbt_ecommerce_pipeline.py', '--cfg-path', '/tmp/tmp9dif9v0s']
[2025-11-23T18:35:35.568+0000] {standard_task_runner.py:88} INFO - Job 146: Subtask dbt_run_gold
[2025-11-23T18:35:35.607+0000] {task_command.py:423} INFO - Running <TaskInstance: dbt_ecommerce_pipeline.dbt_run_gold scheduled__2025-11-23T18:30:00+00:00 [running]> on host 4731e9e89e36
[2025-11-23T18:35:35.650+0000] {taskinstance.py:2513} INFO - Exporting env vars: AIRFLOW_CTX_DAG_OWNER='airflow' AIRFLOW_CTX_DAG_ID='dbt_ecommerce_pipeline' AIRFLOW_CTX_TASK_ID='dbt_run_gold' AIRFLOW_CTX_EXECUTION_DATE='2025-11-23T18:30:00+00:00' AIRFLOW_CTX_TRY_NUMBER='1' AIRFLOW_CTX_DAG_RUN_ID='scheduled__2025-11-23T18:30:00+00:00'
[2025-11-23T18:35:35.651+0000] {subprocess.py:63} INFO - Tmp dir root location: /tmp
[2025-11-23T18:35:35.652+0000] {subprocess.py:75} INFO - Running command: ['/usr/bin/bash', '-c', '\n    rm -rf /tmp/dbt_runtime &&     mkdir -p /tmp/dbt_runtime &&     cp -r /opt/airflow/dbt/ecommerce_dbt /tmp/dbt_runtime/ecommerce_dbt &&     cd /tmp/dbt_runtime/ecommerce_dbt &&     dbt run --select tag:gold       --project-dir /tmp/dbt_runtime/ecommerce_dbt       --profiles-dir /home/airflow/.dbt\n    ']
[2025-11-23T18:35:35.664+0000] {subprocess.py:86} INFO - Output:
[2025-11-23T18:35:39.432+0000] {subprocess.py:93} INFO - [0m18:35:39  Running with dbt=1.7.19
[2025-11-23T18:35:40.111+0000] {subprocess.py:93} INFO - [0m18:35:40  [[33mWARNING[0m]: Deprecated functionality
[2025-11-23T18:35:40.112+0000] {subprocess.py:93} INFO - The `log-path` config in `dbt_project.yml` has been deprecated, and will no
[2025-11-23T18:35:40.112+0000] {subprocess.py:93} INFO - longer be supported in a future version of dbt-core. If you wish to write dbt
[2025-11-23T18:35:40.112+0000] {subprocess.py:93} INFO - logs to a custom directory, please use the --log-path CLI flag or DBT_LOG_PATH
[2025-11-23T18:35:40.113+0000] {subprocess.py:93} INFO - env var instead.
[2025-11-23T18:35:40.232+0000] {subprocess.py:93} INFO - [0m18:35:40  Registered adapter: snowflake=1.7.2
[2025-11-23T18:35:40.338+0000] {subprocess.py:93} INFO - [0m18:35:40  Found 10 models, 19 tests, 1 source, 0 exposures, 0 metrics, 431 macros, 0 groups, 0 semantic models
[2025-11-23T18:35:40.341+0000] {subprocess.py:93} INFO - [0m18:35:40
[2025-11-23T18:35:44.488+0000] {subprocess.py:93} INFO - [0m18:35:44  Concurrency: 1 threads (target='dev')
[2025-11-23T18:35:44.488+0000] {subprocess.py:93} INFO - [0m18:35:44
[2025-11-23T18:35:44.496+0000] {subprocess.py:93} INFO - [0m18:35:44  1 of 4 START sql incremental model -- Se o modelo definiu +schema, usa só ele (ex: silver, gold)
[2025-11-23T18:35:44.496+0000] {subprocess.py:93} INFO -         gold.campaign_performance  [RUN]
[2025-11-23T18:35:46.340+0000] {subprocess.py:93} INFO - [0m18:35:46  1 of 4 OK created sql incremental model -- Se o modelo definiu +schema, usa só ele (ex: silver, gold)
[2025-11-23T18:35:46.341+0000] {subprocess.py:93} INFO -         gold.campaign_performance  [[32mSUCCESS 1[0m in 1.84s]
[2025-11-23T18:35:46.342+0000] {subprocess.py:93} INFO - [0m18:35:46  2 of 4 START sql incremental model -- Se o modelo definiu +schema, usa só ele (ex: silver, gold)
[2025-11-23T18:35:46.342+0000] {subprocess.py:93} INFO -         gold.funnel_daily  [RUN]
[2025-11-23T18:35:47.879+0000] {subprocess.py:93} INFO - [0m18:35:47  2 of 4 OK created sql incremental model -- Se o modelo definiu +schema, usa só ele (ex: silver, gold)
[2025-11-23T18:35:47.879+0000] {subprocess.py:93} INFO -         gold.funnel_daily  [[32mSUCCESS 1[0m in 1.54s]
[2025-11-23T18:35:47.880+0000] {subprocess.py:93} INFO - [0m18:35:47  3 of 4 START sql incremental model -- Se o modelo definiu +schema, usa só ele (ex: silver, gold)
[2025-11-23T18:35:47.880+0000] {subprocess.py:93} INFO -         gold.product_performance  [RUN]
[2025-11-23T18:35:49.823+0000] {subprocess.py:93} INFO - [0m18:35:49  3 of 4 OK created sql incremental model -- Se o modelo definiu +schema, usa só ele (ex: silver, gold)
[2025-11-23T18:35:49.824+0000] {subprocess.py:93} INFO -         gold.product_performance  [[32mSUCCESS 1[0m in 1.94s]
[2025-11-23T18:35:49.825+0000] {subprocess.py:93} INFO - [0m18:35:49  4 of 4 START sql incremental model -- Se o modelo definiu +schema, usa só ele (ex: silver, gold)
[2025-11-23T18:35:49.825+0000] {subprocess.py:93} INFO -         gold.revenue_daily  [RUN]
[2025-11-23T18:35:51.400+0000] {subprocess.py:93} INFO - [0m18:35:51  4 of 4 OK created sql incremental model -- Se o modelo definiu +schema, usa só ele (ex: silver, gold)
[2025-11-23T18:35:51.400+0000] {subprocess.py:93} INFO -         gold.revenue_daily  [[32mSUCCESS 1[0m in 1.57s]
[2025-11-23T18:35:51.403+0000] {subprocess.py:93} INFO - [0m18:35:51
[2025-11-23T18:35:51.404+0000] {subprocess.py:93} INFO - [0m18:35:51  Finished running 4 incremental models in 0 hours 0 minutes and 11.06 seconds (11.06s).
[2025-11-23T18:35:51.416+0000] {subprocess.py:93} INFO - [0m18:35:51
[2025-11-23T18:35:51.416+0000] {subprocess.py:93} INFO - [0m18:35:51  [32mCompleted successfully[0m
[2025-11-23T18:35:51.416+0000] {subprocess.py:93} INFO - [0m18:35:51
[2025-11-23T18:35:51.417+0000] {subprocess.py:93} INFO - [0m18:35:51  Done. PASS=4 WARN=0 ERROR=0 SKIP=0 TOTAL=4
[2025-11-23T18:35:52.184+0000] {subprocess.py:97} INFO - Command exited with return code 0
[2025-11-23T18:35:52.199+0000] {taskinstance.py:1149} INFO - Marking task as SUCCESS. dag_id=dbt_ecommerce_pipeline, task_id=dbt_run_gold, execution_date=20251123T183000, start_date=20251123T183535, end_date=20251123T183552
[2025-11-23T18:35:52.245+0000] {local_task_job_runner.py:234} INFO - Task exited with return code 0
[2025-11-23T18:35:52.253+0000] {taskinstance.py:3312} INFO - 1 downstream tasks scheduled from follow-on schedule check
