[2025-11-23T22:50:38.170+0000] {taskinstance.py:1979} INFO - Dependencies all met for dep_context=non-requeueable deps ti=<TaskInstance: dbt_ecommerce_pipeline.dbt_run_gold scheduled__2025-11-23T22:45:00+00:00 [queued]>
[2025-11-23T22:50:38.173+0000] {taskinstance.py:1979} INFO - Dependencies all met for dep_context=requeueable deps ti=<TaskInstance: dbt_ecommerce_pipeline.dbt_run_gold scheduled__2025-11-23T22:45:00+00:00 [queued]>
[2025-11-23T22:50:38.174+0000] {taskinstance.py:2193} INFO - Starting attempt 1 of 3
[2025-11-23T22:50:38.184+0000] {taskinstance.py:2217} INFO - Executing <Task(BashOperator): dbt_run_gold> on 2025-11-23 22:45:00+00:00
[2025-11-23T22:50:38.191+0000] {standard_task_runner.py:60} INFO - Started process 12170 to run task
[2025-11-23T22:50:38.195+0000] {standard_task_runner.py:87} INFO - Running: ['airflow', 'tasks', 'run', 'dbt_ecommerce_pipeline', 'dbt_run_gold', 'scheduled__2025-11-23T22:45:00+00:00', '--job-id', '350', '--raw', '--subdir', 'DAGS_FOLDER/dbt_ecommerce_pipeline.py', '--cfg-path', '/tmp/tmp8lef9p7q']
[2025-11-23T22:50:38.197+0000] {standard_task_runner.py:88} INFO - Job 350: Subtask dbt_run_gold
[2025-11-23T22:50:38.251+0000] {task_command.py:423} INFO - Running <TaskInstance: dbt_ecommerce_pipeline.dbt_run_gold scheduled__2025-11-23T22:45:00+00:00 [running]> on host 4731e9e89e36
[2025-11-23T22:50:38.312+0000] {taskinstance.py:2513} INFO - Exporting env vars: AIRFLOW_CTX_DAG_OWNER='airflow' AIRFLOW_CTX_DAG_ID='dbt_ecommerce_pipeline' AIRFLOW_CTX_TASK_ID='dbt_run_gold' AIRFLOW_CTX_EXECUTION_DATE='2025-11-23T22:45:00+00:00' AIRFLOW_CTX_TRY_NUMBER='1' AIRFLOW_CTX_DAG_RUN_ID='scheduled__2025-11-23T22:45:00+00:00'
[2025-11-23T22:50:38.313+0000] {subprocess.py:63} INFO - Tmp dir root location: /tmp
[2025-11-23T22:50:38.314+0000] {subprocess.py:75} INFO - Running command: ['/usr/bin/bash', '-c', '\n    rm -rf /tmp/dbt_runtime &&     mkdir -p /tmp/dbt_runtime &&     cp -r /opt/airflow/dbt/ecommerce_dbt /tmp/dbt_runtime/ecommerce_dbt &&     cd /tmp/dbt_runtime/ecommerce_dbt &&     dbt run --select tag:gold       --project-dir /tmp/dbt_runtime/ecommerce_dbt       --profiles-dir /home/airflow/.dbt\n    ']
[2025-11-23T22:50:38.326+0000] {subprocess.py:86} INFO - Output:
[2025-11-23T22:50:41.543+0000] {subprocess.py:93} INFO - [0m22:50:41  Running with dbt=1.7.19
[2025-11-23T22:50:42.196+0000] {subprocess.py:93} INFO - [0m22:50:42  [[33mWARNING[0m]: Deprecated functionality
[2025-11-23T22:50:42.196+0000] {subprocess.py:93} INFO - The `log-path` config in `dbt_project.yml` has been deprecated, and will no
[2025-11-23T22:50:42.197+0000] {subprocess.py:93} INFO - longer be supported in a future version of dbt-core. If you wish to write dbt
[2025-11-23T22:50:42.197+0000] {subprocess.py:93} INFO - logs to a custom directory, please use the --log-path CLI flag or DBT_LOG_PATH
[2025-11-23T22:50:42.197+0000] {subprocess.py:93} INFO - env var instead.
[2025-11-23T22:50:42.315+0000] {subprocess.py:93} INFO - [0m22:50:42  Registered adapter: snowflake=1.7.2
[2025-11-23T22:50:42.406+0000] {subprocess.py:93} INFO - [0m22:50:42  Found 10 models, 19 tests, 1 source, 0 exposures, 0 metrics, 431 macros, 0 groups, 0 semantic models
[2025-11-23T22:50:42.408+0000] {subprocess.py:93} INFO - [0m22:50:42
[2025-11-23T22:50:46.302+0000] {subprocess.py:93} INFO - [0m22:50:46  Concurrency: 1 threads (target='dev')
[2025-11-23T22:50:46.303+0000] {subprocess.py:93} INFO - [0m22:50:46
[2025-11-23T22:50:46.314+0000] {subprocess.py:93} INFO - [0m22:50:46  1 of 4 START sql incremental model -- Se o modelo definiu +schema, usa só ele (ex: silver, gold)
[2025-11-23T22:50:46.315+0000] {subprocess.py:93} INFO -         gold.campaign_performance  [RUN]
[2025-11-23T22:50:48.179+0000] {subprocess.py:93} INFO - [0m22:50:48  1 of 4 OK created sql incremental model -- Se o modelo definiu +schema, usa só ele (ex: silver, gold)
[2025-11-23T22:50:48.179+0000] {subprocess.py:93} INFO -         gold.campaign_performance  [[32mSUCCESS 1[0m in 1.86s]
[2025-11-23T22:50:48.181+0000] {subprocess.py:93} INFO - [0m22:50:48  2 of 4 START sql incremental model -- Se o modelo definiu +schema, usa só ele (ex: silver, gold)
[2025-11-23T22:50:48.181+0000] {subprocess.py:93} INFO -         gold.funnel_daily  [RUN]
[2025-11-23T22:50:49.933+0000] {subprocess.py:93} INFO - [0m22:50:49  2 of 4 OK created sql incremental model -- Se o modelo definiu +schema, usa só ele (ex: silver, gold)
[2025-11-23T22:50:49.933+0000] {subprocess.py:93} INFO -         gold.funnel_daily  [[32mSUCCESS 1[0m in 1.75s]
[2025-11-23T22:50:49.934+0000] {subprocess.py:93} INFO - [0m22:50:49  3 of 4 START sql incremental model -- Se o modelo definiu +schema, usa só ele (ex: silver, gold)
[2025-11-23T22:50:49.935+0000] {subprocess.py:93} INFO -         gold.product_performance  [RUN]
[2025-11-23T22:50:51.670+0000] {subprocess.py:93} INFO - [0m22:50:51  3 of 4 OK created sql incremental model -- Se o modelo definiu +schema, usa só ele (ex: silver, gold)
[2025-11-23T22:50:51.670+0000] {subprocess.py:93} INFO -         gold.product_performance  [[32mSUCCESS 1[0m in 1.73s]
[2025-11-23T22:50:51.671+0000] {subprocess.py:93} INFO - [0m22:50:51  4 of 4 START sql incremental model -- Se o modelo definiu +schema, usa só ele (ex: silver, gold)
[2025-11-23T22:50:51.672+0000] {subprocess.py:93} INFO -         gold.revenue_daily  [RUN]
[2025-11-23T22:50:53.234+0000] {subprocess.py:93} INFO - [0m22:50:53  4 of 4 OK created sql incremental model -- Se o modelo definiu +schema, usa só ele (ex: silver, gold)
[2025-11-23T22:50:53.235+0000] {subprocess.py:93} INFO -         gold.revenue_daily  [[32mSUCCESS 1[0m in 1.56s]
[2025-11-23T22:50:53.238+0000] {subprocess.py:93} INFO - [0m22:50:53
[2025-11-23T22:50:53.238+0000] {subprocess.py:93} INFO - [0m22:50:53  Finished running 4 incremental models in 0 hours 0 minutes and 10.83 seconds (10.83s).
[2025-11-23T22:50:53.250+0000] {subprocess.py:93} INFO - [0m22:50:53
[2025-11-23T22:50:53.250+0000] {subprocess.py:93} INFO - [0m22:50:53  [32mCompleted successfully[0m
[2025-11-23T22:50:53.251+0000] {subprocess.py:93} INFO - [0m22:50:53
[2025-11-23T22:50:53.251+0000] {subprocess.py:93} INFO - [0m22:50:53  Done. PASS=4 WARN=0 ERROR=0 SKIP=0 TOTAL=4
[2025-11-23T22:50:54.036+0000] {subprocess.py:97} INFO - Command exited with return code 0
[2025-11-23T22:50:54.052+0000] {taskinstance.py:1149} INFO - Marking task as SUCCESS. dag_id=dbt_ecommerce_pipeline, task_id=dbt_run_gold, execution_date=20251123T224500, start_date=20251123T225038, end_date=20251123T225054
[2025-11-23T22:50:54.072+0000] {local_task_job_runner.py:234} INFO - Task exited with return code 0
[2025-11-23T22:50:54.081+0000] {taskinstance.py:3312} INFO - 1 downstream tasks scheduled from follow-on schedule check
