[2025-11-23T20:40:10.420+0000] {taskinstance.py:1979} INFO - Dependencies all met for dep_context=non-requeueable deps ti=<TaskInstance: dbt_ecommerce_pipeline.dbt_run_silver scheduled__2025-11-23T20:35:00+00:00 [queued]>
[2025-11-23T20:40:10.424+0000] {taskinstance.py:1979} INFO - Dependencies all met for dep_context=requeueable deps ti=<TaskInstance: dbt_ecommerce_pipeline.dbt_run_silver scheduled__2025-11-23T20:35:00+00:00 [queued]>
[2025-11-23T20:40:10.425+0000] {taskinstance.py:2193} INFO - Starting attempt 1 of 3
[2025-11-23T20:40:10.434+0000] {taskinstance.py:2217} INFO - Executing <Task(BashOperator): dbt_run_silver> on 2025-11-23 20:35:00+00:00
[2025-11-23T20:40:10.440+0000] {standard_task_runner.py:60} INFO - Started process 8488 to run task
[2025-11-23T20:40:10.443+0000] {standard_task_runner.py:87} INFO - Running: ['airflow', 'tasks', 'run', 'dbt_ecommerce_pipeline', 'dbt_run_silver', 'scheduled__2025-11-23T20:35:00+00:00', '--job-id', '245', '--raw', '--subdir', 'DAGS_FOLDER/dbt_ecommerce_pipeline.py', '--cfg-path', '/tmp/tmpnph27md8']
[2025-11-23T20:40:10.445+0000] {standard_task_runner.py:88} INFO - Job 245: Subtask dbt_run_silver
[2025-11-23T20:40:10.487+0000] {task_command.py:423} INFO - Running <TaskInstance: dbt_ecommerce_pipeline.dbt_run_silver scheduled__2025-11-23T20:35:00+00:00 [running]> on host 4731e9e89e36
[2025-11-23T20:40:10.535+0000] {taskinstance.py:2513} INFO - Exporting env vars: AIRFLOW_CTX_DAG_OWNER='airflow' AIRFLOW_CTX_DAG_ID='dbt_ecommerce_pipeline' AIRFLOW_CTX_TASK_ID='dbt_run_silver' AIRFLOW_CTX_EXECUTION_DATE='2025-11-23T20:35:00+00:00' AIRFLOW_CTX_TRY_NUMBER='1' AIRFLOW_CTX_DAG_RUN_ID='scheduled__2025-11-23T20:35:00+00:00'
[2025-11-23T20:40:10.536+0000] {subprocess.py:63} INFO - Tmp dir root location: /tmp
[2025-11-23T20:40:10.537+0000] {subprocess.py:75} INFO - Running command: ['/usr/bin/bash', '-c', '\n    rm -rf /tmp/dbt_runtime &&     mkdir -p /tmp/dbt_runtime &&     cp -r /opt/airflow/dbt/ecommerce_dbt /tmp/dbt_runtime/ecommerce_dbt &&     cd /tmp/dbt_runtime/ecommerce_dbt &&     dbt run --select tag:silver       --project-dir /tmp/dbt_runtime/ecommerce_dbt       --profiles-dir /home/airflow/.dbt\n    ']
[2025-11-23T20:40:10.549+0000] {subprocess.py:86} INFO - Output:
[2025-11-23T20:40:14.360+0000] {subprocess.py:93} INFO - [0m20:40:14  Running with dbt=1.7.19
[2025-11-23T20:40:15.025+0000] {subprocess.py:93} INFO - [0m20:40:15  [[33mWARNING[0m]: Deprecated functionality
[2025-11-23T20:40:15.026+0000] {subprocess.py:93} INFO - The `log-path` config in `dbt_project.yml` has been deprecated, and will no
[2025-11-23T20:40:15.026+0000] {subprocess.py:93} INFO - longer be supported in a future version of dbt-core. If you wish to write dbt
[2025-11-23T20:40:15.026+0000] {subprocess.py:93} INFO - logs to a custom directory, please use the --log-path CLI flag or DBT_LOG_PATH
[2025-11-23T20:40:15.026+0000] {subprocess.py:93} INFO - env var instead.
[2025-11-23T20:40:15.153+0000] {subprocess.py:93} INFO - [0m20:40:15  Registered adapter: snowflake=1.7.2
[2025-11-23T20:40:15.243+0000] {subprocess.py:93} INFO - [0m20:40:15  Found 10 models, 19 tests, 1 source, 0 exposures, 0 metrics, 431 macros, 0 groups, 0 semantic models
[2025-11-23T20:40:15.245+0000] {subprocess.py:93} INFO - [0m20:40:15
[2025-11-23T20:40:19.363+0000] {subprocess.py:93} INFO - [0m20:40:19  Concurrency: 1 threads (target='dev')
[2025-11-23T20:40:19.364+0000] {subprocess.py:93} INFO - [0m20:40:19
[2025-11-23T20:40:19.373+0000] {subprocess.py:93} INFO - [0m20:40:19  1 of 6 START sql incremental model -- Se o modelo definiu +schema, usa só ele (ex: silver, gold)
[2025-11-23T20:40:19.374+0000] {subprocess.py:93} INFO -         silver.fct_event_items  [RUN]
[2025-11-23T20:40:21.238+0000] {subprocess.py:93} INFO - [0m20:40:21  1 of 6 OK created sql incremental model -- Se o modelo definiu +schema, usa só ele (ex: silver, gold)
[2025-11-23T20:40:21.238+0000] {subprocess.py:93} INFO -         silver.fct_event_items  [[32mSUCCESS 1[0m in 1.86s]
[2025-11-23T20:40:21.239+0000] {subprocess.py:93} INFO - [0m20:40:21  2 of 6 START sql incremental model -- Se o modelo definiu +schema, usa só ele (ex: silver, gold)
[2025-11-23T20:40:21.240+0000] {subprocess.py:93} INFO -         silver.fct_events  [RUN]
[2025-11-23T20:40:22.808+0000] {subprocess.py:93} INFO - [0m20:40:22  2 of 6 OK created sql incremental model -- Se o modelo definiu +schema, usa só ele (ex: silver, gold)
[2025-11-23T20:40:22.809+0000] {subprocess.py:93} INFO -         silver.fct_events  [[32mSUCCESS 1[0m in 1.57s]
[2025-11-23T20:40:22.810+0000] {subprocess.py:93} INFO - [0m20:40:22  3 of 6 START sql incremental model -- Se o modelo definiu +schema, usa só ele (ex: silver, gold)
[2025-11-23T20:40:22.810+0000] {subprocess.py:93} INFO -         silver.dim_products  [RUN]
[2025-11-23T20:40:24.637+0000] {subprocess.py:93} INFO - [0m20:40:24  3 of 6 OK created sql incremental model -- Se o modelo definiu +schema, usa só ele (ex: silver, gold)
[2025-11-23T20:40:24.638+0000] {subprocess.py:93} INFO -         silver.dim_products  [[32mSUCCESS 1[0m in 1.83s]
[2025-11-23T20:40:24.639+0000] {subprocess.py:93} INFO - [0m20:40:24  4 of 6 START sql incremental model -- Se o modelo definiu +schema, usa só ele (ex: silver, gold)
[2025-11-23T20:40:24.639+0000] {subprocess.py:93} INFO -         silver.dim_campaigns  [RUN]
[2025-11-23T20:40:26.756+0000] {subprocess.py:93} INFO - [0m20:40:26  4 of 6 OK created sql incremental model -- Se o modelo definiu +schema, usa só ele (ex: silver, gold)
[2025-11-23T20:40:26.757+0000] {subprocess.py:93} INFO -         silver.dim_campaigns  [[32mSUCCESS 1[0m in 2.12s]
[2025-11-23T20:40:26.758+0000] {subprocess.py:93} INFO - [0m20:40:26  5 of 6 START sql incremental model -- Se o modelo definiu +schema, usa só ele (ex: silver, gold)
[2025-11-23T20:40:26.758+0000] {subprocess.py:93} INFO -         silver.dim_sessions  [RUN]
[2025-11-23T20:40:28.336+0000] {subprocess.py:93} INFO - [0m20:40:28  5 of 6 OK created sql incremental model -- Se o modelo definiu +schema, usa só ele (ex: silver, gold)
[2025-11-23T20:40:28.337+0000] {subprocess.py:93} INFO -         silver.dim_sessions  [[32mSUCCESS 1[0m in 1.58s]
[2025-11-23T20:40:28.338+0000] {subprocess.py:93} INFO - [0m20:40:28  6 of 6 START sql incremental model -- Se o modelo definiu +schema, usa só ele (ex: silver, gold)
[2025-11-23T20:40:28.338+0000] {subprocess.py:93} INFO -         silver.dim_users  [RUN]
[2025-11-23T20:40:30.110+0000] {subprocess.py:93} INFO - [0m20:40:30  6 of 6 OK created sql incremental model -- Se o modelo definiu +schema, usa só ele (ex: silver, gold)
[2025-11-23T20:40:30.110+0000] {subprocess.py:93} INFO -         silver.dim_users  [[32mSUCCESS 1[0m in 1.77s]
[2025-11-23T20:40:30.113+0000] {subprocess.py:93} INFO - [0m20:40:30
[2025-11-23T20:40:30.114+0000] {subprocess.py:93} INFO - [0m20:40:30  Finished running 6 incremental models in 0 hours 0 minutes and 14.87 seconds (14.87s).
[2025-11-23T20:40:30.127+0000] {subprocess.py:93} INFO - [0m20:40:30
[2025-11-23T20:40:30.127+0000] {subprocess.py:93} INFO - [0m20:40:30  [32mCompleted successfully[0m
[2025-11-23T20:40:30.128+0000] {subprocess.py:93} INFO - [0m20:40:30
[2025-11-23T20:40:30.128+0000] {subprocess.py:93} INFO - [0m20:40:30  Done. PASS=6 WARN=0 ERROR=0 SKIP=0 TOTAL=6
[2025-11-23T20:40:31.057+0000] {subprocess.py:97} INFO - Command exited with return code 0
[2025-11-23T20:40:31.073+0000] {taskinstance.py:1149} INFO - Marking task as SUCCESS. dag_id=dbt_ecommerce_pipeline, task_id=dbt_run_silver, execution_date=20251123T203500, start_date=20251123T204010, end_date=20251123T204031
[2025-11-23T20:40:31.113+0000] {local_task_job_runner.py:234} INFO - Task exited with return code 0
[2025-11-23T20:40:31.124+0000] {taskinstance.py:3312} INFO - 1 downstream tasks scheduled from follow-on schedule check
