[2025-11-23T20:05:11.007+0000] {taskinstance.py:1979} INFO - Dependencies all met for dep_context=non-requeueable deps ti=<TaskInstance: dbt_ecommerce_pipeline.dbt_run_silver scheduled__2025-11-23T20:00:00+00:00 [queued]>
[2025-11-23T20:05:11.012+0000] {taskinstance.py:1979} INFO - Dependencies all met for dep_context=requeueable deps ti=<TaskInstance: dbt_ecommerce_pipeline.dbt_run_silver scheduled__2025-11-23T20:00:00+00:00 [queued]>
[2025-11-23T20:05:11.012+0000] {taskinstance.py:2193} INFO - Starting attempt 1 of 3
[2025-11-23T20:05:11.021+0000] {taskinstance.py:2217} INFO - Executing <Task(BashOperator): dbt_run_silver> on 2025-11-23 20:00:00+00:00
[2025-11-23T20:05:11.027+0000] {standard_task_runner.py:60} INFO - Started process 7508 to run task
[2025-11-23T20:05:11.030+0000] {standard_task_runner.py:87} INFO - Running: ['airflow', 'tasks', 'run', 'dbt_ecommerce_pipeline', 'dbt_run_silver', 'scheduled__2025-11-23T20:00:00+00:00', '--job-id', '217', '--raw', '--subdir', 'DAGS_FOLDER/dbt_ecommerce_pipeline.py', '--cfg-path', '/tmp/tmpf_ik69wl']
[2025-11-23T20:05:11.032+0000] {standard_task_runner.py:88} INFO - Job 217: Subtask dbt_run_silver
[2025-11-23T20:05:11.073+0000] {task_command.py:423} INFO - Running <TaskInstance: dbt_ecommerce_pipeline.dbt_run_silver scheduled__2025-11-23T20:00:00+00:00 [running]> on host 4731e9e89e36
[2025-11-23T20:05:11.119+0000] {taskinstance.py:2513} INFO - Exporting env vars: AIRFLOW_CTX_DAG_OWNER='airflow' AIRFLOW_CTX_DAG_ID='dbt_ecommerce_pipeline' AIRFLOW_CTX_TASK_ID='dbt_run_silver' AIRFLOW_CTX_EXECUTION_DATE='2025-11-23T20:00:00+00:00' AIRFLOW_CTX_TRY_NUMBER='1' AIRFLOW_CTX_DAG_RUN_ID='scheduled__2025-11-23T20:00:00+00:00'
[2025-11-23T20:05:11.121+0000] {subprocess.py:63} INFO - Tmp dir root location: /tmp
[2025-11-23T20:05:11.122+0000] {subprocess.py:75} INFO - Running command: ['/usr/bin/bash', '-c', '\n    rm -rf /tmp/dbt_runtime &&     mkdir -p /tmp/dbt_runtime &&     cp -r /opt/airflow/dbt/ecommerce_dbt /tmp/dbt_runtime/ecommerce_dbt &&     cd /tmp/dbt_runtime/ecommerce_dbt &&     dbt run --select tag:silver       --project-dir /tmp/dbt_runtime/ecommerce_dbt       --profiles-dir /home/airflow/.dbt\n    ']
[2025-11-23T20:05:11.134+0000] {subprocess.py:86} INFO - Output:
[2025-11-23T20:05:14.916+0000] {subprocess.py:93} INFO - [0m20:05:14  Running with dbt=1.7.19
[2025-11-23T20:05:15.563+0000] {subprocess.py:93} INFO - [0m20:05:15  [[33mWARNING[0m]: Deprecated functionality
[2025-11-23T20:05:15.563+0000] {subprocess.py:93} INFO - The `log-path` config in `dbt_project.yml` has been deprecated, and will no
[2025-11-23T20:05:15.563+0000] {subprocess.py:93} INFO - longer be supported in a future version of dbt-core. If you wish to write dbt
[2025-11-23T20:05:15.564+0000] {subprocess.py:93} INFO - logs to a custom directory, please use the --log-path CLI flag or DBT_LOG_PATH
[2025-11-23T20:05:15.564+0000] {subprocess.py:93} INFO - env var instead.
[2025-11-23T20:05:15.689+0000] {subprocess.py:93} INFO - [0m20:05:15  Registered adapter: snowflake=1.7.2
[2025-11-23T20:05:15.780+0000] {subprocess.py:93} INFO - [0m20:05:15  Found 10 models, 19 tests, 1 source, 0 exposures, 0 metrics, 431 macros, 0 groups, 0 semantic models
[2025-11-23T20:05:15.782+0000] {subprocess.py:93} INFO - [0m20:05:15
[2025-11-23T20:05:20.053+0000] {subprocess.py:93} INFO - [0m20:05:20  Concurrency: 1 threads (target='dev')
[2025-11-23T20:05:20.054+0000] {subprocess.py:93} INFO - [0m20:05:20
[2025-11-23T20:05:20.061+0000] {subprocess.py:93} INFO - [0m20:05:20  1 of 6 START sql incremental model -- Se o modelo definiu +schema, usa só ele (ex: silver, gold)
[2025-11-23T20:05:20.064+0000] {subprocess.py:93} INFO -         silver.fct_event_items  [RUN]
[2025-11-23T20:05:22.244+0000] {subprocess.py:93} INFO - [0m20:05:22  1 of 6 OK created sql incremental model -- Se o modelo definiu +schema, usa só ele (ex: silver, gold)
[2025-11-23T20:05:22.244+0000] {subprocess.py:93} INFO -         silver.fct_event_items  [[32mSUCCESS 1[0m in 2.18s]
[2025-11-23T20:05:22.246+0000] {subprocess.py:93} INFO - [0m20:05:22  2 of 6 START sql incremental model -- Se o modelo definiu +schema, usa só ele (ex: silver, gold)
[2025-11-23T20:05:22.246+0000] {subprocess.py:93} INFO -         silver.fct_events  [RUN]
[2025-11-23T20:05:24.103+0000] {subprocess.py:93} INFO - [0m20:05:24  2 of 6 OK created sql incremental model -- Se o modelo definiu +schema, usa só ele (ex: silver, gold)
[2025-11-23T20:05:24.103+0000] {subprocess.py:93} INFO -         silver.fct_events  [[32mSUCCESS 1[0m in 1.86s]
[2025-11-23T20:05:24.105+0000] {subprocess.py:93} INFO - [0m20:05:24  3 of 6 START sql incremental model -- Se o modelo definiu +schema, usa só ele (ex: silver, gold)
[2025-11-23T20:05:24.105+0000] {subprocess.py:93} INFO -         silver.dim_products  [RUN]
[2025-11-23T20:05:25.923+0000] {subprocess.py:93} INFO - [0m20:05:25  3 of 6 OK created sql incremental model -- Se o modelo definiu +schema, usa só ele (ex: silver, gold)
[2025-11-23T20:05:25.924+0000] {subprocess.py:93} INFO -         silver.dim_products  [[32mSUCCESS 1[0m in 1.82s]
[2025-11-23T20:05:25.925+0000] {subprocess.py:93} INFO - [0m20:05:25  4 of 6 START sql incremental model -- Se o modelo definiu +schema, usa só ele (ex: silver, gold)
[2025-11-23T20:05:25.925+0000] {subprocess.py:93} INFO -         silver.dim_campaigns  [RUN]
[2025-11-23T20:05:27.727+0000] {subprocess.py:93} INFO - [0m20:05:27  4 of 6 OK created sql incremental model -- Se o modelo definiu +schema, usa só ele (ex: silver, gold)
[2025-11-23T20:05:27.728+0000] {subprocess.py:93} INFO -         silver.dim_campaigns  [[32mSUCCESS 1[0m in 1.80s]
[2025-11-23T20:05:27.729+0000] {subprocess.py:93} INFO - [0m20:05:27  5 of 6 START sql incremental model -- Se o modelo definiu +schema, usa só ele (ex: silver, gold)
[2025-11-23T20:05:27.730+0000] {subprocess.py:93} INFO -         silver.dim_sessions  [RUN]
[2025-11-23T20:05:29.451+0000] {subprocess.py:93} INFO - [0m20:05:29  5 of 6 OK created sql incremental model -- Se o modelo definiu +schema, usa só ele (ex: silver, gold)
[2025-11-23T20:05:29.452+0000] {subprocess.py:93} INFO -         silver.dim_sessions  [[32mSUCCESS 1[0m in 1.72s]
[2025-11-23T20:05:29.456+0000] {subprocess.py:93} INFO - [0m20:05:29  6 of 6 START sql incremental model -- Se o modelo definiu +schema, usa só ele (ex: silver, gold)
[2025-11-23T20:05:29.456+0000] {subprocess.py:93} INFO -         silver.dim_users  [RUN]
[2025-11-23T20:05:31.343+0000] {subprocess.py:93} INFO - [0m20:05:31  6 of 6 OK created sql incremental model -- Se o modelo definiu +schema, usa só ele (ex: silver, gold)
[2025-11-23T20:05:31.343+0000] {subprocess.py:93} INFO -         silver.dim_users  [[32mSUCCESS 1[0m in 1.89s]
[2025-11-23T20:05:31.346+0000] {subprocess.py:93} INFO - [0m20:05:31
[2025-11-23T20:05:31.347+0000] {subprocess.py:93} INFO - [0m20:05:31  Finished running 6 incremental models in 0 hours 0 minutes and 15.56 seconds (15.56s).
[2025-11-23T20:05:31.361+0000] {subprocess.py:93} INFO - [0m20:05:31
[2025-11-23T20:05:31.361+0000] {subprocess.py:93} INFO - [0m20:05:31  [32mCompleted successfully[0m
[2025-11-23T20:05:31.362+0000] {subprocess.py:93} INFO - [0m20:05:31
[2025-11-23T20:05:31.362+0000] {subprocess.py:93} INFO - [0m20:05:31  Done. PASS=6 WARN=0 ERROR=0 SKIP=0 TOTAL=6
[2025-11-23T20:05:32.290+0000] {subprocess.py:97} INFO - Command exited with return code 0
[2025-11-23T20:05:32.305+0000] {taskinstance.py:1149} INFO - Marking task as SUCCESS. dag_id=dbt_ecommerce_pipeline, task_id=dbt_run_silver, execution_date=20251123T200000, start_date=20251123T200511, end_date=20251123T200532
[2025-11-23T20:05:32.331+0000] {local_task_job_runner.py:234} INFO - Task exited with return code 0
[2025-11-23T20:05:32.342+0000] {taskinstance.py:3312} INFO - 1 downstream tasks scheduled from follow-on schedule check
