[2025-11-23T21:50:34.471+0000] {taskinstance.py:1979} INFO - Dependencies all met for dep_context=non-requeueable deps ti=<TaskInstance: dbt_ecommerce_pipeline.dbt_run_gold scheduled__2025-11-23T21:45:00+00:00 [queued]>
[2025-11-23T21:50:34.475+0000] {taskinstance.py:1979} INFO - Dependencies all met for dep_context=requeueable deps ti=<TaskInstance: dbt_ecommerce_pipeline.dbt_run_gold scheduled__2025-11-23T21:45:00+00:00 [queued]>
[2025-11-23T21:50:34.475+0000] {taskinstance.py:2193} INFO - Starting attempt 1 of 3
[2025-11-23T21:50:34.485+0000] {taskinstance.py:2217} INFO - Executing <Task(BashOperator): dbt_run_gold> on 2025-11-23 21:45:00+00:00
[2025-11-23T21:50:34.492+0000] {standard_task_runner.py:60} INFO - Started process 10489 to run task
[2025-11-23T21:50:34.497+0000] {standard_task_runner.py:87} INFO - Running: ['airflow', 'tasks', 'run', 'dbt_ecommerce_pipeline', 'dbt_run_gold', 'scheduled__2025-11-23T21:45:00+00:00', '--job-id', '302', '--raw', '--subdir', 'DAGS_FOLDER/dbt_ecommerce_pipeline.py', '--cfg-path', '/tmp/tmp85kdzsmk']
[2025-11-23T21:50:34.499+0000] {standard_task_runner.py:88} INFO - Job 302: Subtask dbt_run_gold
[2025-11-23T21:50:34.545+0000] {task_command.py:423} INFO - Running <TaskInstance: dbt_ecommerce_pipeline.dbt_run_gold scheduled__2025-11-23T21:45:00+00:00 [running]> on host 4731e9e89e36
[2025-11-23T21:50:34.592+0000] {taskinstance.py:2513} INFO - Exporting env vars: AIRFLOW_CTX_DAG_OWNER='airflow' AIRFLOW_CTX_DAG_ID='dbt_ecommerce_pipeline' AIRFLOW_CTX_TASK_ID='dbt_run_gold' AIRFLOW_CTX_EXECUTION_DATE='2025-11-23T21:45:00+00:00' AIRFLOW_CTX_TRY_NUMBER='1' AIRFLOW_CTX_DAG_RUN_ID='scheduled__2025-11-23T21:45:00+00:00'
[2025-11-23T21:50:34.594+0000] {subprocess.py:63} INFO - Tmp dir root location: /tmp
[2025-11-23T21:50:34.595+0000] {subprocess.py:75} INFO - Running command: ['/usr/bin/bash', '-c', '\n    rm -rf /tmp/dbt_runtime &&     mkdir -p /tmp/dbt_runtime &&     cp -r /opt/airflow/dbt/ecommerce_dbt /tmp/dbt_runtime/ecommerce_dbt &&     cd /tmp/dbt_runtime/ecommerce_dbt &&     dbt run --select tag:gold       --project-dir /tmp/dbt_runtime/ecommerce_dbt       --profiles-dir /home/airflow/.dbt\n    ']
[2025-11-23T21:50:34.607+0000] {subprocess.py:86} INFO - Output:
[2025-11-23T21:50:38.544+0000] {subprocess.py:93} INFO - [0m21:50:38  Running with dbt=1.7.19
[2025-11-23T21:50:39.204+0000] {subprocess.py:93} INFO - [0m21:50:39  [[33mWARNING[0m]: Deprecated functionality
[2025-11-23T21:50:39.205+0000] {subprocess.py:93} INFO - The `log-path` config in `dbt_project.yml` has been deprecated, and will no
[2025-11-23T21:50:39.205+0000] {subprocess.py:93} INFO - longer be supported in a future version of dbt-core. If you wish to write dbt
[2025-11-23T21:50:39.205+0000] {subprocess.py:93} INFO - logs to a custom directory, please use the --log-path CLI flag or DBT_LOG_PATH
[2025-11-23T21:50:39.206+0000] {subprocess.py:93} INFO - env var instead.
[2025-11-23T21:50:39.330+0000] {subprocess.py:93} INFO - [0m21:50:39  Registered adapter: snowflake=1.7.2
[2025-11-23T21:50:39.428+0000] {subprocess.py:93} INFO - [0m21:50:39  Found 10 models, 19 tests, 1 source, 0 exposures, 0 metrics, 431 macros, 0 groups, 0 semantic models
[2025-11-23T21:50:39.429+0000] {subprocess.py:93} INFO - [0m21:50:39
[2025-11-23T21:50:43.406+0000] {subprocess.py:93} INFO - [0m21:50:43  Concurrency: 1 threads (target='dev')
[2025-11-23T21:50:43.406+0000] {subprocess.py:93} INFO - [0m21:50:43
[2025-11-23T21:50:43.413+0000] {subprocess.py:93} INFO - [0m21:50:43  1 of 4 START sql incremental model -- Se o modelo definiu +schema, usa só ele (ex: silver, gold)
[2025-11-23T21:50:43.414+0000] {subprocess.py:93} INFO -         gold.campaign_performance  [RUN]
[2025-11-23T21:50:45.264+0000] {subprocess.py:93} INFO - [0m21:50:45  1 of 4 OK created sql incremental model -- Se o modelo definiu +schema, usa só ele (ex: silver, gold)
[2025-11-23T21:50:45.265+0000] {subprocess.py:93} INFO -         gold.campaign_performance  [[32mSUCCESS 1[0m in 1.85s]
[2025-11-23T21:50:45.266+0000] {subprocess.py:93} INFO - [0m21:50:45  2 of 4 START sql incremental model -- Se o modelo definiu +schema, usa só ele (ex: silver, gold)
[2025-11-23T21:50:45.267+0000] {subprocess.py:93} INFO -         gold.funnel_daily  [RUN]
[2025-11-23T21:50:46.897+0000] {subprocess.py:93} INFO - [0m21:50:46  2 of 4 OK created sql incremental model -- Se o modelo definiu +schema, usa só ele (ex: silver, gold)
[2025-11-23T21:50:46.898+0000] {subprocess.py:93} INFO -         gold.funnel_daily  [[32mSUCCESS 1[0m in 1.63s]
[2025-11-23T21:50:46.899+0000] {subprocess.py:93} INFO - [0m21:50:46  3 of 4 START sql incremental model -- Se o modelo definiu +schema, usa só ele (ex: silver, gold)
[2025-11-23T21:50:46.899+0000] {subprocess.py:93} INFO -         gold.product_performance  [RUN]
[2025-11-23T21:50:48.603+0000] {subprocess.py:93} INFO - [0m21:50:48  3 of 4 OK created sql incremental model -- Se o modelo definiu +schema, usa só ele (ex: silver, gold)
[2025-11-23T21:50:48.603+0000] {subprocess.py:93} INFO -         gold.product_performance  [[32mSUCCESS 1[0m in 1.70s]
[2025-11-23T21:50:48.604+0000] {subprocess.py:93} INFO - [0m21:50:48  4 of 4 START sql incremental model -- Se o modelo definiu +schema, usa só ele (ex: silver, gold)
[2025-11-23T21:50:48.605+0000] {subprocess.py:93} INFO -         gold.revenue_daily  [RUN]
[2025-11-23T21:50:50.234+0000] {subprocess.py:93} INFO - [0m21:50:50  4 of 4 OK created sql incremental model -- Se o modelo definiu +schema, usa só ele (ex: silver, gold)
[2025-11-23T21:50:50.234+0000] {subprocess.py:93} INFO -         gold.revenue_daily  [[32mSUCCESS 1[0m in 1.63s]
[2025-11-23T21:50:50.237+0000] {subprocess.py:93} INFO - [0m21:50:50
[2025-11-23T21:50:50.237+0000] {subprocess.py:93} INFO - [0m21:50:50  Finished running 4 incremental models in 0 hours 0 minutes and 10.81 seconds (10.81s).
[2025-11-23T21:50:50.250+0000] {subprocess.py:93} INFO - [0m21:50:50
[2025-11-23T21:50:50.251+0000] {subprocess.py:93} INFO - [0m21:50:50  [32mCompleted successfully[0m
[2025-11-23T21:50:50.251+0000] {subprocess.py:93} INFO - [0m21:50:50
[2025-11-23T21:50:50.251+0000] {subprocess.py:93} INFO - [0m21:50:50  Done. PASS=4 WARN=0 ERROR=0 SKIP=0 TOTAL=4
[2025-11-23T21:50:51.028+0000] {subprocess.py:97} INFO - Command exited with return code 0
[2025-11-23T21:50:51.045+0000] {taskinstance.py:1149} INFO - Marking task as SUCCESS. dag_id=dbt_ecommerce_pipeline, task_id=dbt_run_gold, execution_date=20251123T214500, start_date=20251123T215034, end_date=20251123T215051
[2025-11-23T21:50:51.096+0000] {local_task_job_runner.py:234} INFO - Task exited with return code 0
[2025-11-23T21:50:51.105+0000] {taskinstance.py:3312} INFO - 1 downstream tasks scheduled from follow-on schedule check
