[2025-11-23T19:20:11.739+0000] {taskinstance.py:1979} INFO - Dependencies all met for dep_context=non-requeueable deps ti=<TaskInstance: dbt_ecommerce_pipeline.dbt_run_silver scheduled__2025-11-23T19:15:00+00:00 [queued]>
[2025-11-23T19:20:11.743+0000] {taskinstance.py:1979} INFO - Dependencies all met for dep_context=requeueable deps ti=<TaskInstance: dbt_ecommerce_pipeline.dbt_run_silver scheduled__2025-11-23T19:15:00+00:00 [queued]>
[2025-11-23T19:20:11.744+0000] {taskinstance.py:2193} INFO - Starting attempt 1 of 3
[2025-11-23T19:20:11.753+0000] {taskinstance.py:2217} INFO - Executing <Task(BashOperator): dbt_run_silver> on 2025-11-23 19:15:00+00:00
[2025-11-23T19:20:11.759+0000] {standard_task_runner.py:60} INFO - Started process 6248 to run task
[2025-11-23T19:20:11.762+0000] {standard_task_runner.py:87} INFO - Running: ['airflow', 'tasks', 'run', 'dbt_ecommerce_pipeline', 'dbt_run_silver', 'scheduled__2025-11-23T19:15:00+00:00', '--job-id', '181', '--raw', '--subdir', 'DAGS_FOLDER/dbt_ecommerce_pipeline.py', '--cfg-path', '/tmp/tmp70trbf1v']
[2025-11-23T19:20:11.764+0000] {standard_task_runner.py:88} INFO - Job 181: Subtask dbt_run_silver
[2025-11-23T19:20:11.802+0000] {task_command.py:423} INFO - Running <TaskInstance: dbt_ecommerce_pipeline.dbt_run_silver scheduled__2025-11-23T19:15:00+00:00 [running]> on host 4731e9e89e36
[2025-11-23T19:20:11.849+0000] {taskinstance.py:2513} INFO - Exporting env vars: AIRFLOW_CTX_DAG_OWNER='airflow' AIRFLOW_CTX_DAG_ID='dbt_ecommerce_pipeline' AIRFLOW_CTX_TASK_ID='dbt_run_silver' AIRFLOW_CTX_EXECUTION_DATE='2025-11-23T19:15:00+00:00' AIRFLOW_CTX_TRY_NUMBER='1' AIRFLOW_CTX_DAG_RUN_ID='scheduled__2025-11-23T19:15:00+00:00'
[2025-11-23T19:20:11.850+0000] {subprocess.py:63} INFO - Tmp dir root location: /tmp
[2025-11-23T19:20:11.851+0000] {subprocess.py:75} INFO - Running command: ['/usr/bin/bash', '-c', '\n    rm -rf /tmp/dbt_runtime &&     mkdir -p /tmp/dbt_runtime &&     cp -r /opt/airflow/dbt/ecommerce_dbt /tmp/dbt_runtime/ecommerce_dbt &&     cd /tmp/dbt_runtime/ecommerce_dbt &&     dbt run --select tag:silver       --project-dir /tmp/dbt_runtime/ecommerce_dbt       --profiles-dir /home/airflow/.dbt\n    ']
[2025-11-23T19:20:11.863+0000] {subprocess.py:86} INFO - Output:
[2025-11-23T19:20:15.716+0000] {subprocess.py:93} INFO - [0m19:20:15  Running with dbt=1.7.19
[2025-11-23T19:20:16.392+0000] {subprocess.py:93} INFO - [0m19:20:16  [[33mWARNING[0m]: Deprecated functionality
[2025-11-23T19:20:16.393+0000] {subprocess.py:93} INFO - The `log-path` config in `dbt_project.yml` has been deprecated, and will no
[2025-11-23T19:20:16.393+0000] {subprocess.py:93} INFO - longer be supported in a future version of dbt-core. If you wish to write dbt
[2025-11-23T19:20:16.393+0000] {subprocess.py:93} INFO - logs to a custom directory, please use the --log-path CLI flag or DBT_LOG_PATH
[2025-11-23T19:20:16.393+0000] {subprocess.py:93} INFO - env var instead.
[2025-11-23T19:20:16.524+0000] {subprocess.py:93} INFO - [0m19:20:16  Registered adapter: snowflake=1.7.2
[2025-11-23T19:20:16.620+0000] {subprocess.py:93} INFO - [0m19:20:16  Found 10 models, 19 tests, 1 source, 0 exposures, 0 metrics, 431 macros, 0 groups, 0 semantic models
[2025-11-23T19:20:16.622+0000] {subprocess.py:93} INFO - [0m19:20:16
[2025-11-23T19:20:20.838+0000] {subprocess.py:93} INFO - [0m19:20:20  Concurrency: 1 threads (target='dev')
[2025-11-23T19:20:20.839+0000] {subprocess.py:93} INFO - [0m19:20:20
[2025-11-23T19:20:20.846+0000] {subprocess.py:93} INFO - [0m19:20:20  1 of 6 START sql incremental model -- Se o modelo definiu +schema, usa só ele (ex: silver, gold)
[2025-11-23T19:20:20.847+0000] {subprocess.py:93} INFO -         silver.fct_event_items  [RUN]
[2025-11-23T19:20:22.701+0000] {subprocess.py:93} INFO - [0m19:20:22  1 of 6 OK created sql incremental model -- Se o modelo definiu +schema, usa só ele (ex: silver, gold)
[2025-11-23T19:20:22.701+0000] {subprocess.py:93} INFO -         silver.fct_event_items  [[32mSUCCESS 1[0m in 1.85s]
[2025-11-23T19:20:22.702+0000] {subprocess.py:93} INFO - [0m19:20:22  2 of 6 START sql incremental model -- Se o modelo definiu +schema, usa só ele (ex: silver, gold)
[2025-11-23T19:20:22.703+0000] {subprocess.py:93} INFO -         silver.fct_events  [RUN]
[2025-11-23T19:20:24.441+0000] {subprocess.py:93} INFO - [0m19:20:24  2 of 6 OK created sql incremental model -- Se o modelo definiu +schema, usa só ele (ex: silver, gold)
[2025-11-23T19:20:24.442+0000] {subprocess.py:93} INFO -         silver.fct_events  [[32mSUCCESS 1[0m in 1.74s]
[2025-11-23T19:20:24.442+0000] {subprocess.py:93} INFO - [0m19:20:24  3 of 6 START sql incremental model -- Se o modelo definiu +schema, usa só ele (ex: silver, gold)
[2025-11-23T19:20:24.443+0000] {subprocess.py:93} INFO -         silver.dim_products  [RUN]
[2025-11-23T19:20:26.362+0000] {subprocess.py:93} INFO - [0m19:20:26  3 of 6 OK created sql incremental model -- Se o modelo definiu +schema, usa só ele (ex: silver, gold)
[2025-11-23T19:20:26.363+0000] {subprocess.py:93} INFO -         silver.dim_products  [[32mSUCCESS 1[0m in 1.92s]
[2025-11-23T19:20:26.364+0000] {subprocess.py:93} INFO - [0m19:20:26  4 of 6 START sql incremental model -- Se o modelo definiu +schema, usa só ele (ex: silver, gold)
[2025-11-23T19:20:26.365+0000] {subprocess.py:93} INFO -         silver.dim_campaigns  [RUN]
[2025-11-23T19:20:28.419+0000] {subprocess.py:93} INFO - [0m19:20:28  4 of 6 OK created sql incremental model -- Se o modelo definiu +schema, usa só ele (ex: silver, gold)
[2025-11-23T19:20:28.419+0000] {subprocess.py:93} INFO -         silver.dim_campaigns  [[32mSUCCESS 1[0m in 2.05s]
[2025-11-23T19:20:28.420+0000] {subprocess.py:93} INFO - [0m19:20:28  5 of 6 START sql incremental model -- Se o modelo definiu +schema, usa só ele (ex: silver, gold)
[2025-11-23T19:20:28.420+0000] {subprocess.py:93} INFO -         silver.dim_sessions  [RUN]
[2025-11-23T19:20:30.103+0000] {subprocess.py:93} INFO - [0m19:20:30  5 of 6 OK created sql incremental model -- Se o modelo definiu +schema, usa só ele (ex: silver, gold)
[2025-11-23T19:20:30.104+0000] {subprocess.py:93} INFO -         silver.dim_sessions  [[32mSUCCESS 1[0m in 1.68s]
[2025-11-23T19:20:30.105+0000] {subprocess.py:93} INFO - [0m19:20:30  6 of 6 START sql incremental model -- Se o modelo definiu +schema, usa só ele (ex: silver, gold)
[2025-11-23T19:20:30.105+0000] {subprocess.py:93} INFO -         silver.dim_users  [RUN]
[2025-11-23T19:20:31.965+0000] {subprocess.py:93} INFO - [0m19:20:31  6 of 6 OK created sql incremental model -- Se o modelo definiu +schema, usa só ele (ex: silver, gold)
[2025-11-23T19:20:31.965+0000] {subprocess.py:93} INFO -         silver.dim_users  [[32mSUCCESS 1[0m in 1.86s]
[2025-11-23T19:20:31.968+0000] {subprocess.py:93} INFO - [0m19:20:31
[2025-11-23T19:20:31.969+0000] {subprocess.py:93} INFO - [0m19:20:31  Finished running 6 incremental models in 0 hours 0 minutes and 15.35 seconds (15.35s).
[2025-11-23T19:20:31.982+0000] {subprocess.py:93} INFO - [0m19:20:31
[2025-11-23T19:20:31.982+0000] {subprocess.py:93} INFO - [0m19:20:31  [32mCompleted successfully[0m
[2025-11-23T19:20:31.983+0000] {subprocess.py:93} INFO - [0m19:20:31
[2025-11-23T19:20:31.983+0000] {subprocess.py:93} INFO - [0m19:20:31  Done. PASS=6 WARN=0 ERROR=0 SKIP=0 TOTAL=6
[2025-11-23T19:20:32.908+0000] {subprocess.py:97} INFO - Command exited with return code 0
[2025-11-23T19:20:32.923+0000] {taskinstance.py:1149} INFO - Marking task as SUCCESS. dag_id=dbt_ecommerce_pipeline, task_id=dbt_run_silver, execution_date=20251123T191500, start_date=20251123T192011, end_date=20251123T192032
[2025-11-23T19:20:32.956+0000] {local_task_job_runner.py:234} INFO - Task exited with return code 0
[2025-11-23T19:20:32.967+0000] {taskinstance.py:3312} INFO - 1 downstream tasks scheduled from follow-on schedule check
