[2025-11-23T17:40:10.301+0000] {taskinstance.py:1979} INFO - Dependencies all met for dep_context=non-requeueable deps ti=<TaskInstance: dbt_ecommerce_pipeline.dbt_run_silver scheduled__2025-11-23T17:35:00+00:00 [queued]>
[2025-11-23T17:40:10.305+0000] {taskinstance.py:1979} INFO - Dependencies all met for dep_context=requeueable deps ti=<TaskInstance: dbt_ecommerce_pipeline.dbt_run_silver scheduled__2025-11-23T17:35:00+00:00 [queued]>
[2025-11-23T17:40:10.305+0000] {taskinstance.py:2193} INFO - Starting attempt 1 of 3
[2025-11-23T17:40:10.314+0000] {taskinstance.py:2217} INFO - Executing <Task(BashOperator): dbt_run_silver> on 2025-11-23 17:35:00+00:00
[2025-11-23T17:40:10.321+0000] {standard_task_runner.py:60} INFO - Started process 3447 to run task
[2025-11-23T17:40:10.323+0000] {standard_task_runner.py:87} INFO - Running: ['airflow', 'tasks', 'run', 'dbt_ecommerce_pipeline', 'dbt_run_silver', 'scheduled__2025-11-23T17:35:00+00:00', '--job-id', '101', '--raw', '--subdir', 'DAGS_FOLDER/dbt_ecommerce_pipeline.py', '--cfg-path', '/tmp/tmp7cvw2w53']
[2025-11-23T17:40:10.325+0000] {standard_task_runner.py:88} INFO - Job 101: Subtask dbt_run_silver
[2025-11-23T17:40:10.363+0000] {task_command.py:423} INFO - Running <TaskInstance: dbt_ecommerce_pipeline.dbt_run_silver scheduled__2025-11-23T17:35:00+00:00 [running]> on host 4731e9e89e36
[2025-11-23T17:40:10.404+0000] {taskinstance.py:2513} INFO - Exporting env vars: AIRFLOW_CTX_DAG_OWNER='airflow' AIRFLOW_CTX_DAG_ID='dbt_ecommerce_pipeline' AIRFLOW_CTX_TASK_ID='dbt_run_silver' AIRFLOW_CTX_EXECUTION_DATE='2025-11-23T17:35:00+00:00' AIRFLOW_CTX_TRY_NUMBER='1' AIRFLOW_CTX_DAG_RUN_ID='scheduled__2025-11-23T17:35:00+00:00'
[2025-11-23T17:40:10.405+0000] {subprocess.py:63} INFO - Tmp dir root location: /tmp
[2025-11-23T17:40:10.406+0000] {subprocess.py:75} INFO - Running command: ['/usr/bin/bash', '-c', '\n    rm -rf /tmp/dbt_runtime &&     mkdir -p /tmp/dbt_runtime &&     cp -r /opt/airflow/dbt/ecommerce_dbt /tmp/dbt_runtime/ecommerce_dbt &&     cd /tmp/dbt_runtime/ecommerce_dbt &&     dbt run --select tag:silver       --project-dir /tmp/dbt_runtime/ecommerce_dbt       --profiles-dir /home/airflow/.dbt\n    ']
[2025-11-23T17:40:10.417+0000] {subprocess.py:86} INFO - Output:
[2025-11-23T17:40:14.254+0000] {subprocess.py:93} INFO - [0m17:40:14  Running with dbt=1.7.19
[2025-11-23T17:40:14.898+0000] {subprocess.py:93} INFO - [0m17:40:14  [[33mWARNING[0m]: Deprecated functionality
[2025-11-23T17:40:14.898+0000] {subprocess.py:93} INFO - The `log-path` config in `dbt_project.yml` has been deprecated, and will no
[2025-11-23T17:40:14.899+0000] {subprocess.py:93} INFO - longer be supported in a future version of dbt-core. If you wish to write dbt
[2025-11-23T17:40:14.899+0000] {subprocess.py:93} INFO - logs to a custom directory, please use the --log-path CLI flag or DBT_LOG_PATH
[2025-11-23T17:40:14.899+0000] {subprocess.py:93} INFO - env var instead.
[2025-11-23T17:40:15.017+0000] {subprocess.py:93} INFO - [0m17:40:15  Registered adapter: snowflake=1.7.2
[2025-11-23T17:40:15.109+0000] {subprocess.py:93} INFO - [0m17:40:15  Found 10 models, 19 tests, 1 source, 0 exposures, 0 metrics, 431 macros, 0 groups, 0 semantic models
[2025-11-23T17:40:15.111+0000] {subprocess.py:93} INFO - [0m17:40:15
[2025-11-23T17:40:19.068+0000] {subprocess.py:93} INFO - [0m17:40:19  Concurrency: 1 threads (target='dev')
[2025-11-23T17:40:19.069+0000] {subprocess.py:93} INFO - [0m17:40:19
[2025-11-23T17:40:19.076+0000] {subprocess.py:93} INFO - [0m17:40:19  1 of 6 START sql incremental model -- Se o modelo definiu +schema, usa só ele (ex: silver, gold)
[2025-11-23T17:40:19.080+0000] {subprocess.py:93} INFO -         silver.fct_event_items  [RUN]
[2025-11-23T17:40:20.963+0000] {subprocess.py:93} INFO - [0m17:40:20  1 of 6 OK created sql incremental model -- Se o modelo definiu +schema, usa só ele (ex: silver, gold)
[2025-11-23T17:40:20.964+0000] {subprocess.py:93} INFO -         silver.fct_event_items  [[32mSUCCESS 1[0m in 1.89s]
[2025-11-23T17:40:20.965+0000] {subprocess.py:93} INFO - [0m17:40:20  2 of 6 START sql incremental model -- Se o modelo definiu +schema, usa só ele (ex: silver, gold)
[2025-11-23T17:40:20.966+0000] {subprocess.py:93} INFO -         silver.fct_events  [RUN]
[2025-11-23T17:40:22.709+0000] {subprocess.py:93} INFO - [0m17:40:22  2 of 6 OK created sql incremental model -- Se o modelo definiu +schema, usa só ele (ex: silver, gold)
[2025-11-23T17:40:22.709+0000] {subprocess.py:93} INFO -         silver.fct_events  [[32mSUCCESS 1[0m in 1.74s]
[2025-11-23T17:40:22.710+0000] {subprocess.py:93} INFO - [0m17:40:22  3 of 6 START sql incremental model -- Se o modelo definiu +schema, usa só ele (ex: silver, gold)
[2025-11-23T17:40:22.710+0000] {subprocess.py:93} INFO -         silver.dim_products  [RUN]
[2025-11-23T17:40:24.596+0000] {subprocess.py:93} INFO - [0m17:40:24  3 of 6 OK created sql incremental model -- Se o modelo definiu +schema, usa só ele (ex: silver, gold)
[2025-11-23T17:40:24.597+0000] {subprocess.py:93} INFO -         silver.dim_products  [[32mSUCCESS 1[0m in 1.88s]
[2025-11-23T17:40:24.598+0000] {subprocess.py:93} INFO - [0m17:40:24  4 of 6 START sql incremental model -- Se o modelo definiu +schema, usa só ele (ex: silver, gold)
[2025-11-23T17:40:24.598+0000] {subprocess.py:93} INFO -         silver.dim_campaigns  [RUN]
[2025-11-23T17:40:26.809+0000] {subprocess.py:93} INFO - [0m17:40:26  4 of 6 OK created sql incremental model -- Se o modelo definiu +schema, usa só ele (ex: silver, gold)
[2025-11-23T17:40:26.809+0000] {subprocess.py:93} INFO -         silver.dim_campaigns  [[32mSUCCESS 1[0m in 2.21s]
[2025-11-23T17:40:26.810+0000] {subprocess.py:93} INFO - [0m17:40:26  5 of 6 START sql incremental model -- Se o modelo definiu +schema, usa só ele (ex: silver, gold)
[2025-11-23T17:40:26.811+0000] {subprocess.py:93} INFO -         silver.dim_sessions  [RUN]
[2025-11-23T17:40:28.713+0000] {subprocess.py:93} INFO - [0m17:40:28  5 of 6 OK created sql incremental model -- Se o modelo definiu +schema, usa só ele (ex: silver, gold)
[2025-11-23T17:40:28.713+0000] {subprocess.py:93} INFO -         silver.dim_sessions  [[32mSUCCESS 1[0m in 1.90s]
[2025-11-23T17:40:28.714+0000] {subprocess.py:93} INFO - [0m17:40:28  6 of 6 START sql incremental model -- Se o modelo definiu +schema, usa só ele (ex: silver, gold)
[2025-11-23T17:40:28.715+0000] {subprocess.py:93} INFO -         silver.dim_users  [RUN]
[2025-11-23T17:40:30.463+0000] {subprocess.py:93} INFO - [0m17:40:30  6 of 6 OK created sql incremental model -- Se o modelo definiu +schema, usa só ele (ex: silver, gold)
[2025-11-23T17:40:30.464+0000] {subprocess.py:93} INFO -         silver.dim_users  [[32mSUCCESS 1[0m in 1.75s]
[2025-11-23T17:40:30.467+0000] {subprocess.py:93} INFO - [0m17:40:30
[2025-11-23T17:40:30.467+0000] {subprocess.py:93} INFO - [0m17:40:30  Finished running 6 incremental models in 0 hours 0 minutes and 15.36 seconds (15.36s).
[2025-11-23T17:40:30.481+0000] {subprocess.py:93} INFO - [0m17:40:30
[2025-11-23T17:40:30.481+0000] {subprocess.py:93} INFO - [0m17:40:30  [32mCompleted successfully[0m
[2025-11-23T17:40:30.481+0000] {subprocess.py:93} INFO - [0m17:40:30
[2025-11-23T17:40:30.482+0000] {subprocess.py:93} INFO - [0m17:40:30  Done. PASS=6 WARN=0 ERROR=0 SKIP=0 TOTAL=6
[2025-11-23T17:40:31.397+0000] {subprocess.py:97} INFO - Command exited with return code 0
[2025-11-23T17:40:31.412+0000] {taskinstance.py:1149} INFO - Marking task as SUCCESS. dag_id=dbt_ecommerce_pipeline, task_id=dbt_run_silver, execution_date=20251123T173500, start_date=20251123T174010, end_date=20251123T174031
[2025-11-23T17:40:31.473+0000] {local_task_job_runner.py:234} INFO - Task exited with return code 0
[2025-11-23T17:40:31.484+0000] {taskinstance.py:3312} INFO - 1 downstream tasks scheduled from follow-on schedule check
