[2025-11-23T06:11:28.936+0000] {taskinstance.py:1979} INFO - Dependencies all met for dep_context=non-requeueable deps ti=<TaskInstance: dbt_ecommerce_pipeline.dbt_run scheduled__2025-11-23T00:00:00+00:00 [queued]>
[2025-11-23T06:11:28.940+0000] {taskinstance.py:1979} INFO - Dependencies all met for dep_context=requeueable deps ti=<TaskInstance: dbt_ecommerce_pipeline.dbt_run scheduled__2025-11-23T00:00:00+00:00 [queued]>
[2025-11-23T06:11:28.941+0000] {taskinstance.py:2193} INFO - Starting attempt 1 of 2
[2025-11-23T06:11:28.951+0000] {taskinstance.py:2217} INFO - Executing <Task(BashOperator): dbt_run> on 2025-11-23 00:00:00+00:00
[2025-11-23T06:11:28.957+0000] {standard_task_runner.py:60} INFO - Started process 1527 to run task
[2025-11-23T06:11:28.962+0000] {standard_task_runner.py:87} INFO - Running: ['airflow', 'tasks', 'run', 'dbt_ecommerce_pipeline', 'dbt_run', 'scheduled__2025-11-23T00:00:00+00:00', '--job-id', '38', '--raw', '--subdir', 'DAGS_FOLDER/ecommerce_dbt_pipeline.py', '--cfg-path', '/tmp/tmpwae4l53s']
[2025-11-23T06:11:28.965+0000] {standard_task_runner.py:88} INFO - Job 38: Subtask dbt_run
[2025-11-23T06:11:29.016+0000] {task_command.py:423} INFO - Running <TaskInstance: dbt_ecommerce_pipeline.dbt_run scheduled__2025-11-23T00:00:00+00:00 [running]> on host 7244b0bf02d5
[2025-11-23T06:11:29.060+0000] {taskinstance.py:2513} INFO - Exporting env vars: AIRFLOW_CTX_DAG_OWNER='airflow' AIRFLOW_CTX_DAG_ID='dbt_ecommerce_pipeline' AIRFLOW_CTX_TASK_ID='dbt_run' AIRFLOW_CTX_EXECUTION_DATE='2025-11-23T00:00:00+00:00' AIRFLOW_CTX_TRY_NUMBER='1' AIRFLOW_CTX_DAG_RUN_ID='scheduled__2025-11-23T00:00:00+00:00'
[2025-11-23T06:11:29.062+0000] {subprocess.py:63} INFO - Tmp dir root location: /tmp
[2025-11-23T06:11:29.063+0000] {subprocess.py:75} INFO - Running command: ['/usr/bin/bash', '-c', '\n    rm -rf /tmp/dbt_runtime &&     mkdir -p /tmp/dbt_runtime &&     cp -r /opt/airflow/dbt/ecommerce_dbt /tmp/dbt_runtime/ecommerce_dbt &&     cd /tmp/dbt_runtime/ecommerce_dbt &&     dbt run       --project-dir /tmp/dbt_runtime/ecommerce_dbt       --profiles-dir /home/airflow/.dbt\n    ']
[2025-11-23T06:11:29.076+0000] {subprocess.py:86} INFO - Output:
[2025-11-23T06:11:32.396+0000] {subprocess.py:93} INFO - [0m06:11:32  Running with dbt=1.7.19
[2025-11-23T06:11:33.051+0000] {subprocess.py:93} INFO - [0m06:11:33  [[33mWARNING[0m]: Deprecated functionality
[2025-11-23T06:11:33.052+0000] {subprocess.py:93} INFO - The `log-path` config in `dbt_project.yml` has been deprecated, and will no
[2025-11-23T06:11:33.052+0000] {subprocess.py:93} INFO - longer be supported in a future version of dbt-core. If you wish to write dbt
[2025-11-23T06:11:33.052+0000] {subprocess.py:93} INFO - logs to a custom directory, please use the --log-path CLI flag or DBT_LOG_PATH
[2025-11-23T06:11:33.053+0000] {subprocess.py:93} INFO - env var instead.
[2025-11-23T06:11:33.175+0000] {subprocess.py:93} INFO - [0m06:11:33  Registered adapter: snowflake=1.7.2
[2025-11-23T06:11:33.195+0000] {subprocess.py:93} INFO - [0m06:11:33  Unable to do partial parsing because of a version mismatch
[2025-11-23T06:11:34.245+0000] {subprocess.py:93} INFO - [0m06:11:34  Found 12 models, 25 tests, 4 sources, 0 exposures, 0 metrics, 430 macros, 0 groups, 0 semantic models
[2025-11-23T06:11:34.248+0000] {subprocess.py:93} INFO - [0m06:11:34
[2025-11-23T06:11:36.411+0000] {subprocess.py:93} INFO - [0m06:11:36  Concurrency: 1 threads (target='dev')
[2025-11-23T06:11:36.411+0000] {subprocess.py:93} INFO - [0m06:11:36
[2025-11-23T06:11:36.419+0000] {subprocess.py:93} INFO - [0m06:11:36  1 of 12 START sql table model DEV.dim_date ..................................... [RUN]
[2025-11-23T06:11:37.790+0000] {subprocess.py:93} INFO - [0m06:11:37  1 of 12 OK created sql table model DEV.dim_date ................................ [[32mSUCCESS 1[0m in 1.37s]
[2025-11-23T06:11:37.792+0000] {subprocess.py:93} INFO - [0m06:11:37  2 of 12 START sql view model DEV.stg_order_items ............................... [RUN]
[2025-11-23T06:11:38.988+0000] {subprocess.py:93} INFO - [0m06:11:38  2 of 12 OK created sql view model DEV.stg_order_items .......................... [[32mSUCCESS 1[0m in 1.20s]
[2025-11-23T06:11:38.990+0000] {subprocess.py:93} INFO - [0m06:11:38  3 of 12 START sql view model DEV.stg_orders .................................... [RUN]
[2025-11-23T06:11:40.073+0000] {subprocess.py:93} INFO - [0m06:11:40  3 of 12 OK created sql view model DEV.stg_orders ............................... [[32mSUCCESS 1[0m in 1.08s]
[2025-11-23T06:11:40.075+0000] {subprocess.py:93} INFO - [0m06:11:40  4 of 12 START sql view model DEV.stg_products .................................. [RUN]
[2025-11-23T06:11:41.372+0000] {subprocess.py:93} INFO - [0m06:11:41  4 of 12 OK created sql view model DEV.stg_products ............................. [[32mSUCCESS 1[0m in 1.30s]
[2025-11-23T06:11:41.374+0000] {subprocess.py:93} INFO - [0m06:11:41  5 of 12 START sql view model DEV.stg_users ..................................... [RUN]
[2025-11-23T06:11:42.460+0000] {subprocess.py:93} INFO - [0m06:11:42  5 of 12 OK created sql view model DEV.stg_users ................................ [[32mSUCCESS 1[0m in 1.08s]
[2025-11-23T06:11:42.462+0000] {subprocess.py:93} INFO - [0m06:11:42  6 of 12 START sql table model DEV.fct_cohort_monthly ........................... [RUN]
[2025-11-23T06:11:44.105+0000] {subprocess.py:93} INFO - [0m06:11:44  6 of 12 OK created sql table model DEV.fct_cohort_monthly ...................... [[32mSUCCESS 1[0m in 1.64s]
[2025-11-23T06:11:44.107+0000] {subprocess.py:93} INFO - [0m06:11:44  7 of 12 START sql table model DEV.fct_daily_sales .............................. [RUN]
[2025-11-23T06:11:45.572+0000] {subprocess.py:93} INFO - [0m06:11:45  7 of 12 OK created sql table model DEV.fct_daily_sales ......................... [[32mSUCCESS 1[0m in 1.46s]
[2025-11-23T06:11:45.573+0000] {subprocess.py:93} INFO - [0m06:11:45  8 of 12 START sql table model DEV.fct_order_items .............................. [RUN]
[2025-11-23T06:11:47.243+0000] {subprocess.py:93} INFO - [0m06:11:47  8 of 12 OK created sql table model DEV.fct_order_items ......................... [[32mSUCCESS 1[0m in 1.67s]
[2025-11-23T06:11:47.244+0000] {subprocess.py:93} INFO - [0m06:11:47  9 of 12 START sql table model DEV.fct_rfm_customer ............................. [RUN]
[2025-11-23T06:11:48.922+0000] {subprocess.py:93} INFO - [0m06:11:48  9 of 12 OK created sql table model DEV.fct_rfm_customer ........................ [[32mSUCCESS 1[0m in 1.68s]
[2025-11-23T06:11:48.924+0000] {subprocess.py:93} INFO - [0m06:11:48  10 of 12 START sql table model DEV.dim_product ................................. [RUN]
[2025-11-23T06:11:50.348+0000] {subprocess.py:93} INFO - [0m06:11:50  10 of 12 OK created sql table model DEV.dim_product ............................ [[32mSUCCESS 1[0m in 1.42s]
[2025-11-23T06:11:50.349+0000] {subprocess.py:93} INFO - [0m06:11:50  11 of 12 START sql table model DEV.dim_user .................................... [RUN]
[2025-11-23T06:11:52.117+0000] {subprocess.py:93} INFO - [0m06:11:52  11 of 12 OK created sql table model DEV.dim_user ............................... [[32mSUCCESS 1[0m in 1.77s]
[2025-11-23T06:11:52.119+0000] {subprocess.py:93} INFO - [0m06:11:52  12 of 12 START sql table model DEV.fct_sales ................................... [RUN]
[2025-11-23T06:11:53.695+0000] {subprocess.py:93} INFO - [0m06:11:53  12 of 12 OK created sql table model DEV.fct_sales .............................. [[32mSUCCESS 1[0m in 1.58s]
[2025-11-23T06:11:53.698+0000] {subprocess.py:93} INFO - [0m06:11:53
[2025-11-23T06:11:53.698+0000] {subprocess.py:93} INFO - [0m06:11:53  Finished running 8 table models, 4 view models in 0 hours 0 minutes and 19.45 seconds (19.45s).
[2025-11-23T06:11:53.711+0000] {subprocess.py:93} INFO - [0m06:11:53
[2025-11-23T06:11:53.712+0000] {subprocess.py:93} INFO - [0m06:11:53  [32mCompleted successfully[0m
[2025-11-23T06:11:53.712+0000] {subprocess.py:93} INFO - [0m06:11:53
[2025-11-23T06:11:53.713+0000] {subprocess.py:93} INFO - [0m06:11:53  Done. PASS=12 WARN=0 ERROR=0 SKIP=0 TOTAL=12
[2025-11-23T06:11:54.641+0000] {subprocess.py:97} INFO - Command exited with return code 0
[2025-11-23T06:11:54.656+0000] {taskinstance.py:1149} INFO - Marking task as SUCCESS. dag_id=dbt_ecommerce_pipeline, task_id=dbt_run, execution_date=20251123T000000, start_date=20251123T061128, end_date=20251123T061154
[2025-11-23T06:11:54.702+0000] {local_task_job_runner.py:234} INFO - Task exited with return code 0
[2025-11-23T06:11:54.711+0000] {taskinstance.py:3312} INFO - 1 downstream tasks scheduled from follow-on schedule check
