[2025-11-23T16:20:11.005+0000] {taskinstance.py:1979} INFO - Dependencies all met for dep_context=non-requeueable deps ti=<TaskInstance: dbt_ecommerce_pipeline.dbt_run_silver scheduled__2025-11-23T16:15:00+00:00 [queued]>
[2025-11-23T16:20:11.009+0000] {taskinstance.py:1979} INFO - Dependencies all met for dep_context=requeueable deps ti=<TaskInstance: dbt_ecommerce_pipeline.dbt_run_silver scheduled__2025-11-23T16:15:00+00:00 [queued]>
[2025-11-23T16:20:11.010+0000] {taskinstance.py:2193} INFO - Starting attempt 1 of 3
[2025-11-23T16:20:11.018+0000] {taskinstance.py:2217} INFO - Executing <Task(BashOperator): dbt_run_silver> on 2025-11-23 16:15:00+00:00
[2025-11-23T16:20:11.025+0000] {standard_task_runner.py:60} INFO - Started process 1172 to run task
[2025-11-23T16:20:11.029+0000] {standard_task_runner.py:87} INFO - Running: ['airflow', 'tasks', 'run', 'dbt_ecommerce_pipeline', 'dbt_run_silver', 'scheduled__2025-11-23T16:15:00+00:00', '--job-id', '37', '--raw', '--subdir', 'DAGS_FOLDER/dbt_ecommerce_pipeline.py', '--cfg-path', '/tmp/tmpa1y90svs']
[2025-11-23T16:20:11.031+0000] {standard_task_runner.py:88} INFO - Job 37: Subtask dbt_run_silver
[2025-11-23T16:20:11.078+0000] {task_command.py:423} INFO - Running <TaskInstance: dbt_ecommerce_pipeline.dbt_run_silver scheduled__2025-11-23T16:15:00+00:00 [running]> on host 4731e9e89e36
[2025-11-23T16:20:11.122+0000] {taskinstance.py:2513} INFO - Exporting env vars: AIRFLOW_CTX_DAG_OWNER='airflow' AIRFLOW_CTX_DAG_ID='dbt_ecommerce_pipeline' AIRFLOW_CTX_TASK_ID='dbt_run_silver' AIRFLOW_CTX_EXECUTION_DATE='2025-11-23T16:15:00+00:00' AIRFLOW_CTX_TRY_NUMBER='1' AIRFLOW_CTX_DAG_RUN_ID='scheduled__2025-11-23T16:15:00+00:00'
[2025-11-23T16:20:11.124+0000] {subprocess.py:63} INFO - Tmp dir root location: /tmp
[2025-11-23T16:20:11.125+0000] {subprocess.py:75} INFO - Running command: ['/usr/bin/bash', '-c', '\n    rm -rf /tmp/dbt_runtime &&     mkdir -p /tmp/dbt_runtime &&     cp -r /opt/airflow/dbt/ecommerce_dbt /tmp/dbt_runtime/ecommerce_dbt &&     cd /tmp/dbt_runtime/ecommerce_dbt &&     dbt run --select tag:silver       --project-dir /tmp/dbt_runtime/ecommerce_dbt       --profiles-dir /home/airflow/.dbt\n    ']
[2025-11-23T16:20:11.142+0000] {subprocess.py:86} INFO - Output:
[2025-11-23T16:20:14.691+0000] {subprocess.py:93} INFO - [0m16:20:14  Running with dbt=1.7.19
[2025-11-23T16:20:15.327+0000] {subprocess.py:93} INFO - [0m16:20:15  [[33mWARNING[0m]: Deprecated functionality
[2025-11-23T16:20:15.328+0000] {subprocess.py:93} INFO - The `log-path` config in `dbt_project.yml` has been deprecated, and will no
[2025-11-23T16:20:15.328+0000] {subprocess.py:93} INFO - longer be supported in a future version of dbt-core. If you wish to write dbt
[2025-11-23T16:20:15.328+0000] {subprocess.py:93} INFO - logs to a custom directory, please use the --log-path CLI flag or DBT_LOG_PATH
[2025-11-23T16:20:15.329+0000] {subprocess.py:93} INFO - env var instead.
[2025-11-23T16:20:15.450+0000] {subprocess.py:93} INFO - [0m16:20:15  Registered adapter: snowflake=1.7.2
[2025-11-23T16:20:15.484+0000] {subprocess.py:93} INFO - [0m16:20:15  [[33mWARNING[0m]: Configuration paths exist in your dbt_project.yml file which do not apply to any resources.
[2025-11-23T16:20:15.485+0000] {subprocess.py:93} INFO - There are 1 unused configuration paths:
[2025-11-23T16:20:15.485+0000] {subprocess.py:93} INFO - - models.ecommerce_dbt.bronze
[2025-11-23T16:20:15.539+0000] {subprocess.py:93} INFO - [0m16:20:15  Found 10 models, 16 tests, 1 source, 0 exposures, 0 metrics, 431 macros, 0 groups, 0 semantic models
[2025-11-23T16:20:15.540+0000] {subprocess.py:93} INFO - [0m16:20:15
[2025-11-23T16:20:19.651+0000] {subprocess.py:93} INFO - [0m16:20:19  Concurrency: 1 threads (target='dev')
[2025-11-23T16:20:19.651+0000] {subprocess.py:93} INFO - [0m16:20:19
[2025-11-23T16:20:19.659+0000] {subprocess.py:93} INFO - [0m16:20:19  1 of 6 START sql incremental model -- Se o modelo definiu +schema, usa só ele (ex: silver, gold)
[2025-11-23T16:20:19.659+0000] {subprocess.py:93} INFO -         silver.fct_event_items  [RUN]
[2025-11-23T16:20:21.372+0000] {subprocess.py:93} INFO - [0m16:20:21  1 of 6 OK created sql incremental model -- Se o modelo definiu +schema, usa só ele (ex: silver, gold)
[2025-11-23T16:20:21.373+0000] {subprocess.py:93} INFO -         silver.fct_event_items  [[32mSUCCESS 1[0m in 1.71s]
[2025-11-23T16:20:21.374+0000] {subprocess.py:93} INFO - [0m16:20:21  2 of 6 START sql incremental model -- Se o modelo definiu +schema, usa só ele (ex: silver, gold)
[2025-11-23T16:20:21.374+0000] {subprocess.py:93} INFO -         silver.fct_events  [RUN]
[2025-11-23T16:20:22.959+0000] {subprocess.py:93} INFO - [0m16:20:22  2 of 6 OK created sql incremental model -- Se o modelo definiu +schema, usa só ele (ex: silver, gold)
[2025-11-23T16:20:22.959+0000] {subprocess.py:93} INFO -         silver.fct_events  [[32mSUCCESS 1[0m in 1.58s]
[2025-11-23T16:20:22.961+0000] {subprocess.py:93} INFO - [0m16:20:22  3 of 6 START sql incremental model -- Se o modelo definiu +schema, usa só ele (ex: silver, gold)
[2025-11-23T16:20:22.961+0000] {subprocess.py:93} INFO -         silver.dim_products  [RUN]
[2025-11-23T16:20:24.886+0000] {subprocess.py:93} INFO - [0m16:20:24  3 of 6 OK created sql incremental model -- Se o modelo definiu +schema, usa só ele (ex: silver, gold)
[2025-11-23T16:20:24.887+0000] {subprocess.py:93} INFO -         silver.dim_products  [[32mSUCCESS 1[0m in 1.92s]
[2025-11-23T16:20:24.888+0000] {subprocess.py:93} INFO - [0m16:20:24  4 of 6 START sql incremental model -- Se o modelo definiu +schema, usa só ele (ex: silver, gold)
[2025-11-23T16:20:24.889+0000] {subprocess.py:93} INFO -         silver.dim_campaigns  [RUN]
[2025-11-23T16:20:26.648+0000] {subprocess.py:93} INFO - [0m16:20:26  4 of 6 OK created sql incremental model -- Se o modelo definiu +schema, usa só ele (ex: silver, gold)
[2025-11-23T16:20:26.648+0000] {subprocess.py:93} INFO -         silver.dim_campaigns  [[32mSUCCESS 1[0m in 1.76s]
[2025-11-23T16:20:26.649+0000] {subprocess.py:93} INFO - [0m16:20:26  5 of 6 START sql incremental model -- Se o modelo definiu +schema, usa só ele (ex: silver, gold)
[2025-11-23T16:20:26.650+0000] {subprocess.py:93} INFO -         silver.dim_sessions  [RUN]
[2025-11-23T16:20:28.376+0000] {subprocess.py:93} INFO - [0m16:20:28  5 of 6 OK created sql incremental model -- Se o modelo definiu +schema, usa só ele (ex: silver, gold)
[2025-11-23T16:20:28.376+0000] {subprocess.py:93} INFO -         silver.dim_sessions  [[32mSUCCESS 1[0m in 1.73s]
[2025-11-23T16:20:28.378+0000] {subprocess.py:93} INFO - [0m16:20:28  6 of 6 START sql incremental model -- Se o modelo definiu +schema, usa só ele (ex: silver, gold)
[2025-11-23T16:20:28.378+0000] {subprocess.py:93} INFO -         silver.dim_users  [RUN]
[2025-11-23T16:20:30.081+0000] {subprocess.py:93} INFO - [0m16:20:30  6 of 6 OK created sql incremental model -- Se o modelo definiu +schema, usa só ele (ex: silver, gold)
[2025-11-23T16:20:30.081+0000] {subprocess.py:93} INFO -         silver.dim_users  [[32mSUCCESS 1[0m in 1.70s]
[2025-11-23T16:20:30.084+0000] {subprocess.py:93} INFO - [0m16:20:30
[2025-11-23T16:20:30.084+0000] {subprocess.py:93} INFO - [0m16:20:30  Finished running 6 incremental models in 0 hours 0 minutes and 14.54 seconds (14.54s).
[2025-11-23T16:20:30.098+0000] {subprocess.py:93} INFO - [0m16:20:30
[2025-11-23T16:20:30.098+0000] {subprocess.py:93} INFO - [0m16:20:30  [32mCompleted successfully[0m
[2025-11-23T16:20:30.099+0000] {subprocess.py:93} INFO - [0m16:20:30
[2025-11-23T16:20:30.099+0000] {subprocess.py:93} INFO - [0m16:20:30  Done. PASS=6 WARN=0 ERROR=0 SKIP=0 TOTAL=6
[2025-11-23T16:20:31.016+0000] {subprocess.py:97} INFO - Command exited with return code 0
[2025-11-23T16:20:31.030+0000] {taskinstance.py:1149} INFO - Marking task as SUCCESS. dag_id=dbt_ecommerce_pipeline, task_id=dbt_run_silver, execution_date=20251123T161500, start_date=20251123T162011, end_date=20251123T162031
[2025-11-23T16:20:31.081+0000] {local_task_job_runner.py:234} INFO - Task exited with return code 0
[2025-11-23T16:20:31.093+0000] {taskinstance.py:3312} INFO - 1 downstream tasks scheduled from follow-on schedule check
