[2025-11-23T15:37:28.585+0000] {taskinstance.py:1979} INFO - Dependencies all met for dep_context=non-requeueable deps ti=<TaskInstance: dbt_ecommerce_pipeline.dbt_run_silver scheduled__2025-11-23T15:30:00+00:00 [queued]>
[2025-11-23T15:37:28.589+0000] {taskinstance.py:1979} INFO - Dependencies all met for dep_context=requeueable deps ti=<TaskInstance: dbt_ecommerce_pipeline.dbt_run_silver scheduled__2025-11-23T15:30:00+00:00 [queued]>
[2025-11-23T15:37:28.589+0000] {taskinstance.py:2193} INFO - Starting attempt 1 of 3
[2025-11-23T15:37:28.600+0000] {taskinstance.py:2217} INFO - Executing <Task(BashOperator): dbt_run_silver> on 2025-11-23 15:30:00+00:00
[2025-11-23T15:37:28.607+0000] {standard_task_runner.py:60} INFO - Started process 131 to run task
[2025-11-23T15:37:28.610+0000] {standard_task_runner.py:87} INFO - Running: ['airflow', 'tasks', 'run', 'dbt_ecommerce_pipeline', 'dbt_run_silver', 'scheduled__2025-11-23T15:30:00+00:00', '--job-id', '49', '--raw', '--subdir', 'DAGS_FOLDER/dbt_ecommerce_pipeline.py', '--cfg-path', '/tmp/tmpggv23h16']
[2025-11-23T15:37:28.612+0000] {standard_task_runner.py:88} INFO - Job 49: Subtask dbt_run_silver
[2025-11-23T15:37:28.649+0000] {task_command.py:423} INFO - Running <TaskInstance: dbt_ecommerce_pipeline.dbt_run_silver scheduled__2025-11-23T15:30:00+00:00 [running]> on host 7244b0bf02d5
[2025-11-23T15:37:28.691+0000] {taskinstance.py:2513} INFO - Exporting env vars: AIRFLOW_CTX_DAG_EMAIL='luccanegrini@outlook.com.br' AIRFLOW_CTX_DAG_OWNER='airflow' AIRFLOW_CTX_DAG_ID='dbt_ecommerce_pipeline' AIRFLOW_CTX_TASK_ID='dbt_run_silver' AIRFLOW_CTX_EXECUTION_DATE='2025-11-23T15:30:00+00:00' AIRFLOW_CTX_TRY_NUMBER='1' AIRFLOW_CTX_DAG_RUN_ID='scheduled__2025-11-23T15:30:00+00:00'
[2025-11-23T15:37:28.692+0000] {subprocess.py:63} INFO - Tmp dir root location: /tmp
[2025-11-23T15:37:28.693+0000] {subprocess.py:75} INFO - Running command: ['/usr/bin/bash', '-c', '\n    rm -rf /tmp/dbt_runtime &&     mkdir -p /tmp/dbt_runtime &&     cp -r /opt/airflow/dbt/ecommerce_dbt /tmp/dbt_runtime/ecommerce_dbt &&     cd /tmp/dbt_runtime/ecommerce_dbt &&     dbt run --select tag:silver       --project-dir /tmp/dbt_runtime/ecommerce_dbt       --profiles-dir /home/airflow/.dbt\n    ']
[2025-11-23T15:37:28.705+0000] {subprocess.py:86} INFO - Output:
[2025-11-23T15:37:33.814+0000] {local_task_job_runner.py:121} ERROR - Received SIGTERM. Terminating subprocesses
[2025-11-23T15:37:33.821+0000] {process_utils.py:131} INFO - Sending 15 to group 131. PIDs of all processes in the group: [132, 136, 131]
[2025-11-23T15:37:33.821+0000] {process_utils.py:86} INFO - Sending the signal 15 to group 131
[2025-11-23T15:37:33.822+0000] {taskinstance.py:2483} ERROR - Received SIGTERM. Terminating subprocesses.
[2025-11-23T15:37:33.822+0000] {subprocess.py:104} INFO - Sending SIGTERM signal to process group
[2025-11-23T15:37:33.831+0000] {taskinstance.py:2731} ERROR - Task failed with exception
Traceback (most recent call last):
  File "/home/airflow/.local/lib/python3.11/site-packages/airflow/models/taskinstance.py", line 444, in _execute_task
    result = _execute_callable(context=context, **execute_callable_kwargs)
             ^^^^^^^^^^^^^^^^^^^^^^^^^^^^^^^^^^^^^^^^^^^^^^^^^^^^^^^^^^^^^
  File "/home/airflow/.local/lib/python3.11/site-packages/airflow/models/taskinstance.py", line 414, in _execute_callable
    return execute_callable(context=context, **execute_callable_kwargs)
           ^^^^^^^^^^^^^^^^^^^^^^^^^^^^^^^^^^^^^^^^^^^^^^^^^^^^^^^^^^^^
  File "/home/airflow/.local/lib/python3.11/site-packages/airflow/operators/bash.py", line 203, in execute
    result = self.subprocess_hook.run_command(
             ^^^^^^^^^^^^^^^^^^^^^^^^^^^^^^^^^
  File "/home/airflow/.local/lib/python3.11/site-packages/airflow/hooks/subprocess.py", line 91, in run_command
    for raw_line in iter(self.sub_process.stdout.readline, b""):
  File "/home/airflow/.local/lib/python3.11/site-packages/airflow/models/taskinstance.py", line 2485, in signal_handler
    raise AirflowException("Task received SIGTERM signal")
airflow.exceptions.AirflowException: Task received SIGTERM signal
[2025-11-23T15:37:33.835+0000] {taskinstance.py:1149} INFO - Marking task as UP_FOR_RETRY. dag_id=dbt_ecommerce_pipeline, task_id=dbt_run_silver, execution_date=20251123T153000, start_date=20251123T153728, end_date=20251123T153733
[2025-11-23T15:37:33.844+0000] {standard_task_runner.py:107} ERROR - Failed to execute job 49 for task dbt_run_silver (Task received SIGTERM signal; 131)
[2025-11-23T15:37:33.854+0000] {local_task_job_runner.py:121} ERROR - Received SIGTERM. Terminating subprocesses
