[2025-11-23T22:50:14.237+0000] {taskinstance.py:1979} INFO - Dependencies all met for dep_context=non-requeueable deps ti=<TaskInstance: dbt_ecommerce_pipeline.dbt_run_silver scheduled__2025-11-23T22:45:00+00:00 [queued]>
[2025-11-23T22:50:14.241+0000] {taskinstance.py:1979} INFO - Dependencies all met for dep_context=requeueable deps ti=<TaskInstance: dbt_ecommerce_pipeline.dbt_run_silver scheduled__2025-11-23T22:45:00+00:00 [queued]>
[2025-11-23T22:50:14.241+0000] {taskinstance.py:2193} INFO - Starting attempt 1 of 3
[2025-11-23T22:50:14.310+0000] {taskinstance.py:2217} INFO - Executing <Task(BashOperator): dbt_run_silver> on 2025-11-23 22:45:00+00:00
[2025-11-23T22:50:14.317+0000] {standard_task_runner.py:60} INFO - Started process 12130 to run task
[2025-11-23T22:50:14.321+0000] {standard_task_runner.py:87} INFO - Running: ['airflow', 'tasks', 'run', 'dbt_ecommerce_pipeline', 'dbt_run_silver', 'scheduled__2025-11-23T22:45:00+00:00', '--job-id', '349', '--raw', '--subdir', 'DAGS_FOLDER/dbt_ecommerce_pipeline.py', '--cfg-path', '/tmp/tmp_bx7riqu']
[2025-11-23T22:50:14.324+0000] {standard_task_runner.py:88} INFO - Job 349: Subtask dbt_run_silver
[2025-11-23T22:50:14.475+0000] {task_command.py:423} INFO - Running <TaskInstance: dbt_ecommerce_pipeline.dbt_run_silver scheduled__2025-11-23T22:45:00+00:00 [running]> on host 4731e9e89e36
[2025-11-23T22:50:14.609+0000] {taskinstance.py:2513} INFO - Exporting env vars: AIRFLOW_CTX_DAG_OWNER='airflow' AIRFLOW_CTX_DAG_ID='dbt_ecommerce_pipeline' AIRFLOW_CTX_TASK_ID='dbt_run_silver' AIRFLOW_CTX_EXECUTION_DATE='2025-11-23T22:45:00+00:00' AIRFLOW_CTX_TRY_NUMBER='1' AIRFLOW_CTX_DAG_RUN_ID='scheduled__2025-11-23T22:45:00+00:00'
[2025-11-23T22:50:14.610+0000] {subprocess.py:63} INFO - Tmp dir root location: /tmp
[2025-11-23T22:50:14.611+0000] {subprocess.py:75} INFO - Running command: ['/usr/bin/bash', '-c', '\n    rm -rf /tmp/dbt_runtime &&     mkdir -p /tmp/dbt_runtime &&     cp -r /opt/airflow/dbt/ecommerce_dbt /tmp/dbt_runtime/ecommerce_dbt &&     cd /tmp/dbt_runtime/ecommerce_dbt &&     dbt run --select tag:silver       --project-dir /tmp/dbt_runtime/ecommerce_dbt       --profiles-dir /home/airflow/.dbt\n    ']
[2025-11-23T22:50:14.623+0000] {subprocess.py:86} INFO - Output:
[2025-11-23T22:50:17.923+0000] {subprocess.py:93} INFO - [0m22:50:17  Running with dbt=1.7.19
[2025-11-23T22:50:18.561+0000] {subprocess.py:93} INFO - [0m22:50:18  [[33mWARNING[0m]: Deprecated functionality
[2025-11-23T22:50:18.561+0000] {subprocess.py:93} INFO - The `log-path` config in `dbt_project.yml` has been deprecated, and will no
[2025-11-23T22:50:18.562+0000] {subprocess.py:93} INFO - longer be supported in a future version of dbt-core. If you wish to write dbt
[2025-11-23T22:50:18.562+0000] {subprocess.py:93} INFO - logs to a custom directory, please use the --log-path CLI flag or DBT_LOG_PATH
[2025-11-23T22:50:18.562+0000] {subprocess.py:93} INFO - env var instead.
[2025-11-23T22:50:18.688+0000] {subprocess.py:93} INFO - [0m22:50:18  Registered adapter: snowflake=1.7.2
[2025-11-23T22:50:18.791+0000] {subprocess.py:93} INFO - [0m22:50:18  Found 10 models, 19 tests, 1 source, 0 exposures, 0 metrics, 431 macros, 0 groups, 0 semantic models
[2025-11-23T22:50:18.793+0000] {subprocess.py:93} INFO - [0m22:50:18
[2025-11-23T22:50:22.645+0000] {subprocess.py:93} INFO - [0m22:50:22  Concurrency: 1 threads (target='dev')
[2025-11-23T22:50:22.645+0000] {subprocess.py:93} INFO - [0m22:50:22
[2025-11-23T22:50:22.653+0000] {subprocess.py:93} INFO - [0m22:50:22  1 of 6 START sql incremental model -- Se o modelo definiu +schema, usa só ele (ex: silver, gold)
[2025-11-23T22:50:22.653+0000] {subprocess.py:93} INFO -         silver.fct_event_items  [RUN]
[2025-11-23T22:50:24.531+0000] {subprocess.py:93} INFO - [0m22:50:24  1 of 6 OK created sql incremental model -- Se o modelo definiu +schema, usa só ele (ex: silver, gold)
[2025-11-23T22:50:24.531+0000] {subprocess.py:93} INFO -         silver.fct_event_items  [[32mSUCCESS 1[0m in 1.88s]
[2025-11-23T22:50:24.532+0000] {subprocess.py:93} INFO - [0m22:50:24  2 of 6 START sql incremental model -- Se o modelo definiu +schema, usa só ele (ex: silver, gold)
[2025-11-23T22:50:24.532+0000] {subprocess.py:93} INFO -         silver.fct_events  [RUN]
[2025-11-23T22:50:26.201+0000] {subprocess.py:93} INFO - [0m22:50:26  2 of 6 OK created sql incremental model -- Se o modelo definiu +schema, usa só ele (ex: silver, gold)
[2025-11-23T22:50:26.201+0000] {subprocess.py:93} INFO -         silver.fct_events  [[32mSUCCESS 1[0m in 1.67s]
[2025-11-23T22:50:26.203+0000] {subprocess.py:93} INFO - [0m22:50:26  3 of 6 START sql incremental model -- Se o modelo definiu +schema, usa só ele (ex: silver, gold)
[2025-11-23T22:50:26.203+0000] {subprocess.py:93} INFO -         silver.dim_products  [RUN]
[2025-11-23T22:50:28.055+0000] {subprocess.py:93} INFO - [0m22:50:28  3 of 6 OK created sql incremental model -- Se o modelo definiu +schema, usa só ele (ex: silver, gold)
[2025-11-23T22:50:28.055+0000] {subprocess.py:93} INFO -         silver.dim_products  [[32mSUCCESS 1[0m in 1.85s]
[2025-11-23T22:50:28.056+0000] {subprocess.py:93} INFO - [0m22:50:28  4 of 6 START sql incremental model -- Se o modelo definiu +schema, usa só ele (ex: silver, gold)
[2025-11-23T22:50:28.057+0000] {subprocess.py:93} INFO -         silver.dim_campaigns  [RUN]
[2025-11-23T22:50:30.142+0000] {subprocess.py:93} INFO - [0m22:50:30  4 of 6 OK created sql incremental model -- Se o modelo definiu +schema, usa só ele (ex: silver, gold)
[2025-11-23T22:50:30.142+0000] {subprocess.py:93} INFO -         silver.dim_campaigns  [[32mSUCCESS 1[0m in 2.08s]
[2025-11-23T22:50:30.143+0000] {subprocess.py:93} INFO - [0m22:50:30  5 of 6 START sql incremental model -- Se o modelo definiu +schema, usa só ele (ex: silver, gold)
[2025-11-23T22:50:30.144+0000] {subprocess.py:93} INFO -         silver.dim_sessions  [RUN]
[2025-11-23T22:50:32.119+0000] {subprocess.py:93} INFO - [0m22:50:32  5 of 6 OK created sql incremental model -- Se o modelo definiu +schema, usa só ele (ex: silver, gold)
[2025-11-23T22:50:32.119+0000] {subprocess.py:93} INFO -         silver.dim_sessions  [[32mSUCCESS 1[0m in 1.97s]
[2025-11-23T22:50:32.121+0000] {subprocess.py:93} INFO - [0m22:50:32  6 of 6 START sql incremental model -- Se o modelo definiu +schema, usa só ele (ex: silver, gold)
[2025-11-23T22:50:32.121+0000] {subprocess.py:93} INFO -         silver.dim_users  [RUN]
[2025-11-23T22:50:34.184+0000] {subprocess.py:93} INFO - [0m22:50:34  6 of 6 OK created sql incremental model -- Se o modelo definiu +schema, usa só ele (ex: silver, gold)
[2025-11-23T22:50:34.184+0000] {subprocess.py:93} INFO -         silver.dim_users  [[32mSUCCESS 1[0m in 2.06s]
[2025-11-23T22:50:34.187+0000] {subprocess.py:93} INFO - [0m22:50:34
[2025-11-23T22:50:34.188+0000] {subprocess.py:93} INFO - [0m22:50:34  Finished running 6 incremental models in 0 hours 0 minutes and 15.39 seconds (15.39s).
[2025-11-23T22:50:34.202+0000] {subprocess.py:93} INFO - [0m22:50:34
[2025-11-23T22:50:34.202+0000] {subprocess.py:93} INFO - [0m22:50:34  [32mCompleted successfully[0m
[2025-11-23T22:50:34.203+0000] {subprocess.py:93} INFO - [0m22:50:34
[2025-11-23T22:50:34.203+0000] {subprocess.py:93} INFO - [0m22:50:34  Done. PASS=6 WARN=0 ERROR=0 SKIP=0 TOTAL=6
[2025-11-23T22:50:35.138+0000] {subprocess.py:97} INFO - Command exited with return code 0
[2025-11-23T22:50:35.154+0000] {taskinstance.py:1149} INFO - Marking task as SUCCESS. dag_id=dbt_ecommerce_pipeline, task_id=dbt_run_silver, execution_date=20251123T224500, start_date=20251123T225014, end_date=20251123T225035
[2025-11-23T22:50:35.208+0000] {local_task_job_runner.py:234} INFO - Task exited with return code 0
[2025-11-23T22:50:35.220+0000] {taskinstance.py:3312} INFO - 1 downstream tasks scheduled from follow-on schedule check
