[2025-11-23T17:00:09.943+0000] {taskinstance.py:1979} INFO - Dependencies all met for dep_context=non-requeueable deps ti=<TaskInstance: dbt_ecommerce_pipeline.dbt_run_silver scheduled__2025-11-23T16:55:00+00:00 [queued]>
[2025-11-23T17:00:09.947+0000] {taskinstance.py:1979} INFO - Dependencies all met for dep_context=requeueable deps ti=<TaskInstance: dbt_ecommerce_pipeline.dbt_run_silver scheduled__2025-11-23T16:55:00+00:00 [queued]>
[2025-11-23T17:00:09.947+0000] {taskinstance.py:2193} INFO - Starting attempt 1 of 3
[2025-11-23T17:00:09.957+0000] {taskinstance.py:2217} INFO - Executing <Task(BashOperator): dbt_run_silver> on 2025-11-23 16:55:00+00:00
[2025-11-23T17:00:09.963+0000] {standard_task_runner.py:60} INFO - Started process 2326 to run task
[2025-11-23T17:00:09.967+0000] {standard_task_runner.py:87} INFO - Running: ['airflow', 'tasks', 'run', 'dbt_ecommerce_pipeline', 'dbt_run_silver', 'scheduled__2025-11-23T16:55:00+00:00', '--job-id', '69', '--raw', '--subdir', 'DAGS_FOLDER/dbt_ecommerce_pipeline.py', '--cfg-path', '/tmp/tmp1kkncu8v']
[2025-11-23T17:00:09.970+0000] {standard_task_runner.py:88} INFO - Job 69: Subtask dbt_run_silver
[2025-11-23T17:00:10.014+0000] {task_command.py:423} INFO - Running <TaskInstance: dbt_ecommerce_pipeline.dbt_run_silver scheduled__2025-11-23T16:55:00+00:00 [running]> on host 4731e9e89e36
[2025-11-23T17:00:10.058+0000] {taskinstance.py:2513} INFO - Exporting env vars: AIRFLOW_CTX_DAG_OWNER='airflow' AIRFLOW_CTX_DAG_ID='dbt_ecommerce_pipeline' AIRFLOW_CTX_TASK_ID='dbt_run_silver' AIRFLOW_CTX_EXECUTION_DATE='2025-11-23T16:55:00+00:00' AIRFLOW_CTX_TRY_NUMBER='1' AIRFLOW_CTX_DAG_RUN_ID='scheduled__2025-11-23T16:55:00+00:00'
[2025-11-23T17:00:10.059+0000] {subprocess.py:63} INFO - Tmp dir root location: /tmp
[2025-11-23T17:00:10.060+0000] {subprocess.py:75} INFO - Running command: ['/usr/bin/bash', '-c', '\n    rm -rf /tmp/dbt_runtime &&     mkdir -p /tmp/dbt_runtime &&     cp -r /opt/airflow/dbt/ecommerce_dbt /tmp/dbt_runtime/ecommerce_dbt &&     cd /tmp/dbt_runtime/ecommerce_dbt &&     dbt run --select tag:silver       --project-dir /tmp/dbt_runtime/ecommerce_dbt       --profiles-dir /home/airflow/.dbt\n    ']
[2025-11-23T17:00:10.072+0000] {subprocess.py:86} INFO - Output:
[2025-11-23T17:00:13.751+0000] {subprocess.py:93} INFO - [0m17:00:13  Running with dbt=1.7.19
[2025-11-23T17:00:14.369+0000] {subprocess.py:93} INFO - [0m17:00:14  [[33mWARNING[0m]: Deprecated functionality
[2025-11-23T17:00:14.369+0000] {subprocess.py:93} INFO - The `log-path` config in `dbt_project.yml` has been deprecated, and will no
[2025-11-23T17:00:14.370+0000] {subprocess.py:93} INFO - longer be supported in a future version of dbt-core. If you wish to write dbt
[2025-11-23T17:00:14.370+0000] {subprocess.py:93} INFO - logs to a custom directory, please use the --log-path CLI flag or DBT_LOG_PATH
[2025-11-23T17:00:14.370+0000] {subprocess.py:93} INFO - env var instead.
[2025-11-23T17:00:14.486+0000] {subprocess.py:93} INFO - [0m17:00:14  Registered adapter: snowflake=1.7.2
[2025-11-23T17:00:14.568+0000] {subprocess.py:93} INFO - [0m17:00:14  Found 10 models, 19 tests, 1 source, 0 exposures, 0 metrics, 431 macros, 0 groups, 0 semantic models
[2025-11-23T17:00:14.570+0000] {subprocess.py:93} INFO - [0m17:00:14
[2025-11-23T17:00:20.774+0000] {subprocess.py:93} INFO - [0m17:00:20  Concurrency: 1 threads (target='dev')
[2025-11-23T17:00:20.775+0000] {subprocess.py:93} INFO - [0m17:00:20
[2025-11-23T17:00:20.782+0000] {subprocess.py:93} INFO - [0m17:00:20  1 of 6 START sql incremental model -- Se o modelo definiu +schema, usa só ele (ex: silver, gold)
[2025-11-23T17:00:20.782+0000] {subprocess.py:93} INFO -         silver.fct_event_items  [RUN]
[2025-11-23T17:00:22.611+0000] {subprocess.py:93} INFO - [0m17:00:22  1 of 6 OK created sql incremental model -- Se o modelo definiu +schema, usa só ele (ex: silver, gold)
[2025-11-23T17:00:22.612+0000] {subprocess.py:93} INFO -         silver.fct_event_items  [[32mSUCCESS 1[0m in 1.83s]
[2025-11-23T17:00:22.613+0000] {subprocess.py:93} INFO - [0m17:00:22  2 of 6 START sql incremental model -- Se o modelo definiu +schema, usa só ele (ex: silver, gold)
[2025-11-23T17:00:22.613+0000] {subprocess.py:93} INFO -         silver.fct_events  [RUN]
[2025-11-23T17:00:26.333+0000] {subprocess.py:93} INFO - [0m17:00:26  2 of 6 OK created sql incremental model -- Se o modelo definiu +schema, usa só ele (ex: silver, gold)
[2025-11-23T17:00:26.334+0000] {subprocess.py:93} INFO -         silver.fct_events  [[32mSUCCESS 1[0m in 3.72s]
[2025-11-23T17:00:26.335+0000] {subprocess.py:93} INFO - [0m17:00:26  3 of 6 START sql incremental model -- Se o modelo definiu +schema, usa só ele (ex: silver, gold)
[2025-11-23T17:00:26.335+0000] {subprocess.py:93} INFO -         silver.dim_products  [RUN]
[2025-11-23T17:00:27.990+0000] {subprocess.py:93} INFO - [0m17:00:27  3 of 6 OK created sql incremental model -- Se o modelo definiu +schema, usa só ele (ex: silver, gold)
[2025-11-23T17:00:27.990+0000] {subprocess.py:93} INFO -         silver.dim_products  [[32mSUCCESS 1[0m in 1.65s]
[2025-11-23T17:00:27.991+0000] {subprocess.py:93} INFO - [0m17:00:27  4 of 6 START sql incremental model -- Se o modelo definiu +schema, usa só ele (ex: silver, gold)
[2025-11-23T17:00:27.992+0000] {subprocess.py:93} INFO -         silver.dim_campaigns  [RUN]
[2025-11-23T17:00:29.994+0000] {subprocess.py:93} INFO - [0m17:00:29  4 of 6 OK created sql incremental model -- Se o modelo definiu +schema, usa só ele (ex: silver, gold)
[2025-11-23T17:00:29.995+0000] {subprocess.py:93} INFO -         silver.dim_campaigns  [[32mSUCCESS 1[0m in 2.00s]
[2025-11-23T17:00:29.996+0000] {subprocess.py:93} INFO - [0m17:00:29  5 of 6 START sql incremental model -- Se o modelo definiu +schema, usa só ele (ex: silver, gold)
[2025-11-23T17:00:29.996+0000] {subprocess.py:93} INFO -         silver.dim_sessions  [RUN]
[2025-11-23T17:00:31.742+0000] {subprocess.py:93} INFO - [0m17:00:31  5 of 6 OK created sql incremental model -- Se o modelo definiu +schema, usa só ele (ex: silver, gold)
[2025-11-23T17:00:31.743+0000] {subprocess.py:93} INFO -         silver.dim_sessions  [[32mSUCCESS 1[0m in 1.75s]
[2025-11-23T17:00:31.744+0000] {subprocess.py:93} INFO - [0m17:00:31  6 of 6 START sql incremental model -- Se o modelo definiu +schema, usa só ele (ex: silver, gold)
[2025-11-23T17:00:31.744+0000] {subprocess.py:93} INFO -         silver.dim_users  [RUN]
[2025-11-23T17:00:33.592+0000] {subprocess.py:93} INFO - [0m17:00:33  6 of 6 OK created sql incremental model -- Se o modelo definiu +schema, usa só ele (ex: silver, gold)
[2025-11-23T17:00:33.592+0000] {subprocess.py:93} INFO -         silver.dim_users  [[32mSUCCESS 1[0m in 1.85s]
[2025-11-23T17:00:33.595+0000] {subprocess.py:93} INFO - [0m17:00:33
[2025-11-23T17:00:33.596+0000] {subprocess.py:93} INFO - [0m17:00:33  Finished running 6 incremental models in 0 hours 0 minutes and 19.03 seconds (19.03s).
[2025-11-23T17:00:33.609+0000] {subprocess.py:93} INFO - [0m17:00:33
[2025-11-23T17:00:33.610+0000] {subprocess.py:93} INFO - [0m17:00:33  [32mCompleted successfully[0m
[2025-11-23T17:00:33.610+0000] {subprocess.py:93} INFO - [0m17:00:33
[2025-11-23T17:00:33.610+0000] {subprocess.py:93} INFO - [0m17:00:33  Done. PASS=6 WARN=0 ERROR=0 SKIP=0 TOTAL=6
[2025-11-23T17:00:34.513+0000] {subprocess.py:97} INFO - Command exited with return code 0
[2025-11-23T17:00:34.528+0000] {taskinstance.py:1149} INFO - Marking task as SUCCESS. dag_id=dbt_ecommerce_pipeline, task_id=dbt_run_silver, execution_date=20251123T165500, start_date=20251123T170009, end_date=20251123T170034
[2025-11-23T17:00:34.562+0000] {local_task_job_runner.py:234} INFO - Task exited with return code 0
[2025-11-23T17:00:34.573+0000] {taskinstance.py:3312} INFO - 1 downstream tasks scheduled from follow-on schedule check
