[2025-11-23T16:10:32.054+0000] {taskinstance.py:1979} INFO - Dependencies all met for dep_context=non-requeueable deps ti=<TaskInstance: dbt_ecommerce_pipeline.dbt_run_silver scheduled__2025-11-23T16:05:00+00:00 [queued]>
[2025-11-23T16:10:32.058+0000] {taskinstance.py:1979} INFO - Dependencies all met for dep_context=requeueable deps ti=<TaskInstance: dbt_ecommerce_pipeline.dbt_run_silver scheduled__2025-11-23T16:05:00+00:00 [queued]>
[2025-11-23T16:10:32.058+0000] {taskinstance.py:2193} INFO - Starting attempt 1 of 3
[2025-11-23T16:10:32.068+0000] {taskinstance.py:2217} INFO - Executing <Task(BashOperator): dbt_run_silver> on 2025-11-23 16:05:00+00:00
[2025-11-23T16:10:32.074+0000] {standard_task_runner.py:60} INFO - Started process 791 to run task
[2025-11-23T16:10:32.077+0000] {standard_task_runner.py:87} INFO - Running: ['airflow', 'tasks', 'run', 'dbt_ecommerce_pipeline', 'dbt_run_silver', 'scheduled__2025-11-23T16:05:00+00:00', '--job-id', '24', '--raw', '--subdir', 'DAGS_FOLDER/dbt_ecommerce_pipeline.py', '--cfg-path', '/tmp/tmp6xum18ld']
[2025-11-23T16:10:32.079+0000] {standard_task_runner.py:88} INFO - Job 24: Subtask dbt_run_silver
[2025-11-23T16:10:32.118+0000] {task_command.py:423} INFO - Running <TaskInstance: dbt_ecommerce_pipeline.dbt_run_silver scheduled__2025-11-23T16:05:00+00:00 [running]> on host 4731e9e89e36
[2025-11-23T16:10:32.153+0000] {taskinstance.py:2513} INFO - Exporting env vars: AIRFLOW_CTX_DAG_EMAIL='luccanegrini@outlook.com.br' AIRFLOW_CTX_DAG_OWNER='airflow' AIRFLOW_CTX_DAG_ID='dbt_ecommerce_pipeline' AIRFLOW_CTX_TASK_ID='dbt_run_silver' AIRFLOW_CTX_EXECUTION_DATE='2025-11-23T16:05:00+00:00' AIRFLOW_CTX_TRY_NUMBER='1' AIRFLOW_CTX_DAG_RUN_ID='scheduled__2025-11-23T16:05:00+00:00'
[2025-11-23T16:10:32.154+0000] {subprocess.py:63} INFO - Tmp dir root location: /tmp
[2025-11-23T16:10:32.155+0000] {subprocess.py:75} INFO - Running command: ['/usr/bin/bash', '-c', '\n    rm -rf /tmp/dbt_runtime &&     mkdir -p /tmp/dbt_runtime &&     cp -r /opt/airflow/dbt/ecommerce_dbt /tmp/dbt_runtime/ecommerce_dbt &&     cd /tmp/dbt_runtime/ecommerce_dbt &&     dbt run --select tag:silver       --project-dir /tmp/dbt_runtime/ecommerce_dbt       --profiles-dir /home/airflow/.dbt\n    ']
[2025-11-23T16:10:32.166+0000] {subprocess.py:86} INFO - Output:
[2025-11-23T16:10:35.784+0000] {subprocess.py:93} INFO - [0m16:10:35  Running with dbt=1.7.19
[2025-11-23T16:10:36.450+0000] {subprocess.py:93} INFO - [0m16:10:36  [[33mWARNING[0m]: Deprecated functionality
[2025-11-23T16:10:36.450+0000] {subprocess.py:93} INFO - The `log-path` config in `dbt_project.yml` has been deprecated, and will no
[2025-11-23T16:10:36.451+0000] {subprocess.py:93} INFO - longer be supported in a future version of dbt-core. If you wish to write dbt
[2025-11-23T16:10:36.451+0000] {subprocess.py:93} INFO - logs to a custom directory, please use the --log-path CLI flag or DBT_LOG_PATH
[2025-11-23T16:10:36.451+0000] {subprocess.py:93} INFO - env var instead.
[2025-11-23T16:10:36.580+0000] {subprocess.py:93} INFO - [0m16:10:36  Registered adapter: snowflake=1.7.2
[2025-11-23T16:10:36.616+0000] {subprocess.py:93} INFO - [0m16:10:36  [[33mWARNING[0m]: Configuration paths exist in your dbt_project.yml file which do not apply to any resources.
[2025-11-23T16:10:36.617+0000] {subprocess.py:93} INFO - There are 1 unused configuration paths:
[2025-11-23T16:10:36.617+0000] {subprocess.py:93} INFO - - models.ecommerce_dbt.bronze
[2025-11-23T16:10:36.681+0000] {subprocess.py:93} INFO - [0m16:10:36  Found 10 models, 16 tests, 1 source, 0 exposures, 0 metrics, 431 macros, 0 groups, 0 semantic models
[2025-11-23T16:10:36.682+0000] {subprocess.py:93} INFO - [0m16:10:36
[2025-11-23T16:10:40.835+0000] {subprocess.py:93} INFO - [0m16:10:40  Concurrency: 1 threads (target='dev')
[2025-11-23T16:10:40.835+0000] {subprocess.py:93} INFO - [0m16:10:40
[2025-11-23T16:10:40.843+0000] {subprocess.py:93} INFO - [0m16:10:40  1 of 6 START sql incremental model -- Se o modelo definiu +schema, usa só ele (ex: silver, gold)
[2025-11-23T16:10:40.844+0000] {subprocess.py:93} INFO -         silver.fct_event_items  [RUN]
[2025-11-23T16:10:42.645+0000] {subprocess.py:93} INFO - [0m16:10:42  1 of 6 OK created sql incremental model -- Se o modelo definiu +schema, usa só ele (ex: silver, gold)
[2025-11-23T16:10:42.645+0000] {subprocess.py:93} INFO -         silver.fct_event_items  [[32mSUCCESS 1[0m in 1.80s]
[2025-11-23T16:10:42.647+0000] {subprocess.py:93} INFO - [0m16:10:42  2 of 6 START sql incremental model -- Se o modelo definiu +schema, usa só ele (ex: silver, gold)
[2025-11-23T16:10:42.647+0000] {subprocess.py:93} INFO -         silver.fct_events  [RUN]
[2025-11-23T16:10:44.581+0000] {subprocess.py:93} INFO - [0m16:10:44  2 of 6 OK created sql incremental model -- Se o modelo definiu +schema, usa só ele (ex: silver, gold)
[2025-11-23T16:10:44.581+0000] {subprocess.py:93} INFO -         silver.fct_events  [[32mSUCCESS 1[0m in 1.93s]
[2025-11-23T16:10:44.582+0000] {subprocess.py:93} INFO - [0m16:10:44  3 of 6 START sql incremental model -- Se o modelo definiu +schema, usa só ele (ex: silver, gold)
[2025-11-23T16:10:44.583+0000] {subprocess.py:93} INFO -         silver.dim_products  [RUN]
[2025-11-23T16:10:46.736+0000] {subprocess.py:93} INFO - [0m16:10:46  3 of 6 OK created sql incremental model -- Se o modelo definiu +schema, usa só ele (ex: silver, gold)
[2025-11-23T16:10:46.737+0000] {subprocess.py:93} INFO -         silver.dim_products  [[32mSUCCESS 1[0m in 2.15s]
[2025-11-23T16:10:46.743+0000] {subprocess.py:93} INFO - [0m16:10:46  4 of 6 START sql incremental model -- Se o modelo definiu +schema, usa só ele (ex: silver, gold)
[2025-11-23T16:10:46.743+0000] {subprocess.py:93} INFO -         silver.dim_campaigns  [RUN]
[2025-11-23T16:10:48.516+0000] {subprocess.py:93} INFO - [0m16:10:48  4 of 6 OK created sql incremental model -- Se o modelo definiu +schema, usa só ele (ex: silver, gold)
[2025-11-23T16:10:48.516+0000] {subprocess.py:93} INFO -         silver.dim_campaigns  [[32mSUCCESS 1[0m in 1.78s]
[2025-11-23T16:10:48.518+0000] {subprocess.py:93} INFO - [0m16:10:48  5 of 6 START sql incremental model -- Se o modelo definiu +schema, usa só ele (ex: silver, gold)
[2025-11-23T16:10:48.518+0000] {subprocess.py:93} INFO -         silver.dim_sessions  [RUN]
[2025-11-23T16:10:50.156+0000] {subprocess.py:93} INFO - [0m16:10:50  5 of 6 OK created sql incremental model -- Se o modelo definiu +schema, usa só ele (ex: silver, gold)
[2025-11-23T16:10:50.156+0000] {subprocess.py:93} INFO -         silver.dim_sessions  [[32mSUCCESS 1[0m in 1.64s]
[2025-11-23T16:10:50.157+0000] {subprocess.py:93} INFO - [0m16:10:50  6 of 6 START sql incremental model -- Se o modelo definiu +schema, usa só ele (ex: silver, gold)
[2025-11-23T16:10:50.158+0000] {subprocess.py:93} INFO -         silver.dim_users  [RUN]
[2025-11-23T16:10:51.865+0000] {subprocess.py:93} INFO - [0m16:10:51  6 of 6 OK created sql incremental model -- Se o modelo definiu +schema, usa só ele (ex: silver, gold)
[2025-11-23T16:10:51.866+0000] {subprocess.py:93} INFO -         silver.dim_users  [[32mSUCCESS 1[0m in 1.71s]
[2025-11-23T16:10:51.869+0000] {subprocess.py:93} INFO - [0m16:10:51
[2025-11-23T16:10:51.869+0000] {subprocess.py:93} INFO - [0m16:10:51  Finished running 6 incremental models in 0 hours 0 minutes and 15.19 seconds (15.19s).
[2025-11-23T16:10:51.884+0000] {subprocess.py:93} INFO - [0m16:10:51
[2025-11-23T16:10:51.884+0000] {subprocess.py:93} INFO - [0m16:10:51  [32mCompleted successfully[0m
[2025-11-23T16:10:51.884+0000] {subprocess.py:93} INFO - [0m16:10:51
[2025-11-23T16:10:51.885+0000] {subprocess.py:93} INFO - [0m16:10:51  Done. PASS=6 WARN=0 ERROR=0 SKIP=0 TOTAL=6
[2025-11-23T16:10:52.794+0000] {subprocess.py:97} INFO - Command exited with return code 0
[2025-11-23T16:10:52.811+0000] {taskinstance.py:1149} INFO - Marking task as SUCCESS. dag_id=dbt_ecommerce_pipeline, task_id=dbt_run_silver, execution_date=20251123T160500, start_date=20251123T161032, end_date=20251123T161052
[2025-11-23T16:10:52.867+0000] {local_task_job_runner.py:234} INFO - Task exited with return code 0
[2025-11-23T16:10:52.874+0000] {logging_mixin.py:188} WARNING - /home/airflow/.local/lib/python3.11/site-packages/airflow/models/baseoperator.py:1201 AirflowProviderDeprecationWarning: Call to deprecated class SnowflakeOperator. (This class is deprecated. Please use `airflow.providers.common.sql.operators.sql.SQLExecuteQueryOperator`. Also, you can provide `hook_params={'warehouse': <warehouse>, 'database': <database>, 'role': <role>, 'schema': <schema>, 'authenticator': <authenticator>,'session_parameters': <session_parameters>}`.)
[2025-11-23T16:10:52.882+0000] {taskinstance.py:3312} INFO - 1 downstream tasks scheduled from follow-on schedule check
