[2025-11-23T06:04:12.757+0000] {taskinstance.py:1979} INFO - Dependencies all met for dep_context=non-requeueable deps ti=<TaskInstance: dbt_ecommerce_pipeline.dbt_deps manual__2025-11-23T05:53:30.311287+00:00 [queued]>
[2025-11-23T06:04:12.761+0000] {taskinstance.py:1979} INFO - Dependencies all met for dep_context=requeueable deps ti=<TaskInstance: dbt_ecommerce_pipeline.dbt_deps manual__2025-11-23T05:53:30.311287+00:00 [queued]>
[2025-11-23T06:04:12.762+0000] {taskinstance.py:2193} INFO - Starting attempt 1 of 2
[2025-11-23T06:04:12.772+0000] {taskinstance.py:2217} INFO - Executing <Task(BashOperator): dbt_deps> on 2025-11-23 05:53:30.311287+00:00
[2025-11-23T06:04:12.780+0000] {standard_task_runner.py:60} INFO - Started process 897 to run task
[2025-11-23T06:04:12.784+0000] {standard_task_runner.py:87} INFO - Running: ['airflow', 'tasks', 'run', 'dbt_ecommerce_pipeline', 'dbt_deps', 'manual__2025-11-23T05:53:30.311287+00:00', '--job-id', '21', '--raw', '--subdir', 'DAGS_FOLDER/ecommerce_dbt_pipeline.py', '--cfg-path', '/tmp/tmpot4sr03l']
[2025-11-23T06:04:12.786+0000] {standard_task_runner.py:88} INFO - Job 21: Subtask dbt_deps
[2025-11-23T06:04:12.831+0000] {task_command.py:423} INFO - Running <TaskInstance: dbt_ecommerce_pipeline.dbt_deps manual__2025-11-23T05:53:30.311287+00:00 [running]> on host 7244b0bf02d5
[2025-11-23T06:04:12.876+0000] {taskinstance.py:2513} INFO - Exporting env vars: AIRFLOW_CTX_DAG_OWNER='airflow' AIRFLOW_CTX_DAG_ID='dbt_ecommerce_pipeline' AIRFLOW_CTX_TASK_ID='dbt_deps' AIRFLOW_CTX_EXECUTION_DATE='2025-11-23T05:53:30.311287+00:00' AIRFLOW_CTX_TRY_NUMBER='1' AIRFLOW_CTX_DAG_RUN_ID='manual__2025-11-23T05:53:30.311287+00:00'
[2025-11-23T06:04:12.877+0000] {subprocess.py:63} INFO - Tmp dir root location: /tmp
[2025-11-23T06:04:12.879+0000] {subprocess.py:75} INFO - Running command: ['/usr/bin/bash', '-c', '\n    rm -rf /tmp/dbt_runtime &&     mkdir -p /tmp/dbt_runtime &&     cp -r /opt/airflow/dbt/ecommerce_dbt /tmp/dbt_runtime/ecommerce_dbt &&     cd /tmp/dbt_runtime/ecommerce_dbt &&     dbt deps       --project-dir /tmp/dbt_runtime/ecommerce_dbt       --profiles-dir /home/airflow/.dbt\n    ']
[2025-11-23T06:04:12.895+0000] {subprocess.py:86} INFO - Output:
[2025-11-23T06:04:16.601+0000] {subprocess.py:93} INFO - [0m06:04:16  Running with dbt=1.7.19
[2025-11-23T06:04:16.607+0000] {subprocess.py:93} INFO - [0m06:04:16  [[33mWARNING[0m]: Deprecated functionality
[2025-11-23T06:04:16.607+0000] {subprocess.py:93} INFO - The `log-path` config in `dbt_project.yml` has been deprecated, and will no
[2025-11-23T06:04:16.608+0000] {subprocess.py:93} INFO - longer be supported in a future version of dbt-core. If you wish to write dbt
[2025-11-23T06:04:16.608+0000] {subprocess.py:93} INFO - logs to a custom directory, please use the --log-path CLI flag or DBT_LOG_PATH
[2025-11-23T06:04:16.608+0000] {subprocess.py:93} INFO - env var instead.
[2025-11-23T06:04:16.757+0000] {subprocess.py:93} INFO - [0m06:04:16  Warning: No packages were found in packages.yml
[2025-11-23T06:04:16.759+0000] {subprocess.py:93} INFO - [0m06:04:16  Warning: No packages were found in packages.yml
[2025-11-23T06:04:17.503+0000] {subprocess.py:97} INFO - Command exited with return code 0
[2025-11-23T06:04:17.520+0000] {taskinstance.py:1149} INFO - Marking task as SUCCESS. dag_id=dbt_ecommerce_pipeline, task_id=dbt_deps, execution_date=20251123T055330, start_date=20251123T060412, end_date=20251123T060417
[2025-11-23T06:04:17.568+0000] {local_task_job_runner.py:234} INFO - Task exited with return code 0
[2025-11-23T06:04:17.583+0000] {taskinstance.py:3312} INFO - 1 downstream tasks scheduled from follow-on schedule check
