[2025-11-23T20:20:33.675+0000] {taskinstance.py:1979} INFO - Dependencies all met for dep_context=non-requeueable deps ti=<TaskInstance: dbt_ecommerce_pipeline.dbt_run_gold scheduled__2025-11-23T20:15:00+00:00 [queued]>
[2025-11-23T20:20:33.679+0000] {taskinstance.py:1979} INFO - Dependencies all met for dep_context=requeueable deps ti=<TaskInstance: dbt_ecommerce_pipeline.dbt_run_gold scheduled__2025-11-23T20:15:00+00:00 [queued]>
[2025-11-23T20:20:33.679+0000] {taskinstance.py:2193} INFO - Starting attempt 1 of 3
[2025-11-23T20:20:33.689+0000] {taskinstance.py:2217} INFO - Executing <Task(BashOperator): dbt_run_gold> on 2025-11-23 20:15:00+00:00
[2025-11-23T20:20:33.696+0000] {standard_task_runner.py:60} INFO - Started process 7968 to run task
[2025-11-23T20:20:33.698+0000] {standard_task_runner.py:87} INFO - Running: ['airflow', 'tasks', 'run', 'dbt_ecommerce_pipeline', 'dbt_run_gold', 'scheduled__2025-11-23T20:15:00+00:00', '--job-id', '230', '--raw', '--subdir', 'DAGS_FOLDER/dbt_ecommerce_pipeline.py', '--cfg-path', '/tmp/tmpvr90_9nc']
[2025-11-23T20:20:33.700+0000] {standard_task_runner.py:88} INFO - Job 230: Subtask dbt_run_gold
[2025-11-23T20:20:33.737+0000] {task_command.py:423} INFO - Running <TaskInstance: dbt_ecommerce_pipeline.dbt_run_gold scheduled__2025-11-23T20:15:00+00:00 [running]> on host 4731e9e89e36
[2025-11-23T20:20:33.780+0000] {taskinstance.py:2513} INFO - Exporting env vars: AIRFLOW_CTX_DAG_OWNER='airflow' AIRFLOW_CTX_DAG_ID='dbt_ecommerce_pipeline' AIRFLOW_CTX_TASK_ID='dbt_run_gold' AIRFLOW_CTX_EXECUTION_DATE='2025-11-23T20:15:00+00:00' AIRFLOW_CTX_TRY_NUMBER='1' AIRFLOW_CTX_DAG_RUN_ID='scheduled__2025-11-23T20:15:00+00:00'
[2025-11-23T20:20:33.781+0000] {subprocess.py:63} INFO - Tmp dir root location: /tmp
[2025-11-23T20:20:33.782+0000] {subprocess.py:75} INFO - Running command: ['/usr/bin/bash', '-c', '\n    rm -rf /tmp/dbt_runtime &&     mkdir -p /tmp/dbt_runtime &&     cp -r /opt/airflow/dbt/ecommerce_dbt /tmp/dbt_runtime/ecommerce_dbt &&     cd /tmp/dbt_runtime/ecommerce_dbt &&     dbt run --select tag:gold       --project-dir /tmp/dbt_runtime/ecommerce_dbt       --profiles-dir /home/airflow/.dbt\n    ']
[2025-11-23T20:20:33.794+0000] {subprocess.py:86} INFO - Output:
[2025-11-23T20:20:37.545+0000] {subprocess.py:93} INFO - [0m20:20:37  Running with dbt=1.7.19
[2025-11-23T20:20:38.189+0000] {subprocess.py:93} INFO - [0m20:20:38  [[33mWARNING[0m]: Deprecated functionality
[2025-11-23T20:20:38.190+0000] {subprocess.py:93} INFO - The `log-path` config in `dbt_project.yml` has been deprecated, and will no
[2025-11-23T20:20:38.190+0000] {subprocess.py:93} INFO - longer be supported in a future version of dbt-core. If you wish to write dbt
[2025-11-23T20:20:38.190+0000] {subprocess.py:93} INFO - logs to a custom directory, please use the --log-path CLI flag or DBT_LOG_PATH
[2025-11-23T20:20:38.191+0000] {subprocess.py:93} INFO - env var instead.
[2025-11-23T20:20:38.311+0000] {subprocess.py:93} INFO - [0m20:20:38  Registered adapter: snowflake=1.7.2
[2025-11-23T20:20:38.400+0000] {subprocess.py:93} INFO - [0m20:20:38  Found 10 models, 19 tests, 1 source, 0 exposures, 0 metrics, 431 macros, 0 groups, 0 semantic models
[2025-11-23T20:20:38.402+0000] {subprocess.py:93} INFO - [0m20:20:38
[2025-11-23T20:20:42.378+0000] {subprocess.py:93} INFO - [0m20:20:42  Concurrency: 1 threads (target='dev')
[2025-11-23T20:20:42.379+0000] {subprocess.py:93} INFO - [0m20:20:42
[2025-11-23T20:20:42.386+0000] {subprocess.py:93} INFO - [0m20:20:42  1 of 4 START sql incremental model -- Se o modelo definiu +schema, usa só ele (ex: silver, gold)
[2025-11-23T20:20:42.392+0000] {subprocess.py:93} INFO -         gold.campaign_performance  [RUN]
[2025-11-23T20:20:44.122+0000] {subprocess.py:93} INFO - [0m20:20:44  1 of 4 OK created sql incremental model -- Se o modelo definiu +schema, usa só ele (ex: silver, gold)
[2025-11-23T20:20:44.122+0000] {subprocess.py:93} INFO -         gold.campaign_performance  [[32mSUCCESS 1[0m in 1.73s]
[2025-11-23T20:20:44.123+0000] {subprocess.py:93} INFO - [0m20:20:44  2 of 4 START sql incremental model -- Se o modelo definiu +schema, usa só ele (ex: silver, gold)
[2025-11-23T20:20:44.124+0000] {subprocess.py:93} INFO -         gold.funnel_daily  [RUN]
[2025-11-23T20:20:45.716+0000] {subprocess.py:93} INFO - [0m20:20:45  2 of 4 OK created sql incremental model -- Se o modelo definiu +schema, usa só ele (ex: silver, gold)
[2025-11-23T20:20:45.718+0000] {subprocess.py:93} INFO -         gold.funnel_daily  [[32mSUCCESS 1[0m in 1.59s]
[2025-11-23T20:20:45.724+0000] {subprocess.py:93} INFO - [0m20:20:45  3 of 4 START sql incremental model -- Se o modelo definiu +schema, usa só ele (ex: silver, gold)
[2025-11-23T20:20:45.724+0000] {subprocess.py:93} INFO -         gold.product_performance  [RUN]
[2025-11-23T20:20:47.313+0000] {subprocess.py:93} INFO - [0m20:20:47  3 of 4 OK created sql incremental model -- Se o modelo definiu +schema, usa só ele (ex: silver, gold)
[2025-11-23T20:20:47.314+0000] {subprocess.py:93} INFO -         gold.product_performance  [[32mSUCCESS 1[0m in 1.59s]
[2025-11-23T20:20:47.315+0000] {subprocess.py:93} INFO - [0m20:20:47  4 of 4 START sql incremental model -- Se o modelo definiu +schema, usa só ele (ex: silver, gold)
[2025-11-23T20:20:47.315+0000] {subprocess.py:93} INFO -         gold.revenue_daily  [RUN]
[2025-11-23T20:20:49.014+0000] {subprocess.py:93} INFO - [0m20:20:49  4 of 4 OK created sql incremental model -- Se o modelo definiu +schema, usa só ele (ex: silver, gold)
[2025-11-23T20:20:49.014+0000] {subprocess.py:93} INFO -         gold.revenue_daily  [[32mSUCCESS 1[0m in 1.70s]
[2025-11-23T20:20:49.017+0000] {subprocess.py:93} INFO - [0m20:20:49
[2025-11-23T20:20:49.018+0000] {subprocess.py:93} INFO - [0m20:20:49  Finished running 4 incremental models in 0 hours 0 minutes and 10.62 seconds (10.62s).
[2025-11-23T20:20:49.031+0000] {subprocess.py:93} INFO - [0m20:20:49
[2025-11-23T20:20:49.032+0000] {subprocess.py:93} INFO - [0m20:20:49  [32mCompleted successfully[0m
[2025-11-23T20:20:49.032+0000] {subprocess.py:93} INFO - [0m20:20:49
[2025-11-23T20:20:49.033+0000] {subprocess.py:93} INFO - [0m20:20:49  Done. PASS=4 WARN=0 ERROR=0 SKIP=0 TOTAL=4
[2025-11-23T20:20:49.819+0000] {subprocess.py:97} INFO - Command exited with return code 0
[2025-11-23T20:20:49.835+0000] {taskinstance.py:1149} INFO - Marking task as SUCCESS. dag_id=dbt_ecommerce_pipeline, task_id=dbt_run_gold, execution_date=20251123T201500, start_date=20251123T202033, end_date=20251123T202049
[2025-11-23T20:20:49.853+0000] {local_task_job_runner.py:234} INFO - Task exited with return code 0
[2025-11-23T20:20:49.861+0000] {taskinstance.py:3312} INFO - 1 downstream tasks scheduled from follow-on schedule check
