[2025-11-23T22:15:35.155+0000] {taskinstance.py:1979} INFO - Dependencies all met for dep_context=non-requeueable deps ti=<TaskInstance: dbt_ecommerce_pipeline.dbt_run_gold scheduled__2025-11-23T22:10:00+00:00 [queued]>
[2025-11-23T22:15:35.161+0000] {taskinstance.py:1979} INFO - Dependencies all met for dep_context=requeueable deps ti=<TaskInstance: dbt_ecommerce_pipeline.dbt_run_gold scheduled__2025-11-23T22:10:00+00:00 [queued]>
[2025-11-23T22:15:35.162+0000] {taskinstance.py:2193} INFO - Starting attempt 1 of 3
[2025-11-23T22:15:35.175+0000] {taskinstance.py:2217} INFO - Executing <Task(BashOperator): dbt_run_gold> on 2025-11-23 22:10:00+00:00
[2025-11-23T22:15:35.182+0000] {standard_task_runner.py:60} INFO - Started process 11189 to run task
[2025-11-23T22:15:35.186+0000] {standard_task_runner.py:87} INFO - Running: ['airflow', 'tasks', 'run', 'dbt_ecommerce_pipeline', 'dbt_run_gold', 'scheduled__2025-11-23T22:10:00+00:00', '--job-id', '322', '--raw', '--subdir', 'DAGS_FOLDER/dbt_ecommerce_pipeline.py', '--cfg-path', '/tmp/tmp45wkd0v4']
[2025-11-23T22:15:35.189+0000] {standard_task_runner.py:88} INFO - Job 322: Subtask dbt_run_gold
[2025-11-23T22:15:35.230+0000] {task_command.py:423} INFO - Running <TaskInstance: dbt_ecommerce_pipeline.dbt_run_gold scheduled__2025-11-23T22:10:00+00:00 [running]> on host 4731e9e89e36
[2025-11-23T22:15:35.283+0000] {taskinstance.py:2513} INFO - Exporting env vars: AIRFLOW_CTX_DAG_OWNER='airflow' AIRFLOW_CTX_DAG_ID='dbt_ecommerce_pipeline' AIRFLOW_CTX_TASK_ID='dbt_run_gold' AIRFLOW_CTX_EXECUTION_DATE='2025-11-23T22:10:00+00:00' AIRFLOW_CTX_TRY_NUMBER='1' AIRFLOW_CTX_DAG_RUN_ID='scheduled__2025-11-23T22:10:00+00:00'
[2025-11-23T22:15:35.285+0000] {subprocess.py:63} INFO - Tmp dir root location: /tmp
[2025-11-23T22:15:35.286+0000] {subprocess.py:75} INFO - Running command: ['/usr/bin/bash', '-c', '\n    rm -rf /tmp/dbt_runtime &&     mkdir -p /tmp/dbt_runtime &&     cp -r /opt/airflow/dbt/ecommerce_dbt /tmp/dbt_runtime/ecommerce_dbt &&     cd /tmp/dbt_runtime/ecommerce_dbt &&     dbt run --select tag:gold       --project-dir /tmp/dbt_runtime/ecommerce_dbt       --profiles-dir /home/airflow/.dbt\n    ']
[2025-11-23T22:15:35.298+0000] {subprocess.py:86} INFO - Output:
[2025-11-23T22:15:39.247+0000] {subprocess.py:93} INFO - [0m22:15:39  Running with dbt=1.7.19
[2025-11-23T22:15:39.920+0000] {subprocess.py:93} INFO - [0m22:15:39  [[33mWARNING[0m]: Deprecated functionality
[2025-11-23T22:15:39.921+0000] {subprocess.py:93} INFO - The `log-path` config in `dbt_project.yml` has been deprecated, and will no
[2025-11-23T22:15:39.921+0000] {subprocess.py:93} INFO - longer be supported in a future version of dbt-core. If you wish to write dbt
[2025-11-23T22:15:39.921+0000] {subprocess.py:93} INFO - logs to a custom directory, please use the --log-path CLI flag or DBT_LOG_PATH
[2025-11-23T22:15:39.922+0000] {subprocess.py:93} INFO - env var instead.
[2025-11-23T22:15:40.045+0000] {subprocess.py:93} INFO - [0m22:15:40  Registered adapter: snowflake=1.7.2
[2025-11-23T22:15:40.139+0000] {subprocess.py:93} INFO - [0m22:15:40  Found 10 models, 19 tests, 1 source, 0 exposures, 0 metrics, 431 macros, 0 groups, 0 semantic models
[2025-11-23T22:15:40.141+0000] {subprocess.py:93} INFO - [0m22:15:40
[2025-11-23T22:15:44.631+0000] {subprocess.py:93} INFO - [0m22:15:44  Concurrency: 1 threads (target='dev')
[2025-11-23T22:15:44.631+0000] {subprocess.py:93} INFO - [0m22:15:44
[2025-11-23T22:15:44.640+0000] {subprocess.py:93} INFO - [0m22:15:44  1 of 4 START sql incremental model -- Se o modelo definiu +schema, usa só ele (ex: silver, gold)
[2025-11-23T22:15:44.640+0000] {subprocess.py:93} INFO -         gold.campaign_performance  [RUN]
[2025-11-23T22:15:46.665+0000] {subprocess.py:93} INFO - [0m22:15:46  1 of 4 OK created sql incremental model -- Se o modelo definiu +schema, usa só ele (ex: silver, gold)
[2025-11-23T22:15:46.666+0000] {subprocess.py:93} INFO -         gold.campaign_performance  [[32mSUCCESS 1[0m in 2.02s]
[2025-11-23T22:15:46.667+0000] {subprocess.py:93} INFO - [0m22:15:46  2 of 4 START sql incremental model -- Se o modelo definiu +schema, usa só ele (ex: silver, gold)
[2025-11-23T22:15:46.667+0000] {subprocess.py:93} INFO -         gold.funnel_daily  [RUN]
[2025-11-23T22:15:48.791+0000] {subprocess.py:93} INFO - [0m22:15:48  2 of 4 OK created sql incremental model -- Se o modelo definiu +schema, usa só ele (ex: silver, gold)
[2025-11-23T22:15:48.792+0000] {subprocess.py:93} INFO -         gold.funnel_daily  [[32mSUCCESS 1[0m in 2.12s]
[2025-11-23T22:15:48.795+0000] {subprocess.py:93} INFO - [0m22:15:48  3 of 4 START sql incremental model -- Se o modelo definiu +schema, usa só ele (ex: silver, gold)
[2025-11-23T22:15:48.795+0000] {subprocess.py:93} INFO -         gold.product_performance  [RUN]
[2025-11-23T22:15:50.640+0000] {subprocess.py:93} INFO - [0m22:15:50  3 of 4 OK created sql incremental model -- Se o modelo definiu +schema, usa só ele (ex: silver, gold)
[2025-11-23T22:15:50.643+0000] {subprocess.py:93} INFO -         gold.product_performance  [[32mSUCCESS 1[0m in 1.84s]
[2025-11-23T22:15:50.646+0000] {subprocess.py:93} INFO - [0m22:15:50  4 of 4 START sql incremental model -- Se o modelo definiu +schema, usa só ele (ex: silver, gold)
[2025-11-23T22:15:50.646+0000] {subprocess.py:93} INFO -         gold.revenue_daily  [RUN]
[2025-11-23T22:15:52.363+0000] {subprocess.py:93} INFO - [0m22:15:52  4 of 4 OK created sql incremental model -- Se o modelo definiu +schema, usa só ele (ex: silver, gold)
[2025-11-23T22:15:52.364+0000] {subprocess.py:93} INFO -         gold.revenue_daily  [[32mSUCCESS 1[0m in 1.72s]
[2025-11-23T22:15:52.368+0000] {subprocess.py:93} INFO - [0m22:15:52
[2025-11-23T22:15:52.369+0000] {subprocess.py:93} INFO - [0m22:15:52  Finished running 4 incremental models in 0 hours 0 minutes and 12.23 seconds (12.23s).
[2025-11-23T22:15:52.393+0000] {subprocess.py:93} INFO - [0m22:15:52
[2025-11-23T22:15:52.394+0000] {subprocess.py:93} INFO - [0m22:15:52  [32mCompleted successfully[0m
[2025-11-23T22:15:52.394+0000] {subprocess.py:93} INFO - [0m22:15:52
[2025-11-23T22:15:52.395+0000] {subprocess.py:93} INFO - [0m22:15:52  Done. PASS=4 WARN=0 ERROR=0 SKIP=0 TOTAL=4
[2025-11-23T22:15:53.334+0000] {subprocess.py:97} INFO - Command exited with return code 0
[2025-11-23T22:15:53.354+0000] {taskinstance.py:1149} INFO - Marking task as SUCCESS. dag_id=dbt_ecommerce_pipeline, task_id=dbt_run_gold, execution_date=20251123T221000, start_date=20251123T221535, end_date=20251123T221553
[2025-11-23T22:15:53.394+0000] {local_task_job_runner.py:234} INFO - Task exited with return code 0
[2025-11-23T22:15:53.403+0000] {taskinstance.py:3312} INFO - 1 downstream tasks scheduled from follow-on schedule check
