[2025-11-23T23:00:10.431+0000] {taskinstance.py:1979} INFO - Dependencies all met for dep_context=non-requeueable deps ti=<TaskInstance: dbt_ecommerce_pipeline.dbt_run_silver scheduled__2025-11-23T22:55:00+00:00 [queued]>
[2025-11-23T23:00:10.435+0000] {taskinstance.py:1979} INFO - Dependencies all met for dep_context=requeueable deps ti=<TaskInstance: dbt_ecommerce_pipeline.dbt_run_silver scheduled__2025-11-23T22:55:00+00:00 [queued]>
[2025-11-23T23:00:10.436+0000] {taskinstance.py:2193} INFO - Starting attempt 1 of 3
[2025-11-23T23:00:10.445+0000] {taskinstance.py:2217} INFO - Executing <Task(BashOperator): dbt_run_silver> on 2025-11-23 22:55:00+00:00
[2025-11-23T23:00:10.452+0000] {standard_task_runner.py:60} INFO - Started process 12410 to run task
[2025-11-23T23:00:10.456+0000] {standard_task_runner.py:87} INFO - Running: ['airflow', 'tasks', 'run', 'dbt_ecommerce_pipeline', 'dbt_run_silver', 'scheduled__2025-11-23T22:55:00+00:00', '--job-id', '357', '--raw', '--subdir', 'DAGS_FOLDER/dbt_ecommerce_pipeline.py', '--cfg-path', '/tmp/tmpei5tve7a']
[2025-11-23T23:00:10.459+0000] {standard_task_runner.py:88} INFO - Job 357: Subtask dbt_run_silver
[2025-11-23T23:00:10.505+0000] {task_command.py:423} INFO - Running <TaskInstance: dbt_ecommerce_pipeline.dbt_run_silver scheduled__2025-11-23T22:55:00+00:00 [running]> on host 4731e9e89e36
[2025-11-23T23:00:10.553+0000] {taskinstance.py:2513} INFO - Exporting env vars: AIRFLOW_CTX_DAG_OWNER='airflow' AIRFLOW_CTX_DAG_ID='dbt_ecommerce_pipeline' AIRFLOW_CTX_TASK_ID='dbt_run_silver' AIRFLOW_CTX_EXECUTION_DATE='2025-11-23T22:55:00+00:00' AIRFLOW_CTX_TRY_NUMBER='1' AIRFLOW_CTX_DAG_RUN_ID='scheduled__2025-11-23T22:55:00+00:00'
[2025-11-23T23:00:10.554+0000] {subprocess.py:63} INFO - Tmp dir root location: /tmp
[2025-11-23T23:00:10.555+0000] {subprocess.py:75} INFO - Running command: ['/usr/bin/bash', '-c', '\n    rm -rf /tmp/dbt_runtime &&     mkdir -p /tmp/dbt_runtime &&     cp -r /opt/airflow/dbt/ecommerce_dbt /tmp/dbt_runtime/ecommerce_dbt &&     cd /tmp/dbt_runtime/ecommerce_dbt &&     dbt run --select tag:silver       --project-dir /tmp/dbt_runtime/ecommerce_dbt       --profiles-dir /home/airflow/.dbt\n    ']
[2025-11-23T23:00:10.567+0000] {subprocess.py:86} INFO - Output:
[2025-11-23T23:00:13.963+0000] {subprocess.py:93} INFO - [0m23:00:13  Running with dbt=1.7.19
[2025-11-23T23:00:14.669+0000] {subprocess.py:93} INFO - [0m23:00:14  [[33mWARNING[0m]: Deprecated functionality
[2025-11-23T23:00:14.670+0000] {subprocess.py:93} INFO - The `log-path` config in `dbt_project.yml` has been deprecated, and will no
[2025-11-23T23:00:14.670+0000] {subprocess.py:93} INFO - longer be supported in a future version of dbt-core. If you wish to write dbt
[2025-11-23T23:00:14.670+0000] {subprocess.py:93} INFO - logs to a custom directory, please use the --log-path CLI flag or DBT_LOG_PATH
[2025-11-23T23:00:14.671+0000] {subprocess.py:93} INFO - env var instead.
[2025-11-23T23:00:14.797+0000] {subprocess.py:93} INFO - [0m23:00:14  Registered adapter: snowflake=1.7.2
[2025-11-23T23:00:14.896+0000] {subprocess.py:93} INFO - [0m23:00:14  Found 10 models, 19 tests, 1 source, 0 exposures, 0 metrics, 431 macros, 0 groups, 0 semantic models
[2025-11-23T23:00:14.897+0000] {subprocess.py:93} INFO - [0m23:00:14
[2025-11-23T23:00:18.854+0000] {subprocess.py:93} INFO - [0m23:00:18  Concurrency: 1 threads (target='dev')
[2025-11-23T23:00:18.855+0000] {subprocess.py:93} INFO - [0m23:00:18
[2025-11-23T23:00:18.867+0000] {subprocess.py:93} INFO - [0m23:00:18  1 of 6 START sql incremental model -- Se o modelo definiu +schema, usa só ele (ex: silver, gold)
[2025-11-23T23:00:18.867+0000] {subprocess.py:93} INFO -         silver.fct_event_items  [RUN]
[2025-11-23T23:00:19.099+0000] {local_task_job_runner.py:121} ERROR - Received SIGTERM. Terminating subprocesses
[2025-11-23T23:00:19.107+0000] {process_utils.py:131} INFO - Sending 15 to group 12410. PIDs of all processes in the group: [12411, 12415, 12410]
[2025-11-23T23:00:19.114+0000] {process_utils.py:86} INFO - Sending the signal 15 to group 12410
[2025-11-23T23:00:19.141+0000] {taskinstance.py:2483} ERROR - Received SIGTERM. Terminating subprocesses.
[2025-11-23T23:00:19.149+0000] {subprocess.py:104} INFO - Sending SIGTERM signal to process group
[2025-11-23T23:00:19.331+0000] {local_task_job_runner.py:121} ERROR - Received SIGTERM. Terminating subprocesses
[2025-11-23T23:00:19.338+0000] {process_utils.py:131} INFO - Sending 15 to group 12410. PIDs of all processes in the group: [12411, 12410]
[2025-11-23T23:00:19.341+0000] {process_utils.py:86} INFO - Sending the signal 15 to group 12410
[2025-11-23T23:00:19.371+0000] {taskinstance.py:2483} ERROR - Received SIGTERM. Terminating subprocesses.
[2025-11-23T23:00:19.372+0000] {subprocess.py:104} INFO - Sending SIGTERM signal to process group
[2025-11-23T23:00:19.398+0000] {logging_mixin.py:188} WARNING - --- Logging error ---
