[2025-11-23T15:41:52.220+0000] {taskinstance.py:1979} INFO - Dependencies all met for dep_context=non-requeueable deps ti=<TaskInstance: dbt_ecommerce_pipeline.notify_error scheduled__2025-11-23T15:30:00+00:00 [queued]>
[2025-11-23T15:41:52.224+0000] {taskinstance.py:1979} INFO - Dependencies all met for dep_context=requeueable deps ti=<TaskInstance: dbt_ecommerce_pipeline.notify_error scheduled__2025-11-23T15:30:00+00:00 [queued]>
[2025-11-23T15:41:52.224+0000] {taskinstance.py:2193} INFO - Starting attempt 1 of 3
[2025-11-23T15:41:52.234+0000] {taskinstance.py:2217} INFO - Executing <Task(EmailOperator): notify_error> on 2025-11-23 15:30:00+00:00
[2025-11-23T15:41:52.242+0000] {standard_task_runner.py:60} INFO - Started process 205 to run task
[2025-11-23T15:41:52.246+0000] {standard_task_runner.py:87} INFO - Running: ['airflow', 'tasks', 'run', 'dbt_ecommerce_pipeline', 'notify_error', 'scheduled__2025-11-23T15:30:00+00:00', '--job-id', '56', '--raw', '--subdir', 'DAGS_FOLDER/dbt_ecommerce_pipeline.py', '--cfg-path', '/tmp/tmp8b624ir5']
[2025-11-23T15:41:52.249+0000] {standard_task_runner.py:88} INFO - Job 56: Subtask notify_error
[2025-11-23T15:41:52.298+0000] {task_command.py:423} INFO - Running <TaskInstance: dbt_ecommerce_pipeline.notify_error scheduled__2025-11-23T15:30:00+00:00 [running]> on host 7244b0bf02d5
[2025-11-23T15:41:52.345+0000] {taskinstance.py:2513} INFO - Exporting env vars: AIRFLOW_CTX_DAG_EMAIL='luccanegrini@outlook.com.br' AIRFLOW_CTX_DAG_OWNER='airflow' AIRFLOW_CTX_DAG_ID='dbt_ecommerce_pipeline' AIRFLOW_CTX_TASK_ID='notify_error' AIRFLOW_CTX_EXECUTION_DATE='2025-11-23T15:30:00+00:00' AIRFLOW_CTX_TRY_NUMBER='1' AIRFLOW_CTX_DAG_RUN_ID='scheduled__2025-11-23T15:30:00+00:00'
[2025-11-23T15:41:52.357+0000] {logging_mixin.py:188} WARNING - /home/airflow/.local/lib/python3.11/site-packages/airflow/utils/email.py:154 RemovedInAirflow3Warning: Fetching SMTP credentials from configuration variables will be deprecated in a future release. Please set credentials using a connection instead.
[2025-11-23T15:41:52.357+0000] {configuration.py:1046} WARNING - section/key [smtp/smtp_user] not found in config
[2025-11-23T15:41:52.358+0000] {email.py:270} INFO - Email alerting: attempt 1
[2025-11-23T15:41:52.359+0000] {taskinstance.py:2731} ERROR - Task failed with exception
Traceback (most recent call last):
  File "/home/airflow/.local/lib/python3.11/site-packages/airflow/models/taskinstance.py", line 444, in _execute_task
    result = _execute_callable(context=context, **execute_callable_kwargs)
             ^^^^^^^^^^^^^^^^^^^^^^^^^^^^^^^^^^^^^^^^^^^^^^^^^^^^^^^^^^^^^
  File "/home/airflow/.local/lib/python3.11/site-packages/airflow/models/taskinstance.py", line 414, in _execute_callable
    return execute_callable(context=context, **execute_callable_kwargs)
           ^^^^^^^^^^^^^^^^^^^^^^^^^^^^^^^^^^^^^^^^^^^^^^^^^^^^^^^^^^^^
  File "/home/airflow/.local/lib/python3.11/site-packages/airflow/operators/email.py", line 79, in execute
    send_email(
  File "/home/airflow/.local/lib/python3.11/site-packages/airflow/utils/email.py", line 80, in send_email
    return backend(
           ^^^^^^^^
  File "/home/airflow/.local/lib/python3.11/site-packages/airflow/utils/email.py", line 154, in send_email_smtp
    send_mime_email(e_from=mail_from, e_to=recipients, mime_msg=msg, conn_id=conn_id, dryrun=dryrun)
  File "/home/airflow/.local/lib/python3.11/site-packages/airflow/utils/email.py", line 272, in send_mime_email
    smtp_conn = _get_smtp_connection(smtp_host, smtp_port, smtp_timeout, smtp_ssl)
                ^^^^^^^^^^^^^^^^^^^^^^^^^^^^^^^^^^^^^^^^^^^^^^^^^^^^^^^^^^^^^^^^^^
  File "/home/airflow/.local/lib/python3.11/site-packages/airflow/utils/email.py", line 316, in _get_smtp_connection
    return smtplib.SMTP(host=host, port=port, timeout=timeout)
           ^^^^^^^^^^^^^^^^^^^^^^^^^^^^^^^^^^^^^^^^^^^^^^^^^^^
  File "/usr/local/lib/python3.11/smtplib.py", line 255, in __init__
    (code, msg) = self.connect(host, port)
                  ^^^^^^^^^^^^^^^^^^^^^^^^
  File "/usr/local/lib/python3.11/smtplib.py", line 341, in connect
    self.sock = self._get_socket(host, port, self.timeout)
                ^^^^^^^^^^^^^^^^^^^^^^^^^^^^^^^^^^^^^^^^^^
  File "/usr/local/lib/python3.11/smtplib.py", line 312, in _get_socket
    return socket.create_connection((host, port), timeout,
           ^^^^^^^^^^^^^^^^^^^^^^^^^^^^^^^^^^^^^^^^^^^^^^^
  File "/usr/local/lib/python3.11/socket.py", line 851, in create_connection
    raise exceptions[0]
  File "/usr/local/lib/python3.11/socket.py", line 836, in create_connection
    sock.connect(sa)
ConnectionRefusedError: [Errno 111] Connection refused
[2025-11-23T15:41:52.364+0000] {taskinstance.py:1149} INFO - Marking task as UP_FOR_RETRY. dag_id=dbt_ecommerce_pipeline, task_id=notify_error, execution_date=20251123T153000, start_date=20251123T154152, end_date=20251123T154152
[2025-11-23T15:41:52.372+0000] {standard_task_runner.py:107} ERROR - Failed to execute job 56 for task notify_error ([Errno 111] Connection refused; 205)
[2025-11-23T15:41:52.419+0000] {local_task_job_runner.py:234} INFO - Task exited with return code 1
[2025-11-23T15:41:52.428+0000] {taskinstance.py:3312} INFO - 0 downstream tasks scheduled from follow-on schedule check
