[2025-11-23T19:50:10.042+0000] {taskinstance.py:1979} INFO - Dependencies all met for dep_context=non-requeueable deps ti=<TaskInstance: dbt_ecommerce_pipeline.dbt_run_silver scheduled__2025-11-23T19:45:00+00:00 [queued]>
[2025-11-23T19:50:10.046+0000] {taskinstance.py:1979} INFO - Dependencies all met for dep_context=requeueable deps ti=<TaskInstance: dbt_ecommerce_pipeline.dbt_run_silver scheduled__2025-11-23T19:45:00+00:00 [queued]>
[2025-11-23T19:50:10.046+0000] {taskinstance.py:2193} INFO - Starting attempt 1 of 3
[2025-11-23T19:50:10.055+0000] {taskinstance.py:2217} INFO - Executing <Task(BashOperator): dbt_run_silver> on 2025-11-23 19:45:00+00:00
[2025-11-23T19:50:10.062+0000] {standard_task_runner.py:60} INFO - Started process 7088 to run task
[2025-11-23T19:50:10.065+0000] {standard_task_runner.py:87} INFO - Running: ['airflow', 'tasks', 'run', 'dbt_ecommerce_pipeline', 'dbt_run_silver', 'scheduled__2025-11-23T19:45:00+00:00', '--job-id', '205', '--raw', '--subdir', 'DAGS_FOLDER/dbt_ecommerce_pipeline.py', '--cfg-path', '/tmp/tmp51gb4rfq']
[2025-11-23T19:50:10.066+0000] {standard_task_runner.py:88} INFO - Job 205: Subtask dbt_run_silver
[2025-11-23T19:50:10.104+0000] {task_command.py:423} INFO - Running <TaskInstance: dbt_ecommerce_pipeline.dbt_run_silver scheduled__2025-11-23T19:45:00+00:00 [running]> on host 4731e9e89e36
[2025-11-23T19:50:10.146+0000] {taskinstance.py:2513} INFO - Exporting env vars: AIRFLOW_CTX_DAG_OWNER='airflow' AIRFLOW_CTX_DAG_ID='dbt_ecommerce_pipeline' AIRFLOW_CTX_TASK_ID='dbt_run_silver' AIRFLOW_CTX_EXECUTION_DATE='2025-11-23T19:45:00+00:00' AIRFLOW_CTX_TRY_NUMBER='1' AIRFLOW_CTX_DAG_RUN_ID='scheduled__2025-11-23T19:45:00+00:00'
[2025-11-23T19:50:10.148+0000] {subprocess.py:63} INFO - Tmp dir root location: /tmp
[2025-11-23T19:50:10.149+0000] {subprocess.py:75} INFO - Running command: ['/usr/bin/bash', '-c', '\n    rm -rf /tmp/dbt_runtime &&     mkdir -p /tmp/dbt_runtime &&     cp -r /opt/airflow/dbt/ecommerce_dbt /tmp/dbt_runtime/ecommerce_dbt &&     cd /tmp/dbt_runtime/ecommerce_dbt &&     dbt run --select tag:silver       --project-dir /tmp/dbt_runtime/ecommerce_dbt       --profiles-dir /home/airflow/.dbt\n    ']
[2025-11-23T19:50:10.160+0000] {subprocess.py:86} INFO - Output:
[2025-11-23T19:50:13.913+0000] {subprocess.py:93} INFO - [0m19:50:13  Running with dbt=1.7.19
[2025-11-23T19:50:14.554+0000] {subprocess.py:93} INFO - [0m19:50:14  [[33mWARNING[0m]: Deprecated functionality
[2025-11-23T19:50:14.555+0000] {subprocess.py:93} INFO - The `log-path` config in `dbt_project.yml` has been deprecated, and will no
[2025-11-23T19:50:14.555+0000] {subprocess.py:93} INFO - longer be supported in a future version of dbt-core. If you wish to write dbt
[2025-11-23T19:50:14.555+0000] {subprocess.py:93} INFO - logs to a custom directory, please use the --log-path CLI flag or DBT_LOG_PATH
[2025-11-23T19:50:14.556+0000] {subprocess.py:93} INFO - env var instead.
[2025-11-23T19:50:14.679+0000] {subprocess.py:93} INFO - [0m19:50:14  Registered adapter: snowflake=1.7.2
[2025-11-23T19:50:14.768+0000] {subprocess.py:93} INFO - [0m19:50:14  Found 10 models, 19 tests, 1 source, 0 exposures, 0 metrics, 431 macros, 0 groups, 0 semantic models
[2025-11-23T19:50:14.770+0000] {subprocess.py:93} INFO - [0m19:50:14
[2025-11-23T19:50:18.851+0000] {subprocess.py:93} INFO - [0m19:50:18  Concurrency: 1 threads (target='dev')
[2025-11-23T19:50:18.851+0000] {subprocess.py:93} INFO - [0m19:50:18
[2025-11-23T19:50:18.859+0000] {subprocess.py:93} INFO - [0m19:50:18  1 of 6 START sql incremental model -- Se o modelo definiu +schema, usa só ele (ex: silver, gold)
[2025-11-23T19:50:18.859+0000] {subprocess.py:93} INFO -         silver.fct_event_items  [RUN]
[2025-11-23T19:50:20.767+0000] {subprocess.py:93} INFO - [0m19:50:20  1 of 6 OK created sql incremental model -- Se o modelo definiu +schema, usa só ele (ex: silver, gold)
[2025-11-23T19:50:20.767+0000] {subprocess.py:93} INFO -         silver.fct_event_items  [[32mSUCCESS 1[0m in 1.91s]
[2025-11-23T19:50:20.769+0000] {subprocess.py:93} INFO - [0m19:50:20  2 of 6 START sql incremental model -- Se o modelo definiu +schema, usa só ele (ex: silver, gold)
[2025-11-23T19:50:20.769+0000] {subprocess.py:93} INFO -         silver.fct_events  [RUN]
[2025-11-23T19:50:22.690+0000] {subprocess.py:93} INFO - [0m19:50:22  2 of 6 OK created sql incremental model -- Se o modelo definiu +schema, usa só ele (ex: silver, gold)
[2025-11-23T19:50:22.691+0000] {subprocess.py:93} INFO -         silver.fct_events  [[32mSUCCESS 1[0m in 1.92s]
[2025-11-23T19:50:22.692+0000] {subprocess.py:93} INFO - [0m19:50:22  3 of 6 START sql incremental model -- Se o modelo definiu +schema, usa só ele (ex: silver, gold)
[2025-11-23T19:50:22.692+0000] {subprocess.py:93} INFO -         silver.dim_products  [RUN]
[2025-11-23T19:50:24.700+0000] {subprocess.py:93} INFO - [0m19:50:24  3 of 6 OK created sql incremental model -- Se o modelo definiu +schema, usa só ele (ex: silver, gold)
[2025-11-23T19:50:24.700+0000] {subprocess.py:93} INFO -         silver.dim_products  [[32mSUCCESS 1[0m in 2.01s]
[2025-11-23T19:50:24.701+0000] {subprocess.py:93} INFO - [0m19:50:24  4 of 6 START sql incremental model -- Se o modelo definiu +schema, usa só ele (ex: silver, gold)
[2025-11-23T19:50:24.702+0000] {subprocess.py:93} INFO -         silver.dim_campaigns  [RUN]
[2025-11-23T19:50:26.798+0000] {subprocess.py:93} INFO - [0m19:50:26  4 of 6 OK created sql incremental model -- Se o modelo definiu +schema, usa só ele (ex: silver, gold)
[2025-11-23T19:50:26.799+0000] {subprocess.py:93} INFO -         silver.dim_campaigns  [[32mSUCCESS 1[0m in 2.10s]
[2025-11-23T19:50:26.800+0000] {subprocess.py:93} INFO - [0m19:50:26  5 of 6 START sql incremental model -- Se o modelo definiu +schema, usa só ele (ex: silver, gold)
[2025-11-23T19:50:26.800+0000] {subprocess.py:93} INFO -         silver.dim_sessions  [RUN]
[2025-11-23T19:50:28.631+0000] {subprocess.py:93} INFO - [0m19:50:28  5 of 6 OK created sql incremental model -- Se o modelo definiu +schema, usa só ele (ex: silver, gold)
[2025-11-23T19:50:28.631+0000] {subprocess.py:93} INFO -         silver.dim_sessions  [[32mSUCCESS 1[0m in 1.83s]
[2025-11-23T19:50:28.632+0000] {subprocess.py:93} INFO - [0m19:50:28  6 of 6 START sql incremental model -- Se o modelo definiu +schema, usa só ele (ex: silver, gold)
[2025-11-23T19:50:28.633+0000] {subprocess.py:93} INFO -         silver.dim_users  [RUN]
[2025-11-23T19:50:30.429+0000] {subprocess.py:93} INFO - [0m19:50:30  6 of 6 OK created sql incremental model -- Se o modelo definiu +schema, usa só ele (ex: silver, gold)
[2025-11-23T19:50:30.430+0000] {subprocess.py:93} INFO -         silver.dim_users  [[32mSUCCESS 1[0m in 1.80s]
[2025-11-23T19:50:30.433+0000] {subprocess.py:93} INFO - [0m19:50:30
[2025-11-23T19:50:30.433+0000] {subprocess.py:93} INFO - [0m19:50:30  Finished running 6 incremental models in 0 hours 0 minutes and 15.66 seconds (15.66s).
[2025-11-23T19:50:30.447+0000] {subprocess.py:93} INFO - [0m19:50:30
[2025-11-23T19:50:30.447+0000] {subprocess.py:93} INFO - [0m19:50:30  [32mCompleted successfully[0m
[2025-11-23T19:50:30.448+0000] {subprocess.py:93} INFO - [0m19:50:30
[2025-11-23T19:50:30.448+0000] {subprocess.py:93} INFO - [0m19:50:30  Done. PASS=6 WARN=0 ERROR=0 SKIP=0 TOTAL=6
[2025-11-23T19:50:31.362+0000] {subprocess.py:97} INFO - Command exited with return code 0
[2025-11-23T19:50:31.381+0000] {taskinstance.py:1149} INFO - Marking task as SUCCESS. dag_id=dbt_ecommerce_pipeline, task_id=dbt_run_silver, execution_date=20251123T194500, start_date=20251123T195010, end_date=20251123T195031
[2025-11-23T19:50:31.413+0000] {local_task_job_runner.py:234} INFO - Task exited with return code 0
[2025-11-23T19:50:31.425+0000] {taskinstance.py:3312} INFO - 1 downstream tasks scheduled from follow-on schedule check
