[2025-11-23T16:35:10.494+0000] {taskinstance.py:1979} INFO - Dependencies all met for dep_context=non-requeueable deps ti=<TaskInstance: dbt_ecommerce_pipeline.dbt_run_silver scheduled__2025-11-23T16:30:00+00:00 [queued]>
[2025-11-23T16:35:10.498+0000] {taskinstance.py:1979} INFO - Dependencies all met for dep_context=requeueable deps ti=<TaskInstance: dbt_ecommerce_pipeline.dbt_run_silver scheduled__2025-11-23T16:30:00+00:00 [queued]>
[2025-11-23T16:35:10.499+0000] {taskinstance.py:2193} INFO - Starting attempt 1 of 3
[2025-11-23T16:35:10.508+0000] {taskinstance.py:2217} INFO - Executing <Task(BashOperator): dbt_run_silver> on 2025-11-23 16:30:00+00:00
[2025-11-23T16:35:10.515+0000] {standard_task_runner.py:60} INFO - Started process 1592 to run task
[2025-11-23T16:35:10.519+0000] {standard_task_runner.py:87} INFO - Running: ['airflow', 'tasks', 'run', 'dbt_ecommerce_pipeline', 'dbt_run_silver', 'scheduled__2025-11-23T16:30:00+00:00', '--job-id', '49', '--raw', '--subdir', 'DAGS_FOLDER/dbt_ecommerce_pipeline.py', '--cfg-path', '/tmp/tmp5ra4dsra']
[2025-11-23T16:35:10.522+0000] {standard_task_runner.py:88} INFO - Job 49: Subtask dbt_run_silver
[2025-11-23T16:35:10.569+0000] {task_command.py:423} INFO - Running <TaskInstance: dbt_ecommerce_pipeline.dbt_run_silver scheduled__2025-11-23T16:30:00+00:00 [running]> on host 4731e9e89e36
[2025-11-23T16:35:10.614+0000] {taskinstance.py:2513} INFO - Exporting env vars: AIRFLOW_CTX_DAG_OWNER='airflow' AIRFLOW_CTX_DAG_ID='dbt_ecommerce_pipeline' AIRFLOW_CTX_TASK_ID='dbt_run_silver' AIRFLOW_CTX_EXECUTION_DATE='2025-11-23T16:30:00+00:00' AIRFLOW_CTX_TRY_NUMBER='1' AIRFLOW_CTX_DAG_RUN_ID='scheduled__2025-11-23T16:30:00+00:00'
[2025-11-23T16:35:10.616+0000] {subprocess.py:63} INFO - Tmp dir root location: /tmp
[2025-11-23T16:35:10.617+0000] {subprocess.py:75} INFO - Running command: ['/usr/bin/bash', '-c', '\n    rm -rf /tmp/dbt_runtime &&     mkdir -p /tmp/dbt_runtime &&     cp -r /opt/airflow/dbt/ecommerce_dbt /tmp/dbt_runtime/ecommerce_dbt &&     cd /tmp/dbt_runtime/ecommerce_dbt &&     dbt run --select tag:silver       --project-dir /tmp/dbt_runtime/ecommerce_dbt       --profiles-dir /home/airflow/.dbt\n    ']
[2025-11-23T16:35:10.629+0000] {subprocess.py:86} INFO - Output:
[2025-11-23T16:35:14.256+0000] {subprocess.py:93} INFO - [0m16:35:14  Running with dbt=1.7.19
[2025-11-23T16:35:14.919+0000] {subprocess.py:93} INFO - [0m16:35:14  [[33mWARNING[0m]: Deprecated functionality
[2025-11-23T16:35:14.919+0000] {subprocess.py:93} INFO - The `log-path` config in `dbt_project.yml` has been deprecated, and will no
[2025-11-23T16:35:14.920+0000] {subprocess.py:93} INFO - longer be supported in a future version of dbt-core. If you wish to write dbt
[2025-11-23T16:35:14.920+0000] {subprocess.py:93} INFO - logs to a custom directory, please use the --log-path CLI flag or DBT_LOG_PATH
[2025-11-23T16:35:14.920+0000] {subprocess.py:93} INFO - env var instead.
[2025-11-23T16:35:15.041+0000] {subprocess.py:93} INFO - [0m16:35:15  Registered adapter: snowflake=1.7.2
[2025-11-23T16:35:15.075+0000] {subprocess.py:93} INFO - [0m16:35:15  [[33mWARNING[0m]: Configuration paths exist in your dbt_project.yml file which do not apply to any resources.
[2025-11-23T16:35:15.076+0000] {subprocess.py:93} INFO - There are 1 unused configuration paths:
[2025-11-23T16:35:15.076+0000] {subprocess.py:93} INFO - - models.ecommerce_dbt.bronze
[2025-11-23T16:35:15.135+0000] {subprocess.py:93} INFO - [0m16:35:15  Found 10 models, 16 tests, 1 source, 0 exposures, 0 metrics, 431 macros, 0 groups, 0 semantic models
[2025-11-23T16:35:15.137+0000] {subprocess.py:93} INFO - [0m16:35:15
[2025-11-23T16:35:19.104+0000] {subprocess.py:93} INFO - [0m16:35:19  Concurrency: 1 threads (target='dev')
[2025-11-23T16:35:19.105+0000] {subprocess.py:93} INFO - [0m16:35:19
[2025-11-23T16:35:19.112+0000] {subprocess.py:93} INFO - [0m16:35:19  1 of 6 START sql incremental model -- Se o modelo definiu +schema, usa só ele (ex: silver, gold)
[2025-11-23T16:35:19.113+0000] {subprocess.py:93} INFO -         silver.fct_event_items  [RUN]
[2025-11-23T16:35:20.815+0000] {subprocess.py:93} INFO - [0m16:35:20  1 of 6 OK created sql incremental model -- Se o modelo definiu +schema, usa só ele (ex: silver, gold)
[2025-11-23T16:35:20.815+0000] {subprocess.py:93} INFO -         silver.fct_event_items  [[32mSUCCESS 1[0m in 1.70s]
[2025-11-23T16:35:20.816+0000] {subprocess.py:93} INFO - [0m16:35:20  2 of 6 START sql incremental model -- Se o modelo definiu +schema, usa só ele (ex: silver, gold)
[2025-11-23T16:35:20.817+0000] {subprocess.py:93} INFO -         silver.fct_events  [RUN]
[2025-11-23T16:35:22.380+0000] {subprocess.py:93} INFO - [0m16:35:22  2 of 6 OK created sql incremental model -- Se o modelo definiu +schema, usa só ele (ex: silver, gold)
[2025-11-23T16:35:22.380+0000] {subprocess.py:93} INFO -         silver.fct_events  [[32mSUCCESS 1[0m in 1.56s]
[2025-11-23T16:35:22.382+0000] {subprocess.py:93} INFO - [0m16:35:22  3 of 6 START sql incremental model -- Se o modelo definiu +schema, usa só ele (ex: silver, gold)
[2025-11-23T16:35:22.382+0000] {subprocess.py:93} INFO -         silver.dim_products  [RUN]
[2025-11-23T16:35:24.261+0000] {subprocess.py:93} INFO - [0m16:35:24  3 of 6 OK created sql incremental model -- Se o modelo definiu +schema, usa só ele (ex: silver, gold)
[2025-11-23T16:35:24.261+0000] {subprocess.py:93} INFO -         silver.dim_products  [[32mSUCCESS 1[0m in 1.88s]
[2025-11-23T16:35:24.262+0000] {subprocess.py:93} INFO - [0m16:35:24  4 of 6 START sql incremental model -- Se o modelo definiu +schema, usa só ele (ex: silver, gold)
[2025-11-23T16:35:24.263+0000] {subprocess.py:93} INFO -         silver.dim_campaigns  [RUN]
[2025-11-23T16:35:26.078+0000] {subprocess.py:93} INFO - [0m16:35:26  4 of 6 OK created sql incremental model -- Se o modelo definiu +schema, usa só ele (ex: silver, gold)
[2025-11-23T16:35:26.078+0000] {subprocess.py:93} INFO -         silver.dim_campaigns  [[32mSUCCESS 1[0m in 1.81s]
[2025-11-23T16:35:26.080+0000] {subprocess.py:93} INFO - [0m16:35:26  5 of 6 START sql incremental model -- Se o modelo definiu +schema, usa só ele (ex: silver, gold)
[2025-11-23T16:35:26.080+0000] {subprocess.py:93} INFO -         silver.dim_sessions  [RUN]
[2025-11-23T16:35:27.705+0000] {subprocess.py:93} INFO - [0m16:35:27  5 of 6 OK created sql incremental model -- Se o modelo definiu +schema, usa só ele (ex: silver, gold)
[2025-11-23T16:35:27.706+0000] {subprocess.py:93} INFO -         silver.dim_sessions  [[32mSUCCESS 1[0m in 1.62s]
[2025-11-23T16:35:27.707+0000] {subprocess.py:93} INFO - [0m16:35:27  6 of 6 START sql incremental model -- Se o modelo definiu +schema, usa só ele (ex: silver, gold)
[2025-11-23T16:35:27.707+0000] {subprocess.py:93} INFO -         silver.dim_users  [RUN]
[2025-11-23T16:35:29.395+0000] {subprocess.py:93} INFO - [0m16:35:29  6 of 6 OK created sql incremental model -- Se o modelo definiu +schema, usa só ele (ex: silver, gold)
[2025-11-23T16:35:29.396+0000] {subprocess.py:93} INFO -         silver.dim_users  [[32mSUCCESS 1[0m in 1.69s]
[2025-11-23T16:35:29.399+0000] {subprocess.py:93} INFO - [0m16:35:29
[2025-11-23T16:35:29.399+0000] {subprocess.py:93} INFO - [0m16:35:29  Finished running 6 incremental models in 0 hours 0 minutes and 14.26 seconds (14.26s).
[2025-11-23T16:35:29.412+0000] {subprocess.py:93} INFO - [0m16:35:29
[2025-11-23T16:35:29.412+0000] {subprocess.py:93} INFO - [0m16:35:29  [32mCompleted successfully[0m
[2025-11-23T16:35:29.413+0000] {subprocess.py:93} INFO - [0m16:35:29
[2025-11-23T16:35:29.413+0000] {subprocess.py:93} INFO - [0m16:35:29  Done. PASS=6 WARN=0 ERROR=0 SKIP=0 TOTAL=6
[2025-11-23T16:35:30.337+0000] {subprocess.py:97} INFO - Command exited with return code 0
[2025-11-23T16:35:30.352+0000] {taskinstance.py:1149} INFO - Marking task as SUCCESS. dag_id=dbt_ecommerce_pipeline, task_id=dbt_run_silver, execution_date=20251123T163000, start_date=20251123T163510, end_date=20251123T163530
[2025-11-23T16:35:30.406+0000] {local_task_job_runner.py:234} INFO - Task exited with return code 0
[2025-11-23T16:35:30.417+0000] {taskinstance.py:3312} INFO - 1 downstream tasks scheduled from follow-on schedule check
