[2025-11-23T17:35:09.597+0000] {taskinstance.py:1979} INFO - Dependencies all met for dep_context=non-requeueable deps ti=<TaskInstance: dbt_ecommerce_pipeline.dbt_run_silver scheduled__2025-11-23T17:30:00+00:00 [queued]>
[2025-11-23T17:35:09.602+0000] {taskinstance.py:1979} INFO - Dependencies all met for dep_context=requeueable deps ti=<TaskInstance: dbt_ecommerce_pipeline.dbt_run_silver scheduled__2025-11-23T17:30:00+00:00 [queued]>
[2025-11-23T17:35:09.602+0000] {taskinstance.py:2193} INFO - Starting attempt 1 of 3
[2025-11-23T17:35:09.611+0000] {taskinstance.py:2217} INFO - Executing <Task(BashOperator): dbt_run_silver> on 2025-11-23 17:30:00+00:00
[2025-11-23T17:35:09.618+0000] {standard_task_runner.py:60} INFO - Started process 3306 to run task
[2025-11-23T17:35:09.622+0000] {standard_task_runner.py:87} INFO - Running: ['airflow', 'tasks', 'run', 'dbt_ecommerce_pipeline', 'dbt_run_silver', 'scheduled__2025-11-23T17:30:00+00:00', '--job-id', '97', '--raw', '--subdir', 'DAGS_FOLDER/dbt_ecommerce_pipeline.py', '--cfg-path', '/tmp/tmpz__jnzgo']
[2025-11-23T17:35:09.625+0000] {standard_task_runner.py:88} INFO - Job 97: Subtask dbt_run_silver
[2025-11-23T17:35:09.670+0000] {task_command.py:423} INFO - Running <TaskInstance: dbt_ecommerce_pipeline.dbt_run_silver scheduled__2025-11-23T17:30:00+00:00 [running]> on host 4731e9e89e36
[2025-11-23T17:35:09.715+0000] {taskinstance.py:2513} INFO - Exporting env vars: AIRFLOW_CTX_DAG_OWNER='airflow' AIRFLOW_CTX_DAG_ID='dbt_ecommerce_pipeline' AIRFLOW_CTX_TASK_ID='dbt_run_silver' AIRFLOW_CTX_EXECUTION_DATE='2025-11-23T17:30:00+00:00' AIRFLOW_CTX_TRY_NUMBER='1' AIRFLOW_CTX_DAG_RUN_ID='scheduled__2025-11-23T17:30:00+00:00'
[2025-11-23T17:35:09.716+0000] {subprocess.py:63} INFO - Tmp dir root location: /tmp
[2025-11-23T17:35:09.717+0000] {subprocess.py:75} INFO - Running command: ['/usr/bin/bash', '-c', '\n    rm -rf /tmp/dbt_runtime &&     mkdir -p /tmp/dbt_runtime &&     cp -r /opt/airflow/dbt/ecommerce_dbt /tmp/dbt_runtime/ecommerce_dbt &&     cd /tmp/dbt_runtime/ecommerce_dbt &&     dbt run --select tag:silver       --project-dir /tmp/dbt_runtime/ecommerce_dbt       --profiles-dir /home/airflow/.dbt\n    ']
[2025-11-23T17:35:09.729+0000] {subprocess.py:86} INFO - Output:
[2025-11-23T17:35:13.586+0000] {subprocess.py:93} INFO - [0m17:35:13  Running with dbt=1.7.19
[2025-11-23T17:35:14.231+0000] {subprocess.py:93} INFO - [0m17:35:14  [[33mWARNING[0m]: Deprecated functionality
[2025-11-23T17:35:14.233+0000] {subprocess.py:93} INFO - The `log-path` config in `dbt_project.yml` has been deprecated, and will no
[2025-11-23T17:35:14.233+0000] {subprocess.py:93} INFO - longer be supported in a future version of dbt-core. If you wish to write dbt
[2025-11-23T17:35:14.233+0000] {subprocess.py:93} INFO - logs to a custom directory, please use the --log-path CLI flag or DBT_LOG_PATH
[2025-11-23T17:35:14.234+0000] {subprocess.py:93} INFO - env var instead.
[2025-11-23T17:35:14.351+0000] {subprocess.py:93} INFO - [0m17:35:14  Registered adapter: snowflake=1.7.2
[2025-11-23T17:35:14.443+0000] {subprocess.py:93} INFO - [0m17:35:14  Found 10 models, 19 tests, 1 source, 0 exposures, 0 metrics, 431 macros, 0 groups, 0 semantic models
[2025-11-23T17:35:14.445+0000] {subprocess.py:93} INFO - [0m17:35:14
[2025-11-23T17:35:18.484+0000] {subprocess.py:93} INFO - [0m17:35:18  Concurrency: 1 threads (target='dev')
[2025-11-23T17:35:18.484+0000] {subprocess.py:93} INFO - [0m17:35:18
[2025-11-23T17:35:18.492+0000] {subprocess.py:93} INFO - [0m17:35:18  1 of 6 START sql incremental model -- Se o modelo definiu +schema, usa só ele (ex: silver, gold)
[2025-11-23T17:35:18.492+0000] {subprocess.py:93} INFO -         silver.fct_event_items  [RUN]
[2025-11-23T17:35:20.435+0000] {subprocess.py:93} INFO - [0m17:35:20  1 of 6 OK created sql incremental model -- Se o modelo definiu +schema, usa só ele (ex: silver, gold)
[2025-11-23T17:35:20.435+0000] {subprocess.py:93} INFO -         silver.fct_event_items  [[32mSUCCESS 1[0m in 1.94s]
[2025-11-23T17:35:20.437+0000] {subprocess.py:93} INFO - [0m17:35:20  2 of 6 START sql incremental model -- Se o modelo definiu +schema, usa só ele (ex: silver, gold)
[2025-11-23T17:35:20.437+0000] {subprocess.py:93} INFO -         silver.fct_events  [RUN]
[2025-11-23T17:35:22.545+0000] {subprocess.py:93} INFO - [0m17:35:22  2 of 6 OK created sql incremental model -- Se o modelo definiu +schema, usa só ele (ex: silver, gold)
[2025-11-23T17:35:22.546+0000] {subprocess.py:93} INFO -         silver.fct_events  [[32mSUCCESS 1[0m in 2.11s]
[2025-11-23T17:35:22.547+0000] {subprocess.py:93} INFO - [0m17:35:22  3 of 6 START sql incremental model -- Se o modelo definiu +schema, usa só ele (ex: silver, gold)
[2025-11-23T17:35:22.547+0000] {subprocess.py:93} INFO -         silver.dim_products  [RUN]
[2025-11-23T17:35:24.444+0000] {subprocess.py:93} INFO - [0m17:35:24  3 of 6 OK created sql incremental model -- Se o modelo definiu +schema, usa só ele (ex: silver, gold)
[2025-11-23T17:35:24.444+0000] {subprocess.py:93} INFO -         silver.dim_products  [[32mSUCCESS 1[0m in 1.90s]
[2025-11-23T17:35:24.445+0000] {subprocess.py:93} INFO - [0m17:35:24  4 of 6 START sql incremental model -- Se o modelo definiu +schema, usa só ele (ex: silver, gold)
[2025-11-23T17:35:24.446+0000] {subprocess.py:93} INFO -         silver.dim_campaigns  [RUN]
[2025-11-23T17:35:26.215+0000] {subprocess.py:93} INFO - [0m17:35:26  4 of 6 OK created sql incremental model -- Se o modelo definiu +schema, usa só ele (ex: silver, gold)
[2025-11-23T17:35:26.215+0000] {subprocess.py:93} INFO -         silver.dim_campaigns  [[32mSUCCESS 1[0m in 1.77s]
[2025-11-23T17:35:26.216+0000] {subprocess.py:93} INFO - [0m17:35:26  5 of 6 START sql incremental model -- Se o modelo definiu +schema, usa só ele (ex: silver, gold)
[2025-11-23T17:35:26.217+0000] {subprocess.py:93} INFO -         silver.dim_sessions  [RUN]
[2025-11-23T17:35:27.866+0000] {subprocess.py:93} INFO - [0m17:35:27  5 of 6 OK created sql incremental model -- Se o modelo definiu +schema, usa só ele (ex: silver, gold)
[2025-11-23T17:35:27.866+0000] {subprocess.py:93} INFO -         silver.dim_sessions  [[32mSUCCESS 1[0m in 1.65s]
[2025-11-23T17:35:27.867+0000] {subprocess.py:93} INFO - [0m17:35:27  6 of 6 START sql incremental model -- Se o modelo definiu +schema, usa só ele (ex: silver, gold)
[2025-11-23T17:35:27.868+0000] {subprocess.py:93} INFO -         silver.dim_users  [RUN]
[2025-11-23T17:35:29.750+0000] {subprocess.py:93} INFO - [0m17:35:29  6 of 6 OK created sql incremental model -- Se o modelo definiu +schema, usa só ele (ex: silver, gold)
[2025-11-23T17:35:29.751+0000] {subprocess.py:93} INFO -         silver.dim_users  [[32mSUCCESS 1[0m in 1.88s]
[2025-11-23T17:35:29.754+0000] {subprocess.py:93} INFO - [0m17:35:29
[2025-11-23T17:35:29.754+0000] {subprocess.py:93} INFO - [0m17:35:29  Finished running 6 incremental models in 0 hours 0 minutes and 15.31 seconds (15.31s).
[2025-11-23T17:35:29.768+0000] {subprocess.py:93} INFO - [0m17:35:29
[2025-11-23T17:35:29.768+0000] {subprocess.py:93} INFO - [0m17:35:29  [32mCompleted successfully[0m
[2025-11-23T17:35:29.768+0000] {subprocess.py:93} INFO - [0m17:35:29
[2025-11-23T17:35:29.769+0000] {subprocess.py:93} INFO - [0m17:35:29  Done. PASS=6 WARN=0 ERROR=0 SKIP=0 TOTAL=6
[2025-11-23T17:35:30.701+0000] {subprocess.py:97} INFO - Command exited with return code 0
[2025-11-23T17:35:30.716+0000] {taskinstance.py:1149} INFO - Marking task as SUCCESS. dag_id=dbt_ecommerce_pipeline, task_id=dbt_run_silver, execution_date=20251123T173000, start_date=20251123T173509, end_date=20251123T173530
[2025-11-23T17:35:30.771+0000] {local_task_job_runner.py:234} INFO - Task exited with return code 0
[2025-11-23T17:35:30.782+0000] {taskinstance.py:3312} INFO - 1 downstream tasks scheduled from follow-on schedule check
