[2025-11-23T06:11:12.835+0000] {taskinstance.py:1979} INFO - Dependencies all met for dep_context=non-requeueable deps ti=<TaskInstance: dbt_ecommerce_pipeline.dbt_deps scheduled__2025-11-23T00:00:00+00:00 [queued]>
[2025-11-23T06:11:12.839+0000] {taskinstance.py:1979} INFO - Dependencies all met for dep_context=requeueable deps ti=<TaskInstance: dbt_ecommerce_pipeline.dbt_deps scheduled__2025-11-23T00:00:00+00:00 [queued]>
[2025-11-23T06:11:12.839+0000] {taskinstance.py:2193} INFO - Starting attempt 1 of 2
[2025-11-23T06:11:12.849+0000] {taskinstance.py:2217} INFO - Executing <Task(BashOperator): dbt_deps> on 2025-11-23 00:00:00+00:00
[2025-11-23T06:11:12.855+0000] {standard_task_runner.py:60} INFO - Started process 1461 to run task
[2025-11-23T06:11:12.859+0000] {standard_task_runner.py:87} INFO - Running: ['airflow', 'tasks', 'run', 'dbt_ecommerce_pipeline', 'dbt_deps', 'scheduled__2025-11-23T00:00:00+00:00', '--job-id', '36', '--raw', '--subdir', 'DAGS_FOLDER/ecommerce_dbt_pipeline.py', '--cfg-path', '/tmp/tmp4obul4e3']
[2025-11-23T06:11:12.861+0000] {standard_task_runner.py:88} INFO - Job 36: Subtask dbt_deps
[2025-11-23T06:11:12.905+0000] {task_command.py:423} INFO - Running <TaskInstance: dbt_ecommerce_pipeline.dbt_deps scheduled__2025-11-23T00:00:00+00:00 [running]> on host 7244b0bf02d5
[2025-11-23T06:11:12.950+0000] {taskinstance.py:2513} INFO - Exporting env vars: AIRFLOW_CTX_DAG_OWNER='airflow' AIRFLOW_CTX_DAG_ID='dbt_ecommerce_pipeline' AIRFLOW_CTX_TASK_ID='dbt_deps' AIRFLOW_CTX_EXECUTION_DATE='2025-11-23T00:00:00+00:00' AIRFLOW_CTX_TRY_NUMBER='1' AIRFLOW_CTX_DAG_RUN_ID='scheduled__2025-11-23T00:00:00+00:00'
[2025-11-23T06:11:12.952+0000] {subprocess.py:63} INFO - Tmp dir root location: /tmp
[2025-11-23T06:11:12.953+0000] {subprocess.py:75} INFO - Running command: ['/usr/bin/bash', '-c', '\n    rm -rf /tmp/dbt_runtime &&     mkdir -p /tmp/dbt_runtime &&     cp -r /opt/airflow/dbt/ecommerce_dbt /tmp/dbt_runtime/ecommerce_dbt &&     cd /tmp/dbt_runtime/ecommerce_dbt &&     dbt deps       --project-dir /tmp/dbt_runtime/ecommerce_dbt       --profiles-dir /home/airflow/.dbt\n    ']
[2025-11-23T06:11:12.964+0000] {subprocess.py:86} INFO - Output:
[2025-11-23T06:11:16.152+0000] {subprocess.py:93} INFO - [0m06:11:16  Running with dbt=1.7.19
[2025-11-23T06:11:16.158+0000] {subprocess.py:93} INFO - [0m06:11:16  [[33mWARNING[0m]: Deprecated functionality
[2025-11-23T06:11:16.158+0000] {subprocess.py:93} INFO - The `log-path` config in `dbt_project.yml` has been deprecated, and will no
[2025-11-23T06:11:16.158+0000] {subprocess.py:93} INFO - longer be supported in a future version of dbt-core. If you wish to write dbt
[2025-11-23T06:11:16.158+0000] {subprocess.py:93} INFO - logs to a custom directory, please use the --log-path CLI flag or DBT_LOG_PATH
[2025-11-23T06:11:16.159+0000] {subprocess.py:93} INFO - env var instead.
[2025-11-23T06:11:16.230+0000] {subprocess.py:93} INFO - [0m06:11:16  Warning: No packages were found in packages.yml
[2025-11-23T06:11:16.232+0000] {subprocess.py:93} INFO - [0m06:11:16  Warning: No packages were found in packages.yml
[2025-11-23T06:11:16.971+0000] {subprocess.py:97} INFO - Command exited with return code 0
[2025-11-23T06:11:16.986+0000] {taskinstance.py:1149} INFO - Marking task as SUCCESS. dag_id=dbt_ecommerce_pipeline, task_id=dbt_deps, execution_date=20251123T000000, start_date=20251123T061112, end_date=20251123T061116
[2025-11-23T06:11:17.041+0000] {local_task_job_runner.py:234} INFO - Task exited with return code 0
[2025-11-23T06:11:17.055+0000] {taskinstance.py:3312} INFO - 1 downstream tasks scheduled from follow-on schedule check
