[2025-11-23T04:24:13.552+0000] {taskinstance.py:1979} INFO - Dependencies all met for dep_context=non-requeueable deps ti=<TaskInstance: dbt_ecommerce_pipeline.dbt_run manual__2025-11-23T04:23:06.911440+00:00 [queued]>
[2025-11-23T04:24:13.556+0000] {taskinstance.py:1979} INFO - Dependencies all met for dep_context=requeueable deps ti=<TaskInstance: dbt_ecommerce_pipeline.dbt_run manual__2025-11-23T04:23:06.911440+00:00 [queued]>
[2025-11-23T04:24:13.556+0000] {taskinstance.py:2193} INFO - Starting attempt 1 of 2
[2025-11-23T04:24:13.565+0000] {taskinstance.py:2217} INFO - Executing <Task(BashOperator): dbt_run> on 2025-11-23 04:23:06.911440+00:00
[2025-11-23T04:24:13.570+0000] {standard_task_runner.py:60} INFO - Started process 399 to run task
[2025-11-23T04:24:13.573+0000] {standard_task_runner.py:87} INFO - Running: ['airflow', 'tasks', 'run', 'dbt_ecommerce_pipeline', 'dbt_run', 'manual__2025-11-23T04:23:06.911440+00:00', '--job-id', '8', '--raw', '--subdir', 'DAGS_FOLDER/ecommerce_dbt_pipeline.py', '--cfg-path', '/tmp/tmppax_tvb7']
[2025-11-23T04:24:13.575+0000] {standard_task_runner.py:88} INFO - Job 8: Subtask dbt_run
[2025-11-23T04:24:13.613+0000] {task_command.py:423} INFO - Running <TaskInstance: dbt_ecommerce_pipeline.dbt_run manual__2025-11-23T04:23:06.911440+00:00 [running]> on host 7244b0bf02d5
[2025-11-23T04:24:13.648+0000] {taskinstance.py:2513} INFO - Exporting env vars: AIRFLOW_CTX_DAG_OWNER='airflow' AIRFLOW_CTX_DAG_ID='dbt_ecommerce_pipeline' AIRFLOW_CTX_TASK_ID='dbt_run' AIRFLOW_CTX_EXECUTION_DATE='2025-11-23T04:23:06.911440+00:00' AIRFLOW_CTX_TRY_NUMBER='1' AIRFLOW_CTX_DAG_RUN_ID='manual__2025-11-23T04:23:06.911440+00:00'
[2025-11-23T04:24:13.649+0000] {subprocess.py:63} INFO - Tmp dir root location: /tmp
[2025-11-23T04:24:13.650+0000] {subprocess.py:75} INFO - Running command: ['/usr/bin/bash', '-c', '\n    rm -rf /tmp/dbt_runtime &&     mkdir -p /tmp/dbt_runtime &&     cp -r /opt/airflow/dbt/ecommerce_dbt /tmp/dbt_runtime/ecommerce_dbt &&     cd /tmp/dbt_runtime/ecommerce_dbt &&     dbt run       --project-dir /tmp/dbt_runtime/ecommerce_dbt       --profiles-dir /home/airflow/.dbt\n    ']
[2025-11-23T04:24:13.659+0000] {subprocess.py:86} INFO - Output:
[2025-11-23T04:24:16.781+0000] {subprocess.py:93} INFO - [0m04:24:16  Running with dbt=1.7.19
[2025-11-23T04:24:17.409+0000] {subprocess.py:93} INFO - [0m04:24:17  [[33mWARNING[0m]: Deprecated functionality
[2025-11-23T04:24:17.410+0000] {subprocess.py:93} INFO - The `log-path` config in `dbt_project.yml` has been deprecated, and will no
[2025-11-23T04:24:17.410+0000] {subprocess.py:93} INFO - longer be supported in a future version of dbt-core. If you wish to write dbt
[2025-11-23T04:24:17.410+0000] {subprocess.py:93} INFO - logs to a custom directory, please use the --log-path CLI flag or DBT_LOG_PATH
[2025-11-23T04:24:17.411+0000] {subprocess.py:93} INFO - env var instead.
[2025-11-23T04:24:17.532+0000] {subprocess.py:93} INFO - [0m04:24:17  Registered adapter: snowflake=1.7.2
[2025-11-23T04:24:17.555+0000] {subprocess.py:93} INFO - [0m04:24:17  Unable to do partial parsing because of a version mismatch
[2025-11-23T04:24:18.538+0000] {subprocess.py:93} INFO - [0m04:24:18  Found 12 models, 25 tests, 4 sources, 0 exposures, 0 metrics, 430 macros, 0 groups, 0 semantic models
[2025-11-23T04:24:18.541+0000] {subprocess.py:93} INFO - [0m04:24:18
[2025-11-23T04:24:20.669+0000] {subprocess.py:93} INFO - [0m04:24:20  Concurrency: 1 threads (target='dev')
[2025-11-23T04:24:20.669+0000] {subprocess.py:93} INFO - [0m04:24:20
[2025-11-23T04:24:20.676+0000] {subprocess.py:93} INFO - [0m04:24:20  1 of 12 START sql table model DEV.dim_date ..................................... [RUN]
[2025-11-23T04:24:22.291+0000] {subprocess.py:93} INFO - [0m04:24:22  1 of 12 OK created sql table model DEV.dim_date ................................ [[32mSUCCESS 1[0m in 1.61s]
[2025-11-23T04:24:22.293+0000] {subprocess.py:93} INFO - [0m04:24:22  2 of 12 START sql view model DEV.stg_order_items ............................... [RUN]
[2025-11-23T04:24:23.472+0000] {subprocess.py:93} INFO - [0m04:24:23  2 of 12 OK created sql view model DEV.stg_order_items .......................... [[32mSUCCESS 1[0m in 1.18s]
[2025-11-23T04:24:23.473+0000] {subprocess.py:93} INFO - [0m04:24:23  3 of 12 START sql view model DEV.stg_orders .................................... [RUN]
[2025-11-23T04:24:24.547+0000] {subprocess.py:93} INFO - [0m04:24:24  3 of 12 OK created sql view model DEV.stg_orders ............................... [[32mSUCCESS 1[0m in 1.07s]
[2025-11-23T04:24:24.548+0000] {subprocess.py:93} INFO - [0m04:24:24  4 of 12 START sql view model DEV.stg_products .................................. [RUN]
[2025-11-23T04:24:25.594+0000] {subprocess.py:93} INFO - [0m04:24:25  4 of 12 OK created sql view model DEV.stg_products ............................. [[32mSUCCESS 1[0m in 1.04s]
[2025-11-23T04:24:25.596+0000] {subprocess.py:93} INFO - [0m04:24:25  5 of 12 START sql view model DEV.stg_users ..................................... [RUN]
[2025-11-23T04:24:26.636+0000] {subprocess.py:93} INFO - [0m04:24:26  5 of 12 OK created sql view model DEV.stg_users ................................ [[32mSUCCESS 1[0m in 1.04s]
[2025-11-23T04:24:26.637+0000] {subprocess.py:93} INFO - [0m04:24:26  6 of 12 START sql table model DEV.fct_cohort_monthly ........................... [RUN]
[2025-11-23T04:24:28.293+0000] {subprocess.py:93} INFO - [0m04:24:28  6 of 12 OK created sql table model DEV.fct_cohort_monthly ...................... [[32mSUCCESS 1[0m in 1.65s]
[2025-11-23T04:24:28.295+0000] {subprocess.py:93} INFO - [0m04:24:28  7 of 12 START sql table model DEV.fct_daily_sales .............................. [RUN]
[2025-11-23T04:24:29.832+0000] {subprocess.py:93} INFO - [0m04:24:29  7 of 12 OK created sql table model DEV.fct_daily_sales ......................... [[32mSUCCESS 1[0m in 1.54s]
[2025-11-23T04:24:29.834+0000] {subprocess.py:93} INFO - [0m04:24:29  8 of 12 START sql table model DEV.fct_order_items .............................. [RUN]
[2025-11-23T04:24:31.529+0000] {subprocess.py:93} INFO - [0m04:24:31  8 of 12 OK created sql table model DEV.fct_order_items ......................... [[32mSUCCESS 1[0m in 1.69s]
[2025-11-23T04:24:31.530+0000] {subprocess.py:93} INFO - [0m04:24:31  9 of 12 START sql table model DEV.fct_rfm_customer ............................. [RUN]
[2025-11-23T04:24:33.192+0000] {subprocess.py:93} INFO - [0m04:24:33  9 of 12 OK created sql table model DEV.fct_rfm_customer ........................ [[32mSUCCESS 1[0m in 1.66s]
[2025-11-23T04:24:33.195+0000] {subprocess.py:93} INFO - [0m04:24:33  10 of 12 START sql table model DEV.dim_product ................................. [RUN]
[2025-11-23T04:24:34.586+0000] {subprocess.py:93} INFO - [0m04:24:34  10 of 12 OK created sql table model DEV.dim_product ............................ [[32mSUCCESS 1[0m in 1.39s]
[2025-11-23T04:24:34.588+0000] {subprocess.py:93} INFO - [0m04:24:34  11 of 12 START sql table model DEV.dim_user .................................... [RUN]
[2025-11-23T04:24:36.359+0000] {subprocess.py:93} INFO - [0m04:24:36  11 of 12 OK created sql table model DEV.dim_user ............................... [[32mSUCCESS 1[0m in 1.77s]
[2025-11-23T04:24:36.361+0000] {subprocess.py:93} INFO - [0m04:24:36  12 of 12 START sql table model DEV.fct_sales ................................... [RUN]
[2025-11-23T04:24:38.006+0000] {subprocess.py:93} INFO - [0m04:24:38  12 of 12 OK created sql table model DEV.fct_sales .............................. [[32mSUCCESS 1[0m in 1.64s]
[2025-11-23T04:24:38.010+0000] {subprocess.py:93} INFO - [0m04:24:38
[2025-11-23T04:24:38.010+0000] {subprocess.py:93} INFO - [0m04:24:38  Finished running 8 table models, 4 view models in 0 hours 0 minutes and 19.47 seconds (19.47s).
[2025-11-23T04:24:38.024+0000] {subprocess.py:93} INFO - [0m04:24:38
[2025-11-23T04:24:38.024+0000] {subprocess.py:93} INFO - [0m04:24:38  [32mCompleted successfully[0m
[2025-11-23T04:24:38.025+0000] {subprocess.py:93} INFO - [0m04:24:38
[2025-11-23T04:24:38.026+0000] {subprocess.py:93} INFO - [0m04:24:38  Done. PASS=12 WARN=0 ERROR=0 SKIP=0 TOTAL=12
[2025-11-23T04:24:39.014+0000] {subprocess.py:97} INFO - Command exited with return code 0
[2025-11-23T04:24:39.029+0000] {taskinstance.py:1149} INFO - Marking task as SUCCESS. dag_id=dbt_ecommerce_pipeline, task_id=dbt_run, execution_date=20251123T042306, start_date=20251123T042413, end_date=20251123T042439
[2025-11-23T04:24:39.075+0000] {local_task_job_runner.py:234} INFO - Task exited with return code 0
[2025-11-23T04:24:39.084+0000] {taskinstance.py:3312} INFO - 1 downstream tasks scheduled from follow-on schedule check
