[2025-11-23T22:05:11.389+0000] {taskinstance.py:1979} INFO - Dependencies all met for dep_context=non-requeueable deps ti=<TaskInstance: dbt_ecommerce_pipeline.dbt_run_silver scheduled__2025-11-23T22:00:00+00:00 [queued]>
[2025-11-23T22:05:11.394+0000] {taskinstance.py:1979} INFO - Dependencies all met for dep_context=requeueable deps ti=<TaskInstance: dbt_ecommerce_pipeline.dbt_run_silver scheduled__2025-11-23T22:00:00+00:00 [queued]>
[2025-11-23T22:05:11.394+0000] {taskinstance.py:2193} INFO - Starting attempt 1 of 3
[2025-11-23T22:05:11.404+0000] {taskinstance.py:2217} INFO - Executing <Task(BashOperator): dbt_run_silver> on 2025-11-23 22:00:00+00:00
[2025-11-23T22:05:11.410+0000] {standard_task_runner.py:60} INFO - Started process 10869 to run task
[2025-11-23T22:05:11.414+0000] {standard_task_runner.py:87} INFO - Running: ['airflow', 'tasks', 'run', 'dbt_ecommerce_pipeline', 'dbt_run_silver', 'scheduled__2025-11-23T22:00:00+00:00', '--job-id', '313', '--raw', '--subdir', 'DAGS_FOLDER/dbt_ecommerce_pipeline.py', '--cfg-path', '/tmp/tmpo8pvsggq']
[2025-11-23T22:05:11.417+0000] {standard_task_runner.py:88} INFO - Job 313: Subtask dbt_run_silver
[2025-11-23T22:05:11.460+0000] {task_command.py:423} INFO - Running <TaskInstance: dbt_ecommerce_pipeline.dbt_run_silver scheduled__2025-11-23T22:00:00+00:00 [running]> on host 4731e9e89e36
[2025-11-23T22:05:11.503+0000] {taskinstance.py:2513} INFO - Exporting env vars: AIRFLOW_CTX_DAG_OWNER='airflow' AIRFLOW_CTX_DAG_ID='dbt_ecommerce_pipeline' AIRFLOW_CTX_TASK_ID='dbt_run_silver' AIRFLOW_CTX_EXECUTION_DATE='2025-11-23T22:00:00+00:00' AIRFLOW_CTX_TRY_NUMBER='1' AIRFLOW_CTX_DAG_RUN_ID='scheduled__2025-11-23T22:00:00+00:00'
[2025-11-23T22:05:11.504+0000] {subprocess.py:63} INFO - Tmp dir root location: /tmp
[2025-11-23T22:05:11.505+0000] {subprocess.py:75} INFO - Running command: ['/usr/bin/bash', '-c', '\n    rm -rf /tmp/dbt_runtime &&     mkdir -p /tmp/dbt_runtime &&     cp -r /opt/airflow/dbt/ecommerce_dbt /tmp/dbt_runtime/ecommerce_dbt &&     cd /tmp/dbt_runtime/ecommerce_dbt &&     dbt run --select tag:silver       --project-dir /tmp/dbt_runtime/ecommerce_dbt       --profiles-dir /home/airflow/.dbt\n    ']
[2025-11-23T22:05:11.516+0000] {subprocess.py:86} INFO - Output:
[2025-11-23T22:05:15.350+0000] {subprocess.py:93} INFO - [0m22:05:15  Running with dbt=1.7.19
[2025-11-23T22:05:16.058+0000] {subprocess.py:93} INFO - [0m22:05:16  [[33mWARNING[0m]: Deprecated functionality
[2025-11-23T22:05:16.059+0000] {subprocess.py:93} INFO - The `log-path` config in `dbt_project.yml` has been deprecated, and will no
[2025-11-23T22:05:16.059+0000] {subprocess.py:93} INFO - longer be supported in a future version of dbt-core. If you wish to write dbt
[2025-11-23T22:05:16.059+0000] {subprocess.py:93} INFO - logs to a custom directory, please use the --log-path CLI flag or DBT_LOG_PATH
[2025-11-23T22:05:16.060+0000] {subprocess.py:93} INFO - env var instead.
[2025-11-23T22:05:16.198+0000] {subprocess.py:93} INFO - [0m22:05:16  Registered adapter: snowflake=1.7.2
[2025-11-23T22:05:16.304+0000] {subprocess.py:93} INFO - [0m22:05:16  Found 10 models, 19 tests, 1 source, 0 exposures, 0 metrics, 431 macros, 0 groups, 0 semantic models
[2025-11-23T22:05:16.306+0000] {subprocess.py:93} INFO - [0m22:05:16
[2025-11-23T22:05:20.356+0000] {subprocess.py:93} INFO - [0m22:05:20  Concurrency: 1 threads (target='dev')
[2025-11-23T22:05:20.357+0000] {subprocess.py:93} INFO - [0m22:05:20
[2025-11-23T22:05:20.365+0000] {subprocess.py:93} INFO - [0m22:05:20  1 of 6 START sql incremental model -- Se o modelo definiu +schema, usa só ele (ex: silver, gold)
[2025-11-23T22:05:20.365+0000] {subprocess.py:93} INFO -         silver.fct_event_items  [RUN]
[2025-11-23T22:05:22.189+0000] {subprocess.py:93} INFO - [0m22:05:22  1 of 6 OK created sql incremental model -- Se o modelo definiu +schema, usa só ele (ex: silver, gold)
[2025-11-23T22:05:22.190+0000] {subprocess.py:93} INFO -         silver.fct_event_items  [[32mSUCCESS 1[0m in 1.82s]
[2025-11-23T22:05:22.191+0000] {subprocess.py:93} INFO - [0m22:05:22  2 of 6 START sql incremental model -- Se o modelo definiu +schema, usa só ele (ex: silver, gold)
[2025-11-23T22:05:22.191+0000] {subprocess.py:93} INFO -         silver.fct_events  [RUN]
[2025-11-23T22:05:23.829+0000] {subprocess.py:93} INFO - [0m22:05:23  2 of 6 OK created sql incremental model -- Se o modelo definiu +schema, usa só ele (ex: silver, gold)
[2025-11-23T22:05:23.829+0000] {subprocess.py:93} INFO -         silver.fct_events  [[32mSUCCESS 1[0m in 1.64s]
[2025-11-23T22:05:23.831+0000] {subprocess.py:93} INFO - [0m22:05:23  3 of 6 START sql incremental model -- Se o modelo definiu +schema, usa só ele (ex: silver, gold)
[2025-11-23T22:05:23.831+0000] {subprocess.py:93} INFO -         silver.dim_products  [RUN]
[2025-11-23T22:05:25.696+0000] {subprocess.py:93} INFO - [0m22:05:25  3 of 6 OK created sql incremental model -- Se o modelo definiu +schema, usa só ele (ex: silver, gold)
[2025-11-23T22:05:25.700+0000] {subprocess.py:93} INFO -         silver.dim_products  [[32mSUCCESS 1[0m in 1.86s]
[2025-11-23T22:05:25.701+0000] {subprocess.py:93} INFO - [0m22:05:25  4 of 6 START sql incremental model -- Se o modelo definiu +schema, usa só ele (ex: silver, gold)
[2025-11-23T22:05:25.701+0000] {subprocess.py:93} INFO -         silver.dim_campaigns  [RUN]
[2025-11-23T22:05:27.770+0000] {subprocess.py:93} INFO - [0m22:05:27  4 of 6 OK created sql incremental model -- Se o modelo definiu +schema, usa só ele (ex: silver, gold)
[2025-11-23T22:05:27.770+0000] {subprocess.py:93} INFO -         silver.dim_campaigns  [[32mSUCCESS 1[0m in 2.07s]
[2025-11-23T22:05:27.772+0000] {subprocess.py:93} INFO - [0m22:05:27  5 of 6 START sql incremental model -- Se o modelo definiu +schema, usa só ele (ex: silver, gold)
[2025-11-23T22:05:27.772+0000] {subprocess.py:93} INFO -         silver.dim_sessions  [RUN]
[2025-11-23T22:05:29.604+0000] {subprocess.py:93} INFO - [0m22:05:29  5 of 6 OK created sql incremental model -- Se o modelo definiu +schema, usa só ele (ex: silver, gold)
[2025-11-23T22:05:29.605+0000] {subprocess.py:93} INFO -         silver.dim_sessions  [[32mSUCCESS 1[0m in 1.83s]
[2025-11-23T22:05:29.606+0000] {subprocess.py:93} INFO - [0m22:05:29  6 of 6 START sql incremental model -- Se o modelo definiu +schema, usa só ele (ex: silver, gold)
[2025-11-23T22:05:29.606+0000] {subprocess.py:93} INFO -         silver.dim_users  [RUN]
[2025-11-23T22:05:31.317+0000] {subprocess.py:93} INFO - [0m22:05:31  6 of 6 OK created sql incremental model -- Se o modelo definiu +schema, usa só ele (ex: silver, gold)
[2025-11-23T22:05:31.318+0000] {subprocess.py:93} INFO -         silver.dim_users  [[32mSUCCESS 1[0m in 1.71s]
[2025-11-23T22:05:31.321+0000] {subprocess.py:93} INFO - [0m22:05:31
[2025-11-23T22:05:31.321+0000] {subprocess.py:93} INFO - [0m22:05:31  Finished running 6 incremental models in 0 hours 0 minutes and 15.01 seconds (15.01s).
[2025-11-23T22:05:31.336+0000] {subprocess.py:93} INFO - [0m22:05:31
[2025-11-23T22:05:31.337+0000] {subprocess.py:93} INFO - [0m22:05:31  [32mCompleted successfully[0m
[2025-11-23T22:05:31.337+0000] {subprocess.py:93} INFO - [0m22:05:31
[2025-11-23T22:05:31.337+0000] {subprocess.py:93} INFO - [0m22:05:31  Done. PASS=6 WARN=0 ERROR=0 SKIP=0 TOTAL=6
[2025-11-23T22:05:32.262+0000] {subprocess.py:97} INFO - Command exited with return code 0
[2025-11-23T22:05:32.278+0000] {taskinstance.py:1149} INFO - Marking task as SUCCESS. dag_id=dbt_ecommerce_pipeline, task_id=dbt_run_silver, execution_date=20251123T220000, start_date=20251123T220511, end_date=20251123T220532
[2025-11-23T22:05:32.327+0000] {local_task_job_runner.py:234} INFO - Task exited with return code 0
[2025-11-23T22:05:32.337+0000] {taskinstance.py:3312} INFO - 1 downstream tasks scheduled from follow-on schedule check
