[2025-11-23T20:00:09.878+0000] {taskinstance.py:1979} INFO - Dependencies all met for dep_context=non-requeueable deps ti=<TaskInstance: dbt_ecommerce_pipeline.dbt_run_silver scheduled__2025-11-23T19:55:00+00:00 [queued]>
[2025-11-23T20:00:09.882+0000] {taskinstance.py:1979} INFO - Dependencies all met for dep_context=requeueable deps ti=<TaskInstance: dbt_ecommerce_pipeline.dbt_run_silver scheduled__2025-11-23T19:55:00+00:00 [queued]>
[2025-11-23T20:00:09.882+0000] {taskinstance.py:2193} INFO - Starting attempt 1 of 3
[2025-11-23T20:00:09.893+0000] {taskinstance.py:2217} INFO - Executing <Task(BashOperator): dbt_run_silver> on 2025-11-23 19:55:00+00:00
[2025-11-23T20:00:09.899+0000] {standard_task_runner.py:60} INFO - Started process 7368 to run task
[2025-11-23T20:00:09.902+0000] {standard_task_runner.py:87} INFO - Running: ['airflow', 'tasks', 'run', 'dbt_ecommerce_pipeline', 'dbt_run_silver', 'scheduled__2025-11-23T19:55:00+00:00', '--job-id', '213', '--raw', '--subdir', 'DAGS_FOLDER/dbt_ecommerce_pipeline.py', '--cfg-path', '/tmp/tmplu60bsn2']
[2025-11-23T20:00:09.904+0000] {standard_task_runner.py:88} INFO - Job 213: Subtask dbt_run_silver
[2025-11-23T20:00:09.944+0000] {task_command.py:423} INFO - Running <TaskInstance: dbt_ecommerce_pipeline.dbt_run_silver scheduled__2025-11-23T19:55:00+00:00 [running]> on host 4731e9e89e36
[2025-11-23T20:00:09.989+0000] {taskinstance.py:2513} INFO - Exporting env vars: AIRFLOW_CTX_DAG_OWNER='airflow' AIRFLOW_CTX_DAG_ID='dbt_ecommerce_pipeline' AIRFLOW_CTX_TASK_ID='dbt_run_silver' AIRFLOW_CTX_EXECUTION_DATE='2025-11-23T19:55:00+00:00' AIRFLOW_CTX_TRY_NUMBER='1' AIRFLOW_CTX_DAG_RUN_ID='scheduled__2025-11-23T19:55:00+00:00'
[2025-11-23T20:00:09.990+0000] {subprocess.py:63} INFO - Tmp dir root location: /tmp
[2025-11-23T20:00:09.991+0000] {subprocess.py:75} INFO - Running command: ['/usr/bin/bash', '-c', '\n    rm -rf /tmp/dbt_runtime &&     mkdir -p /tmp/dbt_runtime &&     cp -r /opt/airflow/dbt/ecommerce_dbt /tmp/dbt_runtime/ecommerce_dbt &&     cd /tmp/dbt_runtime/ecommerce_dbt &&     dbt run --select tag:silver       --project-dir /tmp/dbt_runtime/ecommerce_dbt       --profiles-dir /home/airflow/.dbt\n    ']
[2025-11-23T20:00:10.003+0000] {subprocess.py:86} INFO - Output:
[2025-11-23T20:00:13.728+0000] {subprocess.py:93} INFO - [0m20:00:13  Running with dbt=1.7.19
[2025-11-23T20:00:14.376+0000] {subprocess.py:93} INFO - [0m20:00:14  [[33mWARNING[0m]: Deprecated functionality
[2025-11-23T20:00:14.377+0000] {subprocess.py:93} INFO - The `log-path` config in `dbt_project.yml` has been deprecated, and will no
[2025-11-23T20:00:14.377+0000] {subprocess.py:93} INFO - longer be supported in a future version of dbt-core. If you wish to write dbt
[2025-11-23T20:00:14.377+0000] {subprocess.py:93} INFO - logs to a custom directory, please use the --log-path CLI flag or DBT_LOG_PATH
[2025-11-23T20:00:14.377+0000] {subprocess.py:93} INFO - env var instead.
[2025-11-23T20:00:14.501+0000] {subprocess.py:93} INFO - [0m20:00:14  Registered adapter: snowflake=1.7.2
[2025-11-23T20:00:14.591+0000] {subprocess.py:93} INFO - [0m20:00:14  Found 10 models, 19 tests, 1 source, 0 exposures, 0 metrics, 431 macros, 0 groups, 0 semantic models
[2025-11-23T20:00:14.593+0000] {subprocess.py:93} INFO - [0m20:00:14
[2025-11-23T20:00:18.472+0000] {subprocess.py:93} INFO - [0m20:00:18  Concurrency: 1 threads (target='dev')
[2025-11-23T20:00:18.473+0000] {subprocess.py:93} INFO - [0m20:00:18
[2025-11-23T20:00:18.480+0000] {subprocess.py:93} INFO - [0m20:00:18  1 of 6 START sql incremental model -- Se o modelo definiu +schema, usa só ele (ex: silver, gold)
[2025-11-23T20:00:18.482+0000] {subprocess.py:93} INFO -         silver.fct_event_items  [RUN]
[2025-11-23T20:00:20.568+0000] {subprocess.py:93} INFO - [0m20:00:20  1 of 6 OK created sql incremental model -- Se o modelo definiu +schema, usa só ele (ex: silver, gold)
[2025-11-23T20:00:20.569+0000] {subprocess.py:93} INFO -         silver.fct_event_items  [[32mSUCCESS 1[0m in 2.09s]
[2025-11-23T20:00:20.570+0000] {subprocess.py:93} INFO - [0m20:00:20  2 of 6 START sql incremental model -- Se o modelo definiu +schema, usa só ele (ex: silver, gold)
[2025-11-23T20:00:20.571+0000] {subprocess.py:93} INFO -         silver.fct_events  [RUN]
[2025-11-23T20:00:22.211+0000] {subprocess.py:93} INFO - [0m20:00:22  2 of 6 OK created sql incremental model -- Se o modelo definiu +schema, usa só ele (ex: silver, gold)
[2025-11-23T20:00:22.212+0000] {subprocess.py:93} INFO -         silver.fct_events  [[32mSUCCESS 1[0m in 1.64s]
[2025-11-23T20:00:22.213+0000] {subprocess.py:93} INFO - [0m20:00:22  3 of 6 START sql incremental model -- Se o modelo definiu +schema, usa só ele (ex: silver, gold)
[2025-11-23T20:00:22.213+0000] {subprocess.py:93} INFO -         silver.dim_products  [RUN]
[2025-11-23T20:00:24.071+0000] {subprocess.py:93} INFO - [0m20:00:24  3 of 6 OK created sql incremental model -- Se o modelo definiu +schema, usa só ele (ex: silver, gold)
[2025-11-23T20:00:24.071+0000] {subprocess.py:93} INFO -         silver.dim_products  [[32mSUCCESS 1[0m in 1.86s]
[2025-11-23T20:00:24.073+0000] {subprocess.py:93} INFO - [0m20:00:24  4 of 6 START sql incremental model -- Se o modelo definiu +schema, usa só ele (ex: silver, gold)
[2025-11-23T20:00:24.073+0000] {subprocess.py:93} INFO -         silver.dim_campaigns  [RUN]
[2025-11-23T20:00:26.062+0000] {subprocess.py:93} INFO - [0m20:00:26  4 of 6 OK created sql incremental model -- Se o modelo definiu +schema, usa só ele (ex: silver, gold)
[2025-11-23T20:00:26.063+0000] {subprocess.py:93} INFO -         silver.dim_campaigns  [[32mSUCCESS 1[0m in 1.99s]
[2025-11-23T20:00:26.064+0000] {subprocess.py:93} INFO - [0m20:00:26  5 of 6 START sql incremental model -- Se o modelo definiu +schema, usa só ele (ex: silver, gold)
[2025-11-23T20:00:26.064+0000] {subprocess.py:93} INFO -         silver.dim_sessions  [RUN]
[2025-11-23T20:00:27.725+0000] {subprocess.py:93} INFO - [0m20:00:27  5 of 6 OK created sql incremental model -- Se o modelo definiu +schema, usa só ele (ex: silver, gold)
[2025-11-23T20:00:27.725+0000] {subprocess.py:93} INFO -         silver.dim_sessions  [[32mSUCCESS 1[0m in 1.66s]
[2025-11-23T20:00:27.726+0000] {subprocess.py:93} INFO - [0m20:00:27  6 of 6 START sql incremental model -- Se o modelo definiu +schema, usa só ele (ex: silver, gold)
[2025-11-23T20:00:27.726+0000] {subprocess.py:93} INFO -         silver.dim_users  [RUN]
[2025-11-23T20:00:29.722+0000] {subprocess.py:93} INFO - [0m20:00:29  6 of 6 OK created sql incremental model -- Se o modelo definiu +schema, usa só ele (ex: silver, gold)
[2025-11-23T20:00:29.723+0000] {subprocess.py:93} INFO -         silver.dim_users  [[32mSUCCESS 1[0m in 2.00s]
[2025-11-23T20:00:29.726+0000] {subprocess.py:93} INFO - [0m20:00:29
[2025-11-23T20:00:29.726+0000] {subprocess.py:93} INFO - [0m20:00:29  Finished running 6 incremental models in 0 hours 0 minutes and 15.13 seconds (15.13s).
[2025-11-23T20:00:29.741+0000] {subprocess.py:93} INFO - [0m20:00:29
[2025-11-23T20:00:29.742+0000] {subprocess.py:93} INFO - [0m20:00:29  [32mCompleted successfully[0m
[2025-11-23T20:00:29.742+0000] {subprocess.py:93} INFO - [0m20:00:29
[2025-11-23T20:00:29.743+0000] {subprocess.py:93} INFO - [0m20:00:29  Done. PASS=6 WARN=0 ERROR=0 SKIP=0 TOTAL=6
[2025-11-23T20:00:30.689+0000] {subprocess.py:97} INFO - Command exited with return code 0
[2025-11-23T20:00:30.764+0000] {taskinstance.py:1149} INFO - Marking task as SUCCESS. dag_id=dbt_ecommerce_pipeline, task_id=dbt_run_silver, execution_date=20251123T195500, start_date=20251123T200009, end_date=20251123T200030
[2025-11-23T20:00:30.874+0000] {local_task_job_runner.py:234} INFO - Task exited with return code 0
[2025-11-23T20:00:30.886+0000] {taskinstance.py:3312} INFO - 1 downstream tasks scheduled from follow-on schedule check
