[2025-11-23T16:55:09.955+0000] {taskinstance.py:1979} INFO - Dependencies all met for dep_context=non-requeueable deps ti=<TaskInstance: dbt_ecommerce_pipeline.dbt_run_silver scheduled__2025-11-23T16:50:00+00:00 [queued]>
[2025-11-23T16:55:09.959+0000] {taskinstance.py:1979} INFO - Dependencies all met for dep_context=requeueable deps ti=<TaskInstance: dbt_ecommerce_pipeline.dbt_run_silver scheduled__2025-11-23T16:50:00+00:00 [queued]>
[2025-11-23T16:55:09.959+0000] {taskinstance.py:2193} INFO - Starting attempt 1 of 3
[2025-11-23T16:55:09.968+0000] {taskinstance.py:2217} INFO - Executing <Task(BashOperator): dbt_run_silver> on 2025-11-23 16:50:00+00:00
[2025-11-23T16:55:09.975+0000] {standard_task_runner.py:60} INFO - Started process 2186 to run task
[2025-11-23T16:55:09.977+0000] {standard_task_runner.py:87} INFO - Running: ['airflow', 'tasks', 'run', 'dbt_ecommerce_pipeline', 'dbt_run_silver', 'scheduled__2025-11-23T16:50:00+00:00', '--job-id', '65', '--raw', '--subdir', 'DAGS_FOLDER/dbt_ecommerce_pipeline.py', '--cfg-path', '/tmp/tmpusf2bvpo']
[2025-11-23T16:55:09.979+0000] {standard_task_runner.py:88} INFO - Job 65: Subtask dbt_run_silver
[2025-11-23T16:55:10.021+0000] {task_command.py:423} INFO - Running <TaskInstance: dbt_ecommerce_pipeline.dbt_run_silver scheduled__2025-11-23T16:50:00+00:00 [running]> on host 4731e9e89e36
[2025-11-23T16:55:10.065+0000] {taskinstance.py:2513} INFO - Exporting env vars: AIRFLOW_CTX_DAG_OWNER='airflow' AIRFLOW_CTX_DAG_ID='dbt_ecommerce_pipeline' AIRFLOW_CTX_TASK_ID='dbt_run_silver' AIRFLOW_CTX_EXECUTION_DATE='2025-11-23T16:50:00+00:00' AIRFLOW_CTX_TRY_NUMBER='1' AIRFLOW_CTX_DAG_RUN_ID='scheduled__2025-11-23T16:50:00+00:00'
[2025-11-23T16:55:10.066+0000] {subprocess.py:63} INFO - Tmp dir root location: /tmp
[2025-11-23T16:55:10.067+0000] {subprocess.py:75} INFO - Running command: ['/usr/bin/bash', '-c', '\n    rm -rf /tmp/dbt_runtime &&     mkdir -p /tmp/dbt_runtime &&     cp -r /opt/airflow/dbt/ecommerce_dbt /tmp/dbt_runtime/ecommerce_dbt &&     cd /tmp/dbt_runtime/ecommerce_dbt &&     dbt run --select tag:silver       --project-dir /tmp/dbt_runtime/ecommerce_dbt       --profiles-dir /home/airflow/.dbt\n    ']
[2025-11-23T16:55:10.079+0000] {subprocess.py:86} INFO - Output:
[2025-11-23T16:55:13.798+0000] {subprocess.py:93} INFO - [0m16:55:13  Running with dbt=1.7.19
[2025-11-23T16:55:14.416+0000] {subprocess.py:93} INFO - [0m16:55:14  [[33mWARNING[0m]: Deprecated functionality
[2025-11-23T16:55:14.416+0000] {subprocess.py:93} INFO - The `log-path` config in `dbt_project.yml` has been deprecated, and will no
[2025-11-23T16:55:14.416+0000] {subprocess.py:93} INFO - longer be supported in a future version of dbt-core. If you wish to write dbt
[2025-11-23T16:55:14.417+0000] {subprocess.py:93} INFO - logs to a custom directory, please use the --log-path CLI flag or DBT_LOG_PATH
[2025-11-23T16:55:14.417+0000] {subprocess.py:93} INFO - env var instead.
[2025-11-23T16:55:14.536+0000] {subprocess.py:93} INFO - [0m16:55:14  Registered adapter: snowflake=1.7.2
[2025-11-23T16:55:14.622+0000] {subprocess.py:93} INFO - [0m16:55:14  Found 10 models, 19 tests, 1 source, 0 exposures, 0 metrics, 431 macros, 0 groups, 0 semantic models
[2025-11-23T16:55:14.623+0000] {subprocess.py:93} INFO - [0m16:55:14
[2025-11-23T16:55:18.480+0000] {subprocess.py:93} INFO - [0m16:55:18  Concurrency: 1 threads (target='dev')
[2025-11-23T16:55:18.480+0000] {subprocess.py:93} INFO - [0m16:55:18
[2025-11-23T16:55:18.488+0000] {subprocess.py:93} INFO - [0m16:55:18  1 of 6 START sql incremental model -- Se o modelo definiu +schema, usa só ele (ex: silver, gold)
[2025-11-23T16:55:18.488+0000] {subprocess.py:93} INFO -         silver.fct_event_items  [RUN]
[2025-11-23T16:55:20.372+0000] {subprocess.py:93} INFO - [0m16:55:20  1 of 6 OK created sql incremental model -- Se o modelo definiu +schema, usa só ele (ex: silver, gold)
[2025-11-23T16:55:20.372+0000] {subprocess.py:93} INFO -         silver.fct_event_items  [[32mSUCCESS 1[0m in 1.88s]
[2025-11-23T16:55:20.374+0000] {subprocess.py:93} INFO - [0m16:55:20  2 of 6 START sql incremental model -- Se o modelo definiu +schema, usa só ele (ex: silver, gold)
[2025-11-23T16:55:20.374+0000] {subprocess.py:93} INFO -         silver.fct_events  [RUN]
[2025-11-23T16:55:22.070+0000] {subprocess.py:93} INFO - [0m16:55:22  2 of 6 OK created sql incremental model -- Se o modelo definiu +schema, usa só ele (ex: silver, gold)
[2025-11-23T16:55:22.070+0000] {subprocess.py:93} INFO -         silver.fct_events  [[32mSUCCESS 1[0m in 1.69s]
[2025-11-23T16:55:22.072+0000] {subprocess.py:93} INFO - [0m16:55:22  3 of 6 START sql incremental model -- Se o modelo definiu +schema, usa só ele (ex: silver, gold)
[2025-11-23T16:55:22.072+0000] {subprocess.py:93} INFO -         silver.dim_products  [RUN]
[2025-11-23T16:55:23.967+0000] {subprocess.py:93} INFO - [0m16:55:23  3 of 6 OK created sql incremental model -- Se o modelo definiu +schema, usa só ele (ex: silver, gold)
[2025-11-23T16:55:23.967+0000] {subprocess.py:93} INFO -         silver.dim_products  [[32mSUCCESS 1[0m in 1.89s]
[2025-11-23T16:55:23.968+0000] {subprocess.py:93} INFO - [0m16:55:23  4 of 6 START sql incremental model -- Se o modelo definiu +schema, usa só ele (ex: silver, gold)
[2025-11-23T16:55:23.969+0000] {subprocess.py:93} INFO -         silver.dim_campaigns  [RUN]
[2025-11-23T16:55:25.817+0000] {subprocess.py:93} INFO - [0m16:55:25  4 of 6 OK created sql incremental model -- Se o modelo definiu +schema, usa só ele (ex: silver, gold)
[2025-11-23T16:55:25.818+0000] {subprocess.py:93} INFO -         silver.dim_campaigns  [[32mSUCCESS 1[0m in 1.85s]
[2025-11-23T16:55:25.819+0000] {subprocess.py:93} INFO - [0m16:55:25  5 of 6 START sql incremental model -- Se o modelo definiu +schema, usa só ele (ex: silver, gold)
[2025-11-23T16:55:25.819+0000] {subprocess.py:93} INFO -         silver.dim_sessions  [RUN]
[2025-11-23T16:55:27.494+0000] {subprocess.py:93} INFO - [0m16:55:27  5 of 6 OK created sql incremental model -- Se o modelo definiu +schema, usa só ele (ex: silver, gold)
[2025-11-23T16:55:27.494+0000] {subprocess.py:93} INFO -         silver.dim_sessions  [[32mSUCCESS 1[0m in 1.67s]
[2025-11-23T16:55:27.495+0000] {subprocess.py:93} INFO - [0m16:55:27  6 of 6 START sql incremental model -- Se o modelo definiu +schema, usa só ele (ex: silver, gold)
[2025-11-23T16:55:27.495+0000] {subprocess.py:93} INFO -         silver.dim_users  [RUN]
[2025-11-23T16:55:29.282+0000] {subprocess.py:93} INFO - [0m16:55:29  6 of 6 OK created sql incremental model -- Se o modelo definiu +schema, usa só ele (ex: silver, gold)
[2025-11-23T16:55:29.283+0000] {subprocess.py:93} INFO -         silver.dim_users  [[32mSUCCESS 1[0m in 1.79s]
[2025-11-23T16:55:29.286+0000] {subprocess.py:93} INFO - [0m16:55:29
[2025-11-23T16:55:29.286+0000] {subprocess.py:93} INFO - [0m16:55:29  Finished running 6 incremental models in 0 hours 0 minutes and 14.66 seconds (14.66s).
[2025-11-23T16:55:29.299+0000] {subprocess.py:93} INFO - [0m16:55:29
[2025-11-23T16:55:29.300+0000] {subprocess.py:93} INFO - [0m16:55:29  [32mCompleted successfully[0m
[2025-11-23T16:55:29.300+0000] {subprocess.py:93} INFO - [0m16:55:29
[2025-11-23T16:55:29.300+0000] {subprocess.py:93} INFO - [0m16:55:29  Done. PASS=6 WARN=0 ERROR=0 SKIP=0 TOTAL=6
[2025-11-23T16:55:30.213+0000] {subprocess.py:97} INFO - Command exited with return code 0
[2025-11-23T16:55:30.229+0000] {taskinstance.py:1149} INFO - Marking task as SUCCESS. dag_id=dbt_ecommerce_pipeline, task_id=dbt_run_silver, execution_date=20251123T165000, start_date=20251123T165509, end_date=20251123T165530
[2025-11-23T16:55:30.285+0000] {local_task_job_runner.py:234} INFO - Task exited with return code 0
[2025-11-23T16:55:30.296+0000] {taskinstance.py:3312} INFO - 1 downstream tasks scheduled from follow-on schedule check
