[2025-11-23T16:07:38.938+0000] {taskinstance.py:1979} INFO - Dependencies all met for dep_context=non-requeueable deps ti=<TaskInstance: dbt_ecommerce_pipeline.dbt_run_silver scheduled__2025-11-23T16:00:00+00:00 [queued]>
[2025-11-23T16:07:38.942+0000] {taskinstance.py:1979} INFO - Dependencies all met for dep_context=requeueable deps ti=<TaskInstance: dbt_ecommerce_pipeline.dbt_run_silver scheduled__2025-11-23T16:00:00+00:00 [queued]>
[2025-11-23T16:07:38.942+0000] {taskinstance.py:2193} INFO - Starting attempt 2 of 3
[2025-11-23T16:07:38.951+0000] {taskinstance.py:2217} INFO - Executing <Task(BashOperator): dbt_run_silver> on 2025-11-23 16:00:00+00:00
[2025-11-23T16:07:38.958+0000] {standard_task_runner.py:60} INFO - Started process 449 to run task
[2025-11-23T16:07:38.960+0000] {standard_task_runner.py:87} INFO - Running: ['airflow', 'tasks', 'run', 'dbt_ecommerce_pipeline', 'dbt_run_silver', 'scheduled__2025-11-23T16:00:00+00:00', '--job-id', '14', '--raw', '--subdir', 'DAGS_FOLDER/dbt_ecommerce_pipeline.py', '--cfg-path', '/tmp/tmpq305rk91']
[2025-11-23T16:07:38.962+0000] {standard_task_runner.py:88} INFO - Job 14: Subtask dbt_run_silver
[2025-11-23T16:07:39.002+0000] {task_command.py:423} INFO - Running <TaskInstance: dbt_ecommerce_pipeline.dbt_run_silver scheduled__2025-11-23T16:00:00+00:00 [running]> on host 4731e9e89e36
[2025-11-23T16:07:39.035+0000] {taskinstance.py:2513} INFO - Exporting env vars: AIRFLOW_CTX_DAG_EMAIL='luccanegrini@outlook.com.br' AIRFLOW_CTX_DAG_OWNER='airflow' AIRFLOW_CTX_DAG_ID='dbt_ecommerce_pipeline' AIRFLOW_CTX_TASK_ID='dbt_run_silver' AIRFLOW_CTX_EXECUTION_DATE='2025-11-23T16:00:00+00:00' AIRFLOW_CTX_TRY_NUMBER='2' AIRFLOW_CTX_DAG_RUN_ID='scheduled__2025-11-23T16:00:00+00:00'
[2025-11-23T16:07:39.036+0000] {subprocess.py:63} INFO - Tmp dir root location: /tmp
[2025-11-23T16:07:39.037+0000] {subprocess.py:75} INFO - Running command: ['/usr/bin/bash', '-c', '\n    rm -rf /tmp/dbt_runtime &&     mkdir -p /tmp/dbt_runtime &&     cp -r /opt/airflow/dbt/ecommerce_dbt /tmp/dbt_runtime/ecommerce_dbt &&     cd /tmp/dbt_runtime/ecommerce_dbt &&     dbt run --select tag:silver       --project-dir /tmp/dbt_runtime/ecommerce_dbt       --profiles-dir /home/airflow/.dbt\n    ']
[2025-11-23T16:07:39.049+0000] {subprocess.py:86} INFO - Output:
[2025-11-23T16:07:42.622+0000] {subprocess.py:93} INFO - [0m16:07:42  Running with dbt=1.7.19
[2025-11-23T16:07:43.293+0000] {subprocess.py:93} INFO - [0m16:07:43  [[33mWARNING[0m]: Deprecated functionality
[2025-11-23T16:07:43.293+0000] {subprocess.py:93} INFO - The `log-path` config in `dbt_project.yml` has been deprecated, and will no
[2025-11-23T16:07:43.293+0000] {subprocess.py:93} INFO - longer be supported in a future version of dbt-core. If you wish to write dbt
[2025-11-23T16:07:43.294+0000] {subprocess.py:93} INFO - logs to a custom directory, please use the --log-path CLI flag or DBT_LOG_PATH
[2025-11-23T16:07:43.294+0000] {subprocess.py:93} INFO - env var instead.
[2025-11-23T16:07:43.414+0000] {subprocess.py:93} INFO - [0m16:07:43  Registered adapter: snowflake=1.7.2
[2025-11-23T16:07:43.430+0000] {subprocess.py:93} INFO - [0m16:07:43  Unable to do partial parsing because of a version mismatch
[2025-11-23T16:07:44.286+0000] {subprocess.py:93} INFO - [0m16:07:44  [[33mWARNING[0m]: Did not find matching node for patch with name 'bronze_events' in the 'models' section of file 'models/bronze/schema.yml'
[2025-11-23T16:07:44.353+0000] {subprocess.py:93} INFO - [0m16:07:44  [[33mWARNING[0m]: Did not find matching node for patch with name 'mart_funnel_daily' in the 'models' section of file 'models/gold/schema.yml'
[2025-11-23T16:07:44.354+0000] {subprocess.py:93} INFO - [0m16:07:44  [[33mWARNING[0m]: Did not find matching node for patch with name 'mart_revenue_daily' in the 'models' section of file 'models/gold/schema.yml'
[2025-11-23T16:07:44.355+0000] {subprocess.py:93} INFO - [0m16:07:44  [[33mWARNING[0m]: Did not find matching node for patch with name 'mart_product_performance' in the 'models' section of file 'models/gold/schema.yml'
[2025-11-23T16:07:44.356+0000] {subprocess.py:93} INFO - [0m16:07:44  [[33mWARNING[0m]: Did not find matching node for patch with name 'mart_campaign_performance' in the 'models' section of file 'models/gold/schema.yml'
[2025-11-23T16:07:44.406+0000] {subprocess.py:93} INFO - [0m16:07:44  [[33mWARNING[0m]: Test 'test.ecommerce_dbt.not_null_bronze_events_event_id.582d8fe82f' (models/bronze/schema.yml) depends on a node named 'bronze_events' in package '' which was not found
[2025-11-23T16:07:44.406+0000] {subprocess.py:93} INFO - [0m16:07:44  [[33mWARNING[0m]: Test 'test.ecommerce_dbt.unique_mart_funnel_daily_event_date.bf628be961' (models/gold/schema.yml) depends on a node named 'mart_funnel_daily' in package '' which was not found
[2025-11-23T16:07:44.407+0000] {subprocess.py:93} INFO - [0m16:07:44  [[33mWARNING[0m]: Test 'test.ecommerce_dbt.not_null_mart_funnel_daily_event_date.3a7cb29819' (models/gold/schema.yml) depends on a node named 'mart_funnel_daily' in package '' which was not found
[2025-11-23T16:07:44.407+0000] {subprocess.py:93} INFO - [0m16:07:44  [[33mWARNING[0m]: Test 'test.ecommerce_dbt.unique_mart_revenue_daily_event_date.3a5cbbe95a' (models/gold/schema.yml) depends on a node named 'mart_revenue_daily' in package '' which was not found
[2025-11-23T16:07:44.408+0000] {subprocess.py:93} INFO - [0m16:07:44  [[33mWARNING[0m]: Test 'test.ecommerce_dbt.not_null_mart_revenue_daily_event_date.ef1244c07c' (models/gold/schema.yml) depends on a node named 'mart_revenue_daily' in package '' which was not found
[2025-11-23T16:07:44.408+0000] {subprocess.py:93} INFO - [0m16:07:44  [[33mWARNING[0m]: Test 'test.ecommerce_dbt.unique_mart_product_performance_product_id.eb590e33e2' (models/gold/schema.yml) depends on a node named 'mart_product_performance' in package '' which was not found
[2025-11-23T16:07:44.409+0000] {subprocess.py:93} INFO - [0m16:07:44  [[33mWARNING[0m]: Test 'test.ecommerce_dbt.not_null_mart_product_performance_product_id.3cbcd22bfe' (models/gold/schema.yml) depends on a node named 'mart_product_performance' in package '' which was not found
[2025-11-23T16:07:44.409+0000] {subprocess.py:93} INFO - [0m16:07:44  [[33mWARNING[0m]: Test 'test.ecommerce_dbt.unique_mart_campaign_performance_campaign_id.7fd3e60c79' (models/gold/schema.yml) depends on a node named 'mart_campaign_performance' in package '' which was not found
[2025-11-23T16:07:44.409+0000] {subprocess.py:93} INFO - [0m16:07:44  [[33mWARNING[0m]: Test 'test.ecommerce_dbt.not_null_mart_campaign_performance_campaign_id.8c472d3fc3' (models/gold/schema.yml) depends on a node named 'mart_campaign_performance' in package '' which was not found
[2025-11-23T16:07:44.433+0000] {subprocess.py:93} INFO - [0m16:07:44  [[33mWARNING[0m]: Configuration paths exist in your dbt_project.yml file which do not apply to any resources.
[2025-11-23T16:07:44.433+0000] {subprocess.py:93} INFO - There are 1 unused configuration paths:
[2025-11-23T16:07:44.433+0000] {subprocess.py:93} INFO - - models.ecommerce_dbt.bronze
[2025-11-23T16:07:44.449+0000] {subprocess.py:93} INFO - [0m16:07:44  Found 10 models, 16 tests, 1 source, 0 exposures, 0 metrics, 431 macros, 0 groups, 0 semantic models
[2025-11-23T16:07:44.451+0000] {subprocess.py:93} INFO - [0m16:07:44
[2025-11-23T16:07:48.860+0000] {subprocess.py:93} INFO - [0m16:07:48  Concurrency: 1 threads (target='dev')
[2025-11-23T16:07:48.860+0000] {subprocess.py:93} INFO - [0m16:07:48
[2025-11-23T16:07:48.867+0000] {subprocess.py:93} INFO - [0m16:07:48  1 of 6 START sql incremental model -- Se o modelo definiu +schema, usa só ele (ex: silver, gold)
[2025-11-23T16:07:48.868+0000] {subprocess.py:93} INFO -         silver.fct_event_items  [RUN]
[2025-11-23T16:07:50.576+0000] {subprocess.py:93} INFO - [0m16:07:50  1 of 6 OK created sql incremental model -- Se o modelo definiu +schema, usa só ele (ex: silver, gold)
[2025-11-23T16:07:50.577+0000] {subprocess.py:93} INFO -         silver.fct_event_items  [[32mSUCCESS 1[0m in 1.71s]
[2025-11-23T16:07:50.578+0000] {subprocess.py:93} INFO - [0m16:07:50  2 of 6 START sql incremental model -- Se o modelo definiu +schema, usa só ele (ex: silver, gold)
[2025-11-23T16:07:50.579+0000] {subprocess.py:93} INFO -         silver.fct_events  [RUN]
[2025-11-23T16:07:52.341+0000] {subprocess.py:93} INFO - [0m16:07:52  2 of 6 OK created sql incremental model -- Se o modelo definiu +schema, usa só ele (ex: silver, gold)
[2025-11-23T16:07:52.343+0000] {subprocess.py:93} INFO -         silver.fct_events  [[32mSUCCESS 1[0m in 1.76s]
[2025-11-23T16:07:52.344+0000] {subprocess.py:93} INFO - [0m16:07:52  3 of 6 START sql incremental model -- Se o modelo definiu +schema, usa só ele (ex: silver, gold)
[2025-11-23T16:07:52.347+0000] {subprocess.py:93} INFO -         silver.dim_products  [RUN]
[2025-11-23T16:07:54.448+0000] {subprocess.py:93} INFO - [0m16:07:54  3 of 6 OK created sql incremental model -- Se o modelo definiu +schema, usa só ele (ex: silver, gold)
[2025-11-23T16:07:54.449+0000] {subprocess.py:93} INFO -         silver.dim_products  [[32mSUCCESS 1[0m in 2.10s]
[2025-11-23T16:07:54.450+0000] {subprocess.py:93} INFO - [0m16:07:54  4 of 6 START sql incremental model -- Se o modelo definiu +schema, usa só ele (ex: silver, gold)
[2025-11-23T16:07:54.450+0000] {subprocess.py:93} INFO -         silver.dim_campaigns  [RUN]
[2025-11-23T16:07:56.468+0000] {subprocess.py:93} INFO - [0m16:07:56  4 of 6 OK created sql incremental model -- Se o modelo definiu +schema, usa só ele (ex: silver, gold)
[2025-11-23T16:07:56.469+0000] {subprocess.py:93} INFO -         silver.dim_campaigns  [[32mSUCCESS 1[0m in 2.02s]
[2025-11-23T16:07:56.470+0000] {subprocess.py:93} INFO - [0m16:07:56  5 of 6 START sql incremental model -- Se o modelo definiu +schema, usa só ele (ex: silver, gold)
[2025-11-23T16:07:56.470+0000] {subprocess.py:93} INFO -         silver.dim_sessions  [RUN]
[2025-11-23T16:07:58.106+0000] {subprocess.py:93} INFO - [0m16:07:58  5 of 6 OK created sql incremental model -- Se o modelo definiu +schema, usa só ele (ex: silver, gold)
[2025-11-23T16:07:58.107+0000] {subprocess.py:93} INFO -         silver.dim_sessions  [[32mSUCCESS 1[0m in 1.64s]
[2025-11-23T16:07:58.108+0000] {subprocess.py:93} INFO - [0m16:07:58  6 of 6 START sql incremental model -- Se o modelo definiu +schema, usa só ele (ex: silver, gold)
[2025-11-23T16:07:58.108+0000] {subprocess.py:93} INFO -         silver.dim_users  [RUN]
[2025-11-23T16:08:00.066+0000] {subprocess.py:93} INFO - [0m16:08:00  6 of 6 OK created sql incremental model -- Se o modelo definiu +schema, usa só ele (ex: silver, gold)
[2025-11-23T16:08:00.066+0000] {subprocess.py:93} INFO -         silver.dim_users  [[32mSUCCESS 1[0m in 1.96s]
[2025-11-23T16:08:00.069+0000] {subprocess.py:93} INFO - [0m16:08:00
[2025-11-23T16:08:00.069+0000] {subprocess.py:93} INFO - [0m16:08:00  Finished running 6 incremental models in 0 hours 0 minutes and 15.62 seconds (15.62s).
[2025-11-23T16:08:00.084+0000] {subprocess.py:93} INFO - [0m16:08:00
[2025-11-23T16:08:00.085+0000] {subprocess.py:93} INFO - [0m16:08:00  [32mCompleted successfully[0m
[2025-11-23T16:08:00.085+0000] {subprocess.py:93} INFO - [0m16:08:00
[2025-11-23T16:08:00.085+0000] {subprocess.py:93} INFO - [0m16:08:00  Done. PASS=6 WARN=0 ERROR=0 SKIP=0 TOTAL=6
[2025-11-23T16:08:01.027+0000] {subprocess.py:97} INFO - Command exited with return code 0
[2025-11-23T16:08:01.042+0000] {taskinstance.py:1149} INFO - Marking task as SUCCESS. dag_id=dbt_ecommerce_pipeline, task_id=dbt_run_silver, execution_date=20251123T160000, start_date=20251123T160738, end_date=20251123T160801
[2025-11-23T16:08:01.072+0000] {local_task_job_runner.py:234} INFO - Task exited with return code 0
[2025-11-23T16:08:01.079+0000] {logging_mixin.py:188} WARNING - /home/airflow/.local/lib/python3.11/site-packages/airflow/models/baseoperator.py:1201 AirflowProviderDeprecationWarning: Call to deprecated class SnowflakeOperator. (This class is deprecated. Please use `airflow.providers.common.sql.operators.sql.SQLExecuteQueryOperator`. Also, you can provide `hook_params={'warehouse': <warehouse>, 'database': <database>, 'role': <role>, 'schema': <schema>, 'authenticator': <authenticator>,'session_parameters': <session_parameters>}`.)
[2025-11-23T16:08:01.087+0000] {taskinstance.py:3312} INFO - 1 downstream tasks scheduled from follow-on schedule check
