[2025-11-23T18:45:11.042+0000] {taskinstance.py:1979} INFO - Dependencies all met for dep_context=non-requeueable deps ti=<TaskInstance: dbt_ecommerce_pipeline.dbt_run_silver scheduled__2025-11-23T18:40:00+00:00 [queued]>
[2025-11-23T18:45:11.046+0000] {taskinstance.py:1979} INFO - Dependencies all met for dep_context=requeueable deps ti=<TaskInstance: dbt_ecommerce_pipeline.dbt_run_silver scheduled__2025-11-23T18:40:00+00:00 [queued]>
[2025-11-23T18:45:11.047+0000] {taskinstance.py:2193} INFO - Starting attempt 1 of 3
[2025-11-23T18:45:11.055+0000] {taskinstance.py:2217} INFO - Executing <Task(BashOperator): dbt_run_silver> on 2025-11-23 18:40:00+00:00
[2025-11-23T18:45:11.062+0000] {standard_task_runner.py:60} INFO - Started process 5267 to run task
[2025-11-23T18:45:11.066+0000] {standard_task_runner.py:87} INFO - Running: ['airflow', 'tasks', 'run', 'dbt_ecommerce_pipeline', 'dbt_run_silver', 'scheduled__2025-11-23T18:40:00+00:00', '--job-id', '153', '--raw', '--subdir', 'DAGS_FOLDER/dbt_ecommerce_pipeline.py', '--cfg-path', '/tmp/tmpfia8ahe4']
[2025-11-23T18:45:11.069+0000] {standard_task_runner.py:88} INFO - Job 153: Subtask dbt_run_silver
[2025-11-23T18:45:11.115+0000] {task_command.py:423} INFO - Running <TaskInstance: dbt_ecommerce_pipeline.dbt_run_silver scheduled__2025-11-23T18:40:00+00:00 [running]> on host 4731e9e89e36
[2025-11-23T18:45:11.162+0000] {taskinstance.py:2513} INFO - Exporting env vars: AIRFLOW_CTX_DAG_OWNER='airflow' AIRFLOW_CTX_DAG_ID='dbt_ecommerce_pipeline' AIRFLOW_CTX_TASK_ID='dbt_run_silver' AIRFLOW_CTX_EXECUTION_DATE='2025-11-23T18:40:00+00:00' AIRFLOW_CTX_TRY_NUMBER='1' AIRFLOW_CTX_DAG_RUN_ID='scheduled__2025-11-23T18:40:00+00:00'
[2025-11-23T18:45:11.163+0000] {subprocess.py:63} INFO - Tmp dir root location: /tmp
[2025-11-23T18:45:11.164+0000] {subprocess.py:75} INFO - Running command: ['/usr/bin/bash', '-c', '\n    rm -rf /tmp/dbt_runtime &&     mkdir -p /tmp/dbt_runtime &&     cp -r /opt/airflow/dbt/ecommerce_dbt /tmp/dbt_runtime/ecommerce_dbt &&     cd /tmp/dbt_runtime/ecommerce_dbt &&     dbt run --select tag:silver       --project-dir /tmp/dbt_runtime/ecommerce_dbt       --profiles-dir /home/airflow/.dbt\n    ']
[2025-11-23T18:45:11.176+0000] {subprocess.py:86} INFO - Output:
[2025-11-23T18:45:14.983+0000] {subprocess.py:93} INFO - [0m18:45:14  Running with dbt=1.7.19
[2025-11-23T18:45:15.604+0000] {subprocess.py:93} INFO - [0m18:45:15  [[33mWARNING[0m]: Deprecated functionality
[2025-11-23T18:45:15.605+0000] {subprocess.py:93} INFO - The `log-path` config in `dbt_project.yml` has been deprecated, and will no
[2025-11-23T18:45:15.605+0000] {subprocess.py:93} INFO - longer be supported in a future version of dbt-core. If you wish to write dbt
[2025-11-23T18:45:15.605+0000] {subprocess.py:93} INFO - logs to a custom directory, please use the --log-path CLI flag or DBT_LOG_PATH
[2025-11-23T18:45:15.606+0000] {subprocess.py:93} INFO - env var instead.
[2025-11-23T18:45:15.723+0000] {subprocess.py:93} INFO - [0m18:45:15  Registered adapter: snowflake=1.7.2
[2025-11-23T18:45:15.809+0000] {subprocess.py:93} INFO - [0m18:45:15  Found 10 models, 19 tests, 1 source, 0 exposures, 0 metrics, 431 macros, 0 groups, 0 semantic models
[2025-11-23T18:45:15.811+0000] {subprocess.py:93} INFO - [0m18:45:15
[2025-11-23T18:45:19.917+0000] {subprocess.py:93} INFO - [0m18:45:19  Concurrency: 1 threads (target='dev')
[2025-11-23T18:45:19.917+0000] {subprocess.py:93} INFO - [0m18:45:19
[2025-11-23T18:45:19.925+0000] {subprocess.py:93} INFO - [0m18:45:19  1 of 6 START sql incremental model -- Se o modelo definiu +schema, usa só ele (ex: silver, gold)
[2025-11-23T18:45:19.925+0000] {subprocess.py:93} INFO -         silver.fct_event_items  [RUN]
[2025-11-23T18:45:22.139+0000] {subprocess.py:93} INFO - [0m18:45:22  1 of 6 OK created sql incremental model -- Se o modelo definiu +schema, usa só ele (ex: silver, gold)
[2025-11-23T18:45:22.140+0000] {subprocess.py:93} INFO -         silver.fct_event_items  [[32mSUCCESS 1[0m in 2.21s]
[2025-11-23T18:45:22.141+0000] {subprocess.py:93} INFO - [0m18:45:22  2 of 6 START sql incremental model -- Se o modelo definiu +schema, usa só ele (ex: silver, gold)
[2025-11-23T18:45:22.141+0000] {subprocess.py:93} INFO -         silver.fct_events  [RUN]
[2025-11-23T18:45:24.176+0000] {subprocess.py:93} INFO - [0m18:45:24  2 of 6 OK created sql incremental model -- Se o modelo definiu +schema, usa só ele (ex: silver, gold)
[2025-11-23T18:45:24.177+0000] {subprocess.py:93} INFO -         silver.fct_events  [[32mSUCCESS 1[0m in 2.03s]
[2025-11-23T18:45:24.178+0000] {subprocess.py:93} INFO - [0m18:45:24  3 of 6 START sql incremental model -- Se o modelo definiu +schema, usa só ele (ex: silver, gold)
[2025-11-23T18:45:24.178+0000] {subprocess.py:93} INFO -         silver.dim_products  [RUN]
[2025-11-23T18:45:26.216+0000] {subprocess.py:93} INFO - [0m18:45:26  3 of 6 OK created sql incremental model -- Se o modelo definiu +schema, usa só ele (ex: silver, gold)
[2025-11-23T18:45:26.216+0000] {subprocess.py:93} INFO -         silver.dim_products  [[32mSUCCESS 1[0m in 2.04s]
[2025-11-23T18:45:26.218+0000] {subprocess.py:93} INFO - [0m18:45:26  4 of 6 START sql incremental model -- Se o modelo definiu +schema, usa só ele (ex: silver, gold)
[2025-11-23T18:45:26.218+0000] {subprocess.py:93} INFO -         silver.dim_campaigns  [RUN]
[2025-11-23T18:45:28.077+0000] {subprocess.py:93} INFO - [0m18:45:28  4 of 6 OK created sql incremental model -- Se o modelo definiu +schema, usa só ele (ex: silver, gold)
[2025-11-23T18:45:28.077+0000] {subprocess.py:93} INFO -         silver.dim_campaigns  [[32mSUCCESS 1[0m in 1.86s]
[2025-11-23T18:45:28.079+0000] {subprocess.py:93} INFO - [0m18:45:28  5 of 6 START sql incremental model -- Se o modelo definiu +schema, usa só ele (ex: silver, gold)
[2025-11-23T18:45:28.079+0000] {subprocess.py:93} INFO -         silver.dim_sessions  [RUN]
[2025-11-23T18:45:29.774+0000] {subprocess.py:93} INFO - [0m18:45:29  5 of 6 OK created sql incremental model -- Se o modelo definiu +schema, usa só ele (ex: silver, gold)
[2025-11-23T18:45:29.774+0000] {subprocess.py:93} INFO -         silver.dim_sessions  [[32mSUCCESS 1[0m in 1.69s]
[2025-11-23T18:45:29.776+0000] {subprocess.py:93} INFO - [0m18:45:29  6 of 6 START sql incremental model -- Se o modelo definiu +schema, usa só ele (ex: silver, gold)
[2025-11-23T18:45:29.776+0000] {subprocess.py:93} INFO -         silver.dim_users  [RUN]
[2025-11-23T18:45:31.936+0000] {subprocess.py:93} INFO - [0m18:45:31  6 of 6 OK created sql incremental model -- Se o modelo definiu +schema, usa só ele (ex: silver, gold)
[2025-11-23T18:45:31.936+0000] {subprocess.py:93} INFO -         silver.dim_users  [[32mSUCCESS 1[0m in 2.16s]
[2025-11-23T18:45:31.939+0000] {subprocess.py:93} INFO - [0m18:45:31
[2025-11-23T18:45:31.940+0000] {subprocess.py:93} INFO - [0m18:45:31  Finished running 6 incremental models in 0 hours 0 minutes and 16.13 seconds (16.13s).
[2025-11-23T18:45:31.953+0000] {subprocess.py:93} INFO - [0m18:45:31
[2025-11-23T18:45:31.954+0000] {subprocess.py:93} INFO - [0m18:45:31  [32mCompleted successfully[0m
[2025-11-23T18:45:31.954+0000] {subprocess.py:93} INFO - [0m18:45:31
[2025-11-23T18:45:31.954+0000] {subprocess.py:93} INFO - [0m18:45:31  Done. PASS=6 WARN=0 ERROR=0 SKIP=0 TOTAL=6
[2025-11-23T18:45:32.869+0000] {subprocess.py:97} INFO - Command exited with return code 0
[2025-11-23T18:45:32.884+0000] {taskinstance.py:1149} INFO - Marking task as SUCCESS. dag_id=dbt_ecommerce_pipeline, task_id=dbt_run_silver, execution_date=20251123T184000, start_date=20251123T184511, end_date=20251123T184532
[2025-11-23T18:45:32.936+0000] {local_task_job_runner.py:234} INFO - Task exited with return code 0
[2025-11-23T18:45:32.946+0000] {taskinstance.py:3312} INFO - 1 downstream tasks scheduled from follow-on schedule check
