[2025-11-23T19:00:09.925+0000] {taskinstance.py:1979} INFO - Dependencies all met for dep_context=non-requeueable deps ti=<TaskInstance: dbt_ecommerce_pipeline.dbt_run_silver scheduled__2025-11-23T18:55:00+00:00 [queued]>
[2025-11-23T19:00:09.929+0000] {taskinstance.py:1979} INFO - Dependencies all met for dep_context=requeueable deps ti=<TaskInstance: dbt_ecommerce_pipeline.dbt_run_silver scheduled__2025-11-23T18:55:00+00:00 [queued]>
[2025-11-23T19:00:09.929+0000] {taskinstance.py:2193} INFO - Starting attempt 1 of 3
[2025-11-23T19:00:09.940+0000] {taskinstance.py:2217} INFO - Executing <Task(BashOperator): dbt_run_silver> on 2025-11-23 18:55:00+00:00
[2025-11-23T19:00:09.946+0000] {standard_task_runner.py:60} INFO - Started process 5687 to run task
[2025-11-23T19:00:09.951+0000] {standard_task_runner.py:87} INFO - Running: ['airflow', 'tasks', 'run', 'dbt_ecommerce_pipeline', 'dbt_run_silver', 'scheduled__2025-11-23T18:55:00+00:00', '--job-id', '165', '--raw', '--subdir', 'DAGS_FOLDER/dbt_ecommerce_pipeline.py', '--cfg-path', '/tmp/tmp5kabq456']
[2025-11-23T19:00:09.953+0000] {standard_task_runner.py:88} INFO - Job 165: Subtask dbt_run_silver
[2025-11-23T19:00:10.001+0000] {task_command.py:423} INFO - Running <TaskInstance: dbt_ecommerce_pipeline.dbt_run_silver scheduled__2025-11-23T18:55:00+00:00 [running]> on host 4731e9e89e36
[2025-11-23T19:00:10.050+0000] {taskinstance.py:2513} INFO - Exporting env vars: AIRFLOW_CTX_DAG_OWNER='airflow' AIRFLOW_CTX_DAG_ID='dbt_ecommerce_pipeline' AIRFLOW_CTX_TASK_ID='dbt_run_silver' AIRFLOW_CTX_EXECUTION_DATE='2025-11-23T18:55:00+00:00' AIRFLOW_CTX_TRY_NUMBER='1' AIRFLOW_CTX_DAG_RUN_ID='scheduled__2025-11-23T18:55:00+00:00'
[2025-11-23T19:00:10.051+0000] {subprocess.py:63} INFO - Tmp dir root location: /tmp
[2025-11-23T19:00:10.052+0000] {subprocess.py:75} INFO - Running command: ['/usr/bin/bash', '-c', '\n    rm -rf /tmp/dbt_runtime &&     mkdir -p /tmp/dbt_runtime &&     cp -r /opt/airflow/dbt/ecommerce_dbt /tmp/dbt_runtime/ecommerce_dbt &&     cd /tmp/dbt_runtime/ecommerce_dbt &&     dbt run --select tag:silver       --project-dir /tmp/dbt_runtime/ecommerce_dbt       --profiles-dir /home/airflow/.dbt\n    ']
[2025-11-23T19:00:10.064+0000] {subprocess.py:86} INFO - Output:
[2025-11-23T19:00:13.935+0000] {subprocess.py:93} INFO - [0m19:00:13  Running with dbt=1.7.19
[2025-11-23T19:00:14.597+0000] {subprocess.py:93} INFO - [0m19:00:14  [[33mWARNING[0m]: Deprecated functionality
[2025-11-23T19:00:14.598+0000] {subprocess.py:93} INFO - The `log-path` config in `dbt_project.yml` has been deprecated, and will no
[2025-11-23T19:00:14.598+0000] {subprocess.py:93} INFO - longer be supported in a future version of dbt-core. If you wish to write dbt
[2025-11-23T19:00:14.598+0000] {subprocess.py:93} INFO - logs to a custom directory, please use the --log-path CLI flag or DBT_LOG_PATH
[2025-11-23T19:00:14.599+0000] {subprocess.py:93} INFO - env var instead.
[2025-11-23T19:00:14.721+0000] {subprocess.py:93} INFO - [0m19:00:14  Registered adapter: snowflake=1.7.2
[2025-11-23T19:00:14.817+0000] {subprocess.py:93} INFO - [0m19:00:14  Found 10 models, 19 tests, 1 source, 0 exposures, 0 metrics, 431 macros, 0 groups, 0 semantic models
[2025-11-23T19:00:14.819+0000] {subprocess.py:93} INFO - [0m19:00:14
[2025-11-23T19:00:19.161+0000] {subprocess.py:93} INFO - [0m19:00:19  Concurrency: 1 threads (target='dev')
[2025-11-23T19:00:19.162+0000] {subprocess.py:93} INFO - [0m19:00:19
[2025-11-23T19:00:19.170+0000] {subprocess.py:93} INFO - [0m19:00:19  1 of 6 START sql incremental model -- Se o modelo definiu +schema, usa só ele (ex: silver, gold)
[2025-11-23T19:00:19.171+0000] {subprocess.py:93} INFO -         silver.fct_event_items  [RUN]
[2025-11-23T19:00:21.201+0000] {subprocess.py:93} INFO - [0m19:00:21  1 of 6 OK created sql incremental model -- Se o modelo definiu +schema, usa só ele (ex: silver, gold)
[2025-11-23T19:00:21.202+0000] {subprocess.py:93} INFO -         silver.fct_event_items  [[32mSUCCESS 1[0m in 2.03s]
[2025-11-23T19:00:21.203+0000] {subprocess.py:93} INFO - [0m19:00:21  2 of 6 START sql incremental model -- Se o modelo definiu +schema, usa só ele (ex: silver, gold)
[2025-11-23T19:00:21.203+0000] {subprocess.py:93} INFO -         silver.fct_events  [RUN]
[2025-11-23T19:00:22.986+0000] {subprocess.py:93} INFO - [0m19:00:22  2 of 6 OK created sql incremental model -- Se o modelo definiu +schema, usa só ele (ex: silver, gold)
[2025-11-23T19:00:22.987+0000] {subprocess.py:93} INFO -         silver.fct_events  [[32mSUCCESS 1[0m in 1.78s]
[2025-11-23T19:00:22.988+0000] {subprocess.py:93} INFO - [0m19:00:22  3 of 6 START sql incremental model -- Se o modelo definiu +schema, usa só ele (ex: silver, gold)
[2025-11-23T19:00:22.988+0000] {subprocess.py:93} INFO -         silver.dim_products  [RUN]
[2025-11-23T19:00:24.819+0000] {subprocess.py:93} INFO - [0m19:00:24  3 of 6 OK created sql incremental model -- Se o modelo definiu +schema, usa só ele (ex: silver, gold)
[2025-11-23T19:00:24.819+0000] {subprocess.py:93} INFO -         silver.dim_products  [[32mSUCCESS 1[0m in 1.83s]
[2025-11-23T19:00:24.821+0000] {subprocess.py:93} INFO - [0m19:00:24  4 of 6 START sql incremental model -- Se o modelo definiu +schema, usa só ele (ex: silver, gold)
[2025-11-23T19:00:24.821+0000] {subprocess.py:93} INFO -         silver.dim_campaigns  [RUN]
[2025-11-23T19:00:26.981+0000] {subprocess.py:93} INFO - [0m19:00:26  4 of 6 OK created sql incremental model -- Se o modelo definiu +schema, usa só ele (ex: silver, gold)
[2025-11-23T19:00:26.981+0000] {subprocess.py:93} INFO -         silver.dim_campaigns  [[32mSUCCESS 1[0m in 2.16s]
[2025-11-23T19:00:26.983+0000] {subprocess.py:93} INFO - [0m19:00:26  5 of 6 START sql incremental model -- Se o modelo definiu +schema, usa só ele (ex: silver, gold)
[2025-11-23T19:00:26.983+0000] {subprocess.py:93} INFO -         silver.dim_sessions  [RUN]
[2025-11-23T19:00:28.823+0000] {subprocess.py:93} INFO - [0m19:00:28  5 of 6 OK created sql incremental model -- Se o modelo definiu +schema, usa só ele (ex: silver, gold)
[2025-11-23T19:00:28.823+0000] {subprocess.py:93} INFO -         silver.dim_sessions  [[32mSUCCESS 1[0m in 1.84s]
[2025-11-23T19:00:28.824+0000] {subprocess.py:93} INFO - [0m19:00:28  6 of 6 START sql incremental model -- Se o modelo definiu +schema, usa só ele (ex: silver, gold)
[2025-11-23T19:00:28.825+0000] {subprocess.py:93} INFO -         silver.dim_users  [RUN]
[2025-11-23T19:00:30.662+0000] {subprocess.py:93} INFO - [0m19:00:30  6 of 6 OK created sql incremental model -- Se o modelo definiu +schema, usa só ele (ex: silver, gold)
[2025-11-23T19:00:30.663+0000] {subprocess.py:93} INFO -         silver.dim_users  [[32mSUCCESS 1[0m in 1.84s]
[2025-11-23T19:00:30.666+0000] {subprocess.py:93} INFO - [0m19:00:30
[2025-11-23T19:00:30.666+0000] {subprocess.py:93} INFO - [0m19:00:30  Finished running 6 incremental models in 0 hours 0 minutes and 15.85 seconds (15.85s).
[2025-11-23T19:00:30.680+0000] {subprocess.py:93} INFO - [0m19:00:30
[2025-11-23T19:00:30.681+0000] {subprocess.py:93} INFO - [0m19:00:30  [32mCompleted successfully[0m
[2025-11-23T19:00:30.681+0000] {subprocess.py:93} INFO - [0m19:00:30
[2025-11-23T19:00:30.682+0000] {subprocess.py:93} INFO - [0m19:00:30  Done. PASS=6 WARN=0 ERROR=0 SKIP=0 TOTAL=6
[2025-11-23T19:00:31.623+0000] {subprocess.py:97} INFO - Command exited with return code 0
[2025-11-23T19:00:31.638+0000] {taskinstance.py:1149} INFO - Marking task as SUCCESS. dag_id=dbt_ecommerce_pipeline, task_id=dbt_run_silver, execution_date=20251123T185500, start_date=20251123T190009, end_date=20251123T190031
[2025-11-23T19:00:31.666+0000] {local_task_job_runner.py:234} INFO - Task exited with return code 0
[2025-11-23T19:00:31.678+0000] {taskinstance.py:3312} INFO - 1 downstream tasks scheduled from follow-on schedule check
