[2025-11-23T22:15:10.724+0000] {taskinstance.py:1979} INFO - Dependencies all met for dep_context=non-requeueable deps ti=<TaskInstance: dbt_ecommerce_pipeline.dbt_run_silver scheduled__2025-11-23T22:10:00+00:00 [queued]>
[2025-11-23T22:15:10.727+0000] {taskinstance.py:1979} INFO - Dependencies all met for dep_context=requeueable deps ti=<TaskInstance: dbt_ecommerce_pipeline.dbt_run_silver scheduled__2025-11-23T22:10:00+00:00 [queued]>
[2025-11-23T22:15:10.728+0000] {taskinstance.py:2193} INFO - Starting attempt 1 of 3
[2025-11-23T22:15:10.738+0000] {taskinstance.py:2217} INFO - Executing <Task(BashOperator): dbt_run_silver> on 2025-11-23 22:10:00+00:00
[2025-11-23T22:15:10.744+0000] {standard_task_runner.py:60} INFO - Started process 11149 to run task
[2025-11-23T22:15:10.747+0000] {standard_task_runner.py:87} INFO - Running: ['airflow', 'tasks', 'run', 'dbt_ecommerce_pipeline', 'dbt_run_silver', 'scheduled__2025-11-23T22:10:00+00:00', '--job-id', '321', '--raw', '--subdir', 'DAGS_FOLDER/dbt_ecommerce_pipeline.py', '--cfg-path', '/tmp/tmpv7ltveik']
[2025-11-23T22:15:10.749+0000] {standard_task_runner.py:88} INFO - Job 321: Subtask dbt_run_silver
[2025-11-23T22:15:10.788+0000] {task_command.py:423} INFO - Running <TaskInstance: dbt_ecommerce_pipeline.dbt_run_silver scheduled__2025-11-23T22:10:00+00:00 [running]> on host 4731e9e89e36
[2025-11-23T22:15:10.831+0000] {taskinstance.py:2513} INFO - Exporting env vars: AIRFLOW_CTX_DAG_OWNER='airflow' AIRFLOW_CTX_DAG_ID='dbt_ecommerce_pipeline' AIRFLOW_CTX_TASK_ID='dbt_run_silver' AIRFLOW_CTX_EXECUTION_DATE='2025-11-23T22:10:00+00:00' AIRFLOW_CTX_TRY_NUMBER='1' AIRFLOW_CTX_DAG_RUN_ID='scheduled__2025-11-23T22:10:00+00:00'
[2025-11-23T22:15:10.832+0000] {subprocess.py:63} INFO - Tmp dir root location: /tmp
[2025-11-23T22:15:10.833+0000] {subprocess.py:75} INFO - Running command: ['/usr/bin/bash', '-c', '\n    rm -rf /tmp/dbt_runtime &&     mkdir -p /tmp/dbt_runtime &&     cp -r /opt/airflow/dbt/ecommerce_dbt /tmp/dbt_runtime/ecommerce_dbt &&     cd /tmp/dbt_runtime/ecommerce_dbt &&     dbt run --select tag:silver       --project-dir /tmp/dbt_runtime/ecommerce_dbt       --profiles-dir /home/airflow/.dbt\n    ']
[2025-11-23T22:15:10.845+0000] {subprocess.py:86} INFO - Output:
[2025-11-23T22:15:14.666+0000] {subprocess.py:93} INFO - [0m22:15:14  Running with dbt=1.7.19
[2025-11-23T22:15:15.322+0000] {subprocess.py:93} INFO - [0m22:15:15  [[33mWARNING[0m]: Deprecated functionality
[2025-11-23T22:15:15.322+0000] {subprocess.py:93} INFO - The `log-path` config in `dbt_project.yml` has been deprecated, and will no
[2025-11-23T22:15:15.323+0000] {subprocess.py:93} INFO - longer be supported in a future version of dbt-core. If you wish to write dbt
[2025-11-23T22:15:15.323+0000] {subprocess.py:93} INFO - logs to a custom directory, please use the --log-path CLI flag or DBT_LOG_PATH
[2025-11-23T22:15:15.323+0000] {subprocess.py:93} INFO - env var instead.
[2025-11-23T22:15:15.454+0000] {subprocess.py:93} INFO - [0m22:15:15  Registered adapter: snowflake=1.7.2
[2025-11-23T22:15:15.549+0000] {subprocess.py:93} INFO - [0m22:15:15  Found 10 models, 19 tests, 1 source, 0 exposures, 0 metrics, 431 macros, 0 groups, 0 semantic models
[2025-11-23T22:15:15.551+0000] {subprocess.py:93} INFO - [0m22:15:15
[2025-11-23T22:15:19.517+0000] {subprocess.py:93} INFO - [0m22:15:19  Concurrency: 1 threads (target='dev')
[2025-11-23T22:15:19.518+0000] {subprocess.py:93} INFO - [0m22:15:19
[2025-11-23T22:15:19.525+0000] {subprocess.py:93} INFO - [0m22:15:19  1 of 6 START sql incremental model -- Se o modelo definiu +schema, usa só ele (ex: silver, gold)
[2025-11-23T22:15:19.526+0000] {subprocess.py:93} INFO -         silver.fct_event_items  [RUN]
[2025-11-23T22:15:21.444+0000] {subprocess.py:93} INFO - [0m22:15:21  1 of 6 OK created sql incremental model -- Se o modelo definiu +schema, usa só ele (ex: silver, gold)
[2025-11-23T22:15:21.445+0000] {subprocess.py:93} INFO -         silver.fct_event_items  [[32mSUCCESS 1[0m in 1.92s]
[2025-11-23T22:15:21.446+0000] {subprocess.py:93} INFO - [0m22:15:21  2 of 6 START sql incremental model -- Se o modelo definiu +schema, usa só ele (ex: silver, gold)
[2025-11-23T22:15:21.446+0000] {subprocess.py:93} INFO -         silver.fct_events  [RUN]
[2025-11-23T22:15:23.111+0000] {subprocess.py:93} INFO - [0m22:15:23  2 of 6 OK created sql incremental model -- Se o modelo definiu +schema, usa só ele (ex: silver, gold)
[2025-11-23T22:15:23.111+0000] {subprocess.py:93} INFO -         silver.fct_events  [[32mSUCCESS 1[0m in 1.66s]
[2025-11-23T22:15:23.113+0000] {subprocess.py:93} INFO - [0m22:15:23  3 of 6 START sql incremental model -- Se o modelo definiu +schema, usa só ele (ex: silver, gold)
[2025-11-23T22:15:23.113+0000] {subprocess.py:93} INFO -         silver.dim_products  [RUN]
[2025-11-23T22:15:24.951+0000] {subprocess.py:93} INFO - [0m22:15:24  3 of 6 OK created sql incremental model -- Se o modelo definiu +schema, usa só ele (ex: silver, gold)
[2025-11-23T22:15:24.952+0000] {subprocess.py:93} INFO -         silver.dim_products  [[32mSUCCESS 1[0m in 1.84s]
[2025-11-23T22:15:24.953+0000] {subprocess.py:93} INFO - [0m22:15:24  4 of 6 START sql incremental model -- Se o modelo definiu +schema, usa só ele (ex: silver, gold)
[2025-11-23T22:15:24.953+0000] {subprocess.py:93} INFO -         silver.dim_campaigns  [RUN]
[2025-11-23T22:15:27.027+0000] {subprocess.py:93} INFO - [0m22:15:27  4 of 6 OK created sql incremental model -- Se o modelo definiu +schema, usa só ele (ex: silver, gold)
[2025-11-23T22:15:27.027+0000] {subprocess.py:93} INFO -         silver.dim_campaigns  [[32mSUCCESS 1[0m in 2.07s]
[2025-11-23T22:15:27.029+0000] {subprocess.py:93} INFO - [0m22:15:27  5 of 6 START sql incremental model -- Se o modelo definiu +schema, usa só ele (ex: silver, gold)
[2025-11-23T22:15:27.029+0000] {subprocess.py:93} INFO -         silver.dim_sessions  [RUN]
[2025-11-23T22:15:29.027+0000] {subprocess.py:93} INFO - [0m22:15:29  5 of 6 OK created sql incremental model -- Se o modelo definiu +schema, usa só ele (ex: silver, gold)
[2025-11-23T22:15:29.027+0000] {subprocess.py:93} INFO -         silver.dim_sessions  [[32mSUCCESS 1[0m in 2.00s]
[2025-11-23T22:15:29.028+0000] {subprocess.py:93} INFO - [0m22:15:29  6 of 6 START sql incremental model -- Se o modelo definiu +schema, usa só ele (ex: silver, gold)
[2025-11-23T22:15:29.029+0000] {subprocess.py:93} INFO -         silver.dim_users  [RUN]
[2025-11-23T22:15:30.890+0000] {subprocess.py:93} INFO - [0m22:15:30  6 of 6 OK created sql incremental model -- Se o modelo definiu +schema, usa só ele (ex: silver, gold)
[2025-11-23T22:15:30.890+0000] {subprocess.py:93} INFO -         silver.dim_users  [[32mSUCCESS 1[0m in 1.86s]
[2025-11-23T22:15:30.893+0000] {subprocess.py:93} INFO - [0m22:15:30
[2025-11-23T22:15:30.894+0000] {subprocess.py:93} INFO - [0m22:15:30  Finished running 6 incremental models in 0 hours 0 minutes and 15.34 seconds (15.34s).
[2025-11-23T22:15:30.907+0000] {subprocess.py:93} INFO - [0m22:15:30
[2025-11-23T22:15:30.908+0000] {subprocess.py:93} INFO - [0m22:15:30  [32mCompleted successfully[0m
[2025-11-23T22:15:30.908+0000] {subprocess.py:93} INFO - [0m22:15:30
[2025-11-23T22:15:30.909+0000] {subprocess.py:93} INFO - [0m22:15:30  Done. PASS=6 WARN=0 ERROR=0 SKIP=0 TOTAL=6
[2025-11-23T22:15:31.831+0000] {subprocess.py:97} INFO - Command exited with return code 0
[2025-11-23T22:15:31.846+0000] {taskinstance.py:1149} INFO - Marking task as SUCCESS. dag_id=dbt_ecommerce_pipeline, task_id=dbt_run_silver, execution_date=20251123T221000, start_date=20251123T221510, end_date=20251123T221531
[2025-11-23T22:15:31.898+0000] {local_task_job_runner.py:234} INFO - Task exited with return code 0
[2025-11-23T22:15:31.909+0000] {taskinstance.py:3312} INFO - 1 downstream tasks scheduled from follow-on schedule check
